<?xml version="1.0" encoding="utf-8"?>
<TestRun id="5b982c02-f8f7-4bac-a29f-9a8b26b34550" name="Nicke@JIMMELONY-707 2026-09-19 22:54:13" runUser="JIMMELONY-707\Nicke" xmlns="http://microsoft.com/schemas/VisualStudio/TeamTest/2010">
  <Times creation="2026-09-19T22:54:13.7554517+01:00" queuing="2026-09-19T22:54:13.7554520+01:00" start="2026-09-19T22:54:12.9573133+01:00" finish="2026-09-19T22:54:22.9036985+01:00" />
  <TestSettings name="default" id="4ba28966-5dea-4d48-b5ff-6ffdcf497ddf">
    <Deployment runDeploymentRoot="Nicke_JIMMELONY-707_2026-09-19_22_54_13" />
  </TestSettings>
  <Results>
    <UnitTestResult executionId="8a6b360a-628f-43ac-a983-9b9a4a447101" testId="e99509c4-a1c1-6778-7791-0eba1d71fb94" testName="ToolBarService_SetCommandToolTip_SetsStateOnToolBar" computerName="JIMMELONY-707" duration="00:00:00.0029237" startTime="2026-09-19T22:54:13.5174572+01:00" endTime="2026-09-19T22:54:13.5204816+01:00" testType="13cdc9d9-ddb5-4fa4-a97d-d965ccfc6d4b" outcome="Passed" testListId="8c84fa94-04c1-424b-9868-57a2d4851a1d" relativeResultsDirectory="8a6b360a-628f-43ac-a983-9b9a4a447101" />
    <UnitTestResult executionId="d6ecc542-85ee-46ba-84e1-535de65d9538" testId="9ae5c693-a411-da85-f774-5bd364a9df04" testName="DisposingWorkbench_CancelsReferenceRequestBeforeLateCompletion" computerName="JIMMELONY-707" duration="00:00:00.0177690" startTime="2026-09-19T22:54:20.5976957+01:00" endTime="2026-09-19T22:54:20.6155747+01:00" testType="13cdc9d9-ddb5-4fa4-a97d-d965ccfc6d4b" outcome="Passed" testListId="8c84fa94-04c1-424b-9868-57a2d4851a1d" relativeResultsDirectory="d6ecc542-85ee-46ba-84e1-535de65d9538" />
    <UnitTestResult executionId="43269587-34ef-450c-b395-8e0137f8394a" testId="1f4f8d91-59e5-6147-c660-f72906e04ebc" testName="Constructor_WithNullDependency_ThrowsArgumentNullException (LuaHostServices)" computerName="JIMMELONY-707" duration="00:00:00.0044127" startTime="2026-09-19T22:54:21.1937853+01:00" endTime="2026-09-19T22:54:21.1983399+01:00" testType="13cdc9d9-ddb5-4fa4-a97d-d965ccfc6d4b" outcome="Passed" testListId="8c84fa94-04c1-424b-9868-57a2d4851a1d" relativeResultsDirectory="43269587-34ef-450c-b395-8e0137f8394a" />
    <UnitTestResult executionId="d4dc72b1-476d-4cb9-af25-23500679f4b8" testId="5125cbc9-3c71-0b38-015b-9c477af066f0" testName="ContentReader_GetParsedLine_RemovesTrailingComment" computerName="JIMMELONY-707" duration="00:00:00.0000277" startTime="2026-09-19T22:54:20.7248760+01:00" endTime="2026-09-19T22:54:20.7249217+01:00" testType="13cdc9d9-ddb5-4fa4-a97d-d965ccfc6d4b" outcome="Passed" testListId="8c84fa94-04c1-424b-9868-57a2d4851a1d" relativeResultsDirectory="d4dc72b1-476d-4cb9-af25-23500679f4b8" />
    <UnitTestResult executionId="f62ddff5-e485-495b-aa3e-0463d5703199" testId="e5928b2c-6af4-13cd-beb8-d4caa76a3e58" testName="SnapSpeedToStep_RoundsToNearestIncrement" computerName="JIMMELONY-707" duration="00:00:00.0000906" startTime="2026-09-19T22:54:21.8948762+01:00" endTime="2026-09-19T22:54:21.8950051+01:00" testType="13cdc9d9-ddb5-4fa4-a97d-d965ccfc6d4b" outcome="Passed" testListId="8c84fa94-04c1-424b-9868-57a2d4851a1d" relativeResultsDirectory="f62ddff5-e485-495b-aa3e-0463d5703199" />
    <UnitTestResult executionId="27b3fff4-16de-403f-9874-b2160ba2f7c7" testId="e887e3b1-926d-c655-a0a5-bdd6e22e389f" testName="RepeatedWorkspaceLifecycle_IsCollectibleAfterDetachAndDisposal" computerName="JIMMELONY-707" duration="00:00:00.1045092" startTime="2026-09-19T22:54:14.3010475+01:00" endTime="2026-09-19T22:54:14.4057674+01:00" testType="13cdc9d9-ddb5-4fa4-a97d-d965ccfc6d4b" outcome="Passed" testListId="8c84fa94-04c1-424b-9868-57a2d4851a1d" relativeResultsDirectory="27b3fff4-16de-403f-9874-b2160ba2f7c7" />
    <UnitTestResult executionId="ffee316e-8645-4e65-879d-fe8c107f0588" testId="e43b5e86-d8c0-4bbc-2a6f-7e09bd394d36" testName="ApplyEditorSettings_ClassicScriptWorkspace_AppliesConfigurationForEachRegistration" computerName="JIMMELONY-707" duration="00:00:00.1920717" startTime="2026-09-19T22:54:15.1714812+01:00" endTime="2026-09-19T22:54:15.3636219+01:00" testType="13cdc9d9-ddb5-4fa4-a97d-d965ccfc6d4b" outcome="Passed" testListId="8c84fa94-04c1-424b-9868-57a2d4851a1d" relativeResultsDirectory="ffee316e-8645-4e65-879d-fe8c107f0588" />
    <UnitTestResult executionId="9919c192-073b-4a66-9ca8-c46e40530ac8" testId="8f5b25af-f2e2-c440-bf79-9dd8c4f07f85" testName="ExercisedWorkspace_IsCollectibleAfterDetachAndDisposal" computerName="JIMMELONY-707" duration="00:00:00.2725710" startTime="2026-09-19T22:54:14.0281130+01:00" endTime="2026-09-19T22:54:14.3009438+01:00" testType="13cdc9d9-ddb5-4fa4-a97d-d965ccfc6d4b" outcome="Passed" testListId="8c84fa94-04c1-424b-9868-57a2d4851a1d" relativeResultsDirectory="9919c192-073b-4a66-9ca8-c46e40530ac8" />
    <UnitTestResult executionId="b01972b6-8169-4a65-801d-7f635c0bca16" testId="2c8492f5-37d6-d98d-10c2-fc62336be602" testName="ControllerOpen_AttachesBeforeRegistrationAndDoesNotLoadDiskContent" computerName="JIMMELONY-707" duration="00:00:00.0056548" startTime="2026-09-19T22:54:21.4098327+01:00" endTime="2026-09-19T22:54:21.4156214+01:00" testType="13cdc9d9-ddb5-4fa4-a97d-d965ccfc6d4b" outcome="Passed" testListId="8c84fa94-04c1-424b-9868-57a2d4851a1d" relativeResultsDirectory="b01972b6-8169-4a65-801d-7f635c0bca16" />
    <UnitTestResult executionId="a6c34e82-ec0c-4ca9-98e3-721b02d39c1a" testId="c0a28fb4-565f-4f2d-b3c9-1aeeb7e9aa05" testName="LuaHostServices_WithNullEditorLifecycleService_ThrowsArgumentNullException" computerName="JIMMELONY-707" duration="00:00:00.0011189" startTime="2026-09-19T22:54:21.2594129+01:00" endTime="2026-09-19T22:54:21.2606009+01:00" testType="13cdc9d9-ddb5-4fa4-a97d-d965ccfc6d4b" outcome="Passed" testListId="8c84fa94-04c1-424b-9868-57a2d4851a1d" relativeResultsDirectory="a6c34e82-ec0c-4ca9-98e3-721b02d39c1a" />
    <UnitTestResult executionId="33221d40-5151-4190-9f12-0acd0514e30f" testId="64cdf1cd-f9dd-b983-7a65-6c7102389e5b" testName="ComponentConstructionFailure_CleansUpPreviouslyCreatedCollaborators" computerName="JIMMELONY-707" duration="00:00:00.0159414" startTime="2026-09-19T22:54:16.5591357+01:00" endTime="2026-09-19T22:54:16.5752491+01:00" testType="13cdc9d9-ddb5-4fa4-a97d-d965ccfc6d4b" outcome="Passed" testListId="8c84fa94-04c1-424b-9868-57a2d4851a1d" relativeResultsDirectory="33221d40-5151-4190-9f12-0acd0514e30f" />
    <UnitTestResult executionId="687c7558-0042-49ee-9904-e5acedb604ff" testId="32ab37c6-0db1-782c-fa98-db5cac7ac6b9" testName="Apply_UnsupportedTargetCapability_FailsBeforeMutation" computerName="JIMMELONY-707" duration="00:00:00.0045170" startTime="2026-09-19T22:54:20.9639274+01:00" endTime="2026-09-19T22:54:20.9685579+01:00" testType="13cdc9d9-ddb5-4fa4-a97d-d965ccfc6d4b" outcome="Passed" testListId="8c84fa94-04c1-424b-9868-57a2d4851a1d" relativeResultsDirectory="687c7558-0042-49ee-9904-e5acedb604ff" />
    <UnitTestResult executionId="3ad8fcdd-54ad-430d-8ea3-17cad3c7d97a" testId="078fe027-cc8d-0aaa-3d6f-07de9c242890" testName="PaneIdentityAndSerializationRemainStableAcrossDocumentRebinding" computerName="JIMMELONY-707" duration="00:00:00.1656974" startTime="2026-09-19T22:54:20.3531167+01:00" endTime="2026-09-19T22:54:20.5189422+01:00" testType="13cdc9d9-ddb5-4fa4-a97d-d965ccfc6d4b" outcome="Passed" testListId="8c84fa94-04c1-424b-9868-57a2d4851a1d" relativeResultsDirectory="3ad8fcdd-54ad-430d-8ea3-17cad3c7d97a" />
    <UnitTestResult executionId="49d4a727-af3a-4666-a156-f7ba9cd0b2e0" testId="13d81eb1-bdfe-727c-d8cc-51edc5fb4399" testName="RenameDirectory_RekeysRetainedDescendantAndAcknowledgesView" computerName="JIMMELONY-707" duration="00:00:00.0087256" startTime="2026-09-19T22:54:21.3163553+01:00" endTime="2026-09-19T22:54:21.3251664+01:00" testType="13cdc9d9-ddb5-4fa4-a97d-d965ccfc6d4b" outcome="Passed" testListId="8c84fa94-04c1-424b-9868-57a2d4851a1d" relativeResultsDirectory="49d4a727-af3a-4666-a156-f7ba9cd0b2e0" />
    <UnitTestResult executionId="b9f9ed96-7e72-4be7-a6bd-64ece1c1ac78" testId="3855acde-2b65-d26c-0258-503397a4a6a9" testName="BoundRowMutation_PublishesExactlyOnce" computerName="JIMMELONY-707" duration="00:00:00.0055566" startTime="2026-09-19T22:54:20.7477711+01:00" endTime="2026-09-19T22:54:20.7534277+01:00" testType="13cdc9d9-ddb5-4fa4-a97d-d965ccfc6d4b" outcome="Passed" testListId="8c84fa94-04c1-424b-9868-57a2d4851a1d" relativeResultsDirectory="b9f9ed96-7e72-4be7-a6bd-64ece1c1ac78" />
    <UnitTestResult executionId="dbf417b2-88e3-440a-a7cb-91fa1f87534c" testId="8b3be964-87f7-d39b-3ebb-5930026be577" testName="Constructor_WithNullDependency_ThrowsArgumentNullException (DockHost)" computerName="JIMMELONY-707" duration="00:00:00.0043794" startTime="2026-09-19T22:54:21.1796651+01:00" endTime="2026-09-19T22:54:21.1842098+01:00" testType="13cdc9d9-ddb5-4fa4-a97d-d965ccfc6d4b" outcome="Passed" testListId="8c84fa94-04c1-424b-9868-57a2d4851a1d" relativeResultsDirectory="dbf417b2-88e3-440a-a7cb-91fa1f87534c" />
    <UnitTestResult executionId="db1a2a29-e10c-4271-a62f-d91793cd9153" testId="3a549f5b-bfc3-3030-3dbf-7852d857911b" testName="Resolve_MetacharacterMatchText_IsMatchedLiterally" computerName="JIMMELONY-707" duration="00:00:00.0000869" startTime="2026-09-19T22:54:20.7219989+01:00" endTime="2026-09-19T22:54:20.7221081+01:00" testType="13cdc9d9-ddb5-4fa4-a97d-d965ccfc6d4b" outcome="Passed" testListId="8c84fa94-04c1-424b-9868-57a2d4851a1d" relativeResultsDirectory="db1a2a29-e10c-4271-a62f-d91793cd9153" />
    <UnitTestResult executionId="df545d1a-6443-41e7-9110-9e11da56adb4" testId="dbb132f6-fea9-4d25-e832-3f30853a1b32" testName="SwitchingClassicScriptEditors_DetachesPreviousEditorAndAttachesCurrentEditor" computerName="JIMMELONY-707" duration="00:00:00.3038154" startTime="2026-09-19T22:54:17.8970399+01:00" endTime="2026-09-19T22:54:18.2010330+01:00" testType="13cdc9d9-ddb5-4fa4-a97d-d965ccfc6d4b" outcome="Passed" testListId="8c84fa94-04c1-424b-9868-57a2d4851a1d" relativeResultsDirectory="df545d1a-6443-41e7-9110-9e11da56adb4" />
    <UnitTestResult executionId="e03fac65-a4e1-4bdc-b81b-e626fee49e57" testId="c27d95f0-49b9-36ce-fa2a-b33fbdd91149" testName="FailedOpen_ClosesPartialViewAndDoesNotRegisterIt" computerName="JIMMELONY-707" duration="00:00:00.0007193" startTime="2026-09-19T22:54:21.2877404+01:00" endTime="2026-09-19T22:54:21.2885214+01:00" testType="13cdc9d9-ddb5-4fa4-a97d-d965ccfc6d4b" outcome="Passed" testListId="8c84fa94-04c1-424b-9868-57a2d4851a1d" relativeResultsDirectory="e03fac65-a4e1-4bdc-b81b-e626fee49e57" />
    <UnitTestResult executionId="5d9f5484-e737-4b94-8958-de29f177d384" testId="265d74c3-c31d-d626-2edc-308b79b845db" testName="Apply_RuntimeFailureReportsChangedAndUnknownTargets" computerName="JIMMELONY-707" duration="00:00:00.0048666" startTime="2026-09-19T22:54:20.9686080+01:00" endTime="2026-09-19T22:54:20.9735685+01:00" testType="13cdc9d9-ddb5-4fa4-a97d-d965ccfc6d4b" outcome="Passed" testListId="8c84fa94-04c1-424b-9868-57a2d4851a1d" relativeResultsDirectory="5d9f5484-e737-4b94-8958-de29f177d384" />
    <UnitTestResult executionId="d5f7cd9c-c3a6-4330-add1-fbd11f91377e" testId="f91f3df2-da4d-363f-7a17-d4f53d555ea0" testName="ContentReader_GetShortHex_DefaultSize_ProducesFourDigitHex" computerName="JIMMELONY-707" duration="00:00:00.0000384" startTime="2026-09-19T22:54:20.7261946+01:00" endTime="2026-09-19T22:54:20.7262511+01:00" testType="13cdc9d9-ddb5-4fa4-a97d-d965ccfc6d4b" outcome="Passed" testListId="8c84fa94-04c1-424b-9868-57a2d4851a1d" relativeResultsDirectory="d5f7cd9c-c3a6-4330-add1-fbd11f91377e" />
    <UnitTestResult executionId="b0271663-250e-4d6a-97c8-4cb86f1cd642" testId="3e7c872d-d550-0b64-3a04-9d3846026299" testName="ProfileCatalog_HasUniquePrimaryIdentitiesAndExplicitFallback (TR2)" computerName="JIMMELONY-707" duration="00:00:00.0045656" startTime="2026-09-19T22:54:20.6576945+01:00" endTime="2026-09-19T22:54:20.6623739+01:00" testType="13cdc9d9-ddb5-4fa4-a97d-d965ccfc6d4b" outcome="Passed" testListId="8c84fa94-04c1-424b-9868-57a2d4851a1d" relativeResultsDirectory="b0271663-250e-4d6a-97c8-4cb86f1cd642" />
    <UnitTestResult executionId="1142330e-6a8a-4740-9abb-0eb8be4e5d85" testId="46ba3556-1b77-0764-391a-b1f022259712" testName="GetFrameForCamera_ConvertsToWorldSpaceAndRadians" computerName="JIMMELONY-707" duration="00:00:00.0477941" startTime="2026-09-19T22:54:21.7944279+01:00" endTime="2026-09-19T22:54:21.8424352+01:00" testType="13cdc9d9-ddb5-4fa4-a97d-d965ccfc6d4b" outcome="Passed" testListId="8c84fa94-04c1-424b-9868-57a2d4851a1d" relativeResultsDirectory="1142330e-6a8a-4740-9abb-0eb8be4e5d85" />
    <UnitTestResult executionId="e6534a3e-a819-472f-a262-64a1d2dc05e5" testId="d55ccc97-3dba-d73d-53be-a7b162212126" testName="Profiles_ResolveProductionCompositionWithExpectedLuaReferencesPane" computerName="JIMMELONY-707" duration="00:00:00.7616351" startTime="2026-09-19T22:54:15.6986183+01:00" endTime="2026-09-19T22:54:16.4604759+01:00" testType="13cdc9d9-ddb5-4fa4-a97d-d965ccfc6d4b" outcome="Passed" testListId="8c84fa94-04c1-424b-9868-57a2d4851a1d" relativeResultsDirectory="e6534a3e-a819-472f-a262-64a1d2dc05e5" />
    <UnitTestResult executionId="0aaf9583-2a2a-4f08-a520-3079e8c6e13d" testId="9fa12a69-293b-d2b5-8887-a737f599c19b" testName="ProfileCatalog_HasUniquePrimaryIdentitiesAndExplicitFallback (TR1)" computerName="JIMMELONY-707" duration="00:00:00.0035880" startTime="2026-09-19T22:54:20.6624257+01:00" endTime="2026-09-19T22:54:20.6661514+01:00" testType="13cdc9d9-ddb5-4fa4-a97d-d965ccfc6d4b" outcome="Passed" testListId="8c84fa94-04c1-424b-9868-57a2d4851a1d" relativeResultsDirectory="0aaf9583-2a2a-4f08-a520-3079e8c6e13d" />
    <UnitTestResult executionId="4dfeabab-41a8-4fb0-b362-7ca522b7f059" testId="1a51ba9d-adfc-b9a0-e104-50559cc52902" testName="WorkbenchDispose_IsIdempotentAndLeavesInjectedLuaServicesToOwner" computerName="JIMMELONY-707" duration="00:00:00.0158986" startTime="2026-09-19T22:54:19.0090267+01:00" endTime="2026-09-19T22:54:19.0250147+01:00" testType="13cdc9d9-ddb5-4fa4-a97d-d965ccfc6d4b" outcome="Passed" testListId="8c84fa94-04c1-424b-9868-57a2d4851a1d" relativeResultsDirectory="4dfeabab-41a8-4fb0-b362-7ca522b7f059" />
    <UnitTestResult executionId="a0de4850-e398-414a-b89b-36b88dffe54f" testId="8bc3adbe-2288-6bf8-e415-e56c5c0e8885" testName="Resolve_WithMatchRange_SelectsExactRange" computerName="JIMMELONY-707" duration="00:00:00.0003391" startTime="2026-09-19T22:54:20.7223402+01:00" endTime="2026-09-19T22:54:20.7227097+01:00" testType="13cdc9d9-ddb5-4fa4-a97d-d965ccfc6d4b" outcome="Passed" testListId="8c84fa94-04c1-424b-9868-57a2d4851a1d" relativeResultsDirectory="a0de4850-e398-414a-b89b-36b88dffe54f" />
    <UnitTestResult executionId="3dfa0733-13e9-43e3-9191-ed2fdef29984" testId="68789fbf-3035-e08e-416f-fa9d62d9b82d" testName="FileExplorerViewModel_WithNullDialogService_ThrowsArgumentNullException" computerName="JIMMELONY-707" duration="00:00:00.0012461" startTime="2026-09-19T22:54:20.9849283+01:00" endTime="2026-09-19T22:54:20.9862363+01:00" testType="13cdc9d9-ddb5-4fa4-a97d-d965ccfc6d4b" outcome="Passed" testListId="8c84fa94-04c1-424b-9868-57a2d4851a1d" relativeResultsDirectory="3dfa0733-13e9-43e3-9191-ed2fdef29984" />
    <UnitTestResult executionId="e30529d6-b03c-43a3-9b9d-419f11b9c31a" testId="c34497dd-ce49-9b3c-216d-c19e30a8e877" testName="ApplyFrame_UpdatesCameraStateAndTarget" computerName="JIMMELONY-707" duration="00:00:00.0016322" startTime="2026-09-19T22:54:21.8424955+01:00" endTime="2026-09-19T22:54:21.8442368+01:00" testType="13cdc9d9-ddb5-4fa4-a97d-d965ccfc6d4b" outcome="Passed" testListId="8c84fa94-04c1-424b-9868-57a2d4851a1d" relativeResultsDirectory="e30529d6-b03c-43a3-9b9d-419f11b9c31a" />
    <UnitTestResult executionId="1997b361-cc66-4a15-8370-5e704a6952de" testId="3a89f569-7d4a-defc-4772-8796c096f234" testName="DocumentOutlineViewModel_WithNullLocalizationService_ThrowsArgumentNullException" computerName="JIMMELONY-707" duration="00:00:00.0013593" startTime="2026-09-19T22:54:20.9820023+01:00" endTime="2026-09-19T22:54:20.9834646+01:00" testType="13cdc9d9-ddb5-4fa4-a97d-d965ccfc6d4b" outcome="Passed" testListId="8c84fa94-04c1-424b-9868-57a2d4851a1d" relativeResultsDirectory="1997b361-cc66-4a15-8370-5e704a6952de" />
    <UnitTestResult executionId="5d06b540-3e3f-480b-84c7-044be5098f9c" testId="5a07cf8d-68a6-63f4-d72f-035de97c2bc8" testName="ContentBuilder_BuildContent_GeneratesHeaderComment" computerName="JIMMELONY-707" duration="00:00:00.0007549" startTime="2026-09-19T22:54:20.7263157+01:00" endTime="2026-09-19T22:54:20.7271029+01:00" testType="13cdc9d9-ddb5-4fa4-a97d-d965ccfc6d4b" outcome="Passed" testListId="8c84fa94-04c1-424b-9868-57a2d4851a1d" relativeResultsDirectory="5d06b540-3e3f-480b-84c7-044be5098f9c" />
    <UnitTestResult executionId="1a7c8547-b0f8-41bf-b70a-116ee15bd6b4" testId="cde70497-0290-aa63-42b2-4230a11cb56f" testName="NonLuaProfile_DoesNotComposeLuaHostServices" computerName="JIMMELONY-707" duration="00:00:00.0044980" startTime="2026-09-19T22:54:20.5778439+01:00" endTime="2026-09-19T22:54:20.5824437+01:00" testType="13cdc9d9-ddb5-4fa4-a97d-d965ccfc6d4b" outcome="Passed" testListId="8c84fa94-04c1-424b-9868-57a2d4851a1d" relativeResultsDirectory="1a7c8547-b0f8-41bf-b70a-116ee15bd6b4" />
    <UnitTestResult executionId="a6eee793-9102-402f-a7bc-835b1d9ba328" testId="38586573-1534-5c25-e2a4-5cb52bedcefe" testName="FailedOpen_DoesNotLeaveHostBoundToStaleViewTarget" computerName="JIMMELONY-707" duration="00:00:00.0039806" startTime="2026-09-19T22:54:20.8944750+01:00" endTime="2026-09-19T22:54:20.8985534+01:00" testType="13cdc9d9-ddb5-4fa4-a97d-d965ccfc6d4b" outcome="Passed" testListId="8c84fa94-04c1-424b-9868-57a2d4851a1d" relativeResultsDirectory="a6eee793-9102-402f-a7bc-835b1d9ba328" />
    <UnitTestResult executionId="7ff0f0a7-7f90-4c09-ae0f-222bd9479d99" testId="a0589e0a-a219-5328-f498-5cf58db2c8fb" testName="Constructor_WithNullDocumentController_ThrowsArgumentNullException" computerName="JIMMELONY-707" duration="00:00:00.0001632" startTime="2026-09-19T22:54:15.1692989+01:00" endTime="2026-09-19T22:54:15.1695107+01:00" testType="13cdc9d9-ddb5-4fa4-a97d-d965ccfc6d4b" outcome="Passed" testListId="8c84fa94-04c1-424b-9868-57a2d4851a1d" relativeResultsDirectory="7ff0f0a7-7f90-4c09-ae0f-222bd9479d99" />
    <UnitTestResult executionId="2c3ae3a1-8c02-47b5-8172-a8fa7131f63f" testId="8a281f11-3356-0dc8-e7b4-2eaedc4ccb7b" testName="ToolBarService_CommandInvoked_RelaysClickedCommand" computerName="JIMMELONY-707" duration="00:00:00.0181245" startTime="2026-09-19T22:54:13.4992069+01:00" endTime="2026-09-19T22:54:13.5174040+01:00" testType="13cdc9d9-ddb5-4fa4-a97d-d965ccfc6d4b" outcome="Passed" testListId="8c84fa94-04c1-424b-9868-57a2d4851a1d" relativeResultsDirectory="2c3ae3a1-8c02-47b5-8172-a8fa7131f63f" />
    <UnitTestResult executionId="f7d9df59-261b-4eb4-9a3a-09f165759251" testId="28df6ddd-57e6-b3b5-954d-a0178eba9ae5" testName="ReferenceBrowserViewModel_WithNullMessageService_ThrowsArgumentNullException" computerName="JIMMELONY-707" duration="00:00:00.0021264" startTime="2026-09-19T22:54:20.9736194+01:00" endTime="2026-09-19T22:54:20.9759446+01:00" testType="13cdc9d9-ddb5-4fa4-a97d-d965ccfc6d4b" outcome="Passed" testListId="8c84fa94-04c1-424b-9868-57a2d4851a1d" relativeResultsDirectory="f7d9df59-261b-4eb4-9a3a-09f165759251" />
    <UnitTestResult executionId="6b3ccb8d-e10e-4d04-98e7-100cf38384c5" testId="5946c1e1-9c71-fbc3-6e42-df1332824efd" testName="ResolveConflict_UseLogicalReportsViewThatBecomesPendingDuringWrite" computerName="JIMMELONY-707" duration="00:00:00.0014022" startTime="2026-09-19T22:54:21.3107745+01:00" endTime="2026-09-19T22:54:21.3122760+01:00" testType="13cdc9d9-ddb5-4fa4-a97d-d965ccfc6d4b" outcome="Passed" testListId="8c84fa94-04c1-424b-9868-57a2d4851a1d" relativeResultsDirectory="6b3ccb8d-e10e-4d04-98e7-100cf38384c5" />
    <UnitTestResult executionId="83453dfa-70f4-46f1-8f5e-c8d7444781d9" testId="f531172c-3655-3a3c-53df-728113c9f644" testName="ActiveClassicScriptDiagnosticsCompletion_RefreshesSharedPane" computerName="JIMMELONY-707" duration="00:00:00.2325024" startTime="2026-09-19T22:54:14.7172452+01:00" endTime="2026-09-19T22:54:14.9500112+01:00" testType="13cdc9d9-ddb5-4fa4-a97d-d965ccfc6d4b" outcome="Passed" testListId="8c84fa94-04c1-424b-9868-57a2d4851a1d" relativeResultsDirectory="83453dfa-70f4-46f1-8f5e-c8d7444781d9" />
    <UnitTestResult executionId="8f32f217-4ce2-44e3-b558-336cfe277538" testId="d9f9cad1-a303-7dba-060e-50a3d8f04d7f" testName="CameraListsMatchByReference_RequiresSameInstancesInSameOrder" computerName="JIMMELONY-707" duration="00:00:00.0003019" startTime="2026-09-19T22:54:21.8923488+01:00" endTime="2026-09-19T22:54:21.8927644+01:00" testType="13cdc9d9-ddb5-4fa4-a97d-d965ccfc6d4b" outcome="Passed" testListId="8c84fa94-04c1-424b-9868-57a2d4851a1d" relativeResultsDirectory="8f32f217-4ce2-44e3-b558-336cfe277538" />
    <UnitTestResult executionId="4578390c-9dca-4955-bcb7-2899064d9efd" testId="8b123bd9-c346-2b5b-78a4-3348897cbdb6" testName="ProfileSelector_DerivesModesAcrossAllBranches (TombEngine,Lua,Lua,False)" computerName="JIMMELONY-707" duration="00:00:00.0037622" startTime="2026-09-19T22:54:18.9927561+01:00" endTime="2026-09-19T22:54:18.9966676+01:00" testType="13cdc9d9-ddb5-4fa4-a97d-d965ccfc6d4b" outcome="Passed" testListId="8c84fa94-04c1-424b-9868-57a2d4851a1d" relativeResultsDirectory="4578390c-9dca-4955-bcb7-2899064d9efd" />
    <UnitTestResult executionId="854fb040-7ac9-4e3a-8c2e-1347c32f0bf4" testId="3759d4da-998e-42a3-2d4a-ed1490fded32" testName="Apply_OverlappingEdits_RejectsBeforeMutatingTheEditor" computerName="JIMMELONY-707" duration="00:00:00.0232863" startTime="2026-09-19T22:54:20.9292325+01:00" endTime="2026-09-19T22:54:20.9526201+01:00" testType="13cdc9d9-ddb5-4fa4-a97d-d965ccfc6d4b" outcome="Passed" testListId="8c84fa94-04c1-424b-9868-57a2d4851a1d" relativeResultsDirectory="854fb040-7ac9-4e3a-8c2e-1347c32f0bf4" />
    <UnitTestResult executionId="71dc04e8-0917-4751-85da-715f8d884bc3" testId="301c86e4-0143-ff10-22d9-56a90973e3e3" testName="FindCameraIndexAtTimeAndFindInsertionIndex_UsePrecomputedTiming" computerName="JIMMELONY-707" duration="00:00:00.0056518" startTime="2026-09-19T22:54:21.8853972+01:00" endTime="2026-09-19T22:54:21.8911253+01:00" testType="13cdc9d9-ddb5-4fa4-a97d-d965ccfc6d4b" outcome="Passed" testListId="8c84fa94-04c1-424b-9868-57a2d4851a1d" relativeResultsDirectory="71dc04e8-0917-4751-85da-715f8d884bc3" />
    <UnitTestResult executionId="d6c60e46-14a9-4c0e-8a20-46048192682d" testId="6e348322-8f61-81a4-3451-d619588b9124" testName="StringEditorView_Load_CancelsPersistenceAndRestoresPreviousProcessingState" computerName="JIMMELONY-707" duration="00:00:00.1240378" startTime="2026-09-19T22:54:17.0440389+01:00" endTime="2026-09-19T22:54:17.1682896+01:00" testType="13cdc9d9-ddb5-4fa4-a97d-d965ccfc6d4b" outcome="Passed" testListId="8c84fa94-04c1-424b-9868-57a2d4851a1d" relativeResultsDirectory="d6c60e46-14a9-4c0e-8a20-46048192682d" />
    <UnitTestResult executionId="defcc97e-8861-4729-8398-8a77e17e73d9" testId="9a82063c-eb13-454d-ceb5-a7b7eca10b2b" testName="Resolve_OrdinalIgnoreCase_SelectsRequestedMatchOccurrence" computerName="JIMMELONY-707" duration="00:00:00.0001883" startTime="2026-09-19T22:54:20.7204394+01:00" endTime="2026-09-19T22:54:20.7206830+01:00" testType="13cdc9d9-ddb5-4fa4-a97d-d965ccfc6d4b" outcome="Passed" testListId="8c84fa94-04c1-424b-9868-57a2d4851a1d" relativeResultsDirectory="defcc97e-8861-4729-8398-8a77e17e73d9" />
    <UnitTestResult executionId="80afb5fe-46e2-4a34-9a66-7fcf9797a052" testId="82721451-23ce-2901-d394-155acbae55dd" testName="ProfileSelector_DerivesModesAcrossAllBranches (TR2,GameFlowScript,GameFlowScript)" computerName="JIMMELONY-707" duration="00:00:00.0038894" startTime="2026-09-19T22:54:18.9248295+01:00" endTime="2026-09-19T22:54:18.9288748+01:00" testType="13cdc9d9-ddb5-4fa4-a97d-d965ccfc6d4b" outcome="Passed" testListId="8c84fa94-04c1-424b-9868-57a2d4851a1d" relativeResultsDirectory="80afb5fe-46e2-4a34-9a66-7fcf9797a052" />
    <UnitTestResult executionId="24a7ed16-eb1a-40b1-b86d-b53f71a27daf" testId="13a47b4c-08ae-4ff4-0b61-06c2c98699ed" testName="ProfileCatalog_HasUniquePrimaryIdentitiesAndExplicitFallback (TombEngine)" computerName="JIMMELONY-707" duration="00:00:00.0033229" startTime="2026-09-19T22:54:20.6661838+01:00" endTime="2026-09-19T22:54:20.6696033+01:00" testType="13cdc9d9-ddb5-4fa4-a97d-d965ccfc6d4b" outcome="Passed" testListId="8c84fa94-04c1-424b-9868-57a2d4851a1d" relativeResultsDirectory="24a7ed16-eb1a-40b1-b86d-b53f71a27daf" />
    <UnitTestResult executionId="d5e904f7-8fe2-4d20-ac58-2306431a71ac" testId="085bb618-ad75-eac0-f4ea-1899dbf20e0f" testName="ProfileSelector_DerivesModesAcrossAllBranches (TR1,TRX,TRX)" computerName="JIMMELONY-707" duration="00:00:00.0055393" startTime="2026-09-19T22:54:18.9189032+01:00" endTime="2026-09-19T22:54:18.9247856+01:00" testType="13cdc9d9-ddb5-4fa4-a97d-d965ccfc6d4b" outcome="Passed" testListId="8c84fa94-04c1-424b-9868-57a2d4851a1d" relativeResultsDirectory="d5e904f7-8fe2-4d20-ac58-2306431a71ac" />
    <UnitTestResult executionId="1631b7ed-7aff-4751-a12d-092e105bde84" testId="38e629c3-1633-700e-4513-d39f77b5aa19" testName="LuaAttachFailure_CleansUpDockOwnership" computerName="JIMMELONY-707" duration="00:00:00.0165029" startTime="2026-09-19T22:54:16.4772040+01:00" endTime="2026-09-19T22:54:16.4938793+01:00" testType="13cdc9d9-ddb5-4fa4-a97d-d965ccfc6d4b" outcome="Passed" testListId="8c84fa94-04c1-424b-9868-57a2d4851a1d" relativeResultsDirectory="1631b7ed-7aff-4751-a12d-092e105bde84" />
    <UnitTestResult executionId="a71fa7d1-fb46-44d2-816a-f19d0f0f7b59" testId="6ffada74-0caf-662b-1cd0-a5a99bd25082" testName="TrxProfile_WithLua_AddsLuaAfterPrimaryCapability" computerName="JIMMELONY-707" duration="00:00:00.0041840" startTime="2026-09-19T22:54:14.5277913+01:00" endTime="2026-09-19T22:54:14.5320684+01:00" testType="13cdc9d9-ddb5-4fa4-a97d-d965ccfc6d4b" outcome="Passed" testListId="8c84fa94-04c1-424b-9868-57a2d4851a1d" relativeResultsDirectory="a71fa7d1-fb46-44d2-816a-f19d0f0f7b59" />
    <UnitTestResult executionId="a0d320a6-d1ed-46e8-8987-1c8524b1eafb" testId="06832a37-c2e6-a8be-6b1e-01fc60edb6bb" testName="ShellDispose_DisposesChildScopeOnce" computerName="JIMMELONY-707" duration="00:00:00.0885702" startTime="2026-09-19T22:54:14.6284970+01:00" endTime="2026-09-19T22:54:14.7171699+01:00" testType="13cdc9d9-ddb5-4fa4-a97d-d965ccfc6d4b" outcome="Passed" testListId="8c84fa94-04c1-424b-9868-57a2d4851a1d" relativeResultsDirectory="a0d320a6-d1ed-46e8-8987-1c8524b1eafb" />
    <UnitTestResult executionId="187bebf1-c145-4189-ae0d-37cc8d94300b" testId="24e24ff6-0138-8bc4-b279-d470ffcb31c6" testName="ClosedEditor_IgnoresLateContentPublicationBeforeCoordinatorDisposal" computerName="JIMMELONY-707" duration="00:00:00.0030162" startTime="2026-09-19T22:54:17.2436923+01:00" endTime="2026-09-19T22:54:17.2469275+01:00" testType="13cdc9d9-ddb5-4fa4-a97d-d965ccfc6d4b" outcome="Passed" testListId="8c84fa94-04c1-424b-9868-57a2d4851a1d" relativeResultsDirectory="187bebf1-c145-4189-ae0d-37cc8d94300b" />
    <UnitTestResult executionId="a1219c46-94ed-479e-b0ff-e654bdbe6753" testId="2de3c71f-e5db-b572-e91a-82303933b2aa" testName="Constructor_WithNullMessenger_ThrowsArgumentNullException" computerName="JIMMELONY-707" duration="00:00:00.0018761" startTime="2026-09-19T22:54:21.2495915+01:00" endTime="2026-09-19T22:54:21.2515354+01:00" testType="13cdc9d9-ddb5-4fa4-a97d-d965ccfc6d4b" outcome="Passed" testListId="8c84fa94-04c1-424b-9868-57a2d4851a1d" relativeResultsDirectory="a1219c46-94ed-479e-b0ff-e654bdbe6753" />
    <UnitTestResult executionId="c658030c-e3b9-4812-bc00-20af228e7390" testId="2ee993fa-a827-366d-b6fc-9fb5440ba259" testName="PendingReferenceSearch_ApplyEditorSettings_KeepsReferencesPaneLoading" computerName="JIMMELONY-707" duration="00:00:00.0160609" startTime="2026-09-19T22:54:15.5694880+01:00" endTime="2026-09-19T22:54:15.5856878+01:00" testType="13cdc9d9-ddb5-4fa4-a97d-d965ccfc6d4b" outcome="Passed" testListId="8c84fa94-04c1-424b-9868-57a2d4851a1d" relativeResultsDirectory="c658030c-e3b9-4812-bc00-20af228e7390" />
    <UnitTestResult executionId="3fec167a-504b-48db-ab8a-524a371efa69" testId="63a76338-2b32-dcd3-a73b-e426a7a5a11f" testName="LuaHostServices_WithNullWorkspaceCommandService_ThrowsArgumentNullException" computerName="JIMMELONY-707" duration="00:00:00.0008247" startTime="2026-09-19T22:54:21.2635472+01:00" endTime="2026-09-19T22:54:21.2644218+01:00" testType="13cdc9d9-ddb5-4fa4-a97d-d965ccfc6d4b" outcome="Passed" testListId="8c84fa94-04c1-424b-9868-57a2d4851a1d" relativeResultsDirectory="3fec167a-504b-48db-ab8a-524a371efa69" />
    <UnitTestResult executionId="20b57904-6184-43a0-b33c-1732c5b264f0" testId="a5f57448-d0c8-7b0c-f08c-fc73a20f016c" testName="EditorControlContract_DoesNotOwnDiagnosticsState" computerName="JIMMELONY-707" duration="00:00:00.0002533" startTime="2026-09-19T22:54:20.6743460+01:00" endTime="2026-09-19T22:54:20.6746538+01:00" testType="13cdc9d9-ddb5-4fa4-a97d-d965ccfc6d4b" outcome="Passed" testListId="8c84fa94-04c1-424b-9868-57a2d4851a1d" relativeResultsDirectory="20b57904-6184-43a0-b33c-1732c5b264f0" />
    <UnitTestResult executionId="bc2dec45-d18e-46f5-b990-0d60bbcacd32" testId="7043621d-49be-ee1f-463d-fc2a2083b5de" testName="PendingReferenceSearch_ShellUiRefresh_KeepsReferencesPaneLoading" computerName="JIMMELONY-707" duration="00:00:00.0176333" startTime="2026-09-19T22:54:15.5516567+01:00" endTime="2026-09-19T22:54:15.5694271+01:00" testType="13cdc9d9-ddb5-4fa4-a97d-d965ccfc6d4b" outcome="Passed" testListId="8c84fa94-04c1-424b-9868-57a2d4851a1d" relativeResultsDirectory="bc2dec45-d18e-46f5-b990-0d60bbcacd32" />
    <UnitTestResult executionId="488a9a6e-5743-483f-94b1-22b7ce4792e4" testId="4af4d139-8408-1386-d568-782752f6080e" testName="LuaReferencesResults_RequiresProfileViewContribution" computerName="JIMMELONY-707" duration="00:00:00.0076854" startTime="2026-09-19T22:54:21.0902443+01:00" endTime="2026-09-19T22:54:21.0980309+01:00" testType="13cdc9d9-ddb5-4fa4-a97d-d965ccfc6d4b" outcome="Passed" testListId="8c84fa94-04c1-424b-9868-57a2d4851a1d" relativeResultsDirectory="488a9a6e-5743-483f-94b1-22b7ce4792e4" />
    <UnitTestResult executionId="389c7f43-5701-4a99-b16b-88a6edf9bb88" testId="d6a9dd77-a44a-43bf-3ca9-786d2a76e00f" testName="Constructor_WithNullWorkbenchService_ThrowsArgumentNullException" computerName="JIMMELONY-707" duration="00:00:00.0015539" startTime="2026-09-19T22:54:14.6240448+01:00" endTime="2026-09-19T22:54:14.6256656+01:00" testType="13cdc9d9-ddb5-4fa4-a97d-d965ccfc6d4b" outcome="Passed" testListId="8c84fa94-04c1-424b-9868-57a2d4851a1d" relativeResultsDirectory="389c7f43-5701-4a99-b16b-88a6edf9bb88" />
    <UnitTestResult executionId="62afd05c-f1b3-4379-9430-6995fc2b04cf" testId="4ba1fe32-2b60-b6d4-a9b5-7bb7b6f5fca6" testName="StringEditorView_Load_UsesSerializedContentAndCleanBaseline" computerName="JIMMELONY-707" duration="00:00:00.0187272" startTime="2026-09-19T22:54:16.5981838+01:00" endTime="2026-09-19T22:54:16.6170775+01:00" testType="13cdc9d9-ddb5-4fa4-a97d-d965ccfc6d4b" outcome="Passed" testListId="8c84fa94-04c1-424b-9868-57a2d4851a1d" relativeResultsDirectory="62afd05c-f1b3-4379-9430-6995fc2b04cf" />
    <UnitTestResult executionId="f5f56357-4033-423c-8ed9-4fdc956b2e36" testId="b7f8aabe-412c-8769-6269-9d3c59711938" testName="ApplyPreparedOperations_SuppressesFeedbackAndPreservesUndoState" computerName="JIMMELONY-707" duration="00:00:00.0061709" startTime="2026-09-19T22:54:20.8797178+01:00" endTime="2026-09-19T22:54:20.8859821+01:00" testType="13cdc9d9-ddb5-4fa4-a97d-d965ccfc6d4b" outcome="Passed" testListId="8c84fa94-04c1-424b-9868-57a2d4851a1d" relativeResultsDirectory="f5f56357-4033-423c-8ed9-4fdc956b2e36" />
    <UnitTestResult executionId="c94fad48-7e50-4971-ad1a-054cf94937f9" testId="39b8240d-088a-f606-d758-da5a7fcfad30" testName="Constructor_IsInvalidWhenFewerThanTwoAssignedCamerasExist" computerName="JIMMELONY-707" duration="00:00:00.0017792" startTime="2026-09-19T22:54:21.8625895+01:00" endTime="2026-09-19T22:54:21.8644954+01:00" testType="13cdc9d9-ddb5-4fa4-a97d-d965ccfc6d4b" outcome="Passed" testListId="8c84fa94-04c1-424b-9868-57a2d4851a1d" relativeResultsDirectory="c94fad48-7e50-4971-ad1a-054cf94937f9" />
    <UnitTestResult executionId="b390d5f3-ae40-4f87-a89d-5d7a65bbeb51" testId="812c08cf-dc28-b097-68df-0c9246e46449" testName="DiagnosticsSubscription_DetachesWhenActiveEditorCloses" computerName="JIMMELONY-707" duration="00:00:00.1488923" startTime="2026-09-19T22:54:17.5988382+01:00" endTime="2026-09-19T22:54:17.7478634+01:00" testType="13cdc9d9-ddb5-4fa4-a97d-d965ccfc6d4b" outcome="Passed" testListId="8c84fa94-04c1-424b-9868-57a2d4851a1d" relativeResultsDirectory="b390d5f3-ae40-4f87-a89d-5d7a65bbeb51" />
    <UnitTestResult executionId="786a68b3-ea54-4ec4-81ef-40cc8013660c" testId="d4476834-3e0f-baa3-4456-b32023d99758" testName="GetFreezeDuration_ReturnsSecondsOnlyForNonCutFreezeCameras" computerName="JIMMELONY-707" duration="00:00:00.0001110" startTime="2026-09-19T22:54:21.8847963+01:00" endTime="2026-09-19T22:54:21.8849903+01:00" testType="13cdc9d9-ddb5-4fa4-a97d-d965ccfc6d4b" outcome="Passed" testListId="8c84fa94-04c1-424b-9868-57a2d4851a1d" relativeResultsDirectory="786a68b3-ea54-4ec4-81ef-40cc8013660c" />
    <UnitTestResult executionId="7279adad-7054-4320-b0ca-b3aa55f9ba8e" testId="58d34432-6930-ae4a-7822-d97ba779615f" testName="ActiveReferenceProviderFailure_LeavesReferencesPaneInTerminalState" computerName="JIMMELONY-707" duration="00:00:00.0328423" startTime="2026-09-19T22:54:15.5184946+01:00" endTime="2026-09-19T22:54:15.5515971+01:00" testType="13cdc9d9-ddb5-4fa4-a97d-d965ccfc6d4b" outcome="Passed" testListId="8c84fa94-04c1-424b-9868-57a2d4851a1d" relativeResultsDirectory="7279adad-7054-4320-b0ca-b3aa55f9ba8e" />
    <UnitTestResult executionId="28f2c431-ef02-4653-a83c-322721c40d86" testId="11798ca7-cad6-4425-b0c8-84b633789b61" testName="Constructor_WithNullDependency_ThrowsArgumentNullException (PaneCatalog)" computerName="JIMMELONY-707" duration="00:00:00.0044201" startTime="2026-09-19T22:54:21.1842606+01:00" endTime="2026-09-19T22:54:21.1888343+01:00" testType="13cdc9d9-ddb5-4fa4-a97d-d965ccfc6d4b" outcome="Passed" testListId="8c84fa94-04c1-424b-9868-57a2d4851a1d" relativeResultsDirectory="28f2c431-ef02-4653-a83c-322721c40d86" />
    <UnitTestResult executionId="816ecbed-d9f9-4573-a089-6e20f9566a88" testId="89df8502-5821-d8e0-ce1e-ae050429930b" testName="Commit_PostflightReportsViewThatBecomesPendingDuringWrite" computerName="JIMMELONY-707" duration="00:00:00.0023447" startTime="2026-09-19T22:54:21.3036829+01:00" endTime="2026-09-19T22:54:21.3061063+01:00" testType="13cdc9d9-ddb5-4fa4-a97d-d965ccfc6d4b" outcome="Passed" testListId="8c84fa94-04c1-424b-9868-57a2d4851a1d" relativeResultsDirectory="816ecbed-d9f9-4573-a089-6e20f9566a88" />
    <UnitTestResult executionId="41d266a7-3edb-48b4-bcc4-8a035e3847e4" testId="c3fca6f5-ee2b-2c63-c3e8-e966602dd0e0" testName="MultipleEditors_ShareProviderAndCloseEachDocumentOnce" computerName="JIMMELONY-707" duration="00:00:00.0091948" startTime="2026-09-19T22:54:13.9965748+01:00" endTime="2026-09-19T22:54:14.0058796+01:00" testType="13cdc9d9-ddb5-4fa4-a97d-d965ccfc6d4b" outcome="Passed" testListId="8c84fa94-04c1-424b-9868-57a2d4851a1d" relativeResultsDirectory="41d266a7-3edb-48b4-bcc4-8a035e3847e4" />
    <UnitTestResult executionId="0673067e-42ff-4057-b8b2-df03c8cd1f04" testId="687e7eea-d029-d7aa-b11f-bc2d4e58bfb5" testName="Resolve_NoMatchOnLine_ReturnsLineStartFallback" computerName="JIMMELONY-707" duration="00:00:00.0000766" startTime="2026-09-19T22:54:20.7218874+01:00" endTime="2026-09-19T22:54:20.7219883+01:00" testType="13cdc9d9-ddb5-4fa4-a97d-d965ccfc6d4b" outcome="Passed" testListId="8c84fa94-04c1-424b-9868-57a2d4851a1d" relativeResultsDirectory="0673067e-42ff-4057-b8b2-df03c8cd1f04" />
    <UnitTestResult executionId="024f7367-01df-406a-9c10-8e42fe19d063" testId="4d1f3826-f261-c598-cb99-bd9a494146e9" testName="Constructor_WithNullDependency_ThrowsArgumentNullException (DocumentController)" computerName="JIMMELONY-707" duration="00:00:00.0052288" startTime="2026-09-19T22:54:21.1742637+01:00" endTime="2026-09-19T22:54:21.1796102+01:00" testType="13cdc9d9-ddb5-4fa4-a97d-d965ccfc6d4b" outcome="Passed" testListId="8c84fa94-04c1-424b-9868-57a2d4851a1d" relativeResultsDirectory="024f7367-01df-406a-9c10-8e42fe19d063" />
    <UnitTestResult executionId="a3cd61ed-f17f-4b35-897a-c2615f7224f2" testId="bbae9492-24b2-fcdc-9881-2e2033e5f688" testName="EveryRegistrationCatalogDerivesAllowedDocumentModesExactly" computerName="JIMMELONY-707" duration="00:00:00.0189807" startTime="2026-09-19T22:54:20.5190014+01:00" endTime="2026-09-19T22:54:20.5380997+01:00" testType="13cdc9d9-ddb5-4fa4-a97d-d965ccfc6d4b" outcome="Passed" testListId="8c84fa94-04c1-424b-9868-57a2d4851a1d" relativeResultsDirectory="a3cd61ed-f17f-4b35-897a-c2615f7224f2" />
    <UnitTestResult executionId="e18e70ea-cff5-4c87-b164-2e885065928e" testId="91265e8f-dd5e-774d-967c-ed7626216eaa" testName="Constructor_WithNullDependency_ThrowsArgumentNullException (DialogOwnerProvider)" computerName="JIMMELONY-707" duration="00:00:00.0040320" startTime="2026-09-19T22:54:21.1692084+01:00" endTime="2026-09-19T22:54:21.1733581+01:00" testType="13cdc9d9-ddb5-4fa4-a97d-d965ccfc6d4b" outcome="Passed" testListId="8c84fa94-04c1-424b-9868-57a2d4851a1d" relativeResultsDirectory="e18e70ea-cff5-4c87-b164-2e885065928e" />
    <UnitTestResult executionId="9613d0eb-055b-4f7b-8774-ad6d6303c994" testId="6068ff4a-c9d8-bf0f-0d96-85a6cc35e9c7" testName="Build_CapturesCutRegionsAndBypassDurations" computerName="JIMMELONY-707" duration="00:00:00.0017228" startTime="2026-09-19T22:54:21.9014179+01:00" endTime="2026-09-19T22:54:21.9031989+01:00" testType="13cdc9d9-ddb5-4fa4-a97d-d965ccfc6d4b" outcome="Passed" testListId="8c84fa94-04c1-424b-9868-57a2d4851a1d" relativeResultsDirectory="9613d0eb-055b-4f7b-8774-ad6d6303c994" />
    <UnitTestResult executionId="569aff7c-7400-4e38-8420-a6ef2454c021" testId="fd283794-90cc-021d-59e7-a5dcaaa1f0d1" testName="Rename_AcknowledgesOpenedViewAndPreservesKey" computerName="JIMMELONY-707" duration="00:00:00.0035855" startTime="2026-09-19T22:54:21.3264628+01:00" endTime="2026-09-19T22:54:21.3301395+01:00" testType="13cdc9d9-ddb5-4fa4-a97d-d965ccfc6d4b" outcome="Passed" testListId="8c84fa94-04c1-424b-9868-57a2d4851a1d" relativeResultsDirectory="569aff7c-7400-4e38-8420-a6ef2454c021" />
    <UnitTestResult executionId="6226191f-13a5-4045-b09e-64aec0d61a5c" testId="a51fc948-f44c-43b9-2399-0946be597b19" testName="RapidMixedLanguageTransitions_RestoreExactRegistrationWithNewGeneration" computerName="JIMMELONY-707" duration="00:00:00.0014547" startTime="2026-09-19T22:54:13.8889581+01:00" endTime="2026-09-19T22:54:13.8904936+01:00" testType="13cdc9d9-ddb5-4fa4-a97d-d965ccfc6d4b" outcome="Passed" testListId="8c84fa94-04c1-424b-9868-57a2d4851a1d" relativeResultsDirectory="6226191f-13a5-4045-b09e-64aec0d61a5c" />
    <UnitTestResult executionId="d43a1351-81a0-4603-8a4a-3725c7633a02" testId="c2b8b7c2-95da-4276-bdea-c95da755e9ea" testName="RenameDialogFailure_IsReportedOnce" computerName="JIMMELONY-707" duration="00:00:00.0208616" startTime="2026-09-19T22:54:15.6009708+01:00" endTime="2026-09-19T22:54:15.6219555+01:00" testType="13cdc9d9-ddb5-4fa4-a97d-d965ccfc6d4b" outcome="Passed" testListId="8c84fa94-04c1-424b-9868-57a2d4851a1d" relativeResultsDirectory="d43a1351-81a0-4603-8a4a-3725c7633a02" />
    <UnitTestResult executionId="b18fb039-4503-486e-a6c5-5fac050c8372" testId="30211a12-7e34-a3ac-683e-c6647e19110d" testName="TryExecuteCommand_UnhandledCommand_ReturnsFalseWithoutRefreshingUi" computerName="JIMMELONY-707" duration="00:00:00.0088411" startTime="2026-09-19T22:54:21.0980851+01:00" endTime="2026-09-19T22:54:21.1070260+01:00" testType="13cdc9d9-ddb5-4fa4-a97d-d965ccfc6d4b" outcome="Passed" testListId="8c84fa94-04c1-424b-9868-57a2d4851a1d" relativeResultsDirectory="b18fb039-4503-486e-a6c5-5fac050c8372" />
    <UnitTestResult executionId="7360a54e-88cb-471d-94b0-df64f3dd0cdd" testId="6baaedd8-fed8-4c68-68e8-f780b9cf3f52" testName="PaneVisibilityStateService_TogglePaneVisibility_ForNonPaneCommand_ReturnsFalse" computerName="JIMMELONY-707" duration="00:00:00.0013646" startTime="2026-09-19T22:54:13.7697714+01:00" endTime="2026-09-19T22:54:13.7713096+01:00" testType="13cdc9d9-ddb5-4fa4-a97d-d965ccfc6d4b" outcome="Passed" testListId="8c84fa94-04c1-424b-9868-57a2d4851a1d" relativeResultsDirectory="7360a54e-88cb-471d-94b0-df64f3dd0cdd" />
    <UnitTestResult executionId="a7d5fccb-dff1-4a42-a33b-12102de5faf2" testId="ff2f13f6-9de3-9abd-9ea7-c699ca031f2e" testName="StartupFailure_CleansUpWorkbenchOwnedRegistrations" computerName="JIMMELONY-707" duration="00:00:00.0166874" startTime="2026-09-19T22:54:16.5753145+01:00" endTime="2026-09-19T22:54:16.5921329+01:00" testType="13cdc9d9-ddb5-4fa4-a97d-d965ccfc6d4b" outcome="Passed" testListId="8c84fa94-04c1-424b-9868-57a2d4851a1d" relativeResultsDirectory="a7d5fccb-dff1-4a42-a33b-12102de5faf2" />
    <UnitTestResult executionId="03c0086a-09f8-4dcb-b8b0-64787f3802b5" testId="1eae39d1-2a22-9a35-a468-ea9cdac85114" testName="CreateEditor_UsesPlainTextFactoryForUnsupportedFile" computerName="JIMMELONY-707" duration="00:00:00.0001681" startTime="2026-09-19T22:54:13.8924964+01:00" endTime="2026-09-19T22:54:13.8927022+01:00" testType="13cdc9d9-ddb5-4fa4-a97d-d965ccfc6d4b" outcome="Passed" testListId="8c84fa94-04c1-424b-9868-57a2d4851a1d" relativeResultsDirectory="03c0086a-09f8-4dcb-b8b0-64787f3802b5" />
    <UnitTestResult executionId="17ebf5c1-9c62-4969-a8a9-b8cfc83325d1" testId="18f64b69-448a-5d32-3ce4-ebcea6392e24" testName="DeleteAsync_StampMismatch_ReportsConflictWithoutShellCall" computerName="JIMMELONY-707" duration="00:00:00.0016267" startTime="2026-09-19T22:54:14.5831053+01:00" endTime="2026-09-19T22:54:14.5848614+01:00" testType="13cdc9d9-ddb5-4fa4-a97d-d965ccfc6d4b" outcome="Passed" testListId="8c84fa94-04c1-424b-9868-57a2d4851a1d" relativeResultsDirectory="17ebf5c1-9c62-4969-a8a9-b8cfc83325d1" />
    <UnitTestResult executionId="53880f84-38ac-4643-90c7-b3d1efc6ea22" testId="a178d881-0d76-7a17-01d2-c3446045aef2" testName="DeleteDirectoryAsync_MissingDirectory_IsNoOp" computerName="JIMMELONY-707" duration="00:00:00.0003617" startTime="2026-09-19T22:54:14.5894780+01:00" endTime="2026-09-19T22:54:14.5899073+01:00" testType="13cdc9d9-ddb5-4fa4-a97d-d965ccfc6d4b" outcome="Passed" testListId="8c84fa94-04c1-424b-9868-57a2d4851a1d" relativeResultsDirectory="53880f84-38ac-4643-90c7-b3d1efc6ea22" />
    <UnitTestResult executionId="24b13a41-48e3-4c78-b849-c359f1bcafd6" testId="766d8c8a-d6f9-4db4-8266-6f88a63953c9" testName="Apply_NoOpEdit_CompletesWithoutAChangeSet" computerName="JIMMELONY-707" duration="00:00:00.0046032" startTime="2026-09-19T22:54:20.9526744+01:00" endTime="2026-09-19T22:54:20.9573806+01:00" testType="13cdc9d9-ddb5-4fa4-a97d-d965ccfc6d4b" outcome="Passed" testListId="8c84fa94-04c1-424b-9868-57a2d4851a1d" relativeResultsDirectory="24b13a41-48e3-4c78-b849-c359f1bcafd6" />
    <UnitTestResult executionId="7c57f82d-ed2c-4325-9492-3980347806ae" testId="f41e41aa-a3bc-0e82-c5c8-5fc1abeb4f33" testName="ProfileSelector_DerivesModesAcrossAllBranches (TR4,ClassicScript,ClassicScript,False)" computerName="JIMMELONY-707" duration="00:00:00.0105572" startTime="2026-09-19T22:54:18.9688923+01:00" endTime="2026-09-19T22:54:18.9796713+01:00" testType="13cdc9d9-ddb5-4fa4-a97d-d965ccfc6d4b" outcome="Passed" testListId="8c84fa94-04c1-424b-9868-57a2d4851a1d" relativeResultsDirectory="7c57f82d-ed2c-4325-9492-3980347806ae" />
    <UnitTestResult executionId="0bf0e857-f6a9-447c-a2c1-3ae3028ca5f4" testId="72f4698e-96df-5619-068c-89c2085133c3" testName="LuaCapabilityCommands_ReflectProviderSupport (False,False)" computerName="JIMMELONY-707" duration="00:00:00.0094079" startTime="2026-09-19T22:54:21.0569456+01:00" endTime="2026-09-19T22:54:21.0665829+01:00" testType="13cdc9d9-ddb5-4fa4-a97d-d965ccfc6d4b" outcome="Passed" testListId="8c84fa94-04c1-424b-9868-57a2d4851a1d" relativeResultsDirectory="0bf0e857-f6a9-447c-a2c1-3ae3028ca5f4" />
    <UnitTestResult executionId="477329ba-1278-4881-9384-419e19ec191f" testId="08b71fb0-30df-0604-64a2-23932530fad3" testName="ActiveTrxDiagnosticsCompletion_RefreshesSharedPane" computerName="JIMMELONY-707" duration="00:00:00.0209097" startTime="2026-09-19T22:54:14.9500882+01:00" endTime="2026-09-19T22:54:14.9711409+01:00" testType="13cdc9d9-ddb5-4fa4-a97d-d965ccfc6d4b" outcome="Passed" testListId="8c84fa94-04c1-424b-9868-57a2d4851a1d" relativeResultsDirectory="477329ba-1278-4881-9384-419e19ec191f" />
    <UnitTestResult executionId="49f278cd-c357-4601-8767-2388af60c02e" testId="4e56a235-b355-94d5-792d-55c775015ac1" testName="TrxProfile_WithoutLua_KeepsPrimaryOnlyCapabilityMatrix" computerName="JIMMELONY-707" duration="00:00:00.0054909" startTime="2026-09-19T22:54:14.5221372+01:00" endTime="2026-09-19T22:54:14.5277363+01:00" testType="13cdc9d9-ddb5-4fa4-a97d-d965ccfc6d4b" outcome="Passed" testListId="8c84fa94-04c1-424b-9868-57a2d4851a1d" relativeResultsDirectory="49f278cd-c357-4601-8767-2388af60c02e" />
    <UnitTestResult executionId="c8f6d1b2-2cf2-4da0-81e3-04f9f8c1e26e" testId="917b031e-502e-a202-f141-5161c799b0ed" testName="Constructor_WithNullWorkspaceProfile_ThrowsArgumentNullException" computerName="JIMMELONY-707" duration="00:00:00.0130941" startTime="2026-09-19T22:54:21.2336463+01:00" endTime="2026-09-19T22:54:21.2468170+01:00" testType="13cdc9d9-ddb5-4fa4-a97d-d965ccfc6d4b" outcome="Passed" testListId="8c84fa94-04c1-424b-9868-57a2d4851a1d" relativeResultsDirectory="c8f6d1b2-2cf2-4da0-81e3-04f9f8c1e26e" />
    <UnitTestResult executionId="839f6b21-06a1-44f3-b040-1c4551bc68bd" testId="de6e6452-24a3-d4b1-ab80-7407f9f89353" testName="TextEditorBase_WorkerAfterDispose_ThrowsObjectDisposedException" computerName="JIMMELONY-707" duration="00:00:00.0037481" startTime="2026-09-19T22:54:17.1683629+01:00" endTime="2026-09-19T22:54:17.1722374+01:00" testType="13cdc9d9-ddb5-4fa4-a97d-d965ccfc6d4b" outcome="Passed" testListId="8c84fa94-04c1-424b-9868-57a2d4851a1d" relativeResultsDirectory="839f6b21-06a1-44f3-b040-1c4551bc68bd" />
    <UnitTestResult executionId="53d0bf5a-5b7c-4c8c-841d-7c595c600ed9" testId="40aeaf2f-1cc5-b8d6-4cbc-2ca29392c090" testName="CurrentEditorEdit_UsesUndoAndDirtyState" computerName="JIMMELONY-707" duration="00:00:00.0055913" startTime="2026-09-19T22:54:16.5921969+01:00" endTime="2026-09-19T22:54:16.5981180+01:00" testType="13cdc9d9-ddb5-4fa4-a97d-d965ccfc6d4b" outcome="Passed" testListId="8c84fa94-04c1-424b-9868-57a2d4851a1d" relativeResultsDirectory="53d0bf5a-5b7c-4c8c-841d-7c595c600ed9" />
    <UnitTestResult executionId="c4644fd1-6475-4733-8c83-8f534dc078c7" testId="05b6258e-d840-9809-87c3-eb5c1ed37303" testName="PublicationBenchmark_OneMiBInsertUndoCycles" computerName="JIMMELONY-707" duration="00:00:00.3618008" startTime="2026-09-19T22:54:21.4308138+01:00" endTime="2026-09-19T22:54:21.7927330+01:00" testType="13cdc9d9-ddb5-4fa4-a97d-d965ccfc6d4b" outcome="Passed" testListId="8c84fa94-04c1-424b-9868-57a2d4851a1d" relativeResultsDirectory="c4644fd1-6475-4733-8c83-8f534dc078c7">
      <Output>
        <StdOut>TestContext Messages:
Publication benchmark: runtime=.NET 8.0.25; os=Microsoft Windows 10.0.26200; processors=20; documentBytes=1048576; cycles=100; medianMs=1.43; p95Ms=2.42; managedAllocationPerCycle=4.01MiB</StdOut>
      </Output>
    </UnitTestResult>
    <UnitTestResult executionId="58941f5a-dfe2-4352-9171-1b7d75cf630d" testId="7700bef2-db69-93ed-3cf8-1b8af9299cbf" testName="ContentReader_GetStrings_HandlesLastSection" computerName="JIMMELONY-707" duration="00:00:00.0000636" startTime="2026-09-19T22:54:20.7246515+01:00" endTime="2026-09-19T22:54:20.7247379+01:00" testType="13cdc9d9-ddb5-4fa4-a97d-d965ccfc6d4b" outcome="Passed" testListId="8c84fa94-04c1-424b-9868-57a2d4851a1d" relativeResultsDirectory="58941f5a-dfe2-4352-9171-1b7d75cf630d" />
    <UnitTestResult executionId="045cdbbe-1473-4837-9697-421e12c94fdf" testId="53052d2f-a266-d558-1e85-81471d347049" testName="LuaHostServices_WithNullReferenceSearchService_ThrowsArgumentNullException" computerName="JIMMELONY-707" duration="00:00:00.0008650" startTime="2026-09-19T22:54:21.2626052+01:00" endTime="2026-09-19T22:54:21.2635218+01:00" testType="13cdc9d9-ddb5-4fa4-a97d-d965ccfc6d4b" outcome="Passed" testListId="8c84fa94-04c1-424b-9868-57a2d4851a1d" relativeResultsDirectory="045cdbbe-1473-4837-9697-421e12c94fdf" />
    <UnitTestResult executionId="3f7a9d66-544f-444f-927c-a4186cbcc5bd" testId="7d46f2ea-6422-0fc1-8600-16c24c4f80a8" testName="ReferenceSearch_UsesCanonicalSnapshotForClosedFilePreview" computerName="JIMMELONY-707" duration="00:00:00.0076714" startTime="2026-09-19T22:54:14.4247640+01:00" endTime="2026-09-19T22:54:14.4325722+01:00" testType="13cdc9d9-ddb5-4fa4-a97d-d965ccfc6d4b" outcome="Passed" testListId="8c84fa94-04c1-424b-9868-57a2d4851a1d" relativeResultsDirectory="3f7a9d66-544f-444f-927c-a4186cbcc5bd" />
    <UnitTestResult executionId="b06fe304-cf9a-4dc5-ba3d-6239ee61ae7c" testId="b7bf46e0-ee63-710c-39fa-e79c12873231" testName="Constructor_WithNullDockHost_ThrowsArgumentNullException" computerName="JIMMELONY-707" duration="00:00:00.0016842" startTime="2026-09-19T22:54:21.2559504+01:00" endTime="2026-09-19T22:54:21.2576991+01:00" testType="13cdc9d9-ddb5-4fa4-a97d-d965ccfc6d4b" outcome="Passed" testListId="8c84fa94-04c1-424b-9868-57a2d4851a1d" relativeResultsDirectory="b06fe304-cf9a-4dc5-ba3d-6239ee61ae7c" />
    <UnitTestResult executionId="185e4795-8c31-41d5-8563-1ff7c9cc1290" testId="46ea72ce-4a27-5ba2-1d3c-732e4f258d2a" testName="OpenWithView_OpensUnloadedViewBeforeRegistration" computerName="JIMMELONY-707" duration="00:00:00.0031050" startTime="2026-09-19T22:54:21.2829919+01:00" endTime="2026-09-19T22:54:21.2863209+01:00" testType="13cdc9d9-ddb5-4fa4-a97d-d965ccfc6d4b" outcome="Passed" testListId="8c84fa94-04c1-424b-9868-57a2d4851a1d" relativeResultsDirectory="185e4795-8c31-41d5-8563-1ff7c9cc1290" />
    <UnitTestResult executionId="ee7dee2d-fe01-4201-92dc-41fd6ec7c6ee" testId="278c7240-fa28-a24d-1a83-43565e7a780f" testName="ProfileSelector_DerivesModesAcrossAllBranches (TR2X,TRX,TRX)" computerName="JIMMELONY-707" duration="00:00:00.0035236" startTime="2026-09-19T22:54:18.9414296+01:00" endTime="2026-09-19T22:54:18.9450632+01:00" testType="13cdc9d9-ddb5-4fa4-a97d-d965ccfc6d4b" outcome="Passed" testListId="8c84fa94-04c1-424b-9868-57a2d4851a1d" relativeResultsDirectory="ee7dee2d-fe01-4201-92dc-41fd6ec7c6ee" />
    <UnitTestResult executionId="eb511ca2-2b66-42cb-a03e-54ef36aa9fb5" testId="1a2cf114-c9e3-98b8-28c2-2c14fe267486" testName="ClosingDirtyFinalView_HonorsSaveDiscardAndCancel" computerName="JIMMELONY-707" duration="00:00:00.0083139" startTime="2026-09-19T22:54:13.8805166+01:00" endTime="2026-09-19T22:54:13.8889072+01:00" testType="13cdc9d9-ddb5-4fa4-a97d-d965ccfc6d4b" outcome="Passed" testListId="8c84fa94-04c1-424b-9868-57a2d4851a1d" relativeResultsDirectory="eb511ca2-2b66-42cb-a03e-54ef36aa9fb5" />
    <UnitTestResult executionId="dc00ce51-af6b-41b5-87d8-cdf1ff0437fe" testId="fc46d538-cd19-684e-df86-554b34e9336e" testName="DefaultsToEmptyName" computerName="JIMMELONY-707" duration="00:00:00.0002833" startTime="2026-09-19T22:54:13.9215764+01:00" endTime="2026-09-19T22:54:13.9219673+01:00" testType="13cdc9d9-ddb5-4fa4-a97d-d965ccfc6d4b" outcome="Passed" testListId="8c84fa94-04c1-424b-9868-57a2d4851a1d" relativeResultsDirectory="dc00ce51-af6b-41b5-87d8-cdf1ff0437fe" />
    <UnitTestResult executionId="9b1ec123-f15e-404f-a2b6-b0352db7aca4" testId="8214f887-557f-ef77-218d-dc546aa9f91b" testName="FormattersAndFlagHelpers_HandleEdgeCases" computerName="JIMMELONY-707" duration="00:00:00.0010552" startTime="2026-09-19T22:54:21.8911765+01:00" endTime="2026-09-19T22:54:21.8923264+01:00" testType="13cdc9d9-ddb5-4fa4-a97d-d965ccfc6d4b" outcome="Passed" testListId="8c84fa94-04c1-424b-9868-57a2d4851a1d" relativeResultsDirectory="9b1ec123-f15e-404f-a2b6-b0352db7aca4" />
    <UnitTestResult executionId="f1f27be1-3910-49cf-af55-f9097c127da8" testId="985189a3-a8a4-d2ae-c0d0-a2d46e8b8dcc" testName="FileExplorerViewModel_DeleteDirtyFile_RecapturesAfterSavePrompt" computerName="JIMMELONY-707" duration="00:00:00.0059640" startTime="2026-09-19T22:54:21.0005567+01:00" endTime="2026-09-19T22:54:21.0066369+01:00" testType="13cdc9d9-ddb5-4fa4-a97d-d965ccfc6d4b" outcome="Passed" testListId="8c84fa94-04c1-424b-9868-57a2d4851a1d" relativeResultsDirectory="f1f27be1-3910-49cf-af55-f9097c127da8" />
    <UnitTestResult executionId="e02e690f-f4fc-4c99-96ef-7f379f712448" testId="8856b6f9-5317-447d-a52b-6bea00319dc6" testName="PaneVisibilityStateService_ResetPaneVisibilityStates_ResetsAllToFalse" computerName="JIMMELONY-707" duration="00:00:00.0024611" startTime="2026-09-19T22:54:13.7671625+01:00" endTime="2026-09-19T22:54:13.7697279+01:00" testType="13cdc9d9-ddb5-4fa4-a97d-d965ccfc6d4b" outcome="Passed" testListId="8c84fa94-04c1-424b-9868-57a2d4851a1d" relativeResultsDirectory="e02e690f-f4fc-4c99-96ef-7f379f712448" />
    <UnitTestResult executionId="d63b3267-ed03-43a2-bcb7-3325089b6705" testId="074c451a-651e-7815-3a7d-0dc4238bfd14" testName="RebuildWorkspaceItems_ToolStrip_UsesWorkspaceContributions" computerName="JIMMELONY-707" duration="00:00:00.0047258" startTime="2026-09-19T22:54:20.8544367+01:00" endTime="2026-09-19T22:54:20.8592603+01:00" testType="13cdc9d9-ddb5-4fa4-a97d-d965ccfc6d4b" outcome="Passed" testListId="8c84fa94-04c1-424b-9868-57a2d4851a1d" relativeResultsDirectory="d63b3267-ed03-43a2-bcb7-3325089b6705" />
    <UnitTestResult executionId="29da0120-1ad1-4c1d-8f8b-aed58888e293" testId="324b4216-bc52-0c67-4a5b-0d829bc83c61" testName="ProfileSelector_UsesPrimaryProviderForSupportedGameVersion (TR2,GameFlowScript,GameFlowScript)" computerName="JIMMELONY-707" duration="00:00:00.0045823" startTime="2026-09-19T22:54:14.5091780+01:00" endTime="2026-09-19T22:54:14.5139655+01:00" testType="13cdc9d9-ddb5-4fa4-a97d-d965ccfc6d4b" outcome="Passed" testListId="8c84fa94-04c1-424b-9868-57a2d4851a1d" relativeResultsDirectory="29da0120-1ad1-4c1d-8f8b-aed58888e293" />
    <UnitTestResult executionId="f2feec1e-233c-4582-8a14-1a1a3f2156ad" testId="13c9e637-70b0-534f-f7bd-049de279673a" testName="Constructor_WithNullDependency_ThrowsArgumentNullException (MessageService)" computerName="JIMMELONY-707" duration="00:00:00.0040040" startTime="2026-09-19T22:54:21.1321014+01:00" endTime="2026-09-19T22:54:21.1362073+01:00" testType="13cdc9d9-ddb5-4fa4-a97d-d965ccfc6d4b" outcome="Passed" testListId="8c84fa94-04c1-424b-9868-57a2d4851a1d" relativeResultsDirectory="f2feec1e-233c-4582-8a14-1a1a3f2156ad" />
    <UnitTestResult executionId="1fe5b16b-ee9a-4b43-a709-1035ff6533cb" testId="f7c09015-68ba-d347-673a-3d892fc13157" testName="ReferenceContextFailure_IsReportedOnce" computerName="JIMMELONY-707" duration="00:00:00.0270635" startTime="2026-09-19T22:54:15.6385562+01:00" endTime="2026-09-19T22:54:15.6657584+01:00" testType="13cdc9d9-ddb5-4fa4-a97d-d965ccfc6d4b" outcome="Passed" testListId="8c84fa94-04c1-424b-9868-57a2d4851a1d" relativeResultsDirectory="1fe5b16b-ee9a-4b43-a709-1035ff6533cb" />
    <UnitTestResult executionId="074b689e-b3e9-4e92-8bf1-088ff390c5ce" testId="de1bf283-cda8-8f46-9844-12a2f1171303" testName="ReferenceLoadingPaneFailure_IsReportedOnce" computerName="JIMMELONY-707" duration="00:00:00.0156416" startTime="2026-09-19T22:54:15.6220299+01:00" endTime="2026-09-19T22:54:15.6378132+01:00" testType="13cdc9d9-ddb5-4fa4-a97d-d965ccfc6d4b" outcome="Passed" testListId="8c84fa94-04c1-424b-9868-57a2d4851a1d" relativeResultsDirectory="074b689e-b3e9-4e92-8bf1-088ff390c5ce" />
    <UnitTestResult executionId="d65555b2-124a-4923-9f58-c4efb04d298c" testId="abd3fcff-5374-185a-3c6e-a7259837af65" testName="CorruptSettingsFile_UsesLuaDisabledDefaults" computerName="JIMMELONY-707" duration="00:00:00.0156086" startTime="2026-09-19T22:54:20.6762047+01:00" endTime="2026-09-19T22:54:20.6918757+01:00" testType="13cdc9d9-ddb5-4fa4-a97d-d965ccfc6d4b" outcome="Passed" testListId="8c84fa94-04c1-424b-9868-57a2d4851a1d" relativeResultsDirectory="d65555b2-124a-4923-9f58-c4efb04d298c" />
    <UnitTestResult executionId="c3df5246-a76b-4d68-bd92-d4ee527c75e1" testId="dd49e4e2-5a8c-3f9e-752f-faecb98f42a7" testName="DocumentActivationToolPaneFocusAndLayoutRestorePreserveActiveContext" computerName="JIMMELONY-707" duration="00:00:00.0643827" startTime="2026-09-19T22:54:20.7787116+01:00" endTime="2026-09-19T22:54:20.8432832+01:00" testType="13cdc9d9-ddb5-4fa4-a97d-d965ccfc6d4b" outcome="Passed" testListId="8c84fa94-04c1-424b-9868-57a2d4851a1d" relativeResultsDirectory="c3df5246-a76b-4d68-bd92-d4ee527c75e1" />
    <UnitTestResult executionId="3e46f8b3-a466-4214-a8ef-c28a6dce0779" testId="417f7026-30ad-cf1c-e725-52545e14613f" testName="Resolve_ParenthesisMatchText_DoesNotThrow" computerName="JIMMELONY-707" duration="00:00:00.0000715" startTime="2026-09-19T22:54:20.7221187+01:00" endTime="2026-09-19T22:54:20.7222109+01:00" testType="13cdc9d9-ddb5-4fa4-a97d-d965ccfc6d4b" outcome="Passed" testListId="8c84fa94-04c1-424b-9868-57a2d4851a1d" relativeResultsDirectory="3e46f8b3-a466-4214-a8ef-c28a6dce0779" />
    <UnitTestResult executionId="c3f19ab0-7156-4eef-b1e3-a3ca778263ff" testId="3bd43162-6710-10ba-6e4c-eb04f98c95ff" testName="Constructor_WithNullMenuService_ThrowsArgumentNullException" computerName="JIMMELONY-707" duration="00:00:00.0016288" startTime="2026-09-19T22:54:14.6217388+01:00" endTime="2026-09-19T22:54:14.6234353+01:00" testType="13cdc9d9-ddb5-4fa4-a97d-d965ccfc6d4b" outcome="Passed" testListId="8c84fa94-04c1-424b-9868-57a2d4851a1d" relativeResultsDirectory="c3f19ab0-7156-4eef-b1e3-a3ca778263ff" />
    <UnitTestResult executionId="794203ff-5c4a-49e6-8a5f-5fdd377c3799" testId="811d74ba-efdb-867e-a91c-d1d48edf099d" testName="LuaActivation_PreservesPersistedValueAndReopenDescription" computerName="JIMMELONY-707" duration="00:00:00.0016647" startTime="2026-09-19T22:54:20.6505333+01:00" endTime="2026-09-19T22:54:20.6522630+01:00" testType="13cdc9d9-ddb5-4fa4-a97d-d965ccfc6d4b" outcome="Passed" testListId="8c84fa94-04c1-424b-9868-57a2d4851a1d" relativeResultsDirectory="794203ff-5c4a-49e6-8a5f-5fdd377c3799" />
    <UnitTestResult executionId="9865e19e-9a91-4260-8f1d-78865d7be68e" testId="e264d030-b09e-92f8-338f-a16f3bc1e432" testName="Dispose_UnregistersAllMessageHandlers" computerName="JIMMELONY-707" duration="00:00:00.0008240" startTime="2026-09-19T22:54:15.1699247+01:00" endTime="2026-09-19T22:54:15.1707852+01:00" testType="13cdc9d9-ddb5-4fa4-a97d-d965ccfc6d4b" outcome="Passed" testListId="8c84fa94-04c1-424b-9868-57a2d4851a1d" relativeResultsDirectory="9865e19e-9a91-4260-8f1d-78865d7be68e" />
    <UnitTestResult executionId="12c512c8-865d-4955-ae25-85f783050c4f" testId="ae8d5962-cffa-d18f-1732-ba438c46013b" testName="ProfileSelector_PreservesRegistrationPriorityAndFallbackSemantics" computerName="JIMMELONY-707" duration="00:00:00.0084462" startTime="2026-09-19T22:54:18.9967070+01:00" endTime="2026-09-19T22:54:19.0052496+01:00" testType="13cdc9d9-ddb5-4fa4-a97d-d965ccfc6d4b" outcome="Passed" testListId="8c84fa94-04c1-424b-9868-57a2d4851a1d" relativeResultsDirectory="12c512c8-865d-4955-ae25-85f783050c4f" />
    <UnitTestResult executionId="f748f8eb-d728-4aef-8d19-d8f7d516149e" testId="5b282132-9d37-9f0c-5ba7-89530753d267" testName="Constructor_WithNullDependency_ThrowsArgumentNullException (TrxLanguageServices)" computerName="JIMMELONY-707" duration="00:00:00.0041103" startTime="2026-09-19T22:54:21.2235361+01:00" endTime="2026-09-19T22:54:21.2277685+01:00" testType="13cdc9d9-ddb5-4fa4-a97d-d965ccfc6d4b" outcome="Passed" testListId="8c84fa94-04c1-424b-9868-57a2d4851a1d" relativeResultsDirectory="f748f8eb-d728-4aef-8d19-d8f7d516149e" />
    <UnitTestResult executionId="38fd4807-c852-4f18-9139-ef582eb9b70e" testId="dbf12712-0c31-048e-8ae2-a9a60ceedfe3" testName="LuaActivationVisibility_IsLimitedToSupportedPrimaryWorkspaces (Lua,False)" computerName="JIMMELONY-707" duration="00:00:00.0012840" startTime="2026-09-19T22:54:20.6491376+01:00" endTime="2026-09-19T22:54:20.6505099+01:00" testType="13cdc9d9-ddb5-4fa4-a97d-d965ccfc6d4b" outcome="Passed" testListId="8c84fa94-04c1-424b-9868-57a2d4851a1d" relativeResultsDirectory="38fd4807-c852-4f18-9139-ef582eb9b70e" />
    <UnitTestResult executionId="0505b873-4dde-45d4-a982-5d73678557c0" testId="d98a373d-f92e-8841-4ea5-33cbf05029b5" testName="Constructor_WithNullDocumentController_ThrowsArgumentNullException" computerName="JIMMELONY-707" duration="00:00:00.0017202" startTime="2026-09-19T22:54:21.2533569+01:00" endTime="2026-09-19T22:54:21.2551393+01:00" testType="13cdc9d9-ddb5-4fa4-a97d-d965ccfc6d4b" outcome="Passed" testListId="8c84fa94-04c1-424b-9868-57a2d4851a1d" relativeResultsDirectory="0505b873-4dde-45d4-a982-5d73678557c0" />
    <UnitTestResult executionId="676592b2-5ae4-4522-b30b-4d9ae15a4d64" testId="0c32d07b-fd25-fc22-284d-aaea75d04994" testName="InitialFileOpenFailure_CleansUpDockOwnership" computerName="JIMMELONY-707" duration="00:00:00.0172788" startTime="2026-09-19T22:54:16.5225398+01:00" endTime="2026-09-19T22:54:16.5399767+01:00" testType="13cdc9d9-ddb5-4fa4-a97d-d965ccfc6d4b" outcome="Passed" testListId="8c84fa94-04c1-424b-9868-57a2d4851a1d" relativeResultsDirectory="676592b2-5ae4-4522-b30b-4d9ae15a4d64" />
    <UnitTestResult executionId="7f92e4ee-de52-4012-9cde-4b501b42ef91" testId="590afee4-9710-8eba-4b59-a915045d65b9" testName="Constructor_WithNullComposition_ThrowsArgumentNullException" computerName="JIMMELONY-707" duration="00:00:00.0012141" startTime="2026-09-19T22:54:21.2322041+01:00" endTime="2026-09-19T22:54:21.2336183+01:00" testType="13cdc9d9-ddb5-4fa4-a97d-d965ccfc6d4b" outcome="Passed" testListId="8c84fa94-04c1-424b-9868-57a2d4851a1d" relativeResultsDirectory="7f92e4ee-de52-4012-9cde-4b501b42ef91" />
    <UnitTestResult executionId="f89c2640-dc75-4f9d-8bfa-ef8135329d0c" testId="036fb564-3fd3-e2bb-54de-cca67cfde5c3" testName="PaneVisibilityStateService_TogglePaneVisibility_TogglesState" computerName="JIMMELONY-707" duration="00:00:00.0055298" startTime="2026-09-19T22:54:13.7614673+01:00" endTime="2026-09-19T22:54:13.7671114+01:00" testType="13cdc9d9-ddb5-4fa4-a97d-d965ccfc6d4b" outcome="Passed" testListId="8c84fa94-04c1-424b-9868-57a2d4851a1d" relativeResultsDirectory="f89c2640-dc75-4f9d-8bfa-ef8135329d0c" />
    <UnitTestResult executionId="304e1188-bfd4-45c4-be21-175f36f0c089" testId="dca0201e-b540-ee1e-e6f3-27b427c49de8" testName="ContentReader_GetParsedLine_NullString_ReturnsEmpty" computerName="JIMMELONY-707" duration="00:00:00.0000221" startTime="2026-09-19T22:54:20.7261383+01:00" endTime="2026-09-19T22:54:20.7261842+01:00" testType="13cdc9d9-ddb5-4fa4-a97d-d965ccfc6d4b" outcome="Passed" testListId="8c84fa94-04c1-424b-9868-57a2d4851a1d" relativeResultsDirectory="304e1188-bfd4-45c4-be21-175f36f0c089" />
    <UnitTestResult executionId="491a1600-cb8c-4fe7-bc19-7afd24eb39a2" testId="c461dba8-3edc-4d73-c363-9497d8d9c7d1" testName="InactiveClassicScriptDiagnosticsCompletion_DoesNotReplaceActivePane" computerName="JIMMELONY-707" duration="00:00:00.1622836" startTime="2026-09-19T22:54:14.9712067+01:00" endTime="2026-09-19T22:54:15.1336251+01:00" testType="13cdc9d9-ddb5-4fa4-a97d-d965ccfc6d4b" outcome="Passed" testListId="8c84fa94-04c1-424b-9868-57a2d4851a1d" relativeResultsDirectory="491a1600-cb8c-4fe7-bc19-7afd24eb39a2" />
    <UnitTestResult executionId="c75ede25-f418-48d0-b3da-1da2e76e5512" testId="c3a25ddc-871d-fd87-cd0d-35a6fb1ed1ae" testName="PaneCatalog_KeepsOneStablePaneInstancePerCommand" computerName="JIMMELONY-707" duration="00:00:00.0003276" startTime="2026-09-19T22:54:20.6749237+01:00" endTime="2026-09-19T22:54:20.6752823+01:00" testType="13cdc9d9-ddb5-4fa4-a97d-d965ccfc6d4b" outcome="Passed" testListId="8c84fa94-04c1-424b-9868-57a2d4851a1d" relativeResultsDirectory="c75ede25-f418-48d0-b3da-1da2e76e5512" />
    <UnitTestResult executionId="bf3248c4-97a9-4feb-8f42-6a6f84850a2d" testId="da99b095-df5c-790c-84ec-040681756071" testName="AddRangeAndClear_UpdateItems" computerName="JIMMELONY-707" duration="00:00:00.0002162" startTime="2026-09-19T22:54:13.9228561+01:00" endTime="2026-09-19T22:54:13.9231051+01:00" testType="13cdc9d9-ddb5-4fa4-a97d-d965ccfc6d4b" outcome="Passed" testListId="8c84fa94-04c1-424b-9868-57a2d4851a1d" relativeResultsDirectory="bf3248c4-97a9-4feb-8f42-6a6f84850a2d" />
    <UnitTestResult executionId="c5323075-8737-4ac6-b086-55e073949160" testId="3ae7fa89-c77b-b800-ad0d-5e1532736e23" testName="Constructor_WithNullDependency_ThrowsArgumentNullException (WorkspaceProfile)" computerName="JIMMELONY-707" duration="00:00:00.0059889" startTime="2026-09-19T22:54:21.1156198+01:00" endTime="2026-09-19T22:54:21.1220026+01:00" testType="13cdc9d9-ddb5-4fa4-a97d-d965ccfc6d4b" outcome="Passed" testListId="8c84fa94-04c1-424b-9868-57a2d4851a1d" relativeResultsDirectory="c5323075-8737-4ac6-b086-55e073949160" />
    <UnitTestResult executionId="dbf41265-332b-4add-bc27-eaf80db2ac94" testId="5bd6cb93-fce8-81b5-2ebd-7eabc9286f13" testName="LuaFileTransition_LateInactiveDiagnosticsCannotReplaceActiveFile" computerName="JIMMELONY-707" duration="00:00:00.1666634" startTime="2026-09-19T22:54:19.8393736+01:00" endTime="2026-09-19T22:54:20.0061601+01:00" testType="13cdc9d9-ddb5-4fa4-a97d-d965ccfc6d4b" outcome="Passed" testListId="8c84fa94-04c1-424b-9868-57a2d4851a1d" relativeResultsDirectory="dbf41265-332b-4add-bc27-eaf80db2ac94" />
    <UnitTestResult executionId="f25c73aa-9a81-4431-93b6-e1595a6c8f07" testId="c51578d6-5a15-47fe-7961-f1be28aa522c" testName="TryGetTextSnapshot_UnopenedFileUsesCanonicalBridgeSnapshot" computerName="JIMMELONY-707" duration="00:00:00.0078794" startTime="2026-09-19T22:54:13.7731232+01:00" endTime="2026-09-19T22:54:13.7811469+01:00" testType="13cdc9d9-ddb5-4fa4-a97d-d965ccfc6d4b" outcome="Passed" testListId="8c84fa94-04c1-424b-9868-57a2d4851a1d" relativeResultsDirectory="f25c73aa-9a81-4431-93b6-e1595a6c8f07" />
    <UnitTestResult executionId="35fd38b0-625a-49b6-a2d8-dbc4c1341332" testId="6a08071e-7bec-5876-f15f-c9531ce4ed91" testName="Build_IgnoresAmbiguousCutTargetsWhenCameraNumbersDuplicate" computerName="JIMMELONY-707" duration="00:00:00.0016696" startTime="2026-09-19T22:54:21.9049382+01:00" endTime="2026-09-19T22:54:21.9066530+01:00" testType="13cdc9d9-ddb5-4fa4-a97d-d965ccfc6d4b" outcome="Passed" testListId="8c84fa94-04c1-424b-9868-57a2d4851a1d" relativeResultsDirectory="35fd38b0-625a-49b6-a2d8-dbc4c1341332" />
    <UnitTestResult executionId="0728c5d1-383a-42db-9020-07525f13bc5a" testId="9446addf-ec57-be32-8f76-7a34401e62fb" testName="ExistingDirtyEditor_SessionCompletionDoesNotSaveOrCloseEditor" computerName="JIMMELONY-707" duration="00:00:00.0036442" startTime="2026-09-19T22:54:20.8617022+01:00" endTime="2026-09-19T22:54:20.8655040+01:00" testType="13cdc9d9-ddb5-4fa4-a97d-d965ccfc6d4b" outcome="Passed" testListId="8c84fa94-04c1-424b-9868-57a2d4851a1d" relativeResultsDirectory="0728c5d1-383a-42db-9020-07525f13bc5a" />
    <UnitTestResult executionId="41247df1-308a-46f2-abf6-fc157451c7cf" testId="4c734d36-72b6-df14-4a73-77a27d6deb0d" testName="Resolve_MatchRangeDoesNotFitLine_FallsBackToLiteralMatch" computerName="JIMMELONY-707" duration="00:00:00.0000896" startTime="2026-09-19T22:54:20.7227252+01:00" endTime="2026-09-19T22:54:20.7228474+01:00" testType="13cdc9d9-ddb5-4fa4-a97d-d965ccfc6d4b" outcome="Passed" testListId="8c84fa94-04c1-424b-9868-57a2d4851a1d" relativeResultsDirectory="41247df1-308a-46f2-abf6-fc157451c7cf" />
    <UnitTestResult executionId="e895911f-0363-4cfb-bf87-fadc7a37ad50" testId="76bf21e9-8f0a-b01b-33b8-a6818b80f49e" testName="ContentReader_GetParsedLine_KeepsValueWithoutComment" computerName="JIMMELONY-707" duration="00:00:00.0000816" startTime="2026-09-19T22:54:20.7259796+01:00" endTime="2026-09-19T22:54:20.7261175+01:00" testType="13cdc9d9-ddb5-4fa4-a97d-d965ccfc6d4b" outcome="Passed" testListId="8c84fa94-04c1-424b-9868-57a2d4851a1d" relativeResultsDirectory="e895911f-0363-4cfb-bf87-fadc7a37ad50" />
    <UnitTestResult executionId="c3afadc7-c941-4f5d-a917-16c1ab3d4930" testId="233b9907-3c66-285b-a466-544b4a9e92ab" testName="GetDocumentRegistration_DoesNotInferRegistrationFromEditorType" computerName="JIMMELONY-707" duration="00:00:00.0002134" startTime="2026-09-19T22:54:13.8934718+01:00" endTime="2026-09-19T22:54:13.8937382+01:00" testType="13cdc9d9-ddb5-4fa4-a97d-d965ccfc6d4b" outcome="Passed" testListId="8c84fa94-04c1-424b-9868-57a2d4851a1d" relativeResultsDirectory="c3afadc7-c941-4f5d-a917-16c1ab3d4930" />
    <UnitTestResult executionId="1ec8aa55-4fd9-4232-9904-693a5a6df52f" testId="6e896596-9b5a-97a8-17ab-926bd59500f1" testName="ProgramClosing_DoesNotDisposeTheLanguageServerProvider" computerName="JIMMELONY-707" duration="00:00:00.0016081" startTime="2026-09-19T22:54:14.4439398+01:00" endTime="2026-09-19T22:54:14.4457573+01:00" testType="13cdc9d9-ddb5-4fa4-a97d-d965ccfc6d4b" outcome="Passed" testListId="8c84fa94-04c1-424b-9868-57a2d4851a1d" relativeResultsDirectory="1ec8aa55-4fd9-4232-9904-693a5a6df52f" />
    <UnitTestResult executionId="17c3833e-aa5a-4ba2-b80e-aa6b112e3c4b" testId="a98b095c-31c9-aa47-855a-c2ea97af69b1" testName="ProfileSelector_DerivesModesAcrossAllBranches (TR1,TRX,TRX,False)" computerName="JIMMELONY-707" duration="00:00:00.0042801" startTime="2026-09-19T22:54:18.9524471+01:00" endTime="2026-09-19T22:54:18.9580847+01:00" testType="13cdc9d9-ddb5-4fa4-a97d-d965ccfc6d4b" outcome="Passed" testListId="8c84fa94-04c1-424b-9868-57a2d4851a1d" relativeResultsDirectory="17c3833e-aa5a-4ba2-b80e-aa6b112e3c4b" />
    <UnitTestResult executionId="b36ba2be-bc24-4b58-85b2-beb5132d6cc9" testId="8699f6c8-081b-105f-1968-7e55c7fa66b9" testName="ApplyEditorSettings_TrxWorkspace_AppliesConfigurationForEachRegistration" computerName="JIMMELONY-707" duration="00:00:00.0092228" startTime="2026-09-19T22:54:15.3636833+01:00" endTime="2026-09-19T22:54:15.3730685+01:00" testType="13cdc9d9-ddb5-4fa4-a97d-d965ccfc6d4b" outcome="Passed" testListId="8c84fa94-04c1-424b-9868-57a2d4851a1d" relativeResultsDirectory="b36ba2be-bc24-4b58-85b2-beb5132d6cc9" />
    <UnitTestResult executionId="c349b847-21d9-447b-bf7d-9d656ccb18db" testId="4f6eb2aa-5167-0817-e3fc-64f453e9bb44" testName="Apply_RestoresCapturedSelectionAfterAllTargetsApply" computerName="JIMMELONY-707" duration="00:00:00.0055478" startTime="2026-09-19T22:54:20.9574217+01:00" endTime="2026-09-19T22:54:20.9630602+01:00" testType="13cdc9d9-ddb5-4fa4-a97d-d965ccfc6d4b" outcome="Passed" testListId="8c84fa94-04c1-424b-9868-57a2d4851a1d" relativeResultsDirectory="c349b847-21d9-447b-bf7d-9d656ccb18db" />
    <UnitTestResult executionId="7db4050d-652b-4603-ae35-fb3204b49528" testId="16312ddc-3b6f-0802-737f-9becf8880ff3" testName="ProfileSelector_DerivesModesAcrossAllBranches (TR3,GameFlowScript,GameFlowScript)" computerName="JIMMELONY-707" duration="00:00:00.0038931" startTime="2026-09-19T22:54:18.9297662+01:00" endTime="2026-09-19T22:54:18.9338427+01:00" testType="13cdc9d9-ddb5-4fa4-a97d-d965ccfc6d4b" outcome="Passed" testListId="8c84fa94-04c1-424b-9868-57a2d4851a1d" relativeResultsDirectory="7db4050d-652b-4603-ae35-fb3204b49528" />
    <UnitTestResult executionId="0fd2113f-d966-4041-b6b1-b660c6e886ed" testId="5b964ec6-040c-80ad-5a79-e03b4ee134d0" testName="LuaCapabilityCommands_ReflectProviderSupport (True,True)" computerName="JIMMELONY-707" duration="00:00:00.0075236" startTime="2026-09-19T22:54:21.0824700+01:00" endTime="2026-09-19T22:54:21.0901893+01:00" testType="13cdc9d9-ddb5-4fa4-a97d-d965ccfc6d4b" outcome="Passed" testListId="8c84fa94-04c1-424b-9868-57a2d4851a1d" relativeResultsDirectory="0fd2113f-d966-4041-b6b1-b660c6e886ed" />
    <UnitTestResult executionId="76adae99-8666-4fad-99cd-75818e776011" testId="a3d171f4-a4f3-701a-7563-0f6f6564a287" testName="TrxProfileWithoutLua_ComposesPrimaryEditorAndSharedDiagnosticsOnly" computerName="JIMMELONY-707" duration="00:00:00.0049496" startTime="2026-09-19T22:54:14.5744535+01:00" endTime="2026-09-19T22:54:14.5795307+01:00" testType="13cdc9d9-ddb5-4fa4-a97d-d965ccfc6d4b" outcome="Passed" testListId="8c84fa94-04c1-424b-9868-57a2d4851a1d" relativeResultsDirectory="76adae99-8666-4fad-99cd-75818e776011" />
    <UnitTestResult executionId="3bafc292-4445-4b4c-89ee-91b43670d8a5" testId="30a7cd6b-33a6-e7bd-0089-5beb7351bbe4" testName="InactiveTrxDiagnosticsCompletion_DoesNotReplaceActivePane" computerName="JIMMELONY-707" duration="00:00:00.0200732" startTime="2026-09-19T22:54:15.1336891+01:00" endTime="2026-09-19T22:54:15.1538926+01:00" testType="13cdc9d9-ddb5-4fa4-a97d-d965ccfc6d4b" outcome="Passed" testListId="8c84fa94-04c1-424b-9868-57a2d4851a1d" relativeResultsDirectory="3bafc292-4445-4b4c-89ee-91b43670d8a5" />
    <UnitTestResult executionId="822ba488-677d-4c21-b508-d95ccd64a977" testId="b650cc6b-557b-b166-afb1-e8d62635ee22" testName="HostComposition_ResolvesRecycleBinFileSystemDecorator" computerName="JIMMELONY-707" duration="00:00:00.0104947" startTime="2026-09-19T22:54:14.5899292+01:00" endTime="2026-09-19T22:54:14.6005189+01:00" testType="13cdc9d9-ddb5-4fa4-a97d-d965ccfc6d4b" outcome="Passed" testListId="8c84fa94-04c1-424b-9868-57a2d4851a1d" relativeResultsDirectory="822ba488-677d-4c21-b508-d95ccd64a977" />
    <UnitTestResult executionId="6c668c7b-d5a1-408c-93d2-9c53553af49c" testId="d9824c9b-94bc-5471-9cc2-017f2d5721e3" testName="ReferenceBrowserProvider_DisposeClosesReferenceInfoAndDetachesViewModel" computerName="JIMMELONY-707" duration="00:00:00.0234007" startTime="2026-09-19T22:54:21.0142322+01:00" endTime="2026-09-19T22:54:21.0377670+01:00" testType="13cdc9d9-ddb5-4fa4-a97d-d965ccfc6d4b" outcome="Passed" testListId="8c84fa94-04c1-424b-9868-57a2d4851a1d" relativeResultsDirectory="6c668c7b-d5a1-408c-93d2-9c53553af49c" />
    <UnitTestResult executionId="409177ec-afd1-4031-8ca3-88f896f70b8b" testId="9f3b5a09-2ad5-a2da-37e8-747443b8b481" testName="Dispose_DetachesStatusEventsWithoutDisposingProvider" computerName="JIMMELONY-707" duration="00:00:00.0016691" startTime="2026-09-19T22:54:14.0193197+01:00" endTime="2026-09-19T22:54:14.0210568+01:00" testType="13cdc9d9-ddb5-4fa4-a97d-d965ccfc6d4b" outcome="Passed" testListId="8c84fa94-04c1-424b-9868-57a2d4851a1d" relativeResultsDirectory="409177ec-afd1-4031-8ca3-88f896f70b8b" />
    <UnitTestResult executionId="81ad6f65-b44b-47b9-963c-14b5b1cd832c" testId="4f537373-190e-4b9c-5b5b-2a9f055b960e" testName="Constructor_WithNullMessenger_ThrowsArgumentNullException" computerName="JIMMELONY-707" duration="00:00:00.0005403" startTime="2026-09-19T22:54:15.1686402+01:00" endTime="2026-09-19T22:54:15.1692737+01:00" testType="13cdc9d9-ddb5-4fa4-a97d-d965ccfc6d4b" outcome="Passed" testListId="8c84fa94-04c1-424b-9868-57a2d4851a1d" relativeResultsDirectory="81ad6f65-b44b-47b9-963c-14b5b1cd832c" />
    <UnitTestResult executionId="2e3c48c2-d986-42e8-a325-907d879b94a7" testId="56e52c12-98ce-5adb-0475-2b9146346dc0" testName="Apply_MultipleFilesSynchronizesOpenEditorsAndReplaysSnapshots" computerName="JIMMELONY-707" duration="00:00:00.0165270" startTime="2026-09-19T22:54:20.9023719+01:00" endTime="2026-09-19T22:54:20.9191084+01:00" testType="13cdc9d9-ddb5-4fa4-a97d-d965ccfc6d4b" outcome="Passed" testListId="8c84fa94-04c1-424b-9868-57a2d4851a1d" relativeResultsDirectory="2e3c48c2-d986-42e8-a325-907d879b94a7" />
    <UnitTestResult executionId="635cadc1-57c3-413d-9041-b4a9f0d7647a" testId="215e5719-c8c9-97bd-e199-b65be9b85db1" testName="ControllerOpen_AttachFailureLeavesNoRegisteredEditor" computerName="JIMMELONY-707" duration="00:00:00.0050482" startTime="2026-09-19T22:54:21.4156941+01:00" endTime="2026-09-19T22:54:21.4208402+01:00" testType="13cdc9d9-ddb5-4fa4-a97d-d965ccfc6d4b" outcome="Passed" testListId="8c84fa94-04c1-424b-9868-57a2d4851a1d" relativeResultsDirectory="635cadc1-57c3-413d-9041-b4a9f0d7647a" />
    <UnitTestResult executionId="4fd6df7f-f55b-4030-9346-8fb88a6a8d3c" testId="90668619-c59c-09d5-d737-94fb01c4ef80" testName="ProfileSelector_UsesPersistedLuaCapabilityOnWorkspaceReopen" computerName="JIMMELONY-707" duration="00:00:00.0088823" startTime="2026-09-19T22:54:14.5433575+01:00" endTime="2026-09-19T22:54:14.5523730+01:00" testType="13cdc9d9-ddb5-4fa4-a97d-d965ccfc6d4b" outcome="Passed" testListId="8c84fa94-04c1-424b-9868-57a2d4851a1d" relativeResultsDirectory="4fd6df7f-f55b-4030-9346-8fb88a6a8d3c" />
    <UnitTestResult executionId="c1ab4062-3a06-4c85-a606-9237c6789dca" testId="0643d86a-31fb-ec15-18fd-7effd635a60b" testName="LuaProviderResolution_DoesNotReportThroughMessageService" computerName="JIMMELONY-707" duration="00:00:00.0391968" startTime="2026-09-19T22:54:20.5384321+01:00" endTime="2026-09-19T22:54:20.5777836+01:00" testType="13cdc9d9-ddb5-4fa4-a97d-d965ccfc6d4b" outcome="Passed" testListId="8c84fa94-04c1-424b-9868-57a2d4851a1d" relativeResultsDirectory="c1ab4062-3a06-4c85-a606-9237c6789dca" />
    <UnitTestResult executionId="7a299145-0aa3-421e-97ed-0b73d299f5d6" testId="7c4fb297-f0e4-ecf0-a1a2-77b835702677" testName="PlainTextEditor_ConstructsAndEditsWithoutWorkspaceIntegrationTypes" computerName="JIMMELONY-707" duration="00:00:00.0036396" startTime="2026-09-19T22:54:20.8985944+01:00" endTime="2026-09-19T22:54:20.9023227+01:00" testType="13cdc9d9-ddb5-4fa4-a97d-d965ccfc6d4b" outcome="Passed" testListId="8c84fa94-04c1-424b-9868-57a2d4851a1d" relativeResultsDirectory="7a299145-0aa3-421e-97ed-0b73d299f5d6" />
    <UnitTestResult executionId="5b8513c0-0066-4064-b696-94c821d9f0a7" testId="dd303b7f-a927-14d2-0596-7b2829fe56ae" testName="StopAsync_DetachesOnceRejectsNewWorkAndPreventsLatePublication" computerName="JIMMELONY-707" duration="00:00:00.0021554" startTime="2026-09-19T22:54:21.3333068+01:00" endTime="2026-09-19T22:54:21.3355309+01:00" testType="13cdc9d9-ddb5-4fa4-a97d-d965ccfc6d4b" outcome="Passed" testListId="8c84fa94-04c1-424b-9868-57a2d4851a1d" relativeResultsDirectory="5b8513c0-0066-4064-b696-94c821d9f0a7" />
    <UnitTestResult executionId="c17c34cc-fb89-48cd-914b-c7e26f13e14d" testId="cf3ccb6e-5854-0254-203e-f6a5c20eada8" testName="Constructor_WithNullDependency_ThrowsArgumentNullException (PaneHostService)" computerName="JIMMELONY-707" duration="00:00:00.0041686" startTime="2026-09-19T22:54:21.1648709+01:00" endTime="2026-09-19T22:54:21.1691670+01:00" testType="13cdc9d9-ddb5-4fa4-a97d-d965ccfc6d4b" outcome="Passed" testListId="8c84fa94-04c1-424b-9868-57a2d4851a1d" relativeResultsDirectory="c17c34cc-fb89-48cd-914b-c7e26f13e14d" />
    <UnitTestResult executionId="d3da61a9-7f7f-4ff5-8264-e1745baa9cb9" testId="9113295c-108a-5d6c-f1b2-695850b63bdf" testName="ApplyEditorSettings_NeutralRegistration_RetainsExistingSettings" computerName="JIMMELONY-707" duration="00:00:00.0054864" startTime="2026-09-19T22:54:15.3805991+01:00" endTime="2026-09-19T22:54:15.3862246+01:00" testType="13cdc9d9-ddb5-4fa4-a97d-d965ccfc6d4b" outcome="Passed" testListId="8c84fa94-04c1-424b-9868-57a2d4851a1d" relativeResultsDirectory="d3da61a9-7f7f-4ff5-8264-e1745baa9cb9" />
    <UnitTestResult executionId="c2dd7897-8088-4081-98b6-d5a1fdfcc3bd" testId="e7ba108e-1551-bbea-435e-f698acacad60" testName="ProfileSelector_DerivesModesAcrossAllBranches (TR3,GameFlowScript,GameFlowScript,False)" computerName="JIMMELONY-707" duration="00:00:00.0043814" startTime="2026-09-19T22:54:18.9633450+01:00" endTime="2026-09-19T22:54:18.9679352+01:00" testType="13cdc9d9-ddb5-4fa4-a97d-d965ccfc6d4b" outcome="Passed" testListId="8c84fa94-04c1-424b-9868-57a2d4851a1d" relativeResultsDirectory="c2dd7897-8088-4081-98b6-d5a1fdfcc3bd" />
    <UnitTestResult executionId="ca9a9c4c-241b-4dc3-8c62-f090316acf45" testId="02fa7d8a-6d56-b624-273b-8b9c4051d03c" testName="DeleteAsync_MissingFile_IsNoOp" computerName="JIMMELONY-707" duration="00:00:00.0004865" startTime="2026-09-19T22:54:14.5849194+01:00" endTime="2026-09-19T22:54:14.5855563+01:00" testType="13cdc9d9-ddb5-4fa4-a97d-d965ccfc6d4b" outcome="Passed" testListId="8c84fa94-04c1-424b-9868-57a2d4851a1d" relativeResultsDirectory="ca9a9c4c-241b-4dc3-8c62-f090316acf45" />
[...]
    <TestEntry testId="6da7ac27-bbd6-b838-2343-b9fd0bfc3713" executionId="1a8e95a2-68e0-497f-94f9-4cf2c6df8e5d" testListId="8c84fa94-04c1-424b-9868-57a2d4851a1d" />
    <TestEntry testId="7d0c7119-5250-7597-ebac-7e6c05cf5437" executionId="f9e8e171-cc8d-47e5-b865-8a43b2b97c8e" testListId="8c84fa94-04c1-424b-9868-57a2d4851a1d" />
    <TestEntry testId="2f221d57-efda-fef4-d649-1cfa1fe755aa" executionId="4fca350c-837c-439c-8e6c-e7c910f300b6" testListId="8c84fa94-04c1-424b-9868-57a2d4851a1d" />
    <TestEntry testId="daa727cf-169d-5c86-83dc-0d72f81ba661" executionId="bb930682-5a4f-49fc-a699-31a89570688f" testListId="8c84fa94-04c1-424b-9868-57a2d4851a1d" />
    <TestEntry testId="63e0792c-5341-4a2e-db32-ff368e9e37b0" executionId="7602e739-3585-4026-bf43-b22a0e82df54" testListId="8c84fa94-04c1-424b-9868-57a2d4851a1d" />
    <TestEntry testId="68da3f04-d5ba-a458-d6d4-8535dfa1f5bb" executionId="9a8bad69-a7a8-4455-b4c5-4ecd15f0b322" testListId="8c84fa94-04c1-424b-9868-57a2d4851a1d" />
    <TestEntry testId="bf5d03b4-f332-2383-5110-f80c9c5cf25f" executionId="dd4f4a94-48b7-440a-bf2b-47e84af8f2db" testListId="8c84fa94-04c1-424b-9868-57a2d4851a1d" />
    <TestEntry testId="8f69d1c7-2e6b-da98-5fa5-16e2db07c5d7" executionId="cf822f19-e777-43e9-aa37-3f23ca735be3" testListId="8c84fa94-04c1-424b-9868-57a2d4851a1d" />
    <TestEntry testId="ab4d334d-5a97-85a1-6b49-075ad80f9f87" executionId="3791ad62-8390-45cd-8ad8-2f3a204f04b3" testListId="8c84fa94-04c1-424b-9868-57a2d4851a1d" />
    <TestEntry testId="c8f2d630-0259-0594-c339-f16e51191141" executionId="8b0cb60c-1186-4136-bd1b-76c485a6883d" testListId="8c84fa94-04c1-424b-9868-57a2d4851a1d" />
    <TestEntry testId="8a2e30ff-0f9b-97af-15b3-2b7d6c61b022" executionId="46df736d-6dbe-4cdd-9c00-613abc9a73a5" testListId="8c84fa94-04c1-424b-9868-57a2d4851a1d" />
    <TestEntry testId="e0708bca-ec89-4baa-c3d8-a680a7db392c" executionId="88396fce-3fad-4724-b8f0-f4eb72a2062a" testListId="8c84fa94-04c1-424b-9868-57a2d4851a1d" />
    <TestEntry testId="ab5f0d06-6801-eee5-e9b9-948cc00542b3" executionId="de603cae-b922-4543-b9a2-c3eb7e3e89e7" testListId="8c84fa94-04c1-424b-9868-57a2d4851a1d" />
    <TestEntry testId="d7052b58-2fd9-2833-5e26-aff65b58b53e" executionId="a3d41e2e-2522-4bc3-81f5-3ed73ce6e839" testListId="8c84fa94-04c1-424b-9868-57a2d4851a1d" />
    <TestEntry testId="a97b4aec-8609-1590-1d58-29460f4e47e6" executionId="37af80dc-9279-4d1a-9512-a287771995e0" testListId="8c84fa94-04c1-424b-9868-57a2d4851a1d" />
    <TestEntry testId="3733a306-bd2d-14f1-bde4-29fa70047542" executionId="60ab9bab-f471-47d4-b12f-456cd46e0e00" testListId="8c84fa94-04c1-424b-9868-57a2d4851a1d" />
    <TestEntry testId="2753f404-1d50-a0be-c56d-31d72bdad345" executionId="05fd33b3-d10b-418c-8789-54d26893b3f3" testListId="8c84fa94-04c1-424b-9868-57a2d4851a1d" />
    <TestEntry testId="46056085-0026-d093-63c7-e7bdb24f62c5" executionId="f7be64d3-49f8-4c1e-a4fd-f27d44e5b600" testListId="8c84fa94-04c1-424b-9868-57a2d4851a1d" />
    <TestEntry testId="834d4871-e40f-6686-919e-724849451d55" executionId="c109ebf2-8e39-4cb0-b027-26e2684324eb" testListId="8c84fa94-04c1-424b-9868-57a2d4851a1d" />
    <TestEntry testId="53ef2499-8d56-f5e7-c84a-50c6a77c8630" executionId="fb08e11e-8452-4143-9fb6-918cb7dfaab9" testListId="8c84fa94-04c1-424b-9868-57a2d4851a1d" />
    <TestEntry testId="3b6356a2-4da3-440d-d8ac-f4a03c742884" executionId="72b76b6b-0985-4e75-b3b0-be87c3c122c5" testListId="8c84fa94-04c1-424b-9868-57a2d4851a1d" />
    <TestEntry testId="cff1e8e5-5616-c9ac-c981-9a22cfee2ba7" executionId="330f57e9-4ade-4073-b481-5e57addf75c5" testListId="8c84fa94-04c1-424b-9868-57a2d4851a1d" />
    <TestEntry testId="b0fabbf2-912a-187d-e7ba-72d0cacf03d4" executionId="81db73f1-51f8-47dc-b091-9c8d86731ca9" testListId="8c84fa94-04c1-424b-9868-57a2d4851a1d" />
    <TestEntry testId="f88fb660-a996-1c68-9ce1-b49bdf466c54" executionId="702b3ede-c6f2-4c2e-ba22-563b807108aa" testListId="8c84fa94-04c1-424b-9868-57a2d4851a1d" />
    <TestEntry testId="ecced6e6-b9c5-0fc7-0220-545f18e280de" executionId="7383ef09-ad89-41e9-9ba5-0cf780e790c7" testListId="8c84fa94-04c1-424b-9868-57a2d4851a1d" />
    <TestEntry testId="be6267e8-42a0-acca-5de3-28622a19d3bb" executionId="b5ab474a-4cda-4d30-849f-1f0c852372c5" testListId="8c84fa94-04c1-424b-9868-57a2d4851a1d" />
    <TestEntry testId="19a72087-07e3-75b3-3f35-22792ab5af10" executionId="34095cb6-bf02-4229-9b61-2edec885090e" testListId="8c84fa94-04c1-424b-9868-57a2d4851a1d" />
    <TestEntry testId="06ce64df-fe3b-46f1-96a3-a5cc7d1e299a" executionId="9ce314f3-d45b-4bae-a9c0-2818cbea8dfd" testListId="8c84fa94-04c1-424b-9868-57a2d4851a1d" />
    <TestEntry testId="1d87ea5c-bc87-87ee-5731-d5909ca9cbfe" executionId="7462af1c-e287-4f96-8465-b72bfd122a83" testListId="8c84fa94-04c1-424b-9868-57a2d4851a1d" />
    <TestEntry testId="7dce01a9-5928-1f12-dee0-44c2830b04e5" executionId="9a8b0bf1-f68d-44f8-9907-03c5d0fb99ad" testListId="8c84fa94-04c1-424b-9868-57a2d4851a1d" />
    <TestEntry testId="18b7e40b-9bf7-4adf-8abf-30b5cdb5beee" executionId="ed2c4f1f-a0c5-40cb-99ce-d62227ebe55a" testListId="8c84fa94-04c1-424b-9868-57a2d4851a1d" />
    <TestEntry testId="65f402e5-7e43-71ee-9c2d-88d7b3e72fca" executionId="1f6fca2f-6eb3-4eab-87f8-1a9942dac323" testListId="8c84fa94-04c1-424b-9868-57a2d4851a1d" />
    <TestEntry testId="9708374a-d40a-001a-277b-2fb5d0e8e9da" executionId="42584fab-105a-4a25-bd4e-214a6eec8561" testListId="8c84fa94-04c1-424b-9868-57a2d4851a1d" />
    <TestEntry testId="fe90dd2c-c373-7bbe-a6a6-155c4930bb79" executionId="6d011709-622e-490d-9a21-a8d94fc47d2f" testListId="8c84fa94-04c1-424b-9868-57a2d4851a1d" />
    <TestEntry testId="fe68fc04-d5da-f2f0-8863-5866b5e88b4f" executionId="cf22fec6-6604-4a44-be46-0cfaf01bd8ae" testListId="8c84fa94-04c1-424b-9868-57a2d4851a1d" />
    <TestEntry testId="52a1fe57-5ea3-303a-e6ea-447d696ace1f" executionId="ca942ec1-26b3-4549-af74-bddd1d5ef313" testListId="8c84fa94-04c1-424b-9868-57a2d4851a1d" />
    <TestEntry testId="e0dfd274-9678-5309-9e15-2d84d67d5e18" executionId="b2dec921-9573-4b83-98ef-ec2a7c0c4f06" testListId="8c84fa94-04c1-424b-9868-57a2d4851a1d" />
    <TestEntry testId="cf39024b-4cf2-c6af-8c93-ac1f0a9796bb" executionId="d8f81c09-5125-4dad-8a0a-d3d297109014" testListId="8c84fa94-04c1-424b-9868-57a2d4851a1d" />
    <TestEntry testId="ac9d6a3e-7b21-eda1-d139-2770f33d61f8" executionId="371f40bd-653e-4442-9de6-42d2ba37c427" testListId="8c84fa94-04c1-424b-9868-57a2d4851a1d" />
    <TestEntry testId="85322294-3d59-fbde-653b-3cbcaefd7064" executionId="a1c3ac92-938c-406f-a800-c964e6cdf9e5" testListId="8c84fa94-04c1-424b-9868-57a2d4851a1d" />
    <TestEntry testId="a0bba5a4-53f6-9219-bf1b-d9e7246c9252" executionId="879d5721-701d-4f01-af25-06dd4b461bad" testListId="8c84fa94-04c1-424b-9868-57a2d4851a1d" />
    <TestEntry testId="9106caaf-1a24-016a-484e-19f2b1bfca9e" executionId="b68894bc-7d54-4aa2-b1e0-9a8f4a58101e" testListId="8c84fa94-04c1-424b-9868-57a2d4851a1d" />
    <TestEntry testId="f84fd625-ffdc-c62f-5997-1a692f8afc6d" executionId="fb760991-f66f-440a-bdbd-9aa047a0d3f3" testListId="8c84fa94-04c1-424b-9868-57a2d4851a1d" />
    <TestEntry testId="ddc84378-c17d-75c4-d970-9b8709054155" executionId="ed51c2a8-8865-4d89-90e3-5aea99e3cda1" testListId="8c84fa94-04c1-424b-9868-57a2d4851a1d" />
    <TestEntry testId="5f30f581-5c22-501f-fcb5-caefe51216f1" executionId="8bfee3de-e04f-4cd1-b068-219e5c023514" testListId="8c84fa94-04c1-424b-9868-57a2d4851a1d" />
    <TestEntry testId="21e68b79-70bf-4282-1022-ed2b2c7b7fa9" executionId="4b0ff25e-7be4-49f8-a901-1dc27513f31d" testListId="8c84fa94-04c1-424b-9868-57a2d4851a1d" />
    <TestEntry testId="23d8203f-d94b-c5f1-bbf4-c88f76b3e34c" executionId="52bb3024-9d8a-4ef3-97c2-d2868ea31fda" testListId="8c84fa94-04c1-424b-9868-57a2d4851a1d" />
    <TestEntry testId="4fc3b65a-d698-20d0-2352-240eb133ebed" executionId="23b3de02-00d9-46e1-95e9-2e7fca920af6" testListId="8c84fa94-04c1-424b-9868-57a2d4851a1d" />
    <TestEntry testId="dde76617-ee7d-c52d-faee-d4eca07f22d5" executionId="cf738eea-0e15-4f57-bc41-5f77645ca3d2" testListId="8c84fa94-04c1-424b-9868-57a2d4851a1d" />
    <TestEntry testId="bcfcddf0-abc2-ba99-dbb8-0e28294dd0a6" executionId="2725e9bc-b539-44b4-9c0d-1104f66bad1f" testListId="8c84fa94-04c1-424b-9868-57a2d4851a1d" />
    <TestEntry testId="b035798e-d0f1-b928-6b89-0dbcb185a259" executionId="595400b6-dc19-448f-b1f6-c42c5d5bae2a" testListId="8c84fa94-04c1-424b-9868-57a2d4851a1d" />
    <TestEntry testId="e291652d-78e6-486d-b072-2cf2851a2803" executionId="8878acf1-afb2-46eb-9095-6822b293fa66" testListId="8c84fa94-04c1-424b-9868-57a2d4851a1d" />
    <TestEntry testId="555767c8-9ec6-405a-ede6-71c35ebb9740" executionId="7dcc66eb-5cba-48b7-8cb6-b1bd010a6659" testListId="8c84fa94-04c1-424b-9868-57a2d4851a1d" />
    <TestEntry testId="97495ddc-ffab-01f7-3218-fb60e1e59721" executionId="87182a56-c448-4f92-a07a-386b44a19f07" testListId="8c84fa94-04c1-424b-9868-57a2d4851a1d" />
    <TestEntry testId="d7599cb0-0aa3-fd3e-1ca9-2afd237e852d" executionId="0b459590-243f-4d92-9652-439e140b5dbe" testListId="8c84fa94-04c1-424b-9868-57a2d4851a1d" />
    <TestEntry testId="1cf0b738-e827-6c64-604f-55bdf0e46949" executionId="c16f4067-e386-40a0-8700-5cd0049ed398" testListId="8c84fa94-04c1-424b-9868-57a2d4851a1d" />
    <TestEntry testId="fc8e1bf9-0f5b-7567-7563-fb4400e43e87" executionId="3cacc302-fc25-4e74-8131-c7d80e033c99" testListId="8c84fa94-04c1-424b-9868-57a2d4851a1d" />
    <TestEntry testId="7377a2e0-dbcd-5793-6e24-eaf38db057a8" executionId="41e9aaf7-06cd-40fa-a6c6-b9cb21baeb85" testListId="8c84fa94-04c1-424b-9868-57a2d4851a1d" />
    <TestEntry testId="28fd70fe-0582-9e01-756c-803bc6e7c042" executionId="7334ed3e-9764-45da-a865-ba97c98be169" testListId="8c84fa94-04c1-424b-9868-57a2d4851a1d" />
    <TestEntry testId="c76b7b3c-32f7-6071-d0d7-1e6252adcc6b" executionId="036f81ce-f7c5-41b2-b41b-4f306e802e40" testListId="8c84fa94-04c1-424b-9868-57a2d4851a1d" />
    <TestEntry testId="aab380fd-a372-cbd3-f242-5becc34fbd6b" executionId="a6f7b77a-9826-4ebc-b305-1018d7871bb0" testListId="8c84fa94-04c1-424b-9868-57a2d4851a1d" />
    <TestEntry testId="8cd0406b-d0a9-c47a-7fd8-8d46ab4a4d9f" executionId="413c78d1-5b24-4fe9-a5c7-5da0a5ae658e" testListId="8c84fa94-04c1-424b-9868-57a2d4851a1d" />
    <TestEntry testId="3ccc39e2-fcf7-ac7e-fa76-1b31d5163258" executionId="48338ea8-c4d1-4016-b249-c82636b083d7" testListId="8c84fa94-04c1-424b-9868-57a2d4851a1d" />
    <TestEntry testId="55edae2f-eb68-0f55-d868-b143a02038dd" executionId="48093efe-9507-4521-9531-1d34e29241b0" testListId="8c84fa94-04c1-424b-9868-57a2d4851a1d" />
    <TestEntry testId="40625e72-1a67-7181-7ff8-8157ebb0fc4b" executionId="10e7ac53-4401-4d2c-b4f7-072a10cd0bc8" testListId="8c84fa94-04c1-424b-9868-57a2d4851a1d" />
    <TestEntry testId="91ecea9b-45f2-c6f6-6bc5-3d7a0c69b575" executionId="6907643c-9e98-4eff-a7d0-f0825ddda16b" testListId="8c84fa94-04c1-424b-9868-57a2d4851a1d" />
    <TestEntry testId="ae8c8dee-6f8a-f075-6572-84e9c1b1be80" executionId="1ca35643-d915-4acf-98a7-5e0130580cd4" testListId="8c84fa94-04c1-424b-9868-57a2d4851a1d" />
    <TestEntry testId="aaad1e24-5f34-338d-072f-889f6daaad53" executionId="a119ec34-f75f-464e-97fe-d5f7851efff1" testListId="8c84fa94-04c1-424b-9868-57a2d4851a1d" />
    <TestEntry testId="557a6846-4dca-fe1d-8a09-f3e8e5c28e2c" executionId="2c132d43-832a-4877-a709-76c1415762de" testListId="8c84fa94-04c1-424b-9868-57a2d4851a1d" />
    <TestEntry testId="5156c3d9-7952-807d-10cf-8a1090f52ee8" executionId="568c602a-cb50-4b8c-8e6b-989754082a65" testListId="8c84fa94-04c1-424b-9868-57a2d4851a1d" />
    <TestEntry testId="313e8da1-c40d-05e7-fe14-601ebada80a2" executionId="9fe3c47c-b2e9-4342-abaa-af5ae1098225" testListId="8c84fa94-04c1-424b-9868-57a2d4851a1d" />
    <TestEntry testId="3ac47954-9496-5d85-f687-fa6e3f3928ed" executionId="d726c56b-c405-492e-b29f-037c444624cf" testListId="8c84fa94-04c1-424b-9868-57a2d4851a1d" />
    <TestEntry testId="f15eaa00-3623-b373-a6e8-96c7bcb98164" executionId="4368d700-a273-4298-b5c0-f682ec97ee08" testListId="8c84fa94-04c1-424b-9868-57a2d4851a1d" />
    <TestEntry testId="b87dfdc7-20e0-2f08-dedd-5953cb6652bc" executionId="a80a0426-433e-4e74-bef7-29e424799b0f" testListId="8c84fa94-04c1-424b-9868-57a2d4851a1d" />
    <TestEntry testId="a2f06a89-4e8d-ea5b-e3f5-2c41053cf1ef" executionId="d0d592c6-82a7-4026-9204-35ffee79d6a1" testListId="8c84fa94-04c1-424b-9868-57a2d4851a1d" />
    <TestEntry testId="d972c01c-9578-d637-4b22-2de0cc29ea99" executionId="340ccd89-77df-4e34-a7eb-ce94ccdfa569" testListId="8c84fa94-04c1-424b-9868-57a2d4851a1d" />
    <TestEntry testId="2d713b46-2656-06a5-e286-4418c5e457fb" executionId="71dc533c-277b-4ae1-90fe-d75de3c85267" testListId="8c84fa94-04c1-424b-9868-57a2d4851a1d" />
    <TestEntry testId="0a35d43e-9691-9419-1fdd-64a997e55ccc" executionId="ed41ce68-4ef4-48c4-b524-d17a7f6eaeb9" testListId="8c84fa94-04c1-424b-9868-57a2d4851a1d" />
    <TestEntry testId="790ae9ae-2987-3333-3bd0-c8a70308e80f" executionId="a0816311-2057-4199-b9b6-c6d16b0b255c" testListId="8c84fa94-04c1-424b-9868-57a2d4851a1d" />
    <TestEntry testId="338b83cb-6233-7913-8dda-f284bd8ddb69" executionId="33f47f57-2ac9-4d54-8497-5f8b0ab3ef79" testListId="8c84fa94-04c1-424b-9868-57a2d4851a1d" />
    <TestEntry testId="facb28bf-7ffa-316e-9de4-34c9ff724f76" executionId="2ef2f15c-da96-4a06-8710-2dded87fa9f2" testListId="8c84fa94-04c1-424b-9868-57a2d4851a1d" />
    <TestEntry testId="3e856881-2cb7-929c-7e4d-acb74f25f6a8" executionId="9e80d6c7-98e6-43d2-b376-d060b6d984e6" testListId="8c84fa94-04c1-424b-9868-57a2d4851a1d" />
    <TestEntry testId="c90f90bd-4ad0-fd4f-a389-7e7d7a26c4a9" executionId="3d449173-36c3-4c56-ae0e-0e31aa02f91d" testListId="8c84fa94-04c1-424b-9868-57a2d4851a1d" />
    <TestEntry testId="d1be1ebc-108c-9d60-83dc-9695f5d3a4b4" executionId="55c67877-d4bd-412c-a93d-7f2bbbb579a9" testListId="8c84fa94-04c1-424b-9868-57a2d4851a1d" />
    <TestEntry testId="fcf95446-3fae-1b0e-9543-e14bdd87ef4c" executionId="4bd14d60-699f-42f0-902f-98ebbc58eec0" testListId="8c84fa94-04c1-424b-9868-57a2d4851a1d" />
    <TestEntry testId="2b691000-b524-c007-bef2-2dd579d844a2" executionId="4f89f645-5975-4bfe-9937-3f555c3b2219" testListId="8c84fa94-04c1-424b-9868-57a2d4851a1d" />
    <TestEntry testId="44cd3f30-d13e-43b9-14bc-d9add56937a0" executionId="e30183cb-a06b-4638-aabd-ceea9c54c14e" testListId="8c84fa94-04c1-424b-9868-57a2d4851a1d" />
    <TestEntry testId="3f83c310-1544-0c46-96c5-6bb1b5cce0a8" executionId="4b5f650d-53dd-4af9-b5e3-0c22ab020b85" testListId="8c84fa94-04c1-424b-9868-57a2d4851a1d" />
    <TestEntry testId="4bf5690a-357d-cd3d-affa-9798aa689e35" executionId="1f76ca41-1299-4ed5-8425-c57d4eea219b" testListId="8c84fa94-04c1-424b-9868-57a2d4851a1d" />
    <TestEntry testId="e1af6e4c-68cc-3bbc-320b-9a2fe08cf4e2" executionId="9165d5f6-68a8-4e1c-88c8-4106c2f88ff9" testListId="8c84fa94-04c1-424b-9868-57a2d4851a1d" />
    <TestEntry testId="8d4b3a89-7de9-c50e-9ee8-3432ae1944b9" executionId="22133c62-a70d-42dd-8fbd-1850f81e4665" testListId="8c84fa94-04c1-424b-9868-57a2d4851a1d" />
    <TestEntry testId="60c3f946-2910-6d3c-2363-a66c1ba285ad" executionId="85ba6e40-d5bc-4d0c-a39a-6eb863258e02" testListId="8c84fa94-04c1-424b-9868-57a2d4851a1d" />
    <TestEntry testId="d892dc0d-29d5-e8bb-7d5d-9d68e17c685e" executionId="a2a7b0e4-f7b2-4369-bcb5-a1f14a32a87f" testListId="8c84fa94-04c1-424b-9868-57a2d4851a1d" />
    <TestEntry testId="b6b61270-b241-4fe9-160c-cf028c2ab455" executionId="2a6759a7-1cef-40f2-994d-84b8855977ee" testListId="8c84fa94-04c1-424b-9868-57a2d4851a1d" />
    <TestEntry testId="e5ea5087-ac46-5733-50bd-868e34a6751c" executionId="4e988277-719a-47b7-8e98-120bb0f06cf0" testListId="8c84fa94-04c1-424b-9868-57a2d4851a1d" />
    <TestEntry testId="547c74b7-4357-b011-730d-b401f5e0ad00" executionId="915e8b9e-2207-4454-8170-0478951be0b3" testListId="8c84fa94-04c1-424b-9868-57a2d4851a1d" />
    <TestEntry testId="c48bede7-8962-6309-011c-244200da51d3" executionId="eb63fccd-cb28-4bd8-9d2a-639458216799" testListId="8c84fa94-04c1-424b-9868-57a2d4851a1d" />
    <TestEntry testId="fc5c9a5f-9029-772d-df0b-99d9879d5277" executionId="1c3aaf23-f62a-4e19-beb6-7dca0aa0c9af" testListId="8c84fa94-04c1-424b-9868-57a2d4851a1d" />
    <TestEntry testId="ce5e53d0-eb7f-d09b-8d03-f1525de884bc" executionId="60945190-71b2-477b-ae1b-33f4c4becf9e" testListId="8c84fa94-04c1-424b-9868-57a2d4851a1d" />
    <TestEntry testId="01b3a1a0-c911-8e63-4ba0-19d207db59a2" executionId="270bb496-9ca5-420c-9322-c73a73c46e1e" testListId="8c84fa94-04c1-424b-9868-57a2d4851a1d" />
    <TestEntry testId="3d87385e-a44b-30d0-74a3-2174585a0f0e" executionId="7ef2d4fc-69d3-4e5f-8588-22c171914d17" testListId="8c84fa94-04c1-424b-9868-57a2d4851a1d" />
    <TestEntry testId="724222b0-c382-e258-9a77-2a6bd237b1d2" executionId="a3fb9df7-33d4-46da-9188-82bd9e089c74" testListId="8c84fa94-04c1-424b-9868-57a2d4851a1d" />
    <TestEntry testId="ffc93a59-ad25-c0da-fe12-68c6fd7f448b" executionId="472b5510-ee3e-4cfd-841d-e971a2254a91" testListId="8c84fa94-04c1-424b-9868-57a2d4851a1d" />
    <TestEntry testId="2ee46eae-e910-2ebf-fd0d-1c1c11cc0101" executionId="5c2ea109-07d8-4805-989c-727dbfe95961" testListId="8c84fa94-04c1-424b-9868-57a2d4851a1d" />
    <TestEntry testId="7f11f7ca-b3a7-33a0-2252-f9660640ba06" executionId="5a92ac36-a0f4-4d52-aad1-2d3658d42a06" testListId="8c84fa94-04c1-424b-9868-57a2d4851a1d" />
    <TestEntry testId="331ddbb5-e61f-2eea-8ddb-35854a870d87" executionId="3a65eaa2-b084-406e-bf65-f52ca990abfd" testListId="8c84fa94-04c1-424b-9868-57a2d4851a1d" />
    <TestEntry testId="58f8360a-2a0b-e013-4709-98843e8ed547" executionId="c6664d28-7eb8-484f-9d25-ba6d180b9b06" testListId="8c84fa94-04c1-424b-9868-57a2d4851a1d" />
    <TestEntry testId="df032ed7-8279-66e4-c85f-216afe7a7733" executionId="6aa021f3-fe1b-4e29-90ec-fbcb587847d9" testListId="8c84fa94-04c1-424b-9868-57a2d4851a1d" />
    <TestEntry testId="12e315a2-8c44-99f6-7b5e-e63cde2053f1" executionId="cf205d49-5725-416f-b7b4-d06ceae4f71a" testListId="8c84fa94-04c1-424b-9868-57a2d4851a1d" />
    <TestEntry testId="5ff9613e-ff0d-8dd9-c2dc-9ec72ae8a186" executionId="944e566a-5ba2-4a00-abc7-34d1dcddbd13" testListId="8c84fa94-04c1-424b-9868-57a2d4851a1d" />
    <TestEntry testId="3c070214-01ee-2aad-2567-ae5f2db6d3c7" executionId="142207ea-f477-44ca-a30c-e2d5d292c5f3" testListId="8c84fa94-04c1-424b-9868-57a2d4851a1d" />
    <TestEntry testId="d84372b5-785c-261f-3324-2bf887ba2258" executionId="5a7b8bc8-fbd9-4aed-955f-1a557b92f286" testListId="8c84fa94-04c1-424b-9868-57a2d4851a1d" />
    <TestEntry testId="f2f04d61-b92e-9533-20ee-d2be6536aae4" executionId="e37ece3b-f833-401a-b362-8a1d5fa9d7fe" testListId="8c84fa94-04c1-424b-9868-57a2d4851a1d" />
    <TestEntry testId="2fa2dc82-7ca8-59a0-635a-53e486316063" executionId="9b8f218b-bfab-47d4-ae97-fafbb9587f7b" testListId="8c84fa94-04c1-424b-9868-57a2d4851a1d" />
    <TestEntry testId="b0e8129c-bf4b-5174-10eb-4ec0e7b93db6" executionId="a44658e9-360b-48a3-905e-db3c32c2c3a4" testListId="8c84fa94-04c1-424b-9868-57a2d4851a1d" />
    <TestEntry testId="3d28631d-88d6-815a-c744-ca39c6fb360b" executionId="b7b7d8cf-00de-45f0-b557-34075cdbc86d" testListId="8c84fa94-04c1-424b-9868-57a2d4851a1d" />
    <TestEntry testId="f29b4b67-bef9-2d62-3ef6-0f9e86ede919" executionId="f2f9d3c8-ca6d-4b1d-bd54-21a47042ca87" testListId="8c84fa94-04c1-424b-9868-57a2d4851a1d" />
  </TestEntries>
  <TestLists>
    <TestList name="Results Not in a List" id="8c84fa94-04c1-424b-9868-57a2d4851a1d" />
    <TestList name="All Loaded Results" id="19431567-8539-422a-85d7-44ee4e166bda" />
  </TestLists>
  <ResultSummary outcome="Completed">
    <Counters total="367" executed="367" passed="367" failed="0" error="0" timeout="0" aborted="0" inconclusive="0" passedButRunAborted="0" notRunnable="0" notExecuted="0" disconnected="0" warning="0" completed="0" inProgress="0" pending="0" />
  </ResultSummary>
</TestRun>