<?xml version="1.0" encoding="utf-8"?>
<TestRun id="6f65c2d2-bb7d-4592-aa6f-48f4be1e8b0d" name="Nicke@JIMMELONY-707 2026-09-19 22:22:09" runUser="JIMMELONY-707\Nicke" xmlns="http://microsoft.com/schemas/VisualStudio/TeamTest/2010">
  <Times creation="2026-09-19T22:22:09.8088697+01:00" queuing="2026-09-19T22:22:09.8088699+01:00" start="2026-09-19T22:22:08.9413684+01:00" finish="2026-09-19T22:22:20.1047484+01:00" />
  <TestSettings name="default" id="e08d064d-2ffb-403f-8e74-4623c72bdb22">
    <Deployment runDeploymentRoot="Nicke_JIMMELONY-707_2026-09-19_22_22_09" />
  </TestSettings>
  <Results>
    <UnitTestResult executionId="ad74cb46-fd97-45f0-9f5c-b291e878ea0a" testId="ab5f0d06-6801-eee5-e9b9-948cc00542b3" testName="MenuService_UpdateCommandEnabledStates_DelegatesToCanExecute" computerName="JIMMELONY-707" duration="00:00:00.0033714" startTime="2026-09-19T22:22:09.5205826+01:00" endTime="2026-09-19T22:22:09.5240716+01:00" testType="13cdc9d9-ddb5-4fa4-a97d-d965ccfc6d4b" outcome="Passed" testListId="8c84fa94-04c1-424b-9868-57a2d4851a1d" relativeResultsDirectory="ad74cb46-fd97-45f0-9f5c-b291e878ea0a" />
    <UnitTestResult executionId="5361dbf7-2037-4bad-9f01-0a9ca8a6c413" testId="5ff9613e-ff0d-8dd9-c2dc-9ec72ae8a186" testName="Build_WithSmoothPauseCutBypassMatchesSkippedFreezeTiming" computerName="JIMMELONY-707" duration="00:00:00.0018359" startTime="2026-09-19T22:22:18.9193694+01:00" endTime="2026-09-19T22:22:18.9212835+01:00" testType="13cdc9d9-ddb5-4fa4-a97d-d965ccfc6d4b" outcome="Passed" testListId="8c84fa94-04c1-424b-9868-57a2d4851a1d" relativeResultsDirectory="5361dbf7-2037-4bad-9f01-0a9ca8a6c413" />
    <UnitTestResult executionId="1811aec9-2139-41b5-b02b-f888a01664d3" testId="6bbf9ce9-8947-8f76-a122-f15687ab49c8" testName="ProfileSelector_DerivesModesAcrossAllBranches (TRNG,ClassicScript,ClassicScript)" computerName="JIMMELONY-707" duration="00:00:00.0054859" startTime="2026-09-19T22:22:15.6148239+01:00" endTime="2026-09-19T22:22:15.6205532+01:00" testType="13cdc9d9-ddb5-4fa4-a97d-d965ccfc6d4b" outcome="Passed" testListId="8c84fa94-04c1-424b-9868-57a2d4851a1d" relativeResultsDirectory="1811aec9-2139-41b5-b02b-f888a01664d3" />
    <UnitTestResult executionId="8f814d09-1000-4972-b293-e8fc5cfaee10" testId="4af74e42-0f5b-9479-4375-21d7177a2b84" testName="SameEditorEdit_RejectsPendingReferenceResultFromOldSnapshot" computerName="JIMMELONY-707" duration="00:00:00.0230311" startTime="2026-09-19T22:22:11.8225638+01:00" endTime="2026-09-19T22:22:11.8458187+01:00" testType="13cdc9d9-ddb5-4fa4-a97d-d965ccfc6d4b" outcome="Passed" testListId="8c84fa94-04c1-424b-9868-57a2d4851a1d" relativeResultsDirectory="8f814d09-1000-4972-b293-e8fc5cfaee10" />
    <UnitTestResult executionId="10728753-2895-4f8f-ab4a-92750a5d7c61" testId="a51fc948-f44c-43b9-2399-0946be597b19" testName="RapidMixedLanguageTransitions_RestoreExactRegistrationWithNewGeneration" computerName="JIMMELONY-707" duration="00:00:00.0017272" startTime="2026-09-19T22:22:09.9626233+01:00" endTime="2026-09-19T22:22:09.9644586+01:00" testType="13cdc9d9-ddb5-4fa4-a97d-d965ccfc6d4b" outcome="Passed" testListId="8c84fa94-04c1-424b-9868-57a2d4851a1d" relativeResultsDirectory="10728753-2895-4f8f-ab4a-92750a5d7c61" />
    <UnitTestResult executionId="0516ad0d-9560-4fa8-8b6a-f8e389056b9a" testId="32ab37c6-0db1-782c-fa98-db5cac7ac6b9" testName="Apply_UnsupportedTargetCapability_FailsBeforeMutation" computerName="JIMMELONY-707" duration="00:00:00.0055861" startTime="2026-09-19T22:22:17.8588785+01:00" endTime="2026-09-19T22:22:17.8645686+01:00" testType="13cdc9d9-ddb5-4fa4-a97d-d965ccfc6d4b" outcome="Passed" testListId="8c84fa94-04c1-424b-9868-57a2d4851a1d" relativeResultsDirectory="0516ad0d-9560-4fa8-8b6a-f8e389056b9a" />
    <UnitTestResult executionId="a71ffeaa-a5d4-40b4-a98a-5dc45ceae81b" testId="17c12ba8-9f59-efc5-4016-047494390d7a" testName="ReferenceBrowserViewModel_WithValidDependencies_InitializesCategories" computerName="JIMMELONY-707" duration="00:00:00.0055895" startTime="2026-09-19T22:22:17.8758948+01:00" endTime="2026-09-19T22:22:17.8815726+01:00" testType="13cdc9d9-ddb5-4fa4-a97d-d965ccfc6d4b" outcome="Passed" testListId="8c84fa94-04c1-424b-9868-57a2d4851a1d" relativeResultsDirectory="a71ffeaa-a5d4-40b4-a98a-5dc45ceae81b" />
    <UnitTestResult executionId="7675abe7-8bf5-499b-b601-a5fa6b577c7e" testId="2ca4e52b-5ad2-9490-cf47-39549777644e" testName="MenuService_Constructor_WithNullProfile_ThrowsArgumentNullException" computerName="JIMMELONY-707" duration="00:00:00.0017576" startTime="2026-09-19T22:22:09.5241239+01:00" endTime="2026-09-19T22:22:09.5259866+01:00" testType="13cdc9d9-ddb5-4fa4-a97d-d965ccfc6d4b" outcome="Passed" testListId="8c84fa94-04c1-424b-9868-57a2d4851a1d" relativeResultsDirectory="7675abe7-8bf5-499b-b601-a5fa6b577c7e" />
    <UnitTestResult executionId="0357a226-ac7c-4929-bdab-e0242d50493d" testId="e5ea5087-ac46-5733-50bd-868e34a6751c" testName="WorkspaceCommandService_RenameForwardsRequestToLanguageServerProvider" computerName="JIMMELONY-707" duration="00:00:00.0109662" startTime="2026-09-19T22:22:10.5376742+01:00" endTime="2026-09-19T22:22:10.5487710+01:00" testType="13cdc9d9-ddb5-4fa4-a97d-d965ccfc6d4b" outcome="Passed" testListId="8c84fa94-04c1-424b-9868-57a2d4851a1d" relativeResultsDirectory="0357a226-ac7c-4929-bdab-e0242d50493d" />
    <UnitTestResult executionId="d857dc5d-5612-4853-b9d6-258fd9044a85" testId="917363c0-7ac0-abdd-6ae3-afba9f7f7470" testName="RepeatedClassicScriptActivation_DoesNotMultiplyDiagnosticsSubscriptions" computerName="JIMMELONY-707" duration="00:00:00.1629702" startTime="2026-09-19T22:22:13.6385585+01:00" endTime="2026-09-19T22:22:13.8016548+01:00" testType="13cdc9d9-ddb5-4fa4-a97d-d965ccfc6d4b" outcome="Passed" testListId="8c84fa94-04c1-424b-9868-57a2d4851a1d" relativeResultsDirectory="d857dc5d-5612-4853-b9d6-258fd9044a85" />
    <UnitTestResult executionId="175f0ce0-5d24-45a4-aa5b-d352269dc699" testId="d6a9dd77-a44a-43bf-3ca9-786d2a76e00f" testName="Constructor_WithNullWorkbenchService_ThrowsArgumentNullException" computerName="JIMMELONY-707" duration="00:00:00.0019560" startTime="2026-09-19T22:22:10.7410007+01:00" endTime="2026-09-19T22:22:10.7430235+01:00" testType="13cdc9d9-ddb5-4fa4-a97d-d965ccfc6d4b" outcome="Passed" testListId="8c84fa94-04c1-424b-9868-57a2d4851a1d" relativeResultsDirectory="175f0ce0-5d24-45a4-aa5b-d352269dc699" />
    <UnitTestResult executionId="b45fde48-b19d-4451-b9f4-4dfbc2d85e2f" testId="bbae9492-24b2-fcdc-9881-2e2033e5f688" testName="EveryRegistrationCatalogDerivesAllowedDocumentModesExactly" computerName="JIMMELONY-707" duration="00:00:00.0202330" startTime="2026-09-19T22:22:17.3469129+01:00" endTime="2026-09-19T22:22:17.3672650+01:00" testType="13cdc9d9-ddb5-4fa4-a97d-d965ccfc6d4b" outcome="Passed" testListId="8c84fa94-04c1-424b-9868-57a2d4851a1d" relativeResultsDirectory="b45fde48-b19d-4451-b9f4-4dfbc2d85e2f" />
    <UnitTestResult executionId="b8527390-573d-4113-aae4-e978daca1422" testId="f82b2b4b-881b-fad4-f3d7-5c9a7da9bdd3" testName="TimelineAndPlaybackTimeConversions_SkipCutRegions" computerName="JIMMELONY-707" duration="00:00:00.0042159" startTime="2026-09-19T22:22:18.8689246+01:00" endTime="2026-09-19T22:22:18.8732565+01:00" testType="13cdc9d9-ddb5-4fa4-a97d-d965ccfc6d4b" outcome="Passed" testListId="8c84fa94-04c1-424b-9868-57a2d4851a1d" relativeResultsDirectory="b8527390-573d-4113-aae4-e978daca1422" />
    <UnitTestResult executionId="d2c49200-71e9-49b6-95fc-14b68ebd21ec" testId="4bf5690a-357d-cd3d-affa-9798aa689e35" testName="CodeNavigationCoordinator_DisposeCancelsPendingReferenceSearch" computerName="JIMMELONY-707" duration="00:00:00.0129281" startTime="2026-09-19T22:22:17.9537989+01:00" endTime="2026-09-19T22:22:17.9668572+01:00" testType="13cdc9d9-ddb5-4fa4-a97d-d965ccfc6d4b" outcome="Passed" testListId="8c84fa94-04c1-424b-9868-57a2d4851a1d" relativeResultsDirectory="d2c49200-71e9-49b6-95fc-14b68ebd21ec" />
    <UnitTestResult executionId="c6908973-ae1b-49bc-b532-5f18b10da7b8" testId="074c451a-651e-7815-3a7d-0dc4238bfd14" testName="RebuildWorkspaceItems_ToolStrip_UsesWorkspaceContributions" computerName="JIMMELONY-707" duration="00:00:00.0058353" startTime="2026-09-19T22:22:17.7251720+01:00" endTime="2026-09-19T22:22:17.7311127+01:00" testType="13cdc9d9-ddb5-4fa4-a97d-d965ccfc6d4b" outcome="Passed" testListId="8c84fa94-04c1-424b-9868-57a2d4851a1d" relativeResultsDirectory="c6908973-ae1b-49bc-b532-5f18b10da7b8" />
    <UnitTestResult executionId="0d10be36-b98f-4cd3-bffb-f98c864923ca" testId="ff2f13f6-9de3-9abd-9ea7-c699ca031f2e" testName="StartupFailure_CleansUpWorkbenchOwnedRegistrations" computerName="JIMMELONY-707" duration="00:00:00.0186803" startTime="2026-09-19T22:22:12.9673383+01:00" endTime="2026-09-19T22:22:12.9862184+01:00" testType="13cdc9d9-ddb5-4fa4-a97d-d965ccfc6d4b" outcome="Passed" testListId="8c84fa94-04c1-424b-9868-57a2d4851a1d" relativeResultsDirectory="0d10be36-b98f-4cd3-bffb-f98c864923ca" />
    <UnitTestResult executionId="be6ecf78-49d1-4e4b-8137-87c012a00927" testId="8d4b3a89-7de9-c50e-9ee8-3432ae1944b9" testName="ContentReader_GetParsedLine_UnescapesSemicolons" computerName="JIMMELONY-707" duration="00:00:00.0000329" startTime="2026-09-19T22:22:17.5821578+01:00" endTime="2026-09-19T22:22:17.5822149+01:00" testType="13cdc9d9-ddb5-4fa4-a97d-d965ccfc6d4b" outcome="Passed" testListId="8c84fa94-04c1-424b-9868-57a2d4851a1d" relativeResultsDirectory="be6ecf78-49d1-4e4b-8137-87c012a00927" />
    <UnitTestResult executionId="7ebb5ae9-1b72-462f-8eda-d89e9a4ffad5" testId="590afee4-9710-8eba-4b59-a915045d65b9" testName="Constructor_WithNullComposition_ThrowsArgumentNullException" computerName="JIMMELONY-707" duration="00:00:00.0018741" startTime="2026-09-19T22:22:18.1851742+01:00" endTime="2026-09-19T22:22:18.1873251+01:00" testType="13cdc9d9-ddb5-4fa4-a97d-d965ccfc6d4b" outcome="Passed" testListId="8c84fa94-04c1-424b-9868-57a2d4851a1d" relativeResultsDirectory="7ebb5ae9-1b72-462f-8eda-d89e9a4ffad5" />
    <UnitTestResult executionId="7eb83c8a-5169-4e6a-a171-ae2ddc3460e5" testId="90668619-c59c-09d5-d737-94fb01c4ef80" testName="ProfileSelector_UsesPersistedLuaCapabilityOnWorkspaceReopen" computerName="JIMMELONY-707" duration="00:00:00.0088287" startTime="2026-09-19T22:22:10.6527600+01:00" endTime="2026-09-19T22:22:10.6617373+01:00" testType="13cdc9d9-ddb5-4fa4-a97d-d965ccfc6d4b" outcome="Passed" testListId="8c84fa94-04c1-424b-9868-57a2d4851a1d" relativeResultsDirectory="7eb83c8a-5169-4e6a-a171-ae2ddc3460e5" />
    <UnitTestResult executionId="ce7f0cac-6597-4150-b0f7-2e7675e8167a" testId="5bd6cb93-fce8-81b5-2ebd-7eabc9286f13" testName="LuaFileTransition_LateInactiveDiagnosticsCannotReplaceActiveFile" computerName="JIMMELONY-707" duration="00:00:00.1824722" startTime="2026-09-19T22:22:16.6301154+01:00" endTime="2026-09-19T22:22:16.8127154+01:00" testType="13cdc9d9-ddb5-4fa4-a97d-d965ccfc6d4b" outcome="Passed" testListId="8c84fa94-04c1-424b-9868-57a2d4851a1d" relativeResultsDirectory="ce7f0cac-6597-4150-b0f7-2e7675e8167a" />
    <UnitTestResult executionId="9193f559-1709-42f0-893d-b54c5cc03627" testId="06832a37-c2e6-a8be-6b1e-01fc60edb6bb" testName="ShellDispose_DisposesChildScopeOnce" computerName="JIMMELONY-707" duration="00:00:00.1072220" startTime="2026-09-19T22:22:10.7465891+01:00" endTime="2026-09-19T22:22:10.8539329+01:00" testType="13cdc9d9-ddb5-4fa4-a97d-d965ccfc6d4b" outcome="Passed" testListId="8c84fa94-04c1-424b-9868-57a2d4851a1d" relativeResultsDirectory="9193f559-1709-42f0-893d-b54c5cc03627" />
    <UnitTestResult executionId="b38734b8-db7b-4c47-8ecb-33f8a74e7dbf" testId="72f4698e-96df-5619-068c-89c2085133c3" testName="LuaCapabilityCommands_ReflectProviderSupport (False,False)" computerName="JIMMELONY-707" duration="00:00:00.0111892" startTime="2026-09-19T22:22:17.9739182+01:00" endTime="2026-09-19T22:22:17.9854017+01:00" testType="13cdc9d9-ddb5-4fa4-a97d-d965ccfc6d4b" outcome="Passed" testListId="8c84fa94-04c1-424b-9868-57a2d4851a1d" relativeResultsDirectory="b38734b8-db7b-4c47-8ecb-33f8a74e7dbf" />
    <UnitTestResult executionId="b7a4f33d-f05a-44bf-8392-9976295e4630" testId="a178d881-0d76-7a17-01d2-c3446045aef2" testName="DeleteDirectoryAsync_MissingDirectory_IsNoOp" computerName="JIMMELONY-707" duration="00:00:00.0004290" startTime="2026-09-19T22:22:10.7036213+01:00" endTime="2026-09-19T22:22:10.7041376+01:00" testType="13cdc9d9-ddb5-4fa4-a97d-d965ccfc6d4b" outcome="Passed" testListId="8c84fa94-04c1-424b-9868-57a2d4851a1d" relativeResultsDirectory="b7a4f33d-f05a-44bf-8392-9976295e4630" />
    <UnitTestResult executionId="4bc6de25-272a-4cf6-a63f-52d6d178711b" testId="d98a373d-f92e-8841-4ea5-33cbf05029b5" testName="Constructor_WithNullDocumentController_ThrowsArgumentNullException" computerName="JIMMELONY-707" duration="00:00:00.0021432" startTime="2026-09-19T22:22:18.2125198+01:00" endTime="2026-09-19T22:22:18.2147566+01:00" testType="13cdc9d9-ddb5-4fa4-a97d-d965ccfc6d4b" outcome="Passed" testListId="8c84fa94-04c1-424b-9868-57a2d4851a1d" relativeResultsDirectory="4bc6de25-272a-4cf6-a63f-52d6d178711b" />
    <UnitTestResult executionId="ae1cd2b4-7d3b-4070-9bd3-db091e17c366" testId="1cf10a80-f989-7cdd-08b2-89b4195f7d87" testName="RepeatedTrxActivation_DoesNotMultiplyDiagnosticsSubscriptions" computerName="JIMMELONY-707" duration="00:00:00.0268094" startTime="2026-09-19T22:22:13.9836983+01:00" endTime="2026-09-19T22:22:14.0106647+01:00" testType="13cdc9d9-ddb5-4fa4-a97d-d965ccfc6d4b" outcome="Passed" testListId="8c84fa94-04c1-424b-9868-57a2d4851a1d" relativeResultsDirectory="ae1cd2b4-7d3b-4070-9bd3-db091e17c366" />
    <UnitTestResult executionId="b02927bb-df3c-487e-8791-6a435e25d84f" testId="4e56a235-b355-94d5-792d-55c775015ac1" testName="TrxProfile_WithoutLua_KeepsPrimaryOnlyCapabilityMatrix" computerName="JIMMELONY-707" duration="00:00:00.0057505" startTime="2026-09-19T22:22:10.6294879+01:00" endTime="2026-09-19T22:22:10.6353651+01:00" testType="13cdc9d9-ddb5-4fa4-a97d-d965ccfc6d4b" outcome="Passed" testListId="8c84fa94-04c1-424b-9868-57a2d4851a1d" relativeResultsDirectory="b02927bb-df3c-487e-8791-6a435e25d84f" />
    <UnitTestResult executionId="9410309e-34ce-4ad6-af38-643348bae806" testId="3ae7fa89-c77b-b800-ad0d-5e1532736e23" testName="Constructor_WithNullDependency_ThrowsArgumentNullException (WorkspaceProfile)" computerName="JIMMELONY-707" duration="00:00:00.0078196" startTime="2026-09-19T22:22:18.0447950+01:00" endTime="2026-09-19T22:22:18.0529549+01:00" testType="13cdc9d9-ddb5-4fa4-a97d-d965ccfc6d4b" outcome="Passed" testListId="8c84fa94-04c1-424b-9868-57a2d4851a1d" relativeResultsDirectory="9410309e-34ce-4ad6-af38-643348bae806" />
    <UnitTestResult executionId="e87887ba-536a-4ae4-9346-b6eeaa61faa1" testId="46ba3556-1b77-0764-391a-b1f022259712" testName="GetFrameForCamera_ConvertsToWorldSpaceAndRadians" computerName="JIMMELONY-707" duration="00:00:00.0468508" startTime="2026-09-19T22:22:18.7897726+01:00" endTime="2026-09-19T22:22:18.8369175+01:00" testType="13cdc9d9-ddb5-4fa4-a97d-d965ccfc6d4b" outcome="Passed" testListId="8c84fa94-04c1-424b-9868-57a2d4851a1d" relativeResultsDirectory="e87887ba-536a-4ae4-9346-b6eeaa61faa1" />
    <UnitTestResult executionId="9ccdfab1-6c9d-4eaa-b422-7ff107b41214" testId="37b8a314-f099-341d-2fbc-260560c5d2fe" testName="ContentReader_NextSectionExists_HeaderWithTrailingComment_IsRecognized" computerName="JIMMELONY-707" duration="00:00:00.0000410" startTime="2026-09-19T22:22:17.5815432+01:00" endTime="2026-09-19T22:22:17.5816133+01:00" testType="13cdc9d9-ddb5-4fa4-a97d-d965ccfc6d4b" outcome="Passed" testListId="8c84fa94-04c1-424b-9868-57a2d4851a1d" relativeResultsDirectory="9ccdfab1-6c9d-4eaa-b422-7ff107b41214" />
    <UnitTestResult executionId="a05f2dc2-4472-47b7-afd5-490cbef6111f" testId="547c74b7-4357-b011-730d-b401f5e0ad00" testName="ContentReader_GetStrings_SkipsEmptyAndCommentLines" computerName="JIMMELONY-707" duration="00:00:00.0001433" startTime="2026-09-19T22:22:17.5818616+01:00" endTime="2026-09-19T22:22:17.5820282+01:00" testType="13cdc9d9-ddb5-4fa4-a97d-d965ccfc6d4b" outcome="Passed" testListId="8c84fa94-04c1-424b-9868-57a2d4851a1d" relativeResultsDirectory="a05f2dc2-4472-47b7-afd5-490cbef6111f" />
    <UnitTestResult executionId="61100252-3159-44af-a919-94926ba4bc5d" testId="8a281f11-3356-0dc8-e7b4-2eaedc4ccb7b" testName="ToolBarService_CommandInvoked_RelaysClickedCommand" computerName="JIMMELONY-707" duration="00:00:00.0206450" startTime="2026-09-19T22:22:09.5260248+01:00" endTime="2026-09-19T22:22:09.5467856+01:00" testType="13cdc9d9-ddb5-4fa4-a97d-d965ccfc6d4b" outcome="Passed" testListId="8c84fa94-04c1-424b-9868-57a2d4851a1d" relativeResultsDirectory="61100252-3159-44af-a919-94926ba4bc5d" />
    <UnitTestResult executionId="c7619a17-d7ee-4aaa-9e81-af8ca9ed32fe" testId="036fb564-3fd3-e2bb-54de-cca67cfde5c3" testName="PaneVisibilityStateService_TogglePaneVisibility_TogglesState" computerName="JIMMELONY-707" duration="00:00:00.0071463" startTime="2026-09-19T22:22:09.8236657+01:00" endTime="2026-09-19T22:22:09.8309963+01:00" testType="13cdc9d9-ddb5-4fa4-a97d-d965ccfc6d4b" outcome="Passed" testListId="8c84fa94-04c1-424b-9868-57a2d4851a1d" relativeResultsDirectory="c7619a17-d7ee-4aaa-9e81-af8ca9ed32fe" />
    <UnitTestResult executionId="95747478-0998-4bdc-a779-1bace0f3f280" testId="c88bec00-24e1-73b5-4f37-9f9ec9b9a1d4" testName="ProfileSelector_DerivesModesAcrossAllBranches (TR2,GameFlowScript,GameFlowScript,False)" computerName="JIMMELONY-707" duration="00:00:00.0051056" startTime="2026-09-19T22:22:15.6454334+01:00" endTime="2026-09-19T22:22:15.6508677+01:00" testType="13cdc9d9-ddb5-4fa4-a97d-d965ccfc6d4b" outcome="Passed" testListId="8c84fa94-04c1-424b-9868-57a2d4851a1d" relativeResultsDirectory="95747478-0998-4bdc-a779-1bace0f3f280" />
    <UnitTestResult executionId="fc7fa313-6a0f-43a6-b456-e8e549ec25d5" testId="a9cbb34b-6cc3-47c6-dc46-f1b52ce6d1af" testName="ProfileSelector_DerivesModesAcrossAllBranches (TRNG,ClassicScript,ClassicScript,False)" computerName="JIMMELONY-707" duration="00:00:00.0047691" startTime="2026-09-19T22:22:15.6700780+01:00" endTime="2026-09-19T22:22:15.6750623+01:00" testType="13cdc9d9-ddb5-4fa4-a97d-d965ccfc6d4b" outcome="Passed" testListId="8c84fa94-04c1-424b-9868-57a2d4851a1d" relativeResultsDirectory="fc7fa313-6a0f-43a6-b456-e8e549ec25d5" />
    <UnitTestResult executionId="db700478-28c7-46df-ae8e-a12ac22353bd" testId="3c070214-01ee-2aad-2567-ae5f2db6d3c7" testName="Registration_RequiresExplicitContributions" computerName="JIMMELONY-707" duration="00:00:00.0006646" startTime="2026-09-19T22:22:09.9834302+01:00" endTime="2026-09-19T22:22:09.9842196+01:00" testType="13cdc9d9-ddb5-4fa4-a97d-d965ccfc6d4b" outcome="Passed" testListId="8c84fa94-04c1-424b-9868-57a2d4851a1d" relativeResultsDirectory="db700478-28c7-46df-ae8e-a12ac22353bd" />
    <UnitTestResult executionId="a19f72d8-1278-45ef-b486-282df8fbdaca" testId="1eae39d1-2a22-9a35-a468-ea9cdac85114" testName="CreateEditor_UsesPlainTextFactoryForUnsupportedFile" computerName="JIMMELONY-707" duration="00:00:00.0001620" startTime="2026-09-19T22:22:09.9662004+01:00" endTime="2026-09-19T22:22:09.9663971+01:00" testType="13cdc9d9-ddb5-4fa4-a97d-d965ccfc6d4b" outcome="Passed" testListId="8c84fa94-04c1-424b-9868-57a2d4851a1d" relativeResultsDirectory="a19f72d8-1278-45ef-b486-282df8fbdaca" />
    <UnitTestResult executionId="0386dd94-ec5e-4e57-9911-b23b7421d676" testId="e245c666-02d2-9865-a75f-f5834dbb0c7c" testName="AttachedEditor_DisposalClosesItsProviderDocumentOnce" computerName="JIMMELONY-707" duration="00:00:00.0063404" startTime="2026-09-19T22:22:10.0661253+01:00" endTime="2026-09-19T22:22:10.0725857+01:00" testType="13cdc9d9-ddb5-4fa4-a97d-d965ccfc6d4b" outcome="Passed" testListId="8c84fa94-04c1-424b-9868-57a2d4851a1d" relativeResultsDirectory="0386dd94-ec5e-4e57-9911-b23b7421d676" />
    <UnitTestResult executionId="2c70a190-5ee1-42a6-9e05-1af3447d2c73" testId="ef8ad5ad-969f-b847-70ca-e8a2f1c14527" testName="ApplyEditorCameraRotation_CopiesOrientationAndFov" computerName="JIMMELONY-707" duration="00:00:00.0004564" startTime="2026-09-19T22:22:18.9032378+01:00" endTime="2026-09-19T22:22:18.9037585+01:00" testType="13cdc9d9-ddb5-4fa4-a97d-d965ccfc6d4b" outcome="Passed" testListId="8c84fa94-04c1-424b-9868-57a2d4851a1d" relativeResultsDirectory="2c70a190-5ee1-42a6-9e05-1af3447d2c73" />
    <UnitTestResult executionId="e28386dd-cb7b-444f-92b4-4b2dc59ca38e" testId="dca0201e-b540-ee1e-e6f3-27b427c49de8" testName="ContentReader_GetParsedLine_NullString_ReturnsEmpty" computerName="JIMMELONY-707" duration="00:00:00.0000215" startTime="2026-09-19T22:22:17.5834893+01:00" endTime="2026-09-19T22:22:17.5835379+01:00" testType="13cdc9d9-ddb5-4fa4-a97d-d965ccfc6d4b" outcome="Passed" testListId="8c84fa94-04c1-424b-9868-57a2d4851a1d" relativeResultsDirectory="e28386dd-cb7b-444f-92b4-4b2dc59ca38e" />
    <UnitTestResult executionId="ed7f9cba-0b15-4118-9ba7-292b1943bc9c" testId="329a119d-78aa-d330-0fed-79ed372475ee" testName="RegistrationCatalog_ProvidesDocumentContributionsWithoutGlobalLookup" computerName="JIMMELONY-707" duration="00:00:00.0048369" startTime="2026-09-19T22:22:17.5346566+01:00" endTime="2026-09-19T22:22:17.5396059+01:00" testType="13cdc9d9-ddb5-4fa4-a97d-d965ccfc6d4b" outcome="Passed" testListId="8c84fa94-04c1-424b-9868-57a2d4851a1d" relativeResultsDirectory="ed7f9cba-0b15-4118-9ba7-292b1943bc9c" />
    <UnitTestResult executionId="974b7f73-ff9e-4019-9d31-af3f5b9efabd" testId="3d87385e-a44b-30d0-74a3-2174585a0f0e" testName="Constructor_WithNullDependency_ThrowsArgumentNullException (UseNewIncludeMethod)" computerName="JIMMELONY-707" duration="00:00:00.0051289" startTime="2026-09-19T22:22:18.1559237+01:00" endTime="2026-09-19T22:22:18.1614864+01:00" testType="13cdc9d9-ddb5-4fa4-a97d-d965ccfc6d4b" outcome="Passed" testListId="8c84fa94-04c1-424b-9868-57a2d4851a1d" relativeResultsDirectory="974b7f73-ff9e-4019-9d31-af3f5b9efabd" />
    <UnitTestResult executionId="6007ffc1-66d6-47a1-8d04-1ba4e364b71c" testId="ccdbf5c7-66aa-c513-b23f-05269f4c86ca" testName="MenuService_SetCommandEnabled_SetsStateOnMenu" computerName="JIMMELONY-707" duration="00:00:00.0040614" startTime="2026-09-19T22:22:09.5163602+01:00" endTime="2026-09-19T22:22:09.5205286+01:00" testType="13cdc9d9-ddb5-4fa4-a97d-d965ccfc6d4b" outcome="Passed" testListId="8c84fa94-04c1-424b-9868-57a2d4851a1d" relativeResultsDirectory="6007ffc1-66d6-47a1-8d04-1ba4e364b71c" />
    <UnitTestResult executionId="82fc06f6-6ad4-429a-ab5b-c83a0db6640f" testId="555767c8-9ec6-405a-ede6-71c35ebb9740" testName="PreviousSessionFailure_CleansUpDockOwnership" computerName="JIMMELONY-707" duration="00:00:00.0307341" startTime="2026-09-19T22:22:12.8767146+01:00" endTime="2026-09-19T22:22:12.9076252+01:00" testType="13cdc9d9-ddb5-4fa4-a97d-d965ccfc6d4b" outcome="Passed" testListId="8c84fa94-04c1-424b-9868-57a2d4851a1d" relativeResultsDirectory="82fc06f6-6ad4-429a-ab5b-c83a0db6640f" />
    <UnitTestResult executionId="ec11aa6d-1fe9-4bce-b9ea-ace988f4d186" testId="65f402e5-7e43-71ee-9c2d-88d7b3e72fca" testName="ContentReader_GetStrings_ExtractsValuesUntilNextSection" computerName="JIMMELONY-707" duration="00:00:00.0001404" startTime="2026-09-19T22:22:17.5816889+01:00" endTime="2026-09-19T22:22:17.5818505+01:00" testType="13cdc9d9-ddb5-4fa4-a97d-d965ccfc6d4b" outcome="Passed" testListId="8c84fa94-04c1-424b-9868-57a2d4851a1d" relativeResultsDirectory="ec11aa6d-1fe9-4bce-b9ea-ace988f4d186" />
    <UnitTestResult executionId="ae3737a9-cf01-407c-a45a-69171da27e24" testId="dda42b6c-453d-15fd-145c-e40fabdbe293" testName="ClassicScriptFileTransition_LateInactiveDiagnosticsCannotReplaceActiveFile" computerName="JIMMELONY-707" duration="00:00:00.3294899" startTime="2026-09-19T22:22:15.9631588+01:00" endTime="2026-09-19T22:22:16.2928315+01:00" testType="13cdc9d9-ddb5-4fa4-a97d-d965ccfc6d4b" outcome="Passed" testListId="8c84fa94-04c1-424b-9868-57a2d4851a1d" relativeResultsDirectory="ae3737a9-cf01-407c-a45a-69171da27e24" />
    <UnitTestResult executionId="cb36ed28-3747-4e8b-b7d2-8d495e2ffea0" testId="6068ff4a-c9d8-bf0f-0d96-85a6cc35e9c7" testName="Build_CapturesCutRegionsAndBypassDurations" computerName="JIMMELONY-707" duration="00:00:00.0018905" startTime="2026-09-19T22:22:18.9134784+01:00" endTime="2026-09-19T22:22:18.9154478+01:00" testType="13cdc9d9-ddb5-4fa4-a97d-d965ccfc6d4b" outcome="Passed" testListId="8c84fa94-04c1-424b-9868-57a2d4851a1d" relativeResultsDirectory="cb36ed28-3747-4e8b-b7d2-8d495e2ffea0" />
    <UnitTestResult executionId="8f901771-0969-4811-8a46-5609a21a76d9" testId="0643d86a-31fb-ec15-18fd-7effd635a60b" testName="LuaProviderResolution_DoesNotReportThroughMessageService" computerName="JIMMELONY-707" duration="00:00:00.0411242" startTime="2026-09-19T22:22:17.3678062+01:00" endTime="2026-09-19T22:22:17.4092768+01:00" testType="13cdc9d9-ddb5-4fa4-a97d-d965ccfc6d4b" outcome="Passed" testListId="8c84fa94-04c1-424b-9868-57a2d4851a1d" relativeResultsDirectory="8f901771-0969-4811-8a46-5609a21a76d9" />
    <UnitTestResult executionId="a4922dd0-8be0-4963-b74d-f6db7342fee4" testId="93251022-f0fe-3b03-1e6f-c921a5d99e80" testName="Constructor_WithNullDependency_ThrowsArgumentNullException (GameFlowLanguageServices)" computerName="JIMMELONY-707" duration="00:00:00.0063477" startTime="2026-09-19T22:22:18.1678464+01:00" endTime="2026-09-19T22:22:18.1744219+01:00" testType="13cdc9d9-ddb5-4fa4-a97d-d965ccfc6d4b" outcome="Passed" testListId="8c84fa94-04c1-424b-9868-57a2d4851a1d" relativeResultsDirectory="a4922dd0-8be0-4963-b74d-f6db7342fee4" />
    <UnitTestResult executionId="9d6cf65a-2b5f-4b5c-b903-b99225ea7e8c" testId="e43b5e86-d8c0-4bbc-2a6f-7e09bd394d36" testName="ApplyEditorSettings_ClassicScriptWorkspace_AppliesConfigurationForEachRegistration" computerName="JIMMELONY-707" duration="00:00:00.2095757" startTime="2026-09-19T22:22:11.3320541+01:00" endTime="2026-09-19T22:22:11.5417106+01:00" testType="13cdc9d9-ddb5-4fa4-a97d-d965ccfc6d4b" outcome="Passed" testListId="8c84fa94-04c1-424b-9868-57a2d4851a1d" relativeResultsDirectory="9d6cf65a-2b5f-4b5c-b903-b99225ea7e8c" />
    <UnitTestResult executionId="05dfaa00-fe41-4bc4-bcb7-ce5a138392af" testId="ceda6373-bb30-7bcb-1222-b92bb1c49ad2" testName="TypedDocumentCommandSurfaceProvider_ContextMenu_ReturnsEmptyForNoneMode" computerName="JIMMELONY-707" duration="00:00:00.0000463" startTime="2026-09-19T22:22:17.7326617+01:00" endTime="2026-09-19T22:22:17.7327531+01:00" testType="13cdc9d9-ddb5-4fa4-a97d-d965ccfc6d4b" outcome="Passed" testListId="8c84fa94-04c1-424b-9868-57a2d4851a1d" relativeResultsDirectory="05dfaa00-fe41-4bc4-bcb7-ce5a138392af" />
    <UnitTestResult executionId="48d099a5-ad35-4e26-8a8f-fccb1ae6da2f" testId="766d8c8a-d6f9-4db4-8266-6f88a63953c9" testName="Apply_NoOpEdit_CompletesWithoutAChangeSet" computerName="JIMMELONY-707" duration="00:00:00.0057368" startTime="2026-09-19T22:22:17.8453445+01:00" endTime="2026-09-19T22:22:17.8512622+01:00" testType="13cdc9d9-ddb5-4fa4-a97d-d965ccfc6d4b" outcome="Passed" testListId="8c84fa94-04c1-424b-9868-57a2d4851a1d" relativeResultsDirectory="48d099a5-ad35-4e26-8a8f-fccb1ae6da2f" />
    <UnitTestResult executionId="d78b5c8e-8096-4b1b-9a73-4dbdcd7d21b0" testId="28df6ddd-57e6-b3b5-954d-a0178eba9ae5" testName="ReferenceBrowserViewModel_WithNullMessageService_ThrowsArgumentNullException" computerName="JIMMELONY-707" duration="00:00:00.0022615" startTime="2026-09-19T22:22:17.8718541+01:00" endTime="2026-09-19T22:22:17.8743298+01:00" testType="13cdc9d9-ddb5-4fa4-a97d-d965ccfc6d4b" outcome="Passed" testListId="8c84fa94-04c1-424b-9868-57a2d4851a1d" relativeResultsDirectory="d78b5c8e-8096-4b1b-9a73-4dbdcd7d21b0" />
    <UnitTestResult executionId="8b8b820d-a5e9-4b38-ae13-d50486934e9c" testId="9479a3ff-0148-c49d-d691-4aa445afa877" testName="ContentReader_GetParsedLine_UnescapesNewlines" computerName="JIMMELONY-707" duration="00:00:00.0000423" startTime="2026-09-19T22:22:17.5822247+01:00" endTime="2026-09-19T22:22:17.5822869+01:00" testType="13cdc9d9-ddb5-4fa4-a97d-d965ccfc6d4b" outcome="Passed" testListId="8c84fa94-04c1-424b-9868-57a2d4851a1d" relativeResultsDirectory="8b8b820d-a5e9-4b38-ae13-d50486934e9c" />
    <UnitTestResult executionId="9d8b2eb1-bd32-4c9b-83f5-80e3ed81dfbf" testId="24e24ff6-0138-8bc4-b279-d470ffcb31c6" testName="ClosedEditor_IgnoresLateContentPublicationBeforeCoordinatorDisposal" computerName="JIMMELONY-707" duration="00:00:00.0032261" startTime="2026-09-19T22:22:13.6351341+01:00" endTime="2026-09-19T22:22:13.6385003+01:00" testType="13cdc9d9-ddb5-4fa4-a97d-d965ccfc6d4b" outcome="Passed" testListId="8c84fa94-04c1-424b-9868-57a2d4851a1d" relativeResultsDirectory="9d8b2eb1-bd32-4c9b-83f5-80e3ed81dfbf" />
    <UnitTestResult executionId="ff101118-c352-4313-a788-f52840525b67" testId="f84fd625-ffdc-c62f-5997-1a692f8afc6d" testName="RegistrationAssociation_DoesNotKeepCreatedEditorAlive" computerName="JIMMELONY-707" duration="00:00:00.0160702" startTime="2026-09-19T22:22:09.9671820+01:00" endTime="2026-09-19T22:22:09.9833651+01:00" testType="13cdc9d9-ddb5-4fa4-a97d-d965ccfc6d4b" outcome="Passed" testListId="8c84fa94-04c1-424b-9868-57a2d4851a1d" relativeResultsDirectory="ff101118-c352-4313-a788-f52840525b67" />
    <UnitTestResult executionId="cf3f932d-27d1-494e-8d1d-212236f61c97" testId="2de3c71f-e5db-b572-e91a-82303933b2aa" testName="Constructor_WithNullMessenger_ThrowsArgumentNullException" computerName="JIMMELONY-707" duration="00:00:00.0020155" startTime="2026-09-19T22:22:18.2064900+01:00" endTime="2026-09-19T22:22:18.2085754+01:00" testType="13cdc9d9-ddb5-4fa4-a97d-d965ccfc6d4b" outcome="Passed" testListId="8c84fa94-04c1-424b-9868-57a2d4851a1d" relativeResultsDirectory="cf3f932d-27d1-494e-8d1d-212236f61c97" />
    <UnitTestResult executionId="5b0cab66-c9d6-4e0e-a67b-f06f0050bd3d" testId="8cd0406b-d0a9-c47a-7fd8-8d46ab4a4d9f" testName="Constructor_WithValidArguments_DoesNotThrow" computerName="JIMMELONY-707" duration="00:00:00.0057284" startTime="2026-09-19T22:22:11.3220357+01:00" endTime="2026-09-19T22:22:11.3280819+01:00" testType="13cdc9d9-ddb5-4fa4-a97d-d965ccfc6d4b" outcome="Passed" testListId="8c84fa94-04c1-424b-9868-57a2d4851a1d" relativeResultsDirectory="5b0cab66-c9d6-4e0e-a67b-f06f0050bd3d" />
    <UnitTestResult executionId="b01618c4-f959-49ea-a20f-47cea8ca944b" testId="7d0c7119-5250-7597-ebac-7e6c05cf5437" testName="GetAllSequences_ReturnsDistinctSequenceIds" computerName="JIMMELONY-707" duration="00:00:00.0056556" startTime="2026-09-19T22:22:18.8861150+01:00" endTime="2026-09-19T22:22:18.8918863+01:00" testType="13cdc9d9-ddb5-4fa4-a97d-d965ccfc6d4b" outcome="Passed" testListId="8c84fa94-04c1-424b-9868-57a2d4851a1d" relativeResultsDirectory="b01618c4-f959-49ea-a20f-47cea8ca944b" />
    <UnitTestResult executionId="7b0680ce-d9ad-4c29-b21a-cf79bf771532" testId="65b54198-c8db-8c50-5362-ce98e4f91da5" testName="FileExplorerViewModel_WithNullMessageService_ThrowsArgumentNullException" computerName="JIMMELONY-707" duration="00:00:00.0018248" startTime="2026-09-19T22:22:17.8864399+01:00" endTime="2026-09-19T22:22:17.8883377+01:00" testType="13cdc9d9-ddb5-4fa4-a97d-d965ccfc6d4b" outcome="Passed" testListId="8c84fa94-04c1-424b-9868-57a2d4851a1d" relativeResultsDirectory="7b0680ce-d9ad-4c29-b21a-cf79bf771532" />
    <UnitTestResult executionId="11724136-edc9-419e-9e0b-9027b7dcf362" testId="a5f57448-d0c8-7b0c-f08c-fc73a20f016c" testName="EditorControlContract_DoesNotOwnDiagnosticsState" computerName="JIMMELONY-707" duration="00:00:00.0003108" startTime="2026-09-19T22:22:17.5396447+01:00" endTime="2026-09-19T22:22:17.5400378+01:00" testType="13cdc9d9-ddb5-4fa4-a97d-d965ccfc6d4b" outcome="Passed" testListId="8c84fa94-04c1-424b-9868-57a2d4851a1d" relativeResultsDirectory="11724136-edc9-419e-9e0b-9027b7dcf362" />
    <UnitTestResult executionId="3e7f10a7-8da7-40fe-bc4d-e5e1ad78cadd" testId="fc5c9a5f-9029-772d-df0b-99d9879d5277" testName="ReferenceSearch_GroupsLocationsAndUsesOpenEditorPreview" computerName="JIMMELONY-707" duration="00:00:00.0189394" startTime="2026-09-19T22:22:10.5087797+01:00" endTime="2026-09-19T22:22:10.5279756+01:00" testType="13cdc9d9-ddb5-4fa4-a97d-d965ccfc6d4b" outcome="Passed" testListId="8c84fa94-04c1-424b-9868-57a2d4851a1d" relativeResultsDirectory="3e7f10a7-8da7-40fe-bc4d-e5e1ad78cadd" />
    <UnitTestResult executionId="bc4204e2-545b-401d-bda4-4b8675521e23" testId="08623c1e-8a90-776d-bae3-fc6b67454f31" testName="LayoutCoordinator_DisposesLayoutAndDockHostExactlyOnce" computerName="JIMMELONY-707" duration="00:00:00.0025605" startTime="2026-09-19T22:22:15.7044428+01:00" endTime="2026-09-19T22:22:15.7071118+01:00" testType="13cdc9d9-ddb5-4fa4-a97d-d965ccfc6d4b" outcome="Passed" testListId="8c84fa94-04c1-424b-9868-57a2d4851a1d" relativeResultsDirectory="bc4204e2-545b-401d-bda4-4b8675521e23" />
    <UnitTestResult executionId="28ec0882-df80-4672-855a-8ccd33bd197f" testId="02fa7d8a-6d56-b624-273b-8b9c4051d03c" testName="DeleteAsync_MissingFile_IsNoOp" computerName="JIMMELONY-707" duration="00:00:00.0003820" startTime="2026-09-19T22:22:10.6985313+01:00" endTime="2026-09-19T22:22:10.6989797+01:00" testType="13cdc9d9-ddb5-4fa4-a97d-d965ccfc6d4b" outcome="Passed" testListId="8c84fa94-04c1-424b-9868-57a2d4851a1d" relativeResultsDirectory="28ec0882-df80-4672-855a-8ccd33bd197f" />
    <UnitTestResult executionId="c6b2e5f4-3347-42b0-be31-27aacf7521f6" testId="df032ed7-8279-66e4-c85f-216afe7a7733" testName="Constructor_WithNullDependency_ThrowsArgumentNullException (DialogService)" computerName="JIMMELONY-707" duration="00:00:00.0083892" startTime="2026-09-19T22:22:18.1419865+01:00" endTime="2026-09-19T22:22:18.1505445+01:00" testType="13cdc9d9-ddb5-4fa4-a97d-d965ccfc6d4b" outcome="Passed" testListId="8c84fa94-04c1-424b-9868-57a2d4851a1d" relativeResultsDirectory="c6b2e5f4-3347-42b0-be31-27aacf7521f6" />
    <UnitTestResult executionId="9a005ca6-c97c-43ff-9e97-97b3bfc4609f" testId="f531172c-3655-3a3c-53df-728113c9f644" testName="ActiveClassicScriptDiagnosticsCompletion_RefreshesSharedPane" computerName="JIMMELONY-707" duration="00:00:00.2447710" startTime="2026-09-19T22:22:10.8539981+01:00" endTime="2026-09-19T22:22:11.0989770+01:00" testType="13cdc9d9-ddb5-4fa4-a97d-d965ccfc6d4b" outcome="Passed" testListId="8c84fa94-04c1-424b-9868-57a2d4851a1d" relativeResultsDirectory="9a005ca6-c97c-43ff-9e97-97b3bfc4609f" />
    <UnitTestResult executionId="377e0851-8c7c-495f-9174-49b74a1b782a" testId="990e7642-ab68-72dd-5968-a7d35113c2b6" testName="LayoutRestoreFailure_CleansUpDockOwnership" computerName="JIMMELONY-707" duration="00:00:00.0157304" startTime="2026-09-19T22:22:12.8446013+01:00" endTime="2026-09-19T22:22:12.8606316+01:00" testType="13cdc9d9-ddb5-4fa4-a97d-d965ccfc6d4b" outcome="Passed" testListId="8c84fa94-04c1-424b-9868-57a2d4851a1d" relativeResultsDirectory="377e0851-8c7c-495f-9174-49b74a1b782a" />
    <UnitTestResult executionId="a32dd99a-2f52-4d06-8b36-d0af30f34388" testId="56e52c12-98ce-5adb-0475-2b9146346dc0" testName="Apply_MultipleFilesSynchronizesOpenEditorsAndReplaysSnapshots" computerName="JIMMELONY-707" duration="00:00:00.0197333" startTime="2026-09-19T22:22:17.7852164+01:00" endTime="2026-09-19T22:22:17.8051752+01:00" testType="13cdc9d9-ddb5-4fa4-a97d-d965ccfc6d4b" outcome="Passed" testListId="8c84fa94-04c1-424b-9868-57a2d4851a1d" relativeResultsDirectory="a32dd99a-2f52-4d06-8b36-d0af30f34388" />
    <UnitTestResult executionId="b49aba12-eb4f-4e19-a81b-56b5e7108684" testId="e0dfd274-9678-5309-9e15-2d84d67d5e18" testName="ProfileSelector_DerivesModesAcrossAllBranches (TR3X,TRX,TRX)" computerName="JIMMELONY-707" duration="00:00:00.0081218" startTime="2026-09-19T22:22:15.6269268+01:00" endTime="2026-09-19T22:22:15.6354403+01:00" testType="13cdc9d9-ddb5-4fa4-a97d-d965ccfc6d4b" outcome="Passed" testListId="8c84fa94-04c1-424b-9868-57a2d4851a1d" relativeResultsDirectory="b49aba12-eb4f-4e19-a81b-56b5e7108684" />
    <UnitTestResult executionId="392c0f0f-7e83-4ead-a867-891d63b3a2e9" testId="68789fbf-3035-e08e-416f-fa9d62d9b82d" testName="FileExplorerViewModel_WithNullDialogService_ThrowsArgumentNullException" computerName="JIMMELONY-707" duration="00:00:00.0014817" startTime="2026-09-19T22:22:17.8848544+01:00" endTime="2026-09-19T22:22:17.8864061+01:00" testType="13cdc9d9-ddb5-4fa4-a97d-d965ccfc6d4b" outcome="Passed" testListId="8c84fa94-04c1-424b-9868-57a2d4851a1d" relativeResultsDirectory="392c0f0f-7e83-4ead-a867-891d63b3a2e9" />
    <UnitTestResult executionId="bc998bcb-1201-4204-b3be-ff13dacda5c5" testId="11798ca7-cad6-4425-b0c8-84b633789b61" testName="Constructor_WithNullDependency_ThrowsArgumentNullException (PaneCatalog)" computerName="JIMMELONY-707" duration="00:00:00.0061218" startTime="2026-09-19T22:22:18.1240118+01:00" endTime="2026-09-19T22:22:18.1302894+01:00" testType="13cdc9d9-ddb5-4fa4-a97d-d965ccfc6d4b" outcome="Passed" testListId="8c84fa94-04c1-424b-9868-57a2d4851a1d" relativeResultsDirectory="bc998bcb-1201-4204-b3be-ff13dacda5c5" />
    <UnitTestResult executionId="904a6426-5fc3-4680-823b-2e332fb6bbf3" testId="18f64b69-448a-5d32-3ce4-ebcea6392e24" testName="DeleteAsync_StampMismatch_ReportsConflictWithoutShellCall" computerName="JIMMELONY-707" duration="00:00:00.0012751" startTime="2026-09-19T22:22:10.6971106+01:00" endTime="2026-09-19T22:22:10.6985032+01:00" testType="13cdc9d9-ddb5-4fa4-a97d-d965ccfc6d4b" outcome="Passed" testListId="8c84fa94-04c1-424b-9868-57a2d4851a1d" relativeResultsDirectory="904a6426-5fc3-4680-823b-2e332fb6bbf3" />
    <UnitTestResult executionId="dbf8a2aa-5ca3-406e-9879-be630a0db12b" testId="5156c3d9-7952-807d-10cf-8a1090f52ee8" testName="TryGetTextSnapshot_OpenTextEditorCapturesEditorAndSkipsBridge" computerName="JIMMELONY-707" duration="00:00:00.0579770" startTime="2026-09-19T22:22:09.8495442+01:00" endTime="2026-09-19T22:22:09.9076593+01:00" testType="13cdc9d9-ddb5-4fa4-a97d-d965ccfc6d4b" outcome="Passed" testListId="8c84fa94-04c1-424b-9868-57a2d4851a1d" relativeResultsDirectory="dbf8a2aa-5ca3-406e-9879-be630a0db12b" />
    <UnitTestResult executionId="058fa6db-3af5-416b-aa25-6b33ed411d60" testId="08203506-b1ff-37f0-709a-a754a100d410" testName="ShellRefreshMessage_ReevaluatesLuaCapabilityCommands" computerName="JIMMELONY-707" duration="00:00:00.0156347" startTime="2026-09-19T22:22:18.2366915+01:00" endTime="2026-09-19T22:22:18.2524375+01:00" testType="13cdc9d9-ddb5-4fa4-a97d-d965ccfc6d4b" outcome="Passed" testListId="8c84fa94-04c1-424b-9868-57a2d4851a1d" relativeResultsDirectory="058fa6db-3af5-416b-aa25-6b33ed411d60" />
    <UnitTestResult executionId="bc916fd7-4167-4edc-abc2-dc7ca68fd7ff" testId="085bb618-ad75-eac0-f4ea-1899dbf20e0f" testName="ProfileSelector_DerivesModesAcrossAllBranches (TR1,TRX,TRX)" computerName="JIMMELONY-707" duration="00:00:00.0060928" startTime="2026-09-19T22:22:15.5928496+01:00" endTime="2026-09-19T22:22:15.5994806+01:00" testType="13cdc9d9-ddb5-4fa4-a97d-d965ccfc6d4b" outcome="Passed" testListId="8c84fa94-04c1-424b-9868-57a2d4851a1d" relativeResultsDirectory="bc916fd7-4167-4edc-abc2-dc7ca68fd7ff" />
    <UnitTestResult executionId="8fef6bb8-06bf-4b2c-9967-0add66afac8a" testId="3e7c872d-d550-0b64-3a04-9d3846026299" testName="ProfileCatalog_HasUniquePrimaryIdentitiesAndExplicitFallback (TR2)" computerName="JIMMELONY-707" duration="00:00:00.0053655" startTime="2026-09-19T22:22:17.5168409+01:00" endTime="2026-09-19T22:22:17.5223526+01:00" testType="13cdc9d9-ddb5-4fa4-a97d-d965ccfc6d4b" outcome="Passed" testListId="8c84fa94-04c1-424b-9868-57a2d4851a1d" relativeResultsDirectory="8fef6bb8-06bf-4b2c-9967-0add66afac8a" />
    <UnitTestResult executionId="37ba6fa5-1877-4acd-89c6-c65d03d4f8c4" testId="a97b4aec-8609-1590-1d58-29460f4e47e6" testName="SolveSegmentSpeedForTargetTime_AdjustsTimingTowardRequestedTarget" computerName="JIMMELONY-707" duration="00:00:00.0026797" startTime="2026-09-19T22:22:18.9001099+01:00" endTime="2026-09-19T22:22:18.9028414+01:00" testType="13cdc9d9-ddb5-4fa4-a97d-d965ccfc6d4b" outcome="Passed" testListId="8c84fa94-04c1-424b-9868-57a2d4851a1d" relativeResultsDirectory="37ba6fa5-1877-4acd-89c6-c65d03d4f8c4" />
    <UnitTestResult executionId="f8eaee9e-1cb8-4776-a8e9-46d79dbb9098" testId="a0bba5a4-53f6-9219-bf1b-d9e7246c9252" testName="Delete_BlocksViewsUntilStoreDeletionThenClosesThem" computerName="JIMMELONY-707" duration="00:00:00.0045013" startTime="2026-09-19T22:22:18.2801359+01:00" endTime="2026-09-19T22:22:18.2847288+01:00" testType="13cdc9d9-ddb5-4fa4-a97d-d965ccfc6d4b" outcome="Passed" testListId="8c84fa94-04c1-424b-9868-57a2d4851a1d" relativeResultsDirectory="f8eaee9e-1cb8-4776-a8e9-46d79dbb9098" />
    <UnitTestResult executionId="8959f71d-1189-4199-8bf5-e19f97260e32" testId="40625e72-1a67-7181-7ff8-8157ebb0fc4b" testName="Dispose_DetachesEventsWithoutDisposingScopedServices" computerName="JIMMELONY-707" duration="00:00:00.0033733" startTime="2026-09-19T22:22:10.7430596+01:00" endTime="2026-09-19T22:22:10.7465340+01:00" testType="13cdc9d9-ddb5-4fa4-a97d-d965ccfc6d4b" outcome="Passed" testListId="8c84fa94-04c1-424b-9868-57a2d4851a1d" relativeResultsDirectory="8959f71d-1189-4199-8bf5-e19f97260e32" />
    <UnitTestResult executionId="a7b62afc-1c76-4bf0-b149-aa4d323046ca" testId="3f83c310-1544-0c46-96c5-6bb1b5cce0a8" testName="Attach_IsIdempotent_AndRoutesOpenAndRenameOnce" computerName="JIMMELONY-707" duration="00:00:00.0497375" startTime="2026-09-19T22:22:10.0017766+01:00" endTime="2026-09-19T22:22:10.0518057+01:00" testType="13cdc9d9-ddb5-4fa4-a97d-d965ccfc6d4b" outcome="Passed" testListId="8c84fa94-04c1-424b-9868-57a2d4851a1d" relativeResultsDirectory="a7b62afc-1c76-4bf0-b149-aa4d323046ca" />
    <UnitTestResult executionId="1426b772-0ff4-40f5-bb20-30eee6a4acc9" testId="8856b6f9-5317-447d-a52b-6bea00319dc6" testName="PaneVisibilityStateService_ResetPaneVisibilityStates_ResetsAllToFalse" computerName="JIMMELONY-707" duration="00:00:00.0039918" startTime="2026-09-19T22:22:09.8310806+01:00" endTime="2026-09-19T22:22:09.8352486+01:00" testType="13cdc9d9-ddb5-4fa4-a97d-d965ccfc6d4b" outcome="Passed" testListId="8c84fa94-04c1-424b-9868-57a2d4851a1d" relativeResultsDirectory="1426b772-0ff4-40f5-bb20-30eee6a4acc9" />
    <UnitTestResult executionId="07c02480-1cf5-4aaa-8895-f912de1171b3" testId="cb10eccb-a1d5-96ec-f17e-0c461dddd159" testName="ThrowingAcknowledgement_IsRecoveredByCommitRefresh" computerName="JIMMELONY-707" duration="00:00:00.0008901" startTime="2026-09-19T22:22:18.2708649+01:00" endTime="2026-09-19T22:22:18.2718524+01:00" testType="13cdc9d9-ddb5-4fa4-a97d-d965ccfc6d4b" outcome="Passed" testListId="8c84fa94-04c1-424b-9868-57a2d4851a1d" relativeResultsDirectory="07c02480-1cf5-4aaa-8895-f912de1171b3" />
    <UnitTestResult executionId="da25fa77-dfaf-45bd-8bac-84117c5c564d" testId="6ffada74-0caf-662b-1cd0-a5a99bd25082" testName="TrxProfile_WithLua_AddsLuaAfterPrimaryCapability" computerName="JIMMELONY-707" duration="00:00:00.0049819" startTime="2026-09-19T22:22:10.6354264+01:00" endTime="2026-09-19T22:22:10.6405416+01:00" testType="13cdc9d9-ddb5-4fa4-a97d-d965ccfc6d4b" outcome="Passed" testListId="8c84fa94-04c1-424b-9868-57a2d4851a1d" relativeResultsDirectory="da25fa77-dfaf-45bd-8bac-84117c5c564d" />
    <UnitTestResult executionId="b360fe2f-efb0-4198-8c16-b8057e3cd140" testId="be6267e8-42a0-acca-5de3-28622a19d3bb" testName="Constructor_WithNullDependency_ThrowsArgumentNullException (ProjectContext)" computerName="JIMMELONY-707" duration="00:00:00.0055595" startTime="2026-09-19T22:22:18.0539194+01:00" endTime="2026-09-19T22:22:18.0596585+01:00" testType="13cdc9d9-ddb5-4fa4-a97d-d965ccfc6d4b" outcome="Passed" testListId="8c84fa94-04c1-424b-9868-57a2d4851a1d" relativeResultsDirectory="b360fe2f-efb0-4198-8c16-b8057e3cd140" />
    <UnitTestResult executionId="2804af63-a33f-476b-aa42-6bafd034c171" testId="4af4d139-8408-1386-d568-782752f6080e" testName="LuaReferencesResults_RequiresProfileViewContribution" computerName="JIMMELONY-707" duration="00:00:00.0099104" startTime="2026-09-19T22:22:18.0142427+01:00" endTime="2026-09-19T22:22:18.0242830+01:00" testType="13cdc9d9-ddb5-4fa4-a97d-d965ccfc6d4b" outcome="Passed" testListId="8c84fa94-04c1-424b-9868-57a2d4851a1d" relativeResultsDirectory="2804af63-a33f-476b-aa42-6bafd034c171" />
    <UnitTestResult executionId="4fcf70da-1dc6-4e08-a79d-a816bbb98c05" testId="834d4871-e40f-6686-919e-724849451d55" testName="DocumentContributions_DoesNotExposeDocumentModeLookup" computerName="JIMMELONY-707" duration="00:00:00.0002115" startTime="2026-09-19T22:22:17.5400545+01:00" endTime="2026-09-19T22:22:17.5403028+01:00" testType="13cdc9d9-ddb5-4fa4-a97d-d965ccfc6d4b" outcome="Passed" testListId="8c84fa94-04c1-424b-9868-57a2d4851a1d" relativeResultsDirectory="4fcf70da-1dc6-4e08-a79d-a816bbb98c05" />
    <UnitTestResult executionId="731e1ed6-b4df-47aa-97ae-cd345123ca8c" testId="3d28631d-88d6-815a-c744-ca39c6fb360b" testName="StatusBarService_StatusBarView_IsNonNullFrameworkElement" computerName="JIMMELONY-707" duration="00:00:00.2060349" startTime="2026-09-19T22:22:09.5559505+01:00" endTime="2026-09-19T22:22:09.7621248+01:00" testType="13cdc9d9-ddb5-4fa4-a97d-d965ccfc6d4b" outcome="Passed" testListId="8c84fa94-04c1-424b-9868-57a2d4851a1d" relativeResultsDirectory="731e1ed6-b4df-47aa-97ae-cd345123ca8c" />
    <UnitTestResult executionId="a5a9c34e-5ab1-4e50-aaad-268935b0d690" testId="cff1e8e5-5616-c9ac-c981-9a22cfee2ba7" testName="LuaActivationVisibility_IsLimitedToSupportedPrimaryWorkspaces (ClassicScript,True)" computerName="JIMMELONY-707" duration="00:00:00.0190667" startTime="2026-09-19T22:22:17.4667166+01:00" endTime="2026-09-19T22:22:17.4860682+01:00" testType="13cdc9d9-ddb5-4fa4-a97d-d965ccfc6d4b" outcome="Passed" testListId="8c84fa94-04c1-424b-9868-57a2d4851a1d" relativeResultsDirectory="a5a9c34e-5ab1-4e50-aaad-268935b0d690" />
    <UnitTestResult executionId="d47fafd3-7e16-48db-b1eb-0367c2e5156d" testId="6a08071e-7bec-5876-f15f-c9531ce4ed91" testName="Build_IgnoresAmbiguousCutTargetsWhenCameraNumbersDuplicate" computerName="JIMMELONY-707" duration="00:00:00.0019862" startTime="2026-09-19T22:22:18.9172933+01:00" endTime="2026-09-19T22:22:18.9193316+01:00" testType="13cdc9d9-ddb5-4fa4-a97d-d965ccfc6d4b" outcome="Passed" testListId="8c84fa94-04c1-424b-9868-57a2d4851a1d" relativeResultsDirectory="d47fafd3-7e16-48db-b1eb-0367c2e5156d" />
    <UnitTestResult executionId="97a4b648-b052-459d-b7c8-23356dac56bb" testId="12e7b231-21b6-3d85-0502-f974fed74327" testName="Resolve_LineOutsideDocument_ReturnsLineNotFound" computerName="JIMMELONY-707" duration="00:00:00.0001094" startTime="2026-09-19T22:22:17.5787670+01:00" endTime="2026-09-19T22:22:17.5789245+01:00" testType="13cdc9d9-ddb5-4fa4-a97d-d965ccfc6d4b" outcome="Passed" testListId="8c84fa94-04c1-424b-9868-57a2d4851a1d" relativeResultsDirectory="97a4b648-b052-459d-b7c8-23356dac56bb" />
    <UnitTestResult executionId="baa7f220-3be2-43d9-ad5b-8ff758c23ccc" testId="6e348322-8f61-81a4-3451-d619588b9124" testName="StringEditorView_Load_CancelsPersistenceAndRestoresPreviousProcessingState" computerName="JIMMELONY-707" duration="00:00:00.1208626" startTime="2026-09-19T22:22:13.4288572+01:00" endTime="2026-09-19T22:22:13.5500109+01:00" testType="13cdc9d9-ddb5-4fa4-a97d-d965ccfc6d4b" outcome="Passed" testListId="8c84fa94-04c1-424b-9868-57a2d4851a1d" relativeResultsDirectory="baa7f220-3be2-43d9-ad5b-8ff758c23ccc" />
    <UnitTestResult executionId="279adb29-b23e-49af-bb1f-990a3edf72e6" testId="f41e41aa-a3bc-0e82-c5c8-5fc1abeb4f33" testName="ProfileSelector_DerivesModesAcrossAllBranches (TR4,ClassicScript,ClassicScript,False)" computerName="JIMMELONY-707" duration="00:00:00.0113953" startTime="2026-09-19T22:22:15.6583714+01:00" endTime="2026-09-19T22:22:15.6700214+01:00" testType="13cdc9d9-ddb5-4fa4-a97d-d965ccfc6d4b" outcome="Passed" testListId="8c84fa94-04c1-424b-9868-57a2d4851a1d" relativeResultsDirectory="279adb29-b23e-49af-bb1f-990a3edf72e6" />
    <UnitTestResult executionId="3e30f978-7890-4979-b7e1-284c0e2aa27c" testId="5b282132-9d37-9f0c-5ba7-89530753d267" testName="Constructor_WithNullDependency_ThrowsArgumentNullException (TrxLanguageServices)" computerName="JIMMELONY-707" duration="00:00:00.0049870" startTime="2026-09-19T22:22:18.1744835+01:00" endTime="2026-09-19T22:22:18.1796602+01:00" testType="13cdc9d9-ddb5-4fa4-a97d-d965ccfc6d4b" outcome="Passed" testListId="8c84fa94-04c1-424b-9868-57a2d4851a1d" relativeResultsDirectory="3e30f978-7890-4979-b7e1-284c0e2aa27c" />
    <UnitTestResult executionId="b6de37da-d355-4971-b148-1cd33276509b" testId="13c9e637-70b0-534f-f7bd-049de279673a" testName="Constructor_WithNullDependency_ThrowsArgumentNullException (MessageService)" computerName="JIMMELONY-707" duration="00:00:00.0051553" startTime="2026-09-19T22:22:18.0651432+01:00" endTime="2026-09-19T22:22:18.0704648+01:00" testType="13cdc9d9-ddb5-4fa4-a97d-d965ccfc6d4b" outcome="Passed" testListId="8c84fa94-04c1-424b-9868-57a2d4851a1d" relativeResultsDirectory="b6de37da-d355-4971-b148-1cd33276509b" />
    <UnitTestResult executionId="5c93386e-47d8-4ed0-95bc-1c47a567183f" testId="cf3ccb6e-5854-0254-203e-f6a5c20eada8" testName="Constructor_WithNullDependency_ThrowsArgumentNullException (PaneHostService)" computerName="JIMMELONY-707" duration="00:00:00.0046605" startTime="2026-09-19T22:22:18.1030223+01:00" endTime="2026-09-19T22:22:18.1078280+01:00" testType="13cdc9d9-ddb5-4fa4-a97d-d965ccfc6d4b" outcome="Passed" testListId="8c84fa94-04c1-424b-9868-57a2d4851a1d" relativeResultsDirectory="5c93386e-47d8-4ed0-95bc-1c47a567183f" />
    <UnitTestResult executionId="6d5b51e9-0c4c-4916-82ed-7196c08150f6" testId="7dce01a9-5928-1f12-dee0-44c2830b04e5" testName="Indexer_OutOfRange_Throws" computerName="JIMMELONY-707" duration="00:00:00.0006910" startTime="2026-09-19T22:22:10.0000367+01:00" endTime="2026-09-19T22:22:10.0008586+01:00" testType="13cdc9d9-ddb5-4fa4-a97d-d965ccfc6d4b" outcome="Passed" testListId="8c84fa94-04c1-424b-9868-57a2d4851a1d" relativeResultsDirectory="6d5b51e9-0c4c-4916-82ed-7196c08150f6" />
    <UnitTestResult executionId="f8bbf9c2-07d6-4811-8077-f42bf97c7c67" testId="917b031e-502e-a202-f141-5161c799b0ed" testName="Constructor_WithNullWorkspaceProfile_ThrowsArgumentNullException" computerName="JIMMELONY-707" duration="00:00:00.0156656" startTime="2026-09-19T22:22:18.1873798+01:00" endTime="2026-09-19T22:22:18.2031631+01:00" testType="13cdc9d9-ddb5-4fa4-a97d-d965ccfc6d4b" outcome="Passed" testListId="8c84fa94-04c1-424b-9868-57a2d4851a1d" relativeResultsDirectory="f8bbf9c2-07d6-4811-8077-f42bf97c7c67" />
    <UnitTestResult executionId="0b12ce46-bb59-449b-b6ea-fe9b4f221cfd" testId="dde76617-ee7d-c52d-faee-d4eca07f22d5" testName="ExistingCleanEditor_SessionCompletionSavesButDoesNotCloseEditor" computerName="JIMMELONY-707" duration="00:00:00.0032897" startTime="2026-09-19T22:22:17.7377873+01:00" endTime="2026-09-19T22:22:17.7411694+01:00" testType="13cdc9d9-ddb5-4fa4-a97d-d965ccfc6d4b" outcome="Passed" testListId="8c84fa94-04c1-424b-9868-57a2d4851a1d" relativeResultsDirectory="0b12ce46-bb59-449b-b6ea-fe9b4f221cfd" />
    <UnitTestResult executionId="c74c38ce-5926-488f-b32b-ed0495bd2add" testId="e8c85653-de21-f85a-ac61-c98ce7e032f3" testName="DiagnosticsPane_TransitionsAcrossLuaClassicTrxAndBack_UsesOneStablePane" computerName="JIMMELONY-707" duration="00:00:00.1666413" startTime="2026-09-19T22:22:15.7960701+01:00" endTime="2026-09-19T22:22:15.9630776+01:00" testType="13cdc9d9-ddb5-4fa4-a97d-d965ccfc6d4b" outcome="Passed" testListId="8c84fa94-04c1-424b-9868-57a2d4851a1d" relativeResultsDirectory="c74c38ce-5926-488f-b32b-ed0495bd2add" />
    <UnitTestResult executionId="4cb64e68-969a-48ee-b184-bc431f4a910a" testId="abd3fcff-5374-185a-3c6e-a7259837af65" testName="CorruptSettingsFile_UsesLuaDisabledDefaults" computerName="JIMMELONY-707" duration="00:00:00.0207514" startTime="2026-09-19T22:22:17.5417249+01:00" endTime="2026-09-19T22:22:17.5625415+01:00" testType="13cdc9d9-ddb5-4fa4-a97d-d965ccfc6d4b" outcome="Passed" testListId="8c84fa94-04c1-424b-9868-57a2d4851a1d" relativeResultsDirectory="4cb64e68-969a-48ee-b184-bc431f4a910a" />
    <UnitTestResult executionId="695ef539-84a4-4082-93f8-c967630406df" testId="3733a306-bd2d-14f1-bde4-29fa70047542" testName="FromDegrees_ClampsInvalidFieldOfViewIntoPreviewRange" computerName="JIMMELONY-707" duration="00:00:00.0001648" startTime="2026-09-19T22:22:18.8625408+01:00" endTime="2026-09-19T22:22:18.8628269+01:00" testType="13cdc9d9-ddb5-4fa4-a97d-d965ccfc6d4b" outcome="Passed" testListId="8c84fa94-04c1-424b-9868-57a2d4851a1d" relativeResultsDirectory="695ef539-84a4-4082-93f8-c967630406df" />
    <UnitTestResult executionId="0d29058f-cb84-4107-8970-1b53cd9bbd6d" testId="53052d2f-a266-d558-1e85-81471d347049" testName="LuaHostServices_WithNullReferenceSearchService_ThrowsArgumentNullException" computerName="JIMMELONY-707" duration="00:00:00.0012894" startTime="2026-09-19T22:22:18.2255250+01:00" endTime="2026-09-19T22:22:18.2268675+01:00" testType="13cdc9d9-ddb5-4fa4-a97d-d965ccfc6d4b" outcome="Passed" testListId="8c84fa94-04c1-424b-9868-57a2d4851a1d" relativeResultsDirectory="0d29058f-cb84-4107-8970-1b53cd9bbd6d" />
    <UnitTestResult executionId="70663a40-1563-40b3-83c1-54f9f029ccb4" testId="d07c4a00-27e7-1da7-8fa4-11232db7ac1a" testName="ApplyUserSettings_ClassicScriptWorkspace_AppliesConfigurationForEachRegistration" computerName="JIMMELONY-707" duration="00:00:00.1627080" startTime="2026-09-19T22:22:11.5704260+01:00" endTime="2026-09-19T22:22:11.7333066+01:00" testType="13cdc9d9-ddb5-4fa4-a97d-d965ccfc6d4b" outcome="Passed" testListId="8c84fa94-04c1-424b-9868-57a2d4851a1d" relativeResultsDirectory="70663a40-1563-40b3-83c1-54f9f029ccb4" />
    <UnitTestResult executionId="fca6ec3a-4449-4320-9d48-56dbe65c169f" testId="f7c09015-68ba-d347-673a-3d892fc13157" testName="ReferenceContextFailure_IsReportedOnce" computerName="JIMMELONY-707" duration="00:00:00.0323065" startTime="2026-09-19T22:22:11.8951431+01:00" endTime="2026-09-19T22:22:11.9276353+01:00" testType="13cdc9d9-ddb5-4fa4-a97d-d965ccfc6d4b" outcome="Passed" testListId="8c84fa94-04c1-424b-9868-57a2d4851a1d" relativeResultsDirectory="fca6ec3a-4449-4320-9d48-56dbe65c169f" />
    <UnitTestResult executionId="86f26110-5cb5-4a4c-ae61-c02e76cdd1d8" testId="331ddbb5-e61f-2eea-8ddb-35854a870d87" testName="ShellFactory_WhenRootResolutionFails_DisposesChildScopeOnce" computerName="JIMMELONY-707" duration="00:00:00.0045559" startTime="2026-09-19T22:22:15.7913481+01:00" endTime="2026-09-19T22:22:15.7960207+01:00" testType="13cdc9d9-ddb5-4fa4-a97d-d965ccfc6d4b" outcome="Passed" testListId="8c84fa94-04c1-424b-9868-57a2d4851a1d" relativeResultsDirectory="86f26110-5cb5-4a4c-ae61-c02e76cdd1d8" />
    <UnitTestResult executionId="3e18dad9-32a0-43a8-a908-5d0dc450eb25" testId="facb28bf-7ffa-316e-9de4-34c9ff724f76" testName="CreateEditor_UsesRegistrationOrderForOverlappingFilePredicates" computerName="JIMMELONY-707" duration="00:00:00.0005705" startTime="2026-09-19T22:22:09.9644953+01:00" endTime="2026-09-19T22:22:09.9652059+01:00" testType="13cdc9d9-ddb5-4fa4-a97d-d965ccfc6d4b" outcome="Passed" testListId="8c84fa94-04c1-424b-9868-57a2d4851a1d" relativeResultsDirectory="3e18dad9-32a0-43a8-a908-5d0dc450eb25" />
    <UnitTestResult executionId="bc7f19ff-4223-41f1-ab80-57f263d9c03b" testId="9ae5c693-a411-da85-f774-5bd364a9df04" testName="DisposingWorkbench_CancelsReferenceRequestBeforeLateCompletion" computerName="JIMMELONY-707" duration="00:00:00.0203796" startTime="2026-09-19T22:22:17.4338833+01:00" endTime="2026-09-19T22:22:17.4543620+01:00" testType="13cdc9d9-ddb5-4fa4-a97d-d965ccfc6d4b" outcome="Passed" testListId="8c84fa94-04c1-424b-9868-57a2d4851a1d" relativeResultsDirectory="bc7f19ff-4223-41f1-ab80-57f263d9c03b" />
    <UnitTestResult executionId="f22dc7a5-a4b4-4989-93c1-0dfeb95fcd77" testId="2b691000-b524-c007-bef2-2dd579d844a2" testName="Attach_DispatchesStatusEventsFromInterfaceProvider" computerName="JIMMELONY-707" duration="00:00:00.0119618" startTime="2026-09-19T22:22:10.0903061+01:00" endTime="2026-09-19T22:22:10.1024737+01:00" testType="13cdc9d9-ddb5-4fa4-a97d-d965ccfc6d4b" outcome="Passed" testListId="8c84fa94-04c1-424b-9868-57a2d4851a1d" relativeResultsDirectory="f22dc7a5-a4b4-4989-93c1-0dfeb95fcd77" />
    <UnitTestResult executionId="f5894f34-6d2e-4582-b04a-ee98c6d1323e" testId="b7bf46e0-ee63-710c-39fa-e79c12873231" testName="Constructor_WithNullDockHost_ThrowsArgumentNullException" computerName="JIMMELONY-707" duration="00:00:00.0021022" startTime="2026-09-19T22:22:18.2156448+01:00" endTime="2026-09-19T22:22:18.2178291+01:00" testType="13cdc9d9-ddb5-4fa4-a97d-d965ccfc6d4b" outcome="Passed" testListId="8c84fa94-04c1-424b-9868-57a2d4851a1d" relativeResultsDirectory="f5894f34-6d2e-4582-b04a-ee98c6d1323e" />
    <UnitTestResult executionId="33b7e46e-0ea6-42de-a496-53ba43a469ac" testId="46ea72ce-4a27-5ba2-1d3c-732e4f258d2a" testName="OpenWithView_OpensUnloadedViewBeforeRegistration" computerName="JIMMELONY-707" duration="00:00:00.0021190" startTime="2026-09-19T22:22:18.2525348+01:00" endTime="2026-09-19T22:22:18.2549373+01:00" testType="13cdc9d9-ddb5-4fa4-a97d-d965ccfc6d4b" outcome="Passed" testListId="8c84fa94-04c1-424b-9868-57a2d4851a1d" relativeResultsDirectory="33b7e46e-0ea6-42de-a496-53ba43a469ac" />
    <UnitTestResult executionId="4f0f927d-0230-4aa8-8355-c7ee67030b5e" testId="ee056456-d652-d483-6a5e-ed4cab558be4" testName="StatusBarService_SetStatusStripContext_DoesNotThrow" computerName="JIMMELONY-707" duration="00:00:00.0089446" startTime="2026-09-19T22:22:09.7770510+01:00" endTime="2026-09-19T22:22:09.7861325+01:00" testType="13cdc9d9-ddb5-4fa4-a97d-d965ccfc6d4b" outcome="Passed" testListId="8c84fa94-04c1-424b-9868-57a2d4851a1d" relativeResultsDirectory="4f0f927d-0230-4aa8-8355-c7ee67030b5e" />
    <UnitTestResult executionId="1b1bd5df-3971-4a2c-8321-c2fec2684c98" testId="9106caaf-1a24-016a-484e-19f2b1bfca9e" testName="ContentReader_NextSectionExists_FindsFirstSection" computerName="JIMMELONY-707" duration="00:00:00.0004354" startTime="2026-09-19T22:22:17.5800420+01:00" endTime="2026-09-19T22:22:17.5806248+01:00" testType="13cdc9d9-ddb5-4fa4-a97d-d965ccfc6d4b" outcome="Passed" testListId="8c84fa94-04c1-424b-9868-57a2d4851a1d" relativeResultsDirectory="1b1bd5df-3971-4a2c-8321-c2fec2684c98" />
    <UnitTestResult executionId="3fbea1f0-eb06-4564-8d05-a1def4351295" testId="23d8203f-d94b-c5f1-bbf4-c88f76b3e34c" testName="Build_ReturnsEmptyTimingForEmptySequence" computerName="JIMMELONY-707" duration="00:00:00.0002724" startTime="2026-09-19T22:22:18.9037867+01:00" endTime="2026-09-19T22:22:18.9042724+01:00" testType="13cdc9d9-ddb5-4fa4-a97d-d965ccfc6d4b" outcome="Passed" testListId="8c84fa94-04c1-424b-9868-57a2d4851a1d" relativeResultsDirectory="3fbea1f0-eb06-4564-8d05-a1def4351295" />
    <UnitTestResult executionId="114174ca-8572-4387-bd2d-42f16ae3cf72" testId="b6b61270-b241-4fe9-160c-cf028c2ab455" testName="DocumentContributions_SelectCommandSurfaceByRegistrationIdentity" computerName="JIMMELONY-707" duration="00:00:00.0001633" startTime="2026-09-19T22:22:17.7327687+01:00" endTime="2026-09-19T22:22:17.7329583+01:00" testType="13cdc9d9-ddb5-4fa4-a97d-d965ccfc6d4b" outcome="Passed" testListId="8c84fa94-04c1-424b-9868-57a2d4851a1d" relativeResultsDirectory="114174ca-8572-4387-bd2d-42f16ae3cf72" />
    <UnitTestResult executionId="788981e6-df73-4e82-a633-bbba946a23fd" testId="c76b7b3c-32f7-6071-d0d7-1e6252adcc6b" testName="Attach_DispatchesDiagnosticsAndSemanticTokensWithFileIdentity" computerName="JIMMELONY-707" duration="00:00:00.0047155" startTime="2026-09-19T22:22:10.1090353+01:00" endTime="2026-09-19T22:22:10.1138638+01:00" testType="13cdc9d9-ddb5-4fa4-a97d-d965ccfc6d4b" outcome="Passed" testListId="8c84fa94-04c1-424b-9868-57a2d4851a1d" relativeResultsDirectory="788981e6-df73-4e82-a633-bbba946a23fd" />
    <UnitTestResult executionId="6eb6e2dd-9f8d-447c-89c4-fbf133f87582" testId="d4bb19c1-38b0-f96c-3234-275e6a20d1f6" testName="ProfileSelector_DerivesModesAcrossAllBranches (TR4,ClassicScript,ClassicScript)" computerName="JIMMELONY-707" duration="00:00:00.0052713" startTime="2026-09-19T22:22:15.6093190+01:00" endTime="2026-09-19T22:22:15.6147637+01:00" testType="13cdc9d9-ddb5-4fa4-a97d-d965ccfc6d4b" outcome="Passed" testListId="8c84fa94-04c1-424b-9868-57a2d4851a1d" relativeResultsDirectory="6eb6e2dd-9f8d-447c-89c4-fbf133f87582" />
    <UnitTestResult executionId="e5f64ba3-05e3-4f78-a09a-35873b158ee9" testId="4ba1fe32-2b60-b6d4-a9b5-7bb7b6f5fca6" testName="StringEditorView_Load_UsesSerializedContentAndCleanBaseline" computerName="JIMMELONY-707" duration="00:00:00.0200602" startTime="2026-09-19T22:22:12.9936406+01:00" endTime="2026-09-19T22:22:13.0138466+01:00" testType="13cdc9d9-ddb5-4fa4-a97d-d965ccfc6d4b" outcome="Passed" testListId="8c84fa94-04c1-424b-9868-57a2d4851a1d" relativeResultsDirectory="e5f64ba3-05e3-4f78-a09a-35873b158ee9" />
    <UnitTestResult executionId="84507040-8541-4d92-b93f-018695dd1679" testId="e8693a20-f6ef-ae7f-3a44-299cd181bbc0" testName="MenuService_SetCommandChecked_SetsStateOnMenu" computerName="JIMMELONY-707" duration="00:00:00.0043329" startTime="2026-09-19T22:22:09.5116376+01:00" endTime="2026-09-19T22:22:09.5161559+01:00" testType="13cdc9d9-ddb5-4fa4-a97d-d965ccfc6d4b" outcome="Passed" testListId="8c84fa94-04c1-424b-9868-57a2d4851a1d" relativeResultsDirectory="84507040-8541-4d92-b93f-018695dd1679" />
    <UnitTestResult executionId="1ffe6fc1-efa3-45db-a414-4922609d959c" testId="790ae9ae-2987-3333-3bd0-c8a70308e80f" testName="RepeatedLifecycleAttachDetachAndClose_DoesNotMultiplyHandlers" computerName="JIMMELONY-707" duration="00:00:00.0087356" startTime="2026-09-19T22:22:13.6196514+01:00" endTime="2026-09-19T22:22:13.6286082+01:00" testType="13cdc9d9-ddb5-4fa4-a97d-d965ccfc6d4b" outcome="Passed" testListId="8c84fa94-04c1-424b-9868-57a2d4851a1d" relativeResultsDirectory="1ffe6fc1-efa3-45db-a414-4922609d959c" />
    <UnitTestResult executionId="c4b580d3-bca9-4231-9c07-2e259a9dc5ea" testId="e99509c4-a1c1-6778-7791-0eba1d71fb94" testName="ToolBarService_SetCommandToolTip_SetsStateOnToolBar" computerName="JIMMELONY-707" duration="00:00:00.0043231" startTime="2026-09-19T22:22:09.5468595+01:00" endTime="2026-09-19T22:22:09.5513294+01:00" testType="13cdc9d9-ddb5-4fa4-a97d-d965ccfc6d4b" outcome="Passed" testListId="8c84fa94-04c1-424b-9868-57a2d4851a1d" relativeResultsDirectory="c4b580d3-bca9-4231-9c07-2e259a9dc5ea" />
    <UnitTestResult executionId="f74e6448-deed-48da-9f24-a779f75b4b06" testId="09c51aaa-8476-d6d9-2048-75d58379688c" testName="Phase3CompatibilitySurfacesRemainAbsent" computerName="JIMMELONY-707" duration="00:00:00.0002831" startTime="2026-09-19T22:22:17.3673302+01:00" endTime="2026-09-19T22:22:17.3677573+01:00" testType="13cdc9d9-ddb5-4fa4-a97d-d965ccfc6d4b" outcome="Passed" testListId="8c84fa94-04c1-424b-9868-57a2d4851a1d" relativeResultsDirectory="f74e6448-deed-48da-9f24-a779f75b4b06" />
    <UnitTestResult executionId="633ad591-42bf-4bf5-8599-35e991b15268" testId="eb83692e-c9df-eefe-6605-db38193ed925" testName="OpenedView_CreatesBackupOnEditAndRemovesItAfterUndo" computerName="JIMMELONY-707" duration="00:00:00.0729156" startTime="2026-09-19T22:22:18.3066821+01:00" endTime="2026-09-19T22:22:18.3798451+01:00" testType="13cdc9d9-ddb5-4fa4-a97d-d965ccfc6d4b" outcome="Passed" testListId="8c84fa94-04c1-424b-9868-57a2d4851a1d" relativeResultsDirectory="633ad591-42bf-4bf5-8599-35e991b15268" />
    <UnitTestResult executionId="5037153d-4230-4946-9919-fb819d794b0f" testId="b8905318-6780-6ba2-12a9-a7776afea092" testName="ToolBarService_UpdateCommandEnabledStates_DelegatesToCanExecute" computerName="JIMMELONY-707" duration="00:00:00.0043376" startTime="2026-09-19T22:22:09.5513899+01:00" endTime="2026-09-19T22:22:09.5558947+01:00" testType="13cdc9d9-ddb5-4fa4-a97d-d965ccfc6d4b" outcome="Passed" testListId="8c84fa94-04c1-424b-9868-57a2d4851a1d" relativeResultsDirectory="5037153d-4230-4946-9919-fb819d794b0f" />
    <UnitTestResult executionId="113f3a44-93cf-41ec-9a02-763f5f8c8416" testId="c90f90bd-4ad0-fd4f-a389-7e7d7a26c4a9" testName="ClassicScriptProfile_WithLua_AddsLuaContributionsWithoutReplacingPrimaryLanguage" computerName="JIMMELONY-707" duration="00:00:00.0061202" startTime="2026-09-19T22:22:10.6464294+01:00" endTime="2026-09-19T22:22:10.6527040+01:00" testType="13cdc9d9-ddb5-4fa4-a97d-d965ccfc6d4b" outcome="Passed" testListId="8c84fa94-04c1-424b-9868-57a2d4851a1d" relativeResultsDirectory="113f3a44-93cf-41ec-9a02-763f5f8c8416" />
    <UnitTestResult executionId="d6034b17-587e-4b61-a793-89efc9e030aa" testId="c461dba8-3edc-4d73-c363-9497d8d9c7d1" testName="InactiveClassicScriptDiagnosticsCompletion_DoesNotReplaceActivePane" computerName="JIMMELONY-707" duration="00:00:00.1628301" startTime="2026-09-19T22:22:11.1198134+01:00" endTime="2026-09-19T22:22:11.2828189+01:00" testType="13cdc9d9-ddb5-4fa4-a97d-d965ccfc6d4b" outcome="Passed" testListId="8c84fa94-04c1-424b-9868-57a2d4851a1d" relativeResultsDirectory="d6034b17-587e-4b61-a793-89efc9e030aa" />
    <UnitTestResult executionId="c02220fa-0c5b-4bf5-bbc8-1f416c085fdd" testId="28fd70fe-0582-9e01-756c-803bc6e7c042" testName="AttachRefreshAndAcknowledge_SuppressPublicationAndMaintainState" computerName="JIMMELONY-707" duration="00:00:00.0075475" startTime="2026-09-19T22:22:17.7412050+01:00" endTime="2026-09-19T22:22:17.7489317+01:00" testType="13cdc9d9-ddb5-4fa4-a97d-d965ccfc6d4b" outcome="Passed" testListId="8c84fa94-04c1-424b-9868-57a2d4851a1d" relativeResultsDirectory="c02220fa-0c5b-4bf5-bbc8-1f416c085fdd" />
    <UnitTestResult executionId="0d30fa90-c5cf-4c17-a11f-213867b90363" testId="be3bded6-9ff5-3359-c7cb-958c5039a424" testName="LuaActivationVisibility_IsLimitedToSupportedPrimaryWorkspaces (GameFlowScript,False)" computerName="JIMMELONY-707" duration="00:00:00.0022145" startTime="2026-09-19T22:22:17.5040616+01:00" endTime="2026-09-19T22:22:17.5064950+01:00" testType="13cdc9d9-ddb5-4fa4-a97d-d965ccfc6d4b" outcome="Passed" testListId="8c84fa94-04c1-424b-9868-57a2d4851a1d" relativeResultsDirectory="0d30fa90-c5cf-4c17-a11f-213867b90363" />
    <UnitTestResult executionId="a5c07009-4cef-489a-a7bc-ab8e5f168593" testId="d55ccc97-3dba-d73d-53be-a7b162212126" testName="Profiles_ResolveProductionCompositionWithExpectedLuaReferencesPane" computerName="JIMMELONY-707" duration="00:00:00.8741377" startTime="2026-09-19T22:22:11.9700518+01:00" endTime="2026-09-19T22:22:12.8445026+01:00" testType="13cdc9d9-ddb5-4fa4-a97d-d965ccfc6d4b" outcome="Passed" testListId="8c84fa94-04c1-424b-9868-57a2d4851a1d" relativeResultsDirectory="a5c07009-4cef-489a-a7bc-ab8e5f168593" />
    <UnitTestResult executionId="541f6340-971b-4399-9003-63d9d7ec0332" testId="145fa8c7-25e7-86e1-ed9b-fd7a8cd71f10" testName="FindReplaceItem_InvalidLineNumberOrSegmentIndex_Throws" computerName="JIMMELONY-707" duration="00:00:00.0007458" startTime="2026-09-19T22:22:10.0008812+01:00" endTime="2026-09-19T22:22:10.0017458+01:00" testType="13cdc9d9-ddb5-4fa4-a97d-d965ccfc6d4b" outcome="Passed" testListId="8c84fa94-04c1-424b-9868-57a2d4851a1d" relativeResultsDirectory="541f6340-971b-4399-9003-63d9d7ec0332" />
    <UnitTestResult executionId="37b68f61-f45d-4486-8006-758b39b6e668" testId="cde70497-0290-aa63-42b2-4230a11cb56f" testName="NonLuaProfile_DoesNotComposeLuaHostServices" computerName="JIMMELONY-707" duration="00:00:00.0050095" startTime="2026-09-19T22:22:17.4093368+01:00" endTime="2026-09-19T22:22:17.4144622+01:00" testType="13cdc9d9-ddb5-4fa4-a97d-d965ccfc6d4b" outcome="Passed" testListId="8c84fa94-04c1-424b-9868-57a2d4851a1d" relativeResultsDirectory="37b68f61-f45d-4486-8006-758b39b6e668" />
    <UnitTestResult executionId="9a69a352-5f74-4854-b6de-dddf7ae98954" testId="3dfca12a-2783-6a0a-0cbf-caaa22680f5c" testName="Constructor_WithNullDependency_ThrowsArgumentNullException (FindAndReplaceViewModel)" computerName="JIMMELONY-707" duration="00:00:00.0058399" startTime="2026-09-19T22:22:18.1303393+01:00" endTime="2026-09-19T22:22:18.1363446+01:00" testType="13cdc9d9-ddb5-4fa4-a97d-d965ccfc6d4b" outcome="Passed" testListId="8c84fa94-04c1-424b-9868-57a2d4851a1d" relativeResultsDirectory="9a69a352-5f74-4854-b6de-dddf7ae98954" />
    <UnitTestResult executionId="f897b8c8-e399-4713-ae4a-4acaa746708d" testId="27419027-d5dd-fa18-8e78-56e97c6d0454" testName="MenuService_CommandInvoked_RelaysClickedCommand" computerName="JIMMELONY-707" duration="00:00:00.1754228" startTime="2026-09-19T22:22:09.2914839+01:00" endTime="2026-09-19T22:22:09.5092196+01:00" testType="13cdc9d9-ddb5-4fa4-a97d-d965ccfc6d4b" outcome="Passed" testListId="8c84fa94-04c1-424b-9868-57a2d4851a1d" relativeResultsDirectory="f897b8c8-e399-4713-ae4a-4acaa746708d" />
    <UnitTestResult executionId="e3071b49-a5cf-4473-a1e9-95e712b861d6" testId="18b7e40b-9bf7-4adf-8abf-30b5cdb5beee" testName="CapabilitiesChanged_RefreshesShellUntilDetached" computerName="JIMMELONY-707" duration="00:00:00.0017945" startTime="2026-09-19T22:22:10.1071588+01:00" endTime="2026-09-19T22:22:10.1090086+01:00" testType="13cdc9d9-ddb5-4fa4-a97d-d965ccfc6d4b" outcome="Passed" testListId="8c84fa94-04c1-424b-9868-57a2d4851a1d" relativeResultsDirectory="e3071b49-a5cf-4473-a1e9-95e712b861d6" />
    <UnitTestResult executionId="583c9b48-ec48-4f04-906c-9858c18bb2df" testId="08b71fb0-30df-0604-64a2-23932530fad3" testName="ActiveTrxDiagnosticsCompletion_RefreshesSharedPane" computerName="JIMMELONY-707" duration="00:00:00.0205574" startTime="2026-09-19T22:22:11.0990421+01:00" endTime="2026-09-19T22:22:11.1197444+01:00" testType="13cdc9d9-ddb5-4fa4-a97d-d965ccfc6d4b" outcome="Passed" testListId="8c84fa94-04c1-424b-9868-57a2d4851a1d" relativeResultsDirectory="583c9b48-ec48-4f04-906c-9858c18bb2df" />
    <UnitTestResult executionId="05563721-dfc4-4a44-b4d6-efaf78213836" testId="687e7eea-d029-d7aa-b11f-bc2d4e58bfb5" testName="Resolve_NoMatchOnLine_ReturnsLineStartFallback" computerName="JIMMELONY-707" duration="00:00:00.0000841" startTime="2026-09-19T22:22:17.5791109+01:00" endTime="2026-09-19T22:22:17.5792228+01:00" testType="13cdc9d9-ddb5-4fa4-a97d-d965ccfc6d4b" outcome="Passed" testListId="8c84fa94-04c1-424b-9868-57a2d4851a1d" relativeResultsDirectory="05563721-dfc4-4a44-b4d6-efaf78213836" />
    <UnitTestResult executionId="bc22a6a6-f6cb-4617-a89d-fcb424a8df32" testId="c6af348c-2bb5-1626-2ade-5a92f35e0eb7" testName="MissingSettingsFile_UsesLuaDisabledDefaults" computerName="JIMMELONY-707" duration="00:00:00.0008764" startTime="2026-09-19T22:22:17.5407069+01:00" endTime="2026-09-19T22:22:17.5417006+01:00" testType="13cdc9d9-ddb5-4fa4-a97d-d965ccfc6d4b" outcome="Passed" testListId="8c84fa94-04c1-424b-9868-57a2d4851a1d" relativeResultsDirectory="bc22a6a6-f6cb-4617-a89d-fcb424a8df32" />
    <UnitTestResult executionId="dc0e5332-11f6-4842-9969-60ae2a4e46d0" testId="e887e3b1-926d-c655-a0a5-bdd6e22e389f" testName="RepeatedWorkspaceLifecycle_IsCollectibleAfterDetachAndDisposal" computerName="JIMMELONY-707" duration="00:00:00.1176730" startTime="2026-09-19T22:22:10.3908609+01:00" endTime="2026-09-19T22:22:10.5087040+01:00" testType="13cdc9d9-ddb5-4fa4-a97d-d965ccfc6d4b" outcome="Passed" testListId="8c84fa94-04c1-424b-9868-57a2d4851a1d" relativeResultsDirectory="dc0e5332-11f6-4842-9969-60ae2a4e46d0" />
    <UnitTestResult executionId="4541efa1-6eca-464a-85e7-9e8f8aebd0f7" testId="ffc93a59-ad25-c0da-fe12-68c6fd7f448b" testName="Replace_AcknowledgesSourceBeforePeerAndRecoversFailedPeer" computerName="JIMMELONY-707" duration="00:00:00.0119795" startTime="2026-09-19T22:22:18.2587722+01:00" endTime="2026-09-19T22:22:18.2708165+01:00" testType="13cdc9d9-ddb5-4fa4-a97d-d965ccfc6d4b" outcome="Passed" testListId="8c84fa94-04c1-424b-9868-57a2d4851a1d" relativeResultsDirectory="4541efa1-6eca-464a-85e7-9e8f8aebd0f7" />
    <UnitTestResult executionId="b6e90fe8-bba6-4909-98fd-546b1b7add8d" testId="a2f06a89-4e8d-ea5b-e3f5-2c41053cf1ef" testName="OpenWithView_RejectsLoadedPendingAndAlreadyRegisteredViews" computerName="JIMMELONY-707" duration="00:00:00.0029249" startTime="2026-09-19T22:22:18.2549808+01:00" endTime="2026-09-19T22:22:18.2579796+01:00" testType="13cdc9d9-ddb5-4fa4-a97d-d965ccfc6d4b" outcome="Passed" testListId="8c84fa94-04c1-424b-9868-57a2d4851a1d" relativeResultsDirectory="b6e90fe8-bba6-4909-98fd-546b1b7add8d" />
    <UnitTestResult executionId="1fe856a5-7a9c-475e-91c1-63021269b30d" testId="ac9d6a3e-7b21-eda1-d139-2770f33d61f8" testName="LuaActivationVisibility_IsLimitedToSupportedPrimaryWorkspaces (TRX,True)" computerName="JIMMELONY-707" duration="00:00:00.0176270" startTime="2026-09-19T22:22:17.4861276+01:00" endTime="2026-09-19T22:22:17.5039950+01:00" testType="13cdc9d9-ddb5-4fa4-a97d-d965ccfc6d4b" outcome="Passed" testListId="8c84fa94-04c1-424b-9868-57a2d4851a1d" relativeResultsDirectory="1fe856a5-7a9c-475e-91c1-63021269b30d" />
    <UnitTestResult executionId="a1d0ab17-4d8e-476d-b448-2f82269251e6" testId="f3c48f53-7b2e-825c-98fb-7d89664d3516" testName="Build_WithFinalFreeze_KeepsSequenceEndAligned" computerName="JIMMELONY-707" duration="00:00:00.0022566" startTime="2026-09-19T22:22:18.9110707+01:00" endTime="2026-09-19T22:22:18.9134357+01:00" testType="13cdc9d9-ddb5-4fa4-a97d-d965ccfc6d4b" outcome="Passed" testListId="8c84fa94-04c1-424b-9868-57a2d4851a1d" relativeResultsDirectory="a1d0ab17-4d8e-476d-b448-2f82269251e6" />
    <UnitTestResult executionId="460e7771-0e10-4767-9689-921519df8411" testId="1f4f8d91-59e5-6147-c660-f72906e04ebc" testName="Constructor_WithNullDependency_ThrowsArgumentNullException (LuaHostServices)" computerName="JIMMELONY-707" duration="00:00:00.0053503" startTime="2026-09-19T22:22:18.1364005+01:00" endTime="2026-09-19T22:22:18.1419370+01:00" testType="13cdc9d9-ddb5-4fa4-a97d-d965ccfc6d4b" outcome="Passed" testListId="8c84fa94-04c1-424b-9868-57a2d4851a1d" relativeResultsDirectory="460e7771-0e10-4767-9689-921519df8411" />
    <UnitTestResult executionId="fffd1b86-0663-44ff-bc7a-4822a41bf55a" testId="402646d9-70ba-0bc9-13f2-569741cc76f3" testName="LuaHostServices_WithNullTrackedDocumentStateService_ThrowsArgumentNullException" computerName="JIMMELONY-707" duration="00:00:00.0010201" startTime="2026-09-19T22:22:18.2244370+01:00" endTime="2026-09-19T22:22:18.2255064+01:00" testType="13cdc9d9-ddb5-4fa4-a97d-d965ccfc6d4b" outcome="Passed" testListId="8c84fa94-04c1-424b-9868-57a2d4851a1d" relativeResultsDirectory="fffd1b86-0663-44ff-bc7a-4822a41bf55a" />
    <UnitTestResult executionId="4d4a06a1-38f1-4cb1-8bce-303e51873e98" testId="4b907485-ceb1-0af6-88d3-ab09cf09e905" testName="SupersededReferenceProviderFailure_DoesNotReportStaleRequest" computerName="JIMMELONY-707" duration="00:00:00.0192423" startTime="2026-09-19T22:22:11.9277434+01:00" endTime="2026-09-19T22:22:11.9473680+01:00" testType="13cdc9d9-ddb5-4fa4-a97d-d965ccfc6d4b" outcome="Passed" testListId="8c84fa94-04c1-424b-9868-57a2d4851a1d" relativeResultsDirectory="4d4a06a1-38f1-4cb1-8bce-303e51873e98" />
    <UnitTestResult executionId="d2b4e320-1060-4aa6-bc90-11c80fdb89ce" testId="ae8c8dee-6f8a-f075-6572-84e9c1b1be80" testName="ShowDocumentation_DoesNotThrow_WhenAutomationProviderIsCreated" computerName="JIMMELONY-707" duration="00:00:00.0002168" startTime="2026-09-19T22:22:11.3317695+01:00" endTime="2026-09-19T22:22:11.3320353+01:00" testType="13cdc9d9-ddb5-4fa4-a97d-d965ccfc6d4b" outcome="Passed" testListId="8c84fa94-04c1-424b-9868-57a2d4851a1d" relativeResultsDirectory="d2b4e320-1060-4aa6-bc90-11c80fdb89ce" />
    <UnitTestResult executionId="f0b3fffc-5c08-4fc5-9994-12aeeeac72c1" testId="39b8240d-088a-f606-d758-da5a7fcfad30" testName="Constructor_IsInvalidWhenFewerThanTwoAssignedCamerasExist" computerName="JIMMELONY-707" duration="00:00:00.0027046" startTime="2026-09-19T22:22:18.8628737+01:00" endTime="2026-09-19T22:22:18.8657730+01:00" testType="13cdc9d9-ddb5-4fa4-a97d-d965ccfc6d4b" outcome="Passed" testListId="8c84fa94-04c1-424b-9868-57a2d4851a1d" relativeResultsDirectory="f0b3fffc-5c08-4fc5-9994-12aeeeac72c1" />
    <UnitTestResult executionId="279c9ca3-ef1f-42b6-a0f5-24cb7b424962" testId="16312ddc-3b6f-0802-737f-9becf8880ff3" testName="ProfileSelector_DerivesModesAcrossAllBranches (TR3,GameFlowScript,GameFlowScript)" computerName="JIMMELONY-707" duration="00:00:00.0041338" startTime="2026-09-19T22:22:15.6049693+01:00" endTime="2026-09-19T22:22:15.6092757+01:00" testType="13cdc9d9-ddb5-4fa4-a97d-d965ccfc6d4b" outcome="Passed" testListId="8c84fa94-04c1-424b-9868-57a2d4851a1d" relativeResultsDirectory="279c9ca3-ef1f-42b6-a0f5-24cb7b424962" />
    <UnitTestResult executionId="05549f5a-f145-448c-ab01-676e8b2055fc" testId="13a47b4c-08ae-4ff4-0b61-06c2c98699ed" testName="ProfileCatalog_HasUniquePrimaryIdentitiesAndExplicitFallback (TombEngine)" computerName="JIMMELONY-707" duration="00:00:00.0051125" startTime="2026-09-19T22:22:17.5282739+01:00" endTime="2026-09-19T22:22:17.5336036+01:00" testType="13cdc9d9-ddb5-4fa4-a97d-d965ccfc6d4b" outcome="Passed" testListId="8c84fa94-04c1-424b-9868-57a2d4851a1d" relativeResultsDirectory="05549f5a-f145-448c-ab01-676e8b2055fc" />
    <UnitTestResult executionId="319cf2be-2502-454f-98ba-bfc82802e39c" testId="04910c44-8551-1870-3f68-d16833110cfd" testName="GetCameras_ReturnsOrderedSequenceSubsetAcrossRooms" computerName="JIMMELONY-707" duration="00:00:00.0058711" startTime="2026-09-19T22:22:18.8799675+01:00" endTime="2026-09-19T22:22:18.8860573+01:00" testType="13cdc9d9-ddb5-4fa4-a97d-d965ccfc6d4b" outcome="Passed" testListId="8c84fa94-04c1-424b-9868-57a2d4851a1d" relativeResultsDirectory="319cf2be-2502-454f-98ba-bfc82802e39c" />
    <UnitTestResult executionId="255689ab-675c-47b5-a808-da251b3a4772" testId="2f221d57-efda-fef4-d649-1cfa1fe755aa" testName="SampleAtTime_AfterCut_ResetsSplineFromSkippedCamera" computerName="JIMMELONY-707" duration="00:00:00.0031925" startTime="2026-09-19T22:22:18.8765689+01:00" endTime="2026-09-19T22:22:18.8799164+01:00" testType="13cdc9d9-ddb5-4fa4-a97d-d965ccfc6d4b" outcome="Passed" testListId="8c84fa94-04c1-424b-9868-57a2d4851a1d" relativeResultsDirectory="255689ab-675c-47b5-a808-da251b3a4772" />
    <UnitTestResult executionId="a6fa69e3-b0be-4487-a02e-f6b87cea5963" testId="813cb1ca-aaac-2bfe-9311-b2de533af7a9" testName="TrxLuaProfile_ComposesDistinctOutlineAndConfigurationPolicies" computerName="JIMMELONY-707" duration="00:00:00.0058304" startTime="2026-09-19T22:22:10.6819130+01:00" endTime="2026-09-19T22:22:10.6879122+01:00" testType="13cdc9d9-ddb5-4fa4-a97d-d965ccfc6d4b" outcome="Passed" testListId="8c84fa94-04c1-424b-9868-57a2d4851a1d" relativeResultsDirectory="a6fa69e3-b0be-4487-a02e-f6b87cea5963" />
    <UnitTestResult executionId="0c6bff1b-745e-45de-a96e-6e5a7ab985bb" testId="ae8d5962-cffa-d18f-1732-ba438c46013b" testName="ProfileSelector_PreservesRegistrationPriorityAndFallbackSemantics" computerName="JIMMELONY-707" duration="00:00:00.0113032" startTime="2026-09-19T22:22:15.6902871+01:00" endTime="2026-09-19T22:22:15.7017329+01:00" testType="13cdc9d9-ddb5-4fa4-a97d-d965ccfc6d4b" outcome="Passed" testListId="8c84fa94-04c1-424b-9868-57a2d4851a1d" relativeResultsDirectory="0c6bff1b-745e-45de-a96e-6e5a7ab985bb" />
    <UnitTestResult executionId="fa612f62-6269-43d0-8db1-dd2fa0bfc2fd" testId="c750c5e8-038d-e936-43eb-edec4b59fc50" testName="DeleteAsync_ExistingFile_SendsToRecycleBinAfterStampCheck" computerName="JIMMELONY-707" duration="00:00:00.0032389" startTime="2026-09-19T22:22:10.6935954+01:00" endTime="2026-09-19T22:22:10.6970621+01:00" testType="13cdc9d9-ddb5-4fa4-a97d-d965ccfc6d4b" outcome="Passed" testListId="8c84fa94-04c1-424b-9868-57a2d4851a1d" relativeResultsDirectory="fa612f62-6269-43d0-8db1-dd2fa0bfc2fd" />
    <UnitTestResult executionId="78d78c4c-8a87-414f-a0c7-a9c2d79b0dd6" testId="bff5146a-4f85-e438-feb1-be9d2a4e1d91" testName="StaleAcknowledgement_MarksConflictAndRetainsLocalText" computerName="JIMMELONY-707" duration="00:00:00.0052635" startTime="2026-09-19T22:22:17.7620003+01:00" endTime="2026-09-19T22:22:17.7673927+01:00" testType="13cdc9d9-ddb5-4fa4-a97d-d965ccfc6d4b" outcome="Passed" testListId="8c84fa94-04c1-424b-9868-57a2d4851a1d" relativeResultsDirectory="78d78c4c-8a87-414f-a0c7-a9c2d79b0dd6" />
[...]
    <TestEntry testId="a81ebc17-d304-36f5-b9ed-25794333a21a" executionId="37ec6403-0804-4993-a5c2-dfa8e917ac35" testListId="8c84fa94-04c1-424b-9868-57a2d4851a1d" />
    <TestEntry testId="e1af6e4c-68cc-3bbc-320b-9a2fe08cf4e2" executionId="e844db21-c689-4c1e-8cfe-1e3bbb1f1a55" testListId="8c84fa94-04c1-424b-9868-57a2d4851a1d" />
    <TestEntry testId="a0589e0a-a219-5328-f498-5cf58db2c8fb" executionId="fb81d6e9-5e9c-4fcf-804e-da3b09920071" testListId="8c84fa94-04c1-424b-9868-57a2d4851a1d" />
    <TestEntry testId="da5d33c5-62e5-8ab3-bc46-ea909417a4ac" executionId="1902f936-8529-498d-87d0-3508de29216c" testListId="8c84fa94-04c1-424b-9868-57a2d4851a1d" />
    <TestEntry testId="d9f9cad1-a303-7dba-060e-50a3d8f04d7f" executionId="03ab9630-ecb2-4b00-8ccd-f9cf1cbf06c9" testListId="8c84fa94-04c1-424b-9868-57a2d4851a1d" />
    <TestEntry testId="b7f8aabe-412c-8769-6269-9d3c59711938" executionId="691d8a1e-805c-4bac-a31f-822bf3b3572d" testListId="8c84fa94-04c1-424b-9868-57a2d4851a1d" />
    <TestEntry testId="63e0792c-5341-4a2e-db32-ff368e9e37b0" executionId="8cf6a05a-d946-45c4-a03a-cbf4238f0467" testListId="8c84fa94-04c1-424b-9868-57a2d4851a1d" />
    <TestEntry testId="724222b0-c382-e258-9a77-2a6bd237b1d2" executionId="63959bcc-bb4e-45fc-8a65-8a29bbb5429e" testListId="8c84fa94-04c1-424b-9868-57a2d4851a1d" />
    <TestEntry testId="8b123bd9-c346-2b5b-78a4-3348897cbdb6" executionId="8636ab92-5bdf-4366-bc96-d19f8c4cddb1" testListId="8c84fa94-04c1-424b-9868-57a2d4851a1d" />
    <TestEntry testId="06ce64df-fe3b-46f1-96a3-a5cc7d1e299a" executionId="dcd6ccf8-7d5a-42cc-bf2a-91604b26e4a5" testListId="8c84fa94-04c1-424b-9868-57a2d4851a1d" />
    <TestEntry testId="4e3cb6d8-e6a9-3db1-0a7f-95477bfcb596" executionId="f969bfeb-c7c1-499f-a713-a0720b845412" testListId="8c84fa94-04c1-424b-9868-57a2d4851a1d" />
    <TestEntry testId="313e8da1-c40d-05e7-fe14-601ebada80a2" executionId="043ae29c-cf3b-4144-98fb-eb2bc344a8d2" testListId="8c84fa94-04c1-424b-9868-57a2d4851a1d" />
    <TestEntry testId="9454c8f5-d439-160b-0a00-fee0feda0ccc" executionId="0ba20750-8731-447e-8e6e-6ae480ea944f" testListId="8c84fa94-04c1-424b-9868-57a2d4851a1d" />
    <TestEntry testId="c51578d6-5a15-47fe-7961-f1be28aa522c" executionId="e125626c-48a0-47ff-8143-0a0d66341a76" testListId="8c84fa94-04c1-424b-9868-57a2d4851a1d" />
    <TestEntry testId="3ac47954-9496-5d85-f687-fa6e3f3928ed" executionId="7d529731-39b8-43bb-a0bf-dd8ecb80d5f1" testListId="8c84fa94-04c1-424b-9868-57a2d4851a1d" />
    <TestEntry testId="2ee46eae-e910-2ebf-fd0d-1c1c11cc0101" executionId="59c5a699-c90e-4c46-a4bb-394f5bc5ec3d" testListId="8c84fa94-04c1-424b-9868-57a2d4851a1d" />
    <TestEntry testId="278c7240-fa28-a24d-1a83-43565e7a780f" executionId="2d9fd2d5-bcfb-4b90-aa69-5234b37d1ea4" testListId="8c84fa94-04c1-424b-9868-57a2d4851a1d" />
    <TestEntry testId="58f8360a-2a0b-e013-4709-98843e8ed547" executionId="388f482c-479e-4944-88f9-a0c646e7b2a7" testListId="8c84fa94-04c1-424b-9868-57a2d4851a1d" />
    <TestEntry testId="9708374a-d40a-001a-277b-2fb5d0e8e9da" executionId="781b1c9e-7ab1-4b8a-896a-c8d7c5ed0b31" testListId="8c84fa94-04c1-424b-9868-57a2d4851a1d" />
    <TestEntry testId="e5928b2c-6af4-13cd-beb8-d4caa76a3e58" executionId="c114c554-3c57-4a21-a3ea-e74b68905d1b" testListId="8c84fa94-04c1-424b-9868-57a2d4851a1d" />
    <TestEntry testId="30a7cd6b-33a6-e7bd-0089-5beb7351bbe4" executionId="72ae99d5-b0fa-46b0-96f0-40ef61c961e7" testListId="8c84fa94-04c1-424b-9868-57a2d4851a1d" />
    <TestEntry testId="38586573-1534-5c25-e2a4-5cb52bedcefe" executionId="5b1c73cb-9d03-4f1a-b49a-bc86f066363a" testListId="8c84fa94-04c1-424b-9868-57a2d4851a1d" />
    <TestEntry testId="ecced6e6-b9c5-0fc7-0220-545f18e280de" executionId="12604d4a-45bf-4f78-af67-f89b62e29b7e" testListId="8c84fa94-04c1-424b-9868-57a2d4851a1d" />
    <TestEntry testId="c8f2d630-0259-0594-c339-f16e51191141" executionId="78d4aee2-e907-49ba-a5a9-0987a1f4d44b" testListId="8c84fa94-04c1-424b-9868-57a2d4851a1d" />
    <TestEntry testId="2d055f06-adf4-ab60-df83-a1f00bead811" executionId="fe3095ca-9747-41f5-b05d-e87df86e72de" testListId="8c84fa94-04c1-424b-9868-57a2d4851a1d" />
    <TestEntry testId="78207df0-1668-ab37-9297-128ae6216a60" executionId="6168bbb9-e928-4f16-8e5b-dc3f6b06823d" testListId="8c84fa94-04c1-424b-9868-57a2d4851a1d" />
    <TestEntry testId="d972c01c-9578-d637-4b22-2de0cc29ea99" executionId="8f9b5e4a-ae0b-405f-8098-ae04f862703c" testListId="8c84fa94-04c1-424b-9868-57a2d4851a1d" />
    <TestEntry testId="aab380fd-a372-cbd3-f242-5becc34fbd6b" executionId="60f96a3c-d949-4279-b237-e9584117142b" testListId="8c84fa94-04c1-424b-9868-57a2d4851a1d" />
    <TestEntry testId="aaad1e24-5f34-338d-072f-889f6daaad53" executionId="730bd585-e1b3-46a0-b34e-88211454b0f1" testListId="8c84fa94-04c1-424b-9868-57a2d4851a1d" />
    <TestEntry testId="1a2cf114-c9e3-98b8-28c2-2c14fe267486" executionId="4491ed87-12df-4d22-8952-031c6b86a661" testListId="8c84fa94-04c1-424b-9868-57a2d4851a1d" />
    <TestEntry testId="4fc3b65a-d698-20d0-2352-240eb133ebed" executionId="98d66f7f-2ca9-4887-a6bd-c6db40d5d3a2" testListId="8c84fa94-04c1-424b-9868-57a2d4851a1d" />
    <TestEntry testId="60c3f946-2910-6d3c-2363-a66c1ba285ad" executionId="19757688-86d3-467b-94a3-96e7afc33b38" testListId="8c84fa94-04c1-424b-9868-57a2d4851a1d" />
    <TestEntry testId="13d81eb1-bdfe-727c-d8cc-51edc5fb4399" executionId="9a255097-ebb4-42ec-acdc-24cb0aafce75" testListId="8c84fa94-04c1-424b-9868-57a2d4851a1d" />
    <TestEntry testId="b87dfdc7-20e0-2f08-dedd-5953cb6652bc" executionId="f7bdb811-3777-4eb0-9292-cfc97902295a" testListId="8c84fa94-04c1-424b-9868-57a2d4851a1d" />
    <TestEntry testId="315d07c1-4566-7d8b-9855-6c07308dad32" executionId="76a0c222-cb53-486e-98e5-4269e9116e46" testListId="8c84fa94-04c1-424b-9868-57a2d4851a1d" />
    <TestEntry testId="215e5719-c8c9-97bd-e199-b65be9b85db1" executionId="7413c2ff-6962-4886-9b51-83552c50c4d8" testListId="8c84fa94-04c1-424b-9868-57a2d4851a1d" />
    <TestEntry testId="c15669fb-1f79-74b2-b1c8-e13ae8fdbcea" executionId="b2708632-c2c8-4a15-86a1-dbfe47c5141f" testListId="8c84fa94-04c1-424b-9868-57a2d4851a1d" />
    <TestEntry testId="2d713b46-2656-06a5-e286-4418c5e457fb" executionId="3472fc64-c998-40cc-a5f8-84c423ff80a5" testListId="8c84fa94-04c1-424b-9868-57a2d4851a1d" />
    <TestEntry testId="6da7ac27-bbd6-b838-2343-b9fd0bfc3713" executionId="8c593da2-10a1-4f93-9c7f-96003c2c34ff" testListId="8c84fa94-04c1-424b-9868-57a2d4851a1d" />
    <TestEntry testId="811d74ba-efdb-867e-a91c-d1d48edf099d" executionId="90584246-4842-435f-a1e6-b217d140ce15" testListId="8c84fa94-04c1-424b-9868-57a2d4851a1d" />
    <TestEntry testId="a2484f60-33a7-6c86-4906-8d1d6946429c" executionId="9cae91cf-9800-4180-a1f0-8cc8a4fc6bde" testListId="8c84fa94-04c1-424b-9868-57a2d4851a1d" />
    <TestEntry testId="05b6258e-d840-9809-87c3-eb5c1ed37303" executionId="133a603e-44cc-4c39-907c-07ca0794d04f" testListId="8c84fa94-04c1-424b-9868-57a2d4851a1d" />
    <TestEntry testId="0cc25ad3-52d4-e2c2-1919-20fae825a693" executionId="fe8b05b5-9fa5-4a93-b069-1613ee200390" testListId="8c84fa94-04c1-424b-9868-57a2d4851a1d" />
    <TestEntry testId="1a51ba9d-adfc-b9a0-e104-50559cc52902" executionId="ea892380-864b-4665-a58a-aa8b68ca626f" testListId="8c84fa94-04c1-424b-9868-57a2d4851a1d" />
    <TestEntry testId="f50f8171-c1e9-4a67-d7dc-226b8df5410a" executionId="e3b5a667-93fb-4c4e-9117-1c1b16b89025" testListId="8c84fa94-04c1-424b-9868-57a2d4851a1d" />
    <TestEntry testId="97495ddc-ffab-01f7-3218-fb60e1e59721" executionId="c39768cc-ccca-4f26-8b70-2c86f9247f72" testListId="8c84fa94-04c1-424b-9868-57a2d4851a1d" />
    <TestEntry testId="a5ff2668-4e50-a754-c586-ea2d0d268133" executionId="dc8566c5-5c36-40c4-bf29-e239965df3d4" testListId="8c84fa94-04c1-424b-9868-57a2d4851a1d" />
    <TestEntry testId="3befe5db-e405-e8ed-4f68-4bdd67f9ffad" executionId="9890195c-f44d-47e9-b3a6-c537241527fb" testListId="8c84fa94-04c1-424b-9868-57a2d4851a1d" />
    <TestEntry testId="4f537373-190e-4b9c-5b5b-2a9f055b960e" executionId="774082d2-c2fb-4662-8641-24f21e9bb7c5" testListId="8c84fa94-04c1-424b-9868-57a2d4851a1d" />
    <TestEntry testId="b650cc6b-557b-b166-afb1-e8d62635ee22" executionId="7c0cfc57-7bce-4067-a606-163491f23f3c" testListId="8c84fa94-04c1-424b-9868-57a2d4851a1d" />
    <TestEntry testId="38c17dc5-169a-f3ab-5a00-9c86be2bcbb8" executionId="41a59feb-edd5-4f7c-8cea-996be2a66293" testListId="8c84fa94-04c1-424b-9868-57a2d4851a1d" />
    <TestEntry testId="233b9907-3c66-285b-a466-544b4a9e92ab" executionId="8d9025fb-5ee5-4e29-a04c-7cabdaec1d8e" testListId="8c84fa94-04c1-424b-9868-57a2d4851a1d" />
    <TestEntry testId="3a89f569-7d4a-defc-4772-8796c096f234" executionId="bbdddf45-021f-4fef-8a02-39e180ff2101" testListId="8c84fa94-04c1-424b-9868-57a2d4851a1d" />
    <TestEntry testId="985189a3-a8a4-d2ae-c0d0-a2d46e8b8dcc" executionId="0911bffa-b4c6-4628-b16a-d72757b71ad2" testListId="8c84fa94-04c1-424b-9868-57a2d4851a1d" />
    <TestEntry testId="91ecea9b-45f2-c6f6-6bc5-3d7a0c69b575" executionId="d05e6aef-770d-4c84-9238-8ffe2caa2d51" testListId="8c84fa94-04c1-424b-9868-57a2d4851a1d" />
    <TestEntry testId="6c5d118a-7c40-34c8-3e41-69059534a7e7" executionId="ce336843-1c0c-4345-8a49-a139a76667ea" testListId="8c84fa94-04c1-424b-9868-57a2d4851a1d" />
    <TestEntry testId="a98b095c-31c9-aa47-855a-c2ea97af69b1" executionId="44ab42e2-e04e-4f1f-ba03-03e534f05658" testListId="8c84fa94-04c1-424b-9868-57a2d4851a1d" />
    <TestEntry testId="9446addf-ec57-be32-8f76-7a34401e62fb" executionId="5639337d-2f1f-45eb-bdcc-ca327c1f2421" testListId="8c84fa94-04c1-424b-9868-57a2d4851a1d" />
    <TestEntry testId="c0a28fb4-565f-4f2d-b3c9-1aeeb7e9aa05" executionId="f642305a-c4ca-477b-a9cd-e20ffd454a9b" testListId="8c84fa94-04c1-424b-9868-57a2d4851a1d" />
    <TestEntry testId="91265e8f-dd5e-774d-967c-ed7626216eaa" executionId="1a5108fa-01ec-436a-90ec-783a8312067e" testListId="8c84fa94-04c1-424b-9868-57a2d4851a1d" />
    <TestEntry testId="812c08cf-dc28-b097-68df-0c9246e46449" executionId="064aec31-109f-49a3-b781-228ddf07b537" testListId="8c84fa94-04c1-424b-9868-57a2d4851a1d" />
    <TestEntry testId="f111500a-acb3-28cd-91a2-dd6cbe96e524" executionId="36209e3e-1a8c-4e28-9ba1-bad6ddb651ba" testListId="8c84fa94-04c1-424b-9868-57a2d4851a1d" />
    <TestEntry testId="2c8492f5-37d6-d98d-10c2-fc62336be602" executionId="54b7ba42-d3bf-4d90-96c0-f5eb50b5104e" testListId="8c84fa94-04c1-424b-9868-57a2d4851a1d" />
    <TestEntry testId="fe68fc04-d5da-f2f0-8863-5866b5e88b4f" executionId="9b84f31f-2cd0-4427-ac94-b65de8596ba0" testListId="8c84fa94-04c1-424b-9868-57a2d4851a1d" />
    <TestEntry testId="d9824c9b-94bc-5471-9cc2-017f2d5721e3" executionId="a49b050d-6887-4553-a040-0dca9084bd9b" testListId="8c84fa94-04c1-424b-9868-57a2d4851a1d" />
    <TestEntry testId="d8183fa2-c868-c4a9-6434-e06430e73cb0" executionId="ebce4df7-56d4-4c5f-b624-ac889074359d" testListId="8c84fa94-04c1-424b-9868-57a2d4851a1d" />
    <TestEntry testId="f91f3df2-da4d-363f-7a17-d4f53d555ea0" executionId="548aab67-ccd3-48e6-860b-b2eca7b608ec" testListId="8c84fa94-04c1-424b-9868-57a2d4851a1d" />
    <TestEntry testId="43698197-efbc-a760-3604-c578d2d9b1bc" executionId="f2dd6dc8-6cc5-4b8e-9254-765124ddbc38" testListId="8c84fa94-04c1-424b-9868-57a2d4851a1d" />
    <TestEntry testId="8f5b25af-f2e2-c440-bf79-9dd8c4f07f85" executionId="cd8c665e-1339-4948-9c18-7538a7b7dd9a" testListId="8c84fa94-04c1-424b-9868-57a2d4851a1d" />
    <TestEntry testId="8214f887-557f-ef77-218d-dc546aa9f91b" executionId="b581a893-aaa2-4c93-9061-47d9eee97bca" testListId="8c84fa94-04c1-424b-9868-57a2d4851a1d" />
    <TestEntry testId="1d87ea5c-bc87-87ee-5731-d5909ca9cbfe" executionId="82f99250-860c-4701-a5fd-c0e9c3a3ce12" testListId="8c84fa94-04c1-424b-9868-57a2d4851a1d" />
    <TestEntry testId="926e248d-ce8c-20e7-50bf-cc4a5f665a48" executionId="44317ed2-c157-4f0a-9365-2d47e38c9824" testListId="8c84fa94-04c1-424b-9868-57a2d4851a1d" />
    <TestEntry testId="91176117-6b0b-f9cb-3e4f-ddd2e503fb97" executionId="9d4c9a81-c43d-4a55-bcbf-a2bc322292bf" testListId="8c84fa94-04c1-424b-9868-57a2d4851a1d" />
    <TestEntry testId="9f3b5a09-2ad5-a2da-37e8-747443b8b481" executionId="188d9fd5-4718-4035-ab03-ef5239a208b1" testListId="8c84fa94-04c1-424b-9868-57a2d4851a1d" />
    <TestEntry testId="bcfcddf0-abc2-ba99-dbb8-0e28294dd0a6" executionId="425ee866-37ad-4311-ba4b-c11a7d87cc40" testListId="8c84fa94-04c1-424b-9868-57a2d4851a1d" />
    <TestEntry testId="5125cbc9-3c71-0b38-015b-9c477af066f0" executionId="8d013286-97a5-448a-a4d1-01bc1ca68c9f" testListId="8c84fa94-04c1-424b-9868-57a2d4851a1d" />
    <TestEntry testId="dd49e4e2-5a8c-3f9e-752f-faecb98f42a7" executionId="9a711c86-b442-4574-b35d-e18c74e307df" testListId="8c84fa94-04c1-424b-9868-57a2d4851a1d" />
    <TestEntry testId="5f30f581-5c22-501f-fcb5-caefe51216f1" executionId="fd509476-24da-487b-8182-9620c742048f" testListId="8c84fa94-04c1-424b-9868-57a2d4851a1d" />
    <TestEntry testId="52a1fe57-5ea3-303a-e6ea-447d696ace1f" executionId="6ac6abda-6f3f-4965-9711-5f2608fc5524" testListId="8c84fa94-04c1-424b-9868-57a2d4851a1d" />
    <TestEntry testId="de1bf283-cda8-8f46-9844-12a2f1171303" executionId="6c87efa6-6f3c-4127-9302-5d3ee448121e" testListId="8c84fa94-04c1-424b-9868-57a2d4851a1d" />
    <TestEntry testId="f15eaa00-3623-b373-a6e8-96c7bcb98164" executionId="2c822051-b796-4851-95ed-1272c6be6bde" testListId="8c84fa94-04c1-424b-9868-57a2d4851a1d" />
    <TestEntry testId="22cef845-a1f7-4c33-fa0b-40f9c491f6bf" executionId="4378a54a-1377-42c1-a1b3-b5df60e59f4b" testListId="8c84fa94-04c1-424b-9868-57a2d4851a1d" />
    <TestEntry testId="6baaedd8-fed8-4c68-68e8-f780b9cf3f52" executionId="6c33802a-aebf-4f7d-9bea-260486f1a943" testListId="8c84fa94-04c1-424b-9868-57a2d4851a1d" />
    <TestEntry testId="9a82063c-eb13-454d-ceb5-a7b7eca10b2b" executionId="c1c93b70-e79d-469f-8c48-ad0fe4c992b0" testListId="8c84fa94-04c1-424b-9868-57a2d4851a1d" />
    <TestEntry testId="68da3f04-d5ba-a458-d6d4-8535dfa1f5bb" executionId="41a8a2da-eb22-49ae-80ae-c5c8bdbc13d5" testListId="8c84fa94-04c1-424b-9868-57a2d4851a1d" />
    <TestEntry testId="4d1f3826-f261-c598-cb99-bd9a494146e9" executionId="ded9f488-48af-4c68-86f2-e6a9d6f5f66f" testListId="8c84fa94-04c1-424b-9868-57a2d4851a1d" />
    <TestEntry testId="15b3e78b-e376-42d1-0e2e-c71274f38ddd" executionId="e4c25460-7152-4344-acf4-c1fdcd9e07e7" testListId="8c84fa94-04c1-424b-9868-57a2d4851a1d" />
    <TestEntry testId="bf5d03b4-f332-2383-5110-f80c9c5cf25f" executionId="522b041f-2666-4346-886a-8072c3636f82" testListId="8c84fa94-04c1-424b-9868-57a2d4851a1d" />
    <TestEntry testId="63a76338-2b32-dcd3-a73b-e426a7a5a11f" executionId="d2f3daa0-088c-4a5b-9b1a-b195be5b1a5b" testListId="8c84fa94-04c1-424b-9868-57a2d4851a1d" />
    <TestEntry testId="28c1e60b-da6f-0662-974d-e93b2a9e27fb" executionId="ccabdeeb-2a72-45d0-a64d-61ec246d1e29" testListId="8c84fa94-04c1-424b-9868-57a2d4851a1d" />
    <TestEntry testId="82721451-23ce-2901-d394-155acbae55dd" executionId="41115c3b-f19d-4fde-8eb4-e0ed04811d8e" testListId="8c84fa94-04c1-424b-9868-57a2d4851a1d" />
    <TestEntry testId="1cf0b738-e827-6c64-604f-55bdf0e46949" executionId="49224b42-3910-4647-904a-0dc88be07c97" testListId="8c84fa94-04c1-424b-9868-57a2d4851a1d" />
    <TestEntry testId="6caa73d0-b269-7f68-95cd-4b0003bb06b9" executionId="79b85eed-aae9-4d44-a39d-0ce4744c3378" testListId="8c84fa94-04c1-424b-9868-57a2d4851a1d" />
    <TestEntry testId="daa727cf-169d-5c86-83dc-0d72f81ba661" executionId="dd5e3e51-475a-42f2-b685-3bdd203761ec" testListId="8c84fa94-04c1-424b-9868-57a2d4851a1d" />
    <TestEntry testId="210d4e95-7281-85b7-46cb-f0f85207612e" executionId="830ed04e-94b0-4d05-ad8a-b75393e94b98" testListId="8c84fa94-04c1-424b-9868-57a2d4851a1d" />
    <TestEntry testId="c2df637f-9af2-7eef-25b0-353ac5a73f15" executionId="66d112df-933a-45ed-b9be-2e4f8ce30a83" testListId="8c84fa94-04c1-424b-9868-57a2d4851a1d" />
    <TestEntry testId="c48bede7-8962-6309-011c-244200da51d3" executionId="06621376-9b12-43fc-abee-61c378ee9acf" testListId="8c84fa94-04c1-424b-9868-57a2d4851a1d" />
    <TestEntry testId="7377a2e0-dbcd-5793-6e24-eaf38db057a8" executionId="6879da90-2b8e-4e42-a3ca-00f31d4e877d" testListId="8c84fa94-04c1-424b-9868-57a2d4851a1d" />
    <TestEntry testId="9a59f5c7-68e8-e512-05f6-0ba6e143c9ed" executionId="a1b3ff52-5950-4812-83b0-a9c2316de9f2" testListId="8c84fa94-04c1-424b-9868-57a2d4851a1d" />
    <TestEntry testId="5b964ec6-040c-80ad-5a79-e03b4ee134d0" executionId="5041e932-9176-46db-8f80-f4383810c219" testListId="8c84fa94-04c1-424b-9868-57a2d4851a1d" />
    <TestEntry testId="1e7b14aa-371f-6d66-115b-b17d6457d532" executionId="fa4245e9-3a64-4e8a-9ee9-533e34574146" testListId="8c84fa94-04c1-424b-9868-57a2d4851a1d" />
    <TestEntry testId="c2b8b7c2-95da-4276-bdea-c95da755e9ea" executionId="448aaefd-e5c1-49ac-894d-e17ffb5dba22" testListId="8c84fa94-04c1-424b-9868-57a2d4851a1d" />
    <TestEntry testId="0c32d07b-fd25-fc22-284d-aaea75d04994" executionId="09df45c4-3d27-4ff7-b0f0-c58234ac97ed" testListId="8c84fa94-04c1-424b-9868-57a2d4851a1d" />
    <TestEntry testId="d1be1ebc-108c-9d60-83dc-9695f5d3a4b4" executionId="4a9722ee-95bd-41e2-8621-e464132bd1fb" testListId="8c84fa94-04c1-424b-9868-57a2d4851a1d" />
    <TestEntry testId="b0e8129c-bf4b-5174-10eb-4ec0e7b93db6" executionId="e3775c43-da29-49ff-a697-400ec4d3afbc" testListId="8c84fa94-04c1-424b-9868-57a2d4851a1d" />
    <TestEntry testId="01b3a1a0-c911-8e63-4ba0-19d207db59a2" executionId="1c1e7443-7415-4164-a4c7-a7ccc5c3e4e1" testListId="8c84fa94-04c1-424b-9868-57a2d4851a1d" />
    <TestEntry testId="ab4d334d-5a97-85a1-6b49-075ad80f9f87" executionId="bc1f31fc-89e0-43f3-85c5-9b0916e4b267" testListId="8c84fa94-04c1-424b-9868-57a2d4851a1d" />
    <TestEntry testId="dff710bb-4e31-920a-0ff0-4d9fafd0bd47" executionId="e44a6ec0-8d40-4c24-a612-38d6675d3423" testListId="8c84fa94-04c1-424b-9868-57a2d4851a1d" />
    <TestEntry testId="7f11f7ca-b3a7-33a0-2252-f9660640ba06" executionId="edfd10e2-d975-4866-84d2-518d89a151d1" testListId="8c84fa94-04c1-424b-9868-57a2d4851a1d" />
    <TestEntry testId="c3a25ddc-871d-fd87-cd0d-35a6fb1ed1ae" executionId="2db87bae-2692-45c0-8411-37758a4540d1" testListId="8c84fa94-04c1-424b-9868-57a2d4851a1d" />
    <TestEntry testId="8c6d2cb8-6ba3-3d09-c8ce-d2d07c229b13" executionId="9916075e-31ee-4764-a19c-53ec59dee55d" testListId="8c84fa94-04c1-424b-9868-57a2d4851a1d" />
    <TestEntry testId="dd499f6a-b073-f875-6873-f4ee8c2c863d" executionId="c667792b-cb76-4f22-9847-393601cba18c" testListId="8c84fa94-04c1-424b-9868-57a2d4851a1d" />
    <TestEntry testId="8a2e30ff-0f9b-97af-15b3-2b7d6c61b022" executionId="42fb296a-7050-428a-bd31-8eec7b8cdd5c" testListId="8c84fa94-04c1-424b-9868-57a2d4851a1d" />
    <TestEntry testId="8d07b3c0-d10e-1b89-74c8-22343022edee" executionId="d598d7df-f6cb-410d-a15b-46f201210da8" testListId="8c84fa94-04c1-424b-9868-57a2d4851a1d" />
    <TestEntry testId="7700bef2-db69-93ed-3cf8-1b8af9299cbf" executionId="55428c97-e500-4362-800f-e6b5ec0229aa" testListId="8c84fa94-04c1-424b-9868-57a2d4851a1d" />
    <TestEntry testId="40aeaf2f-1cc5-b8d6-4cbc-2ca29392c090" executionId="396353a7-7e31-47d8-a0f7-113d893bed63" testListId="8c84fa94-04c1-424b-9868-57a2d4851a1d" />
    <TestEntry testId="d7599cb0-0aa3-fd3e-1ca9-2afd237e852d" executionId="30891cbc-2457-4f75-ae78-8b4989534b1b" testListId="8c84fa94-04c1-424b-9868-57a2d4851a1d" />
  </TestEntries>
  <TestLists>
    <TestList name="Results Not in a List" id="8c84fa94-04c1-424b-9868-57a2d4851a1d" />
    <TestList name="All Loaded Results" id="19431567-8539-422a-85d7-44ee4e166bda" />
  </TestLists>
  <ResultSummary outcome="Completed">
    <Counters total="367" executed="367" passed="367" failed="0" error="0" timeout="0" aborted="0" inconclusive="0" passedButRunAborted="0" notRunnable="0" notExecuted="0" disconnected="0" warning="0" completed="0" inProgress="0" pending="0" />
  </ResultSummary>
</TestRun>