<?xml version="1.0" encoding="utf-8"?>
<TestRun id="c43be1c8-d404-4e0d-831e-f940d50afbbb" name="Nicke@JIMMELONY-707 2026-09-19 19:05:34" runUser="JIMMELONY-707\Nicke" xmlns="http://microsoft.com/schemas/VisualStudio/TeamTest/2010">
  <Times creation="2026-09-19T19:05:34.5987456+01:00" queuing="2026-09-19T19:05:34.5987460+01:00" start="2026-09-19T19:05:33.7124720+01:00" finish="2026-09-19T19:05:44.5301486+01:00" />
  <TestSettings name="default" id="fb105bcd-ecab-4640-b9c5-e561b27efe99">
    <Deployment runDeploymentRoot="Nicke_JIMMELONY-707_2026-09-19_19_05_34" />
  </TestSettings>
  <Results>
    <UnitTestResult executionId="da407aea-9936-4777-b37f-c76a900d50ac" testId="04910c44-8551-1870-3f68-d16833110cfd" testName="GetCameras_ReturnsOrderedSequenceSubsetAcrossRooms" computerName="JIMMELONY-707" duration="00:00:00.0064069" startTime="2026-09-19T19:05:43.4618069+01:00" endTime="2026-09-19T19:05:43.4684093+01:00" testType="13cdc9d9-ddb5-4fa4-a97d-d965ccfc6d4b" outcome="Passed" testListId="8c84fa94-04c1-424b-9868-57a2d4851a1d" relativeResultsDirectory="da407aea-9936-4777-b37f-c76a900d50ac" />
    <UnitTestResult executionId="a5554dfe-45d7-4bdf-8eed-bf39110ca791" testId="a5ff2668-4e50-a754-c586-ea2d0d268133" testName="Build_AddsFreezeDurationToLaterCameraTimes" computerName="JIMMELONY-707" duration="00:00:00.0017762" startTime="2026-09-19T19:05:43.4856354+01:00" endTime="2026-09-19T19:05:43.4874724+01:00" testType="13cdc9d9-ddb5-4fa4-a97d-d965ccfc6d4b" outcome="Passed" testListId="8c84fa94-04c1-424b-9868-57a2d4851a1d" relativeResultsDirectory="a5554dfe-45d7-4bdf-8eed-bf39110ca791" />
    <UnitTestResult executionId="7a40458a-6219-4293-852b-a59dd4f310b8" testId="68789fbf-3035-e08e-416f-fa9d62d9b82d" testName="FileExplorerViewModel_WithNullDialogService_ThrowsArgumentNullException" computerName="JIMMELONY-707" duration="00:00:00.0013054" startTime="2026-09-19T19:05:42.4703010+01:00" endTime="2026-09-19T19:05:42.4716990+01:00" testType="13cdc9d9-ddb5-4fa4-a97d-d965ccfc6d4b" outcome="Passed" testListId="8c84fa94-04c1-424b-9868-57a2d4851a1d" relativeResultsDirectory="7a40458a-6219-4293-852b-a59dd4f310b8" />
    <UnitTestResult executionId="cc4c8367-5269-4e27-b6f7-a981244fe1a5" testId="7700bef2-db69-93ed-3cf8-1b8af9299cbf" testName="ContentReader_GetStrings_HandlesLastSection" computerName="JIMMELONY-707" duration="00:00:00.0000606" startTime="2026-09-19T19:05:42.1582635+01:00" endTime="2026-09-19T19:05:42.1583548+01:00" testType="13cdc9d9-ddb5-4fa4-a97d-d965ccfc6d4b" outcome="Passed" testListId="8c84fa94-04c1-424b-9868-57a2d4851a1d" relativeResultsDirectory="cc4c8367-5269-4e27-b6f7-a981244fe1a5" />
    <UnitTestResult executionId="d8e907bd-dedf-447c-b348-e44e09f3b200" testId="e5ea5087-ac46-5733-50bd-868e34a6751c" testName="WorkspaceCommandService_RenameForwardsRequestToLanguageServerProvider" computerName="JIMMELONY-707" duration="00:00:00.0111853" startTime="2026-09-19T19:05:35.3304728+01:00" endTime="2026-09-19T19:05:35.3418034+01:00" testType="13cdc9d9-ddb5-4fa4-a97d-d965ccfc6d4b" outcome="Passed" testListId="8c84fa94-04c1-424b-9868-57a2d4851a1d" relativeResultsDirectory="d8e907bd-dedf-447c-b348-e44e09f3b200" />
    <UnitTestResult executionId="b5750822-f063-4b7e-bad3-b587f95e8411" testId="23d8203f-d94b-c5f1-bbf4-c88f76b3e34c" testName="Build_ReturnsEmptyTimingForEmptySequence" computerName="JIMMELONY-707" duration="00:00:00.0002452" startTime="2026-09-19T19:05:43.4851725+01:00" endTime="2026-09-19T19:05:43.4856079+01:00" testType="13cdc9d9-ddb5-4fa4-a97d-d965ccfc6d4b" outcome="Passed" testListId="8c84fa94-04c1-424b-9868-57a2d4851a1d" relativeResultsDirectory="b5750822-f063-4b7e-bad3-b587f95e8411" />
    <UnitTestResult executionId="7b9b1296-fc1b-43ce-a7b3-ff24a8c437a6" testId="3a549f5b-bfc3-3030-3dbf-7852d857911b" testName="Resolve_MetacharacterMatchText_IsMatchedLiterally" computerName="JIMMELONY-707" duration="00:00:00.0001744" startTime="2026-09-19T19:05:42.1551117+01:00" endTime="2026-09-19T19:05:42.1553618+01:00" testType="13cdc9d9-ddb5-4fa4-a97d-d965ccfc6d4b" outcome="Passed" testListId="8c84fa94-04c1-424b-9868-57a2d4851a1d" relativeResultsDirectory="7b9b1296-fc1b-43ce-a7b3-ff24a8c437a6" />
    <UnitTestResult executionId="8be6a131-fb82-48c7-a790-8dd536ad7c4c" testId="172927f7-ea18-4ff6-08a4-f31352ee9550" testName="DocumentCommandSurfaceProvider_ClonesItemsForEachRequest" computerName="JIMMELONY-707" duration="00:00:00.0000721" startTime="2026-09-19T19:05:42.3331187+01:00" endTime="2026-09-19T19:05:42.3332224+01:00" testType="13cdc9d9-ddb5-4fa4-a97d-d965ccfc6d4b" outcome="Passed" testListId="8c84fa94-04c1-424b-9868-57a2d4851a1d" relativeResultsDirectory="8be6a131-fb82-48c7-a790-8dd536ad7c4c" />
    <UnitTestResult executionId="49182ba4-9580-4871-8652-9ed2f237f1f8" testId="9708374a-d40a-001a-277b-2fb5d0e8e9da" testName="CreateEditor_ExplicitEditorTypeUsesMatchingRegistrationBeforeDefault" computerName="JIMMELONY-707" duration="00:00:00.0001906" startTime="2026-09-19T19:05:34.7503405+01:00" endTime="2026-09-19T19:05:34.7505634+01:00" testType="13cdc9d9-ddb5-4fa4-a97d-d965ccfc6d4b" outcome="Passed" testListId="8c84fa94-04c1-424b-9868-57a2d4851a1d" relativeResultsDirectory="49182ba4-9580-4871-8652-9ed2f237f1f8" />
    <UnitTestResult executionId="d6d97d94-8351-4442-bc18-3ece8337db22" testId="8a281f11-3356-0dc8-e7b4-2eaedc4ccb7b" testName="ToolBarService_CommandInvoked_RelaysClickedCommand" computerName="JIMMELONY-707" duration="00:00:00.0188483" startTime="2026-09-19T19:05:34.3269579+01:00" endTime="2026-09-19T19:05:34.3459337+01:00" testType="13cdc9d9-ddb5-4fa4-a97d-d965ccfc6d4b" outcome="Passed" testListId="8c84fa94-04c1-424b-9868-57a2d4851a1d" relativeResultsDirectory="d6d97d94-8351-4442-bc18-3ece8337db22" />
    <UnitTestResult executionId="309136ba-bee2-4f48-a6e7-9a385f4b290f" testId="06832a37-c2e6-a8be-6b1e-01fc60edb6bb" testName="ShellDispose_DisposesChildScopeOnce" computerName="JIMMELONY-707" duration="00:00:00.0713609" startTime="2026-09-19T19:05:35.5420789+01:00" endTime="2026-09-19T19:05:35.6135775+01:00" testType="13cdc9d9-ddb5-4fa4-a97d-d965ccfc6d4b" outcome="Passed" testListId="8c84fa94-04c1-424b-9868-57a2d4851a1d" relativeResultsDirectory="309136ba-bee2-4f48-a6e7-9a385f4b290f" />
    <UnitTestResult executionId="8538421d-cf82-464e-a966-88ffbbd4cfeb" testId="c461dba8-3edc-4d73-c363-9497d8d9c7d1" testName="InactiveClassicScriptDiagnosticsCompletion_DoesNotReplaceActivePane" computerName="JIMMELONY-707" duration="00:00:00.1772087" startTime="2026-09-19T19:05:35.9030138+01:00" endTime="2026-09-19T19:05:36.0804134+01:00" testType="13cdc9d9-ddb5-4fa4-a97d-d965ccfc6d4b" outcome="Passed" testListId="8c84fa94-04c1-424b-9868-57a2d4851a1d" relativeResultsDirectory="8538421d-cf82-464e-a966-88ffbbd4cfeb" />
    <UnitTestResult executionId="1f063ec6-7824-41bc-bd55-483306296b9b" testId="b6422651-f435-ebf5-dfc4-4fb57e917071" testName="ClosedEditor_AndDisposedCoordinator_IsCollectibleWhileEditorRemainsRooted" computerName="JIMMELONY-707" duration="00:00:00.0476837" startTime="2026-09-19T19:05:38.3287889+01:00" endTime="2026-09-19T19:05:38.3766367+01:00" testType="13cdc9d9-ddb5-4fa4-a97d-d965ccfc6d4b" outcome="Passed" testListId="8c84fa94-04c1-424b-9868-57a2d4851a1d" relativeResultsDirectory="1f063ec6-7824-41bc-bd55-483306296b9b" />
    <UnitTestResult executionId="5772f818-ff57-4c49-8643-aa6b5154251d" testId="766d8c8a-d6f9-4db4-8266-6f88a63953c9" testName="Apply_NoOpEdit_CompletesWithoutAChangeSet" computerName="JIMMELONY-707" duration="00:00:00.0047683" startTime="2026-09-19T19:05:42.4313390+01:00" endTime="2026-09-19T19:05:42.4362139+01:00" testType="13cdc9d9-ddb5-4fa4-a97d-d965ccfc6d4b" outcome="Passed" testListId="8c84fa94-04c1-424b-9868-57a2d4851a1d" relativeResultsDirectory="5772f818-ff57-4c49-8643-aa6b5154251d" />
    <UnitTestResult executionId="b55f06e8-6537-45d5-b847-d4aa2eab67d1" testId="e0708bca-ec89-4baa-c3d8-a680a7db392c" testName="Constructor_WithNullMessenger_ThrowsArgumentNullException" computerName="JIMMELONY-707" duration="00:00:00.0024334" startTime="2026-09-19T19:05:35.5301011+01:00" endTime="2026-09-19T19:05:35.5326717+01:00" testType="13cdc9d9-ddb5-4fa4-a97d-d965ccfc6d4b" outcome="Passed" testListId="8c84fa94-04c1-424b-9868-57a2d4851a1d" relativeResultsDirectory="b55f06e8-6537-45d5-b847-d4aa2eab67d1" />
    <UnitTestResult executionId="922e4bb8-cd47-4141-9853-a2bc55d428e3" testId="a81ebc17-d304-36f5-b9ed-25794333a21a" testName="TryExecuteCommand_NewFile_ReturnsTrueAndRefreshesUi" computerName="JIMMELONY-707" duration="00:00:00.0106117" startTime="2026-09-19T19:05:42.6168620+01:00" endTime="2026-09-19T19:05:42.6275938+01:00" testType="13cdc9d9-ddb5-4fa4-a97d-d965ccfc6d4b" outcome="Passed" testListId="8c84fa94-04c1-424b-9868-57a2d4851a1d" relativeResultsDirectory="922e4bb8-cd47-4141-9853-a2bc55d428e3" />
    <UnitTestResult executionId="e3a9e086-e1fa-4f29-9e9c-3cf628693e7c" testId="85322294-3d59-fbde-653b-3cbcaefd7064" testName="Detach_StopsRoutingFurtherOpenAndRenameEvents" computerName="JIMMELONY-707" duration="00:00:00.0192387" startTime="2026-09-19T19:05:34.8460900+01:00" endTime="2026-09-19T19:05:34.8655663+01:00" testType="13cdc9d9-ddb5-4fa4-a97d-d965ccfc6d4b" outcome="Passed" testListId="8c84fa94-04c1-424b-9868-57a2d4851a1d" relativeResultsDirectory="e3a9e086-e1fa-4f29-9e9c-3cf628693e7c" />
    <UnitTestResult executionId="299ee7f0-31b4-46bc-bc84-ae02304d65ce" testId="813cb1ca-aaac-2bfe-9311-b2de533af7a9" testName="TrxLuaProfile_ComposesDistinctOutlineAndConfigurationPolicies" computerName="JIMMELONY-707" duration="00:00:00.0052834" startTime="2026-09-19T19:05:35.4722823+01:00" endTime="2026-09-19T19:05:35.4777244+01:00" testType="13cdc9d9-ddb5-4fa4-a97d-d965ccfc6d4b" outcome="Passed" testListId="8c84fa94-04c1-424b-9868-57a2d4851a1d" relativeResultsDirectory="299ee7f0-31b4-46bc-bc84-ae02304d65ce" />
    <UnitTestResult executionId="3fbbd795-4e5e-4f31-97ef-0b05213440f1" testId="3c070214-01ee-2aad-2567-ae5f2db6d3c7" testName="Registration_RequiresExplicitContributions" computerName="JIMMELONY-707" duration="00:00:00.0006500" startTime="2026-09-19T19:05:34.7697753+01:00" endTime="2026-09-19T19:05:34.7705627+01:00" testType="13cdc9d9-ddb5-4fa4-a97d-d965ccfc6d4b" outcome="Passed" testListId="8c84fa94-04c1-424b-9868-57a2d4851a1d" relativeResultsDirectory="3fbbd795-4e5e-4f31-97ef-0b05213440f1" />
    <UnitTestResult executionId="9878cbe7-cedd-41fd-a8e0-e514e5dfec65" testId="cf3ccb6e-5854-0254-203e-f6a5c20eada8" testName="Constructor_WithNullDependency_ThrowsArgumentNullException (PaneHostService)" computerName="JIMMELONY-707" duration="00:00:00.0054529" startTime="2026-09-19T19:05:42.6937302+01:00" endTime="2026-09-19T19:05:42.6993946+01:00" testType="13cdc9d9-ddb5-4fa4-a97d-d965ccfc6d4b" outcome="Passed" testListId="8c84fa94-04c1-424b-9868-57a2d4851a1d" relativeResultsDirectory="9878cbe7-cedd-41fd-a8e0-e514e5dfec65" />
    <UnitTestResult executionId="8add8d70-c29c-4914-b069-a467dc56fd39" testId="b035798e-d0f1-b928-6b89-0dbcb185a259" testName="TextEditorBase_Load_UsesLoadedContentAndCleanBaseline" computerName="JIMMELONY-707" duration="00:00:00.0121775" startTime="2026-09-19T19:05:37.7505432+01:00" endTime="2026-09-19T19:05:37.7628828+01:00" testType="13cdc9d9-ddb5-4fa4-a97d-d965ccfc6d4b" outcome="Passed" testListId="8c84fa94-04c1-424b-9868-57a2d4851a1d" relativeResultsDirectory="8add8d70-c29c-4914-b069-a467dc56fd39" />
    <UnitTestResult executionId="c4c2c297-1283-47c8-b548-4eb54a6d17bd" testId="3b6356a2-4da3-440d-d8ac-f4a03c742884" testName="ProfileSelector_UsesPrimaryProviderForSupportedGameVersion (TR4,ClassicScript,ClassicScript)" computerName="JIMMELONY-707" duration="00:00:00.0597176" startTime="2026-09-19T19:05:35.3436090+01:00" endTime="2026-09-19T19:05:35.4055859+01:00" testType="13cdc9d9-ddb5-4fa4-a97d-d965ccfc6d4b" outcome="Passed" testListId="8c84fa94-04c1-424b-9868-57a2d4851a1d" relativeResultsDirectory="c4c2c297-1283-47c8-b548-4eb54a6d17bd" />
    <UnitTestResult executionId="7925324e-0561-4679-a4a2-032e9ca4c5c9" testId="d6a9dd77-a44a-43bf-3ca9-786d2a76e00f" testName="Constructor_WithNullWorkbenchService_ThrowsArgumentNullException" computerName="JIMMELONY-707" duration="00:00:00.0027489" startTime="2026-09-19T19:05:35.5362131+01:00" endTime="2026-09-19T19:05:35.5391699+01:00" testType="13cdc9d9-ddb5-4fa4-a97d-d965ccfc6d4b" outcome="Passed" testListId="8c84fa94-04c1-424b-9868-57a2d4851a1d" relativeResultsDirectory="7925324e-0561-4679-a4a2-032e9ca4c5c9" />
    <UnitTestResult executionId="5e8c91a9-72e9-4baf-b534-9e5389d27bbd" testId="d4bb19c1-38b0-f96c-3234-275e6a20d1f6" testName="ProfileSelector_DerivesModesAcrossAllBranches (TR4,ClassicScript,ClassicScript)" computerName="JIMMELONY-707" duration="00:00:00.0040538" startTime="2026-09-19T19:05:40.2581677+01:00" endTime="2026-09-19T19:05:40.2624262+01:00" testType="13cdc9d9-ddb5-4fa4-a97d-d965ccfc6d4b" outcome="Passed" testListId="8c84fa94-04c1-424b-9868-57a2d4851a1d" relativeResultsDirectory="5e8c91a9-72e9-4baf-b534-9e5389d27bbd" />
    <UnitTestResult executionId="3841fedd-1fb0-4a56-81c2-a579580498f3" testId="1e7b14aa-371f-6d66-115b-b17d6457d532" testName="Constructor_WithNullDependency_ThrowsArgumentNullException (ShowCompilerLogsAfterBuild)" computerName="JIMMELONY-707" duration="00:00:00.0051702" startTime="2026-09-19T19:05:42.7421134+01:00" endTime="2026-09-19T19:05:42.7475251+01:00" testType="13cdc9d9-ddb5-4fa4-a97d-d965ccfc6d4b" outcome="Passed" testListId="8c84fa94-04c1-424b-9868-57a2d4851a1d" relativeResultsDirectory="3841fedd-1fb0-4a56-81c2-a579580498f3" />
    <UnitTestResult executionId="e30d6ce6-b1d6-4868-8599-b41c57467168" testId="106a7e90-52d6-416a-a740-7c7acd6b3c01" testName="LuaHostServices_WithNullIntellisenseBridge_ThrowsArgumentNullException" computerName="JIMMELONY-707" duration="00:00:00.0008866" startTime="2026-09-19T19:05:42.8090525+01:00" endTime="2026-09-19T19:05:42.8099983+01:00" testType="13cdc9d9-ddb5-4fa4-a97d-d965ccfc6d4b" outcome="Passed" testListId="8c84fa94-04c1-424b-9868-57a2d4851a1d" relativeResultsDirectory="e30d6ce6-b1d6-4868-8599-b41c57467168" />
    <UnitTestResult executionId="21ace67e-4b95-4f1b-8217-d660e0dc4534" testId="9ae5c693-a411-da85-f774-5bd364a9df04" testName="DisposingWorkbench_CancelsReferenceRequestBeforeLateCompletion" computerName="JIMMELONY-707" duration="00:00:00.0195186" startTime="2026-09-19T19:05:42.0364536+01:00" endTime="2026-09-19T19:05:42.0560766+01:00" testType="13cdc9d9-ddb5-4fa4-a97d-d965ccfc6d4b" outcome="Passed" testListId="8c84fa94-04c1-424b-9868-57a2d4851a1d" relativeResultsDirectory="21ace67e-4b95-4f1b-8217-d660e0dc4534" />
    <UnitTestResult executionId="854386eb-60d2-4aea-a043-e9d08e827a44" testId="ddc84378-c17d-75c4-d970-9b8709054155" testName="RefreshWhilePending_MarksConflictAndRetainsGridModel" computerName="JIMMELONY-707" duration="00:00:00.0062508" startTime="2026-09-19T19:05:42.1969457+01:00" endTime="2026-09-19T19:05:42.2033217+01:00" testType="13cdc9d9-ddb5-4fa4-a97d-d965ccfc6d4b" outcome="Passed" testListId="8c84fa94-04c1-424b-9868-57a2d4851a1d" relativeResultsDirectory="854386eb-60d2-4aea-a043-e9d08e827a44" />
    <UnitTestResult executionId="612369be-0664-42a6-a843-dc80c8c08b3a" testId="5125cbc9-3c71-0b38-015b-9c477af066f0" testName="ContentReader_GetParsedLine_RemovesTrailingComment" computerName="JIMMELONY-707" duration="00:00:00.0000383" startTime="2026-09-19T19:05:42.1585727+01:00" endTime="2026-09-19T19:05:42.1586411+01:00" testType="13cdc9d9-ddb5-4fa4-a97d-d965ccfc6d4b" outcome="Passed" testListId="8c84fa94-04c1-424b-9868-57a2d4851a1d" relativeResultsDirectory="612369be-0664-42a6-a843-dc80c8c08b3a" />
    <UnitTestResult executionId="cb763118-ce0d-45ee-a6e1-10f0c36c8b32" testId="3befe5db-e405-e8ed-4f68-4bdd67f9ffad" testName="CloseAndReopen_UsesOneProviderReferencePerEditor" computerName="JIMMELONY-707" duration="00:00:00.0100119" startTime="2026-09-19T19:05:34.8810086+01:00" endTime="2026-09-19T19:05:34.8911446+01:00" testType="13cdc9d9-ddb5-4fa4-a97d-d965ccfc6d4b" outcome="Passed" testListId="8c84fa94-04c1-424b-9868-57a2d4851a1d" relativeResultsDirectory="cb763118-ce0d-45ee-a6e1-10f0c36c8b32" />
    <UnitTestResult executionId="c8ea90eb-aa64-4f14-b581-a2450fa58647" testId="215e5719-c8c9-97bd-e199-b65be9b85db1" testName="ControllerOpen_AttachFailureLeavesNoRegisteredEditor" computerName="JIMMELONY-707" duration="00:00:00.0058109" startTime="2026-09-19T19:05:42.9769826+01:00" endTime="2026-09-19T19:05:42.9829476+01:00" testType="13cdc9d9-ddb5-4fa4-a97d-d965ccfc6d4b" outcome="Passed" testListId="8c84fa94-04c1-424b-9868-57a2d4851a1d" relativeResultsDirectory="c8ea90eb-aa64-4f14-b581-a2450fa58647" />
    <UnitTestResult executionId="d7b8b638-156f-4099-ac02-430ccd2da1bb" testId="a2484f60-33a7-6c86-4906-8d1d6946429c" testName="AcknowledgeApply_ClearsPendingStateAndAdvancesCanonicalView" computerName="JIMMELONY-707" duration="00:00:00.0071691" startTime="2026-09-19T19:05:42.1896041+01:00" endTime="2026-09-19T19:05:42.1968881+01:00" testType="13cdc9d9-ddb5-4fa4-a97d-d965ccfc6d4b" outcome="Passed" testListId="8c84fa94-04c1-424b-9868-57a2d4851a1d" relativeResultsDirectory="d7b8b638-156f-4099-ac02-430ccd2da1bb" />
    <UnitTestResult executionId="d9864140-8d18-44c1-ac8c-014aead7e9ea" testId="58d34432-6930-ae4a-7822-d97ba779615f" testName="ActiveReferenceProviderFailure_LeavesReferencesPaneInTerminalState" computerName="JIMMELONY-707" duration="00:00:00.0477975" startTime="2026-09-19T19:05:36.5117038+01:00" endTime="2026-09-19T19:05:36.5597914+01:00" testType="13cdc9d9-ddb5-4fa4-a97d-d965ccfc6d4b" outcome="Passed" testListId="8c84fa94-04c1-424b-9868-57a2d4851a1d" relativeResultsDirectory="d9864140-8d18-44c1-ac8c-014aead7e9ea" />
    <UnitTestResult executionId="194384a7-a57b-4d5c-81d2-787bdb5f4e76" testId="cff1e8e5-5616-c9ac-c981-9a22cfee2ba7" testName="LuaActivationVisibility_IsLimitedToSupportedPrimaryWorkspaces (ClassicScript,True)" computerName="JIMMELONY-707" duration="00:00:00.0199421" startTime="2026-09-19T19:05:42.0674180+01:00" endTime="2026-09-19T19:05:42.0877629+01:00" testType="13cdc9d9-ddb5-4fa4-a97d-d965ccfc6d4b" outcome="Passed" testListId="8c84fa94-04c1-424b-9868-57a2d4851a1d" relativeResultsDirectory="194384a7-a57b-4d5c-81d2-787bdb5f4e76" />
    <UnitTestResult executionId="0c277846-d35d-4db8-92ed-89995c872dbd" testId="4f6eb2aa-5167-0817-e3fc-64f453e9bb44" testName="Apply_RestoresCapturedSelectionAfterAllTargetsApply" computerName="JIMMELONY-707" duration="00:00:00.0070071" startTime="2026-09-19T19:05:42.4362578+01:00" endTime="2026-09-19T19:05:42.4433737+01:00" testType="13cdc9d9-ddb5-4fa4-a97d-d965ccfc6d4b" outcome="Passed" testListId="8c84fa94-04c1-424b-9868-57a2d4851a1d" relativeResultsDirectory="0c277846-d35d-4db8-92ed-89995c872dbd" />
    <UnitTestResult executionId="9afcd317-d940-4f11-beba-6c6329febe03" testId="a0bba5a4-53f6-9219-bf1b-d9e7246c9252" testName="Delete_BlocksViewsUntilStoreDeletionThenClosesThem" computerName="JIMMELONY-707" duration="00:00:00.0047541" startTime="2026-09-19T19:05:42.8701293+01:00" endTime="2026-09-19T19:05:42.8749898+01:00" testType="13cdc9d9-ddb5-4fa4-a97d-d965ccfc6d4b" outcome="Passed" testListId="8c84fa94-04c1-424b-9868-57a2d4851a1d" relativeResultsDirectory="9afcd317-d940-4f11-beba-6c6329febe03" />
    <UnitTestResult executionId="b85c0426-a786-485a-b58e-9a39d990430f" testId="46ea72ce-4a27-5ba2-1d3c-732e4f258d2a" testName="OpenWithView_OpensUnloadedViewBeforeRegistration" computerName="JIMMELONY-707" duration="00:00:00.0033835" startTime="2026-09-19T19:05:42.8389772+01:00" endTime="2026-09-19T19:05:42.8426677+01:00" testType="13cdc9d9-ddb5-4fa4-a97d-d965ccfc6d4b" outcome="Passed" testListId="8c84fa94-04c1-424b-9868-57a2d4851a1d" relativeResultsDirectory="b85c0426-a786-485a-b58e-9a39d990430f" />
    <UnitTestResult executionId="f93859d8-a493-499e-93b4-cf2fb96d15f2" testId="55edae2f-eb68-0f55-d868-b143a02038dd" testName="Constructor_RegistersExpectedMessageHandlers" computerName="JIMMELONY-707" duration="00:00:00.0001372" startTime="2026-09-19T19:05:36.1220862+01:00" endTime="2026-09-19T19:05:36.1222768+01:00" testType="13cdc9d9-ddb5-4fa4-a97d-d965ccfc6d4b" outcome="Passed" testListId="8c84fa94-04c1-424b-9868-57a2d4851a1d" relativeResultsDirectory="f93859d8-a493-499e-93b4-cf2fb96d15f2" />
    <UnitTestResult executionId="76fb4af3-c98a-4bdc-9ca4-a2330583dd27" testId="a2f06a89-4e8d-ea5b-e3f5-2c41053cf1ef" testName="OpenWithView_RejectsLoadedPendingAndAlreadyRegisteredViews" computerName="JIMMELONY-707" duration="00:00:00.0012940" startTime="2026-09-19T19:05:42.8427190+01:00" endTime="2026-09-19T19:05:42.8441270+01:00" testType="13cdc9d9-ddb5-4fa4-a97d-d965ccfc6d4b" outcome="Passed" testListId="8c84fa94-04c1-424b-9868-57a2d4851a1d" relativeResultsDirectory="76fb4af3-c98a-4bdc-9ca4-a2330583dd27" />
    <UnitTestResult executionId="b4af1814-1d81-48f1-97b7-65383c254dbb" testId="d972c01c-9578-d637-4b22-2de0cc29ea99" testName="TrxLuaProfile_CreatesPrimaryAndLuaEditorsWithMatchingDocumentModes" computerName="JIMMELONY-707" duration="00:00:00.0151058" startTime="2026-09-19T19:05:35.4568382+01:00" endTime="2026-09-19T19:05:35.4722058+01:00" testType="13cdc9d9-ddb5-4fa4-a97d-d965ccfc6d4b" outcome="Passed" testListId="8c84fa94-04c1-424b-9868-57a2d4851a1d" relativeResultsDirectory="b4af1814-1d81-48f1-97b7-65383c254dbb" />
    <UnitTestResult executionId="6899597f-b454-4d82-b6b9-7a5c6eae95ed" testId="18b7e40b-9bf7-4adf-8abf-30b5cdb5beee" testName="CapabilitiesChanged_RefreshesShellUntilDetached" computerName="JIMMELONY-707" duration="00:00:00.0021906" startTime="2026-09-19T19:05:34.9209600+01:00" endTime="2026-09-19T19:05:34.9232319+01:00" testType="13cdc9d9-ddb5-4fa4-a97d-d965ccfc6d4b" outcome="Passed" testListId="8c84fa94-04c1-424b-9868-57a2d4851a1d" relativeResultsDirectory="6899597f-b454-4d82-b6b9-7a5c6eae95ed" />
    <UnitTestResult executionId="595eb342-a13c-464b-b8b3-52da249fb6d0" testId="d7052b58-2fd9-2833-5e26-aff65b58b53e" testName="Apply_UsesDeterministicTargetOrder" computerName="JIMMELONY-707" duration="00:00:00.0056476" startTime="2026-09-19T19:05:42.3962899+01:00" endTime="2026-09-19T19:05:42.4020523+01:00" testType="13cdc9d9-ddb5-4fa4-a97d-d965ccfc6d4b" outcome="Passed" testListId="8c84fa94-04c1-424b-9868-57a2d4851a1d" relativeResultsDirectory="595eb342-a13c-464b-b8b3-52da249fb6d0" />
    <UnitTestResult executionId="09152867-5ec8-4061-a53d-d686268b3f66" testId="3a89f569-7d4a-defc-4772-8796c096f234" testName="DocumentOutlineViewModel_WithNullLocalizationService_ThrowsArgumentNullException" computerName="JIMMELONY-707" duration="00:00:00.0014312" startTime="2026-09-19T19:05:42.4670603+01:00" endTime="2026-09-19T19:05:42.4685991+01:00" testType="13cdc9d9-ddb5-4fa4-a97d-d965ccfc6d4b" outcome="Passed" testListId="8c84fa94-04c1-424b-9868-57a2d4851a1d" relativeResultsDirectory="09152867-5ec8-4061-a53d-d686268b3f66" />
    <UnitTestResult executionId="98a2ad54-8600-4805-850f-de9fc60c1816" testId="4071fb10-95eb-0e77-f25d-f4f237fd3bec" testName="Detach_StopsDispatchingStatusEvents" computerName="JIMMELONY-707" duration="00:00:00.0022854" startTime="2026-09-19T19:05:34.9165609+01:00" endTime="2026-09-19T19:05:34.9189656+01:00" testType="13cdc9d9-ddb5-4fa4-a97d-d965ccfc6d4b" outcome="Passed" testListId="8c84fa94-04c1-424b-9868-57a2d4851a1d" relativeResultsDirectory="98a2ad54-8600-4805-850f-de9fc60c1816" />
    <UnitTestResult executionId="11c65108-0dd1-4987-a933-30327f1ff3af" testId="ab4d334d-5a97-85a1-6b49-075ad80f9f87" testName="RapidLuaPrimaryLuaTransition_RejectsLateReferenceResultForReactivatedEditor" computerName="JIMMELONY-707" duration="00:00:00.1900370" startTime="2026-09-19T19:05:41.5905810+01:00" endTime="2026-09-19T19:05:41.7808164+01:00" testType="13cdc9d9-ddb5-4fa4-a97d-d965ccfc6d4b" outcome="Passed" testListId="8c84fa94-04c1-424b-9868-57a2d4851a1d" relativeResultsDirectory="11c65108-0dd1-4987-a933-30327f1ff3af" />
    <UnitTestResult executionId="f5dc25d6-c676-4f7d-a9da-e3ef0c67be23" testId="036fb564-3fd3-e2bb-54de-cca67cfde5c3" testName="PaneVisibilityStateService_TogglePaneVisibility_TogglesState" computerName="JIMMELONY-707" duration="00:00:00.0069860" startTime="2026-09-19T19:05:34.6090703+01:00" endTime="2026-09-19T19:05:34.6161832+01:00" testType="13cdc9d9-ddb5-4fa4-a97d-d965ccfc6d4b" outcome="Passed" testListId="8c84fa94-04c1-424b-9868-57a2d4851a1d" relativeResultsDirectory="f5dc25d6-c676-4f7d-a9da-e3ef0c67be23" />
    <UnitTestResult executionId="349bbea3-318c-4554-8a0e-38af83b178a4" testId="20f88503-80ac-3c93-967a-fe9ff625bc49" testName="Constructor_WithNullLanguageServices_ThrowsArgumentNullException" computerName="JIMMELONY-707" duration="00:00:00.0022510" startTime="2026-09-19T19:05:42.8170243+01:00" endTime="2026-09-19T19:05:42.8193644+01:00" testType="13cdc9d9-ddb5-4fa4-a97d-d965ccfc6d4b" outcome="Passed" testListId="8c84fa94-04c1-424b-9868-57a2d4851a1d" relativeResultsDirectory="349bbea3-318c-4554-8a0e-38af83b178a4" />
    <UnitTestResult executionId="49e5fbde-08b9-4ca2-9859-728d2f175f73" testId="3733a306-bd2d-14f1-bde4-29fa70047542" testName="FromDegrees_ClampsInvalidFieldOfViewIntoPreviewRange" computerName="JIMMELONY-707" duration="00:00:00.0001076" startTime="2026-09-19T19:05:43.4491035+01:00" endTime="2026-09-19T19:05:43.4492915+01:00" testType="13cdc9d9-ddb5-4fa4-a97d-d965ccfc6d4b" outcome="Passed" testListId="8c84fa94-04c1-424b-9868-57a2d4851a1d" relativeResultsDirectory="49e5fbde-08b9-4ca2-9859-728d2f175f73" />
    <UnitTestResult executionId="595161be-8e46-49bc-b381-302d4a15dddd" testId="e7ba108e-1551-bbea-435e-f698acacad60" testName="ProfileSelector_DerivesModesAcrossAllBranches (TR3,GameFlowScript,GameFlowScript,False)" computerName="JIMMELONY-707" duration="00:00:00.0066412" startTime="2026-09-19T19:05:40.2883462+01:00" endTime="2026-09-19T19:05:40.2952263+01:00" testType="13cdc9d9-ddb5-4fa4-a97d-d965ccfc6d4b" outcome="Passed" testListId="8c84fa94-04c1-424b-9868-57a2d4851a1d" relativeResultsDirectory="595161be-8e46-49bc-b381-302d4a15dddd" />
    <UnitTestResult executionId="3f4eeeab-2826-41d1-9724-25e4509c5353" testId="82721451-23ce-2901-d394-155acbae55dd" testName="ProfileSelector_DerivesModesAcrossAllBranches (TR2,GameFlowScript,GameFlowScript)" computerName="JIMMELONY-707" duration="00:00:00.0044813" startTime="2026-09-19T19:05:40.2478523+01:00" endTime="2026-09-19T19:05:40.2526005+01:00" testType="13cdc9d9-ddb5-4fa4-a97d-d965ccfc6d4b" outcome="Passed" testListId="8c84fa94-04c1-424b-9868-57a2d4851a1d" relativeResultsDirectory="3f4eeeab-2826-41d1-9724-25e4509c5353" />
    <UnitTestResult executionId="1e158e59-6a2b-4649-a33b-46db68bcd436" testId="263e351d-2d09-3928-1bd5-335357e37464" testName="WorkbenchDispose_DetachesDocumentControllerEvents" computerName="JIMMELONY-707" duration="00:00:00.0191732" startTime="2026-09-19T19:05:40.3775404+01:00" endTime="2026-09-19T19:05:40.3968440+01:00" testType="13cdc9d9-ddb5-4fa4-a97d-d965ccfc6d4b" outcome="Passed" testListId="8c84fa94-04c1-424b-9868-57a2d4851a1d" relativeResultsDirectory="1e158e59-6a2b-4649-a33b-46db68bcd436" />
    <UnitTestResult executionId="5bf4036b-84a9-48d0-b02a-d94592281007" testId="78207df0-1668-ab37-9297-128ae6216a60" testName="DiagnosticsSubscription_DetachesWhenContextLeavesTextEditor" computerName="JIMMELONY-707" duration="00:00:00.1637846" startTime="2026-09-19T19:05:39.6580424+01:00" endTime="2026-09-19T19:05:39.8219949+01:00" testType="13cdc9d9-ddb5-4fa4-a97d-d965ccfc6d4b" outcome="Passed" testListId="8c84fa94-04c1-424b-9868-57a2d4851a1d" relativeResultsDirectory="5bf4036b-84a9-48d0-b02a-d94592281007" />
    <UnitTestResult executionId="023d7831-ecce-4021-ac84-698e269f5f4f" testId="d1be1ebc-108c-9d60-83dc-9695f5d3a4b4" testName="NoDocumentTransition_ClearsDiagnosticsAndReferencesWithoutReplacingPanes" computerName="JIMMELONY-707" duration="00:00:00.1675891" startTime="2026-09-19T19:05:41.4216821+01:00" endTime="2026-09-19T19:05:41.5894232+01:00" testType="13cdc9d9-ddb5-4fa4-a97d-d965ccfc6d4b" outcome="Passed" testListId="8c84fa94-04c1-424b-9868-57a2d4851a1d" relativeResultsDirectory="023d7831-ecce-4021-ac84-698e269f5f4f" />
    <UnitTestResult executionId="8340258d-e8a9-4f6d-bab8-3d8f2dc913dd" testId="fe90dd2c-c373-7bbe-a6a6-155c4930bb79" testName="Constructor_WithNullDependency_ThrowsArgumentNullException (Messenger)" computerName="JIMMELONY-707" duration="00:00:00.0055826" startTime="2026-09-19T19:05:42.6406277+01:00" endTime="2026-09-19T19:05:42.6465605+01:00" testType="13cdc9d9-ddb5-4fa4-a97d-d965ccfc6d4b" outcome="Passed" testListId="8c84fa94-04c1-424b-9868-57a2d4851a1d" relativeResultsDirectory="8340258d-e8a9-4f6d-bab8-3d8f2dc913dd" />
    <UnitTestResult executionId="5208eede-19ab-4efa-9151-8f508a8102dd" testId="c6af348c-2bb5-1626-2ade-5a92f35e0eb7" testName="MissingSettingsFile_UsesLuaDisabledDefaults" computerName="JIMMELONY-707" duration="00:00:00.0009583" startTime="2026-09-19T19:05:42.1237989+01:00" endTime="2026-09-19T19:05:42.1249226+01:00" testType="13cdc9d9-ddb5-4fa4-a97d-d965ccfc6d4b" outcome="Passed" testListId="8c84fa94-04c1-424b-9868-57a2d4851a1d" relativeResultsDirectory="5208eede-19ab-4efa-9151-8f508a8102dd" />
    <UnitTestResult executionId="50f78442-6ae8-488c-a955-7b0989467a62" testId="9fa12a69-293b-d2b5-8887-a737f599c19b" testName="ProfileCatalog_HasUniquePrimaryIdentitiesAndExplicitFallback (TR1)" computerName="JIMMELONY-707" duration="00:00:00.0036483" startTime="2026-09-19T19:05:42.1095087+01:00" endTime="2026-09-19T19:05:42.1133209+01:00" testType="13cdc9d9-ddb5-4fa4-a97d-d965ccfc6d4b" outcome="Passed" testListId="8c84fa94-04c1-424b-9868-57a2d4851a1d" relativeResultsDirectory="50f78442-6ae8-488c-a955-7b0989467a62" />
    <UnitTestResult executionId="8f1ef9d5-3b59-4da5-9a70-7459e7911312" testId="a5f57448-d0c8-7b0c-f08c-fc73a20f016c" testName="EditorControlContract_DoesNotOwnDiagnosticsState" computerName="JIMMELONY-707" duration="00:00:00.0002893" startTime="2026-09-19T19:05:42.1227312+01:00" endTime="2026-09-19T19:05:42.1231096+01:00" testType="13cdc9d9-ddb5-4fa4-a97d-d965ccfc6d4b" outcome="Passed" testListId="8c84fa94-04c1-424b-9868-57a2d4851a1d" relativeResultsDirectory="8f1ef9d5-3b59-4da5-9a70-7459e7911312" />
    <UnitTestResult executionId="7948d46e-7416-4cca-a285-bfb972dacf57" testId="dda42b6c-453d-15fd-145c-e40fabdbe293" testName="ClassicScriptFileTransition_LateInactiveDiagnosticsCannotReplaceActiveFile" computerName="JIMMELONY-707" duration="00:00:00.3218252" startTime="2026-09-19T19:05:40.6098371+01:00" endTime="2026-09-19T19:05:40.9317966+01:00" testType="13cdc9d9-ddb5-4fa4-a97d-d965ccfc6d4b" outcome="Passed" testListId="8c84fa94-04c1-424b-9868-57a2d4851a1d" relativeResultsDirectory="7948d46e-7416-4cca-a285-bfb972dacf57" />
    <UnitTestResult executionId="b15e546f-8098-40ea-80ce-533c7152366c" testId="b8905318-6780-6ba2-12a9-a7776afea092" testName="ToolBarService_UpdateCommandEnabledStates_DelegatesToCanExecute" computerName="JIMMELONY-707" duration="00:00:00.0034446" startTime="2026-09-19T19:05:34.3498967+01:00" endTime="2026-09-19T19:05:34.3535058+01:00" testType="13cdc9d9-ddb5-4fa4-a97d-d965ccfc6d4b" outcome="Passed" testListId="8c84fa94-04c1-424b-9868-57a2d4851a1d" relativeResultsDirectory="b15e546f-8098-40ea-80ce-533c7152366c" />
    <UnitTestResult executionId="868e0345-db3b-4ac9-a6b0-fb082c64977b" testId="cf39024b-4cf2-c6af-8c93-ac1f0a9796bb" testName="FileExplorerDocumentSync_RoutesExternalObservationsThroughController" computerName="JIMMELONY-707" duration="00:00:00.0017725" startTime="2026-09-19T19:05:40.3352699+01:00" endTime="2026-09-19T19:05:40.3372594+01:00" testType="13cdc9d9-ddb5-4fa4-a97d-d965ccfc6d4b" outcome="Passed" testListId="8c84fa94-04c1-424b-9868-57a2d4851a1d" relativeResultsDirectory="868e0345-db3b-4ac9-a6b0-fb082c64977b" />
    <UnitTestResult executionId="bd72102d-80bc-42c7-b44a-321e2a827529" testId="21e68b79-70bf-4282-1022-ed2b2c7b7fa9" testName="TypedDocumentCommandSurfaceProvider_ReturnsExpectedRepresentativeContributions" computerName="JIMMELONY-707" duration="00:00:00.0006488" startTime="2026-09-19T19:05:42.3311140+01:00" endTime="2026-09-19T19:05:42.3318714+01:00" testType="13cdc9d9-ddb5-4fa4-a97d-d965ccfc6d4b" outcome="Passed" testListId="8c84fa94-04c1-424b-9868-57a2d4851a1d" relativeResultsDirectory="bd72102d-80bc-42c7-b44a-321e2a827529" />
    <UnitTestResult executionId="b3e57a2f-c214-4f32-beec-4499bce09bb8" testId="c88bec00-24e1-73b5-4f37-9f9ec9b9a1d4" testName="ProfileSelector_DerivesModesAcrossAllBranches (TR2,GameFlowScript,GameFlowScript,False)" computerName="JIMMELONY-707" duration="00:00:00.0044205" startTime="2026-09-19T19:05:40.2836060+01:00" endTime="2026-09-19T19:05:40.2882944+01:00" testType="13cdc9d9-ddb5-4fa4-a97d-d965ccfc6d4b" outcome="Passed" testListId="8c84fa94-04c1-424b-9868-57a2d4851a1d" relativeResultsDirectory="b3e57a2f-c214-4f32-beec-4499bce09bb8" />
    <UnitTestResult executionId="f45cec4b-2c9e-4185-ad12-f447225142b0" testId="8f5ca6ec-8ae7-4e8f-d5cf-d22e30b6f9e9" testName="Registration_PlainTextFallbackHasExplicitIdentity" computerName="JIMMELONY-707" duration="00:00:00.0001153" startTime="2026-09-19T19:05:34.7706299+01:00" endTime="2026-09-19T19:05:34.7708135+01:00" testType="13cdc9d9-ddb5-4fa4-a97d-d965ccfc6d4b" outcome="Passed" testListId="8c84fa94-04c1-424b-9868-57a2d4851a1d" relativeResultsDirectory="f45cec4b-2c9e-4185-ad12-f447225142b0" />
    <UnitTestResult executionId="02e071ec-86e7-4094-a0b5-ff19ca9d0eb3" testId="24e24ff6-0138-8bc4-b279-d470ffcb31c6" testName="ClosedEditor_IgnoresLateContentPublicationBeforeCoordinatorDisposal" computerName="JIMMELONY-707" duration="00:00:00.0034676" startTime="2026-09-19T19:05:38.3926214+01:00" endTime="2026-09-19T19:05:38.3962453+01:00" testType="13cdc9d9-ddb5-4fa4-a97d-d965ccfc6d4b" outcome="Passed" testListId="8c84fa94-04c1-424b-9868-57a2d4851a1d" relativeResultsDirectory="02e071ec-86e7-4094-a0b5-ff19ca9d0eb3" />
    <UnitTestResult executionId="de6962b9-7fa9-4f5e-9b6c-33aa6c9540ba" testId="e264d030-b09e-92f8-338f-a16f3bc1e432" testName="Dispose_UnregistersAllMessageHandlers" computerName="JIMMELONY-707" duration="00:00:00.0010357" startTime="2026-09-19T19:05:36.1222916+01:00" endTime="2026-09-19T19:05:36.1233687+01:00" testType="13cdc9d9-ddb5-4fa4-a97d-d965ccfc6d4b" outcome="Passed" testListId="8c84fa94-04c1-424b-9868-57a2d4851a1d" relativeResultsDirectory="de6962b9-7fa9-4f5e-9b6c-33aa6c9540ba" />
    <UnitTestResult executionId="075dd2c9-6bd4-462b-8557-5739a230ce3f" testId="e291652d-78e6-486d-b072-2cf2851a2803" testName="BeginExternalUpdate_AtEndOfSequenceMarksPreviewFinished" computerName="JIMMELONY-707" duration="00:00:00.0140143" startTime="2026-09-19T19:05:43.4329500+01:00" endTime="2026-09-19T19:05:43.4470783+01:00" testType="13cdc9d9-ddb5-4fa4-a97d-d965ccfc6d4b" outcome="Passed" testListId="8c84fa94-04c1-424b-9868-57a2d4851a1d" relativeResultsDirectory="075dd2c9-6bd4-462b-8557-5739a230ce3f" />
    <UnitTestResult executionId="182650a1-1d4c-490a-b864-b9861c89868d" testId="3d87385e-a44b-30d0-74a3-2174585a0f0e" testName="Constructor_WithNullDependency_ThrowsArgumentNullException (UseNewIncludeMethod)" computerName="JIMMELONY-707" duration="00:00:00.0051248" startTime="2026-09-19T19:05:42.7475897+01:00" endTime="2026-09-19T19:05:42.7529860+01:00" testType="13cdc9d9-ddb5-4fa4-a97d-d965ccfc6d4b" outcome="Passed" testListId="8c84fa94-04c1-424b-9868-57a2d4851a1d" relativeResultsDirectory="182650a1-1d4c-490a-b864-b9861c89868d" />
    <UnitTestResult executionId="ec3a51a1-7570-444e-babf-8b5d66dcee46" testId="4e56a235-b355-94d5-792d-55c775015ac1" testName="TrxProfile_WithoutLua_KeepsPrimaryOnlyCapabilityMatrix" computerName="JIMMELONY-707" duration="00:00:00.0057031" startTime="2026-09-19T19:05:35.4224362+01:00" endTime="2026-09-19T19:05:35.4282934+01:00" testType="13cdc9d9-ddb5-4fa4-a97d-d965ccfc6d4b" outcome="Passed" testListId="8c84fa94-04c1-424b-9868-57a2d4851a1d" relativeResultsDirectory="ec3a51a1-7570-444e-babf-8b5d66dcee46" />
    <UnitTestResult executionId="ca20c7d7-aabb-4b8d-b7e6-ae3041d5a911" testId="c2b8b7c2-95da-4276-bdea-c95da755e9ea" testName="RenameDialogFailure_IsReportedOnce" computerName="JIMMELONY-707" duration="00:00:00.0247057" startTime="2026-09-19T19:05:36.6212135+01:00" endTime="2026-09-19T19:05:36.6460682+01:00" testType="13cdc9d9-ddb5-4fa4-a97d-d965ccfc6d4b" outcome="Passed" testListId="8c84fa94-04c1-424b-9868-57a2d4851a1d" relativeResultsDirectory="ca20c7d7-aabb-4b8d-b7e6-ae3041d5a911" />
    <UnitTestResult executionId="0b09b973-eed4-4790-adc8-a654defb8913" testId="e43b5e86-d8c0-4bbc-2a6f-7e09bd394d36" testName="ApplyEditorSettings_ClassicScriptWorkspace_AppliesConfigurationForEachRegistration" computerName="JIMMELONY-707" duration="00:00:00.2045277" startTime="2026-09-19T19:05:36.1240540+01:00" endTime="2026-09-19T19:05:36.3286590+01:00" testType="13cdc9d9-ddb5-4fa4-a97d-d965ccfc6d4b" outcome="Passed" testListId="8c84fa94-04c1-424b-9868-57a2d4851a1d" relativeResultsDirectory="0b09b973-eed4-4790-adc8-a654defb8913" />
    <UnitTestResult executionId="0bde73ac-02a4-4772-87ef-6941239a967f" testId="d7599cb0-0aa3-fd3e-1ca9-2afd237e852d" testName="CurrentDocumentContext_TracksRegistrationAndMonotonicTransitions" computerName="JIMMELONY-707" duration="00:00:00.0214738" startTime="2026-09-19T19:05:34.7124090+01:00" endTime="2026-09-19T19:05:34.7341550+01:00" testType="13cdc9d9-ddb5-4fa4-a97d-d965ccfc6d4b" outcome="Passed" testListId="8c84fa94-04c1-424b-9868-57a2d4851a1d" relativeResultsDirectory="0bde73ac-02a4-4772-87ef-6941239a967f" />
    <UnitTestResult executionId="046a9ada-3827-4c09-838f-4065fbd5bcd9" testId="f3e73187-7f61-b38f-8eaf-0a1c47bc3dce" testName="Constructor_WithNullDependency_ThrowsArgumentNullException (FileSyncService)" computerName="JIMMELONY-707" duration="00:00:00.0041674" startTime="2026-09-19T19:05:42.7714544+01:00" endTime="2026-09-19T19:05:42.7757619+01:00" testType="13cdc9d9-ddb5-4fa4-a97d-d965ccfc6d4b" outcome="Passed" testListId="8c84fa94-04c1-424b-9868-57a2d4851a1d" relativeResultsDirectory="046a9ada-3827-4c09-838f-4065fbd5bcd9" />
    <UnitTestResult executionId="684541e0-27e8-4244-9b45-022d6f00c466" testId="43698197-efbc-a760-3604-c578d2d9b1bc" testName="GetSourceViewEditorType_UsesTextRegistrationAndFallsBackToDefault" computerName="JIMMELONY-707" duration="00:00:00.0003809" startTime="2026-09-19T19:05:34.7505772+01:00" endTime="2026-09-19T19:05:34.7509900+01:00" testType="13cdc9d9-ddb5-4fa4-a97d-d965ccfc6d4b" outcome="Passed" testListId="8c84fa94-04c1-424b-9868-57a2d4851a1d" relativeResultsDirectory="684541e0-27e8-4244-9b45-022d6f00c466" />
    <UnitTestResult executionId="a45ba0fb-84a5-4189-a75a-75ff3a1737c2" testId="f50f8171-c1e9-4a67-d7dc-226b8df5410a" testName="NewlyOpenedNeutralEditor_RetainsExistingSettings" computerName="JIMMELONY-707" duration="00:00:00.0199279" startTime="2026-09-19T19:05:39.6378686+01:00" endTime="2026-09-19T19:05:39.6579544+01:00" testType="13cdc9d9-ddb5-4fa4-a97d-d965ccfc6d4b" outcome="Passed" testListId="8c84fa94-04c1-424b-9868-57a2d4851a1d" relativeResultsDirectory="a45ba0fb-84a5-4189-a75a-75ff3a1737c2" />
    <UnitTestResult executionId="e0ba23e8-79c9-4251-bcaf-df6ce9098d5c" testId="06ce64df-fe3b-46f1-96a3-a5cc7d1e299a" testName="OpenMalformedCanonicalSource_FailsWithoutOpeningView" computerName="JIMMELONY-707" duration="00:00:00.0065591" startTime="2026-09-19T19:05:42.2033778+01:00" endTime="2026-09-19T19:05:42.2100588+01:00" testType="13cdc9d9-ddb5-4fa4-a97d-d965ccfc6d4b" outcome="Passed" testListId="8c84fa94-04c1-424b-9868-57a2d4851a1d" relativeResultsDirectory="e0ba23e8-79c9-4251-bcaf-df6ce9098d5c" />
    <UnitTestResult executionId="8d451c44-dfd9-4e3f-82e6-855ea134abb7" testId="7c4fb297-f0e4-ecf0-a1a2-77b835702677" testName="PlainTextEditor_ConstructsAndEditsWithoutWorkspaceIntegrationTypes" computerName="JIMMELONY-707" duration="00:00:00.0044572" startTime="2026-09-19T19:05:42.3764562+01:00" endTime="2026-09-19T19:05:42.3810296+01:00" testType="13cdc9d9-ddb5-4fa4-a97d-d965ccfc6d4b" outcome="Passed" testListId="8c84fa94-04c1-424b-9868-57a2d4851a1d" relativeResultsDirectory="8d451c44-dfd9-4e3f-82e6-855ea134abb7" />
    <UnitTestResult executionId="fa41448b-9254-4517-b1f5-e7d0a188993e" testId="1a51ba9d-adfc-b9a0-e104-50559cc52902" testName="WorkbenchDispose_IsIdempotentAndLeavesInjectedLuaServicesToOwner" computerName="JIMMELONY-707" duration="00:00:00.0164212" startTime="2026-09-19T19:05:40.3400001+01:00" endTime="2026-09-19T19:05:40.3565189+01:00" testType="13cdc9d9-ddb5-4fa4-a97d-d965ccfc6d4b" outcome="Passed" testListId="8c84fa94-04c1-424b-9868-57a2d4851a1d" relativeResultsDirectory="fa41448b-9254-4517-b1f5-e7d0a188993e" />
    <UnitTestResult executionId="d724e44c-657a-4837-a9e9-92528a365a1d" testId="68da3f04-d5ba-a458-d6d4-8535dfa1f5bb" testName="FileExplorerViewModel_WithNullLocalizationService_ThrowsArgumentNullException" computerName="JIMMELONY-707" duration="00:00:00.0016988" startTime="2026-09-19T19:05:42.4746742+01:00" endTime="2026-09-19T19:05:42.4764656+01:00" testType="13cdc9d9-ddb5-4fa4-a97d-d965ccfc6d4b" outcome="Passed" testListId="8c84fa94-04c1-424b-9868-57a2d4851a1d" relativeResultsDirectory="d724e44c-657a-4837-a9e9-92528a365a1d" />
    <UnitTestResult executionId="7ea8609d-d03a-41ea-b51b-a21fa83ce454" testId="2ca4e52b-5ad2-9490-cf47-39549777644e" testName="MenuService_Constructor_WithNullProfile_ThrowsArgumentNullException" computerName="JIMMELONY-707" duration="00:00:00.0026107" startTime="2026-09-19T19:05:34.3241483+01:00" endTime="2026-09-19T19:05:34.3268991+01:00" testType="13cdc9d9-ddb5-4fa4-a97d-d965ccfc6d4b" outcome="Passed" testListId="8c84fa94-04c1-424b-9868-57a2d4851a1d" relativeResultsDirectory="7ea8609d-d03a-41ea-b51b-a21fa83ce454" />
    <UnitTestResult executionId="1d4e5c2b-6476-4d9e-b153-732741c58c15" testId="f41e41aa-a3bc-0e82-c5c8-5fc1abeb4f33" testName="ProfileSelector_DerivesModesAcrossAllBranches (TR4,ClassicScript,ClassicScript,False)" computerName="JIMMELONY-707" duration="00:00:00.0127957" startTime="2026-09-19T19:05:40.2965753+01:00" endTime="2026-09-19T19:05:40.3097604+01:00" testType="13cdc9d9-ddb5-4fa4-a97d-d965ccfc6d4b" outcome="Passed" testListId="8c84fa94-04c1-424b-9868-57a2d4851a1d" relativeResultsDirectory="1d4e5c2b-6476-4d9e-b153-732741c58c15" />
    <UnitTestResult executionId="e144699d-5df5-4c81-8e77-9f89d8ddd0fe" testId="cb10eccb-a1d5-96ec-f17e-0c461dddd159" testName="ThrowingAcknowledgement_IsRecoveredByCommitRefresh" computerName="JIMMELONY-707" duration="00:00:00.0010612" startTime="2026-09-19T19:05:42.8599533+01:00" endTime="2026-09-19T19:05:42.8611644+01:00" testType="13cdc9d9-ddb5-4fa4-a97d-d965ccfc6d4b" outcome="Passed" testListId="8c84fa94-04c1-424b-9868-57a2d4851a1d" relativeResultsDirectory="e144699d-5df5-4c81-8e77-9f89d8ddd0fe" />
    <UnitTestResult executionId="0f0da82f-7488-4bae-bf9f-bcd7d4578282" testId="3855acde-2b65-d26c-0258-503397a4a6a9" testName="BoundRowMutation_PublishesExactlyOnce" computerName="JIMMELONY-707" duration="00:00:00.0059263" startTime="2026-09-19T19:05:42.1827531+01:00" endTime="2026-09-19T19:05:42.1887813+01:00" testType="13cdc9d9-ddb5-4fa4-a97d-d965ccfc6d4b" outcome="Passed" testListId="8c84fa94-04c1-424b-9868-57a2d4851a1d" relativeResultsDirectory="0f0da82f-7488-4bae-bf9f-bcd7d4578282" />
    <UnitTestResult executionId="c90bf807-94e3-493a-84ea-165305318abf" testId="145fa8c7-25e7-86e1-ed9b-fd7a8cd71f10" testName="FindReplaceItem_InvalidLineNumberOrSegmentIndex_Throws" computerName="JIMMELONY-707" duration="00:00:00.0004977" startTime="2026-09-19T19:05:34.7870215+01:00" endTime="2026-09-19T19:05:34.7875570+01:00" testType="13cdc9d9-ddb5-4fa4-a97d-d965ccfc6d4b" outcome="Passed" testListId="8c84fa94-04c1-424b-9868-57a2d4851a1d" relativeResultsDirectory="c90bf807-94e3-493a-84ea-165305318abf" />
    <UnitTestResult executionId="b58baf0a-8953-46f3-990b-1ee507996e39" testId="b7f8aabe-412c-8769-6269-9d3c59711938" testName="ApplyPreparedOperations_SuppressesFeedbackAndPreservesUndoState" computerName="JIMMELONY-707" duration="00:00:00.0070416" startTime="2026-09-19T19:05:42.3535541+01:00" endTime="2026-09-19T19:05:42.3607006+01:00" testType="13cdc9d9-ddb5-4fa4-a97d-d965ccfc6d4b" outcome="Passed" testListId="8c84fa94-04c1-424b-9868-57a2d4851a1d" relativeResultsDirectory="b58baf0a-8953-46f3-990b-1ee507996e39" />
    <UnitTestResult executionId="c924eff1-243c-44a2-81e9-3a7243a2abb7" testId="38e629c3-1633-700e-4513-d39f77b5aa19" testName="LuaAttachFailure_CleansUpDockOwnership" computerName="JIMMELONY-707" duration="00:00:00.0166005" startTime="2026-09-19T19:05:37.5980182+01:00" endTime="2026-09-19T19:05:37.6147863+01:00" testType="13cdc9d9-ddb5-4fa4-a97d-d965ccfc6d4b" outcome="Passed" testListId="8c84fa94-04c1-424b-9868-57a2d4851a1d" relativeResultsDirectory="c924eff1-243c-44a2-81e9-3a7243a2abb7" />
    <UnitTestResult executionId="6028b861-6ef8-49e5-b096-421986fa38d8" testId="ffc93a59-ad25-c0da-fe12-68c6fd7f448b" testName="Replace_AcknowledgesSourceBeforePeerAndRecoversFailedPeer" computerName="JIMMELONY-707" duration="00:00:00.0148516" startTime="2026-09-19T19:05:42.8449489+01:00" endTime="2026-09-19T19:05:42.8598864+01:00" testType="13cdc9d9-ddb5-4fa4-a97d-d965ccfc6d4b" outcome="Passed" testListId="8c84fa94-04c1-424b-9868-57a2d4851a1d" relativeResultsDirectory="6028b861-6ef8-49e5-b096-421986fa38d8" />
    <UnitTestResult executionId="3af2b5e8-6067-4bac-b2fc-755e76a321df" testId="9a82063c-eb13-454d-ceb5-a7b7eca10b2b" testName="Resolve_OrdinalIgnoreCase_SelectsRequestedMatchOccurrence" computerName="JIMMELONY-707" duration="00:00:00.0001919" startTime="2026-09-19T19:05:42.1536337+01:00" endTime="2026-09-19T19:05:42.1538902+01:00" testType="13cdc9d9-ddb5-4fa4-a97d-d965ccfc6d4b" outcome="Passed" testListId="8c84fa94-04c1-424b-9868-57a2d4851a1d" relativeResultsDirectory="3af2b5e8-6067-4bac-b2fc-755e76a321df" />
    <UnitTestResult executionId="2565758c-d197-4135-823c-36ae5941825a" testId="facb28bf-7ffa-316e-9de4-34c9ff724f76" testName="CreateEditor_UsesRegistrationOrderForOverlappingFilePredicates" computerName="JIMMELONY-707" duration="00:00:00.0006017" startTime="2026-09-19T19:05:34.7492611+01:00" endTime="2026-09-19T19:05:34.7500176+01:00" testType="13cdc9d9-ddb5-4fa4-a97d-d965ccfc6d4b" outcome="Passed" testListId="8c84fa94-04c1-424b-9868-57a2d4851a1d" relativeResultsDirectory="2565758c-d197-4135-823c-36ae5941825a" />
    <UnitTestResult executionId="0955bced-1992-49cf-852b-756af365a9d2" testId="9446addf-ec57-be32-8f76-7a34401e62fb" testName="ExistingDirtyEditor_SessionCompletionDoesNotSaveOrCloseEditor" computerName="JIMMELONY-707" duration="00:00:00.0039222" startTime="2026-09-19T19:05:42.3332646+01:00" endTime="2026-09-19T19:05:42.3373871+01:00" testType="13cdc9d9-ddb5-4fa4-a97d-d965ccfc6d4b" outcome="Passed" testListId="8c84fa94-04c1-424b-9868-57a2d4851a1d" relativeResultsDirectory="0955bced-1992-49cf-852b-756af365a9d2" />
    <UnitTestResult executionId="8c83c8d3-b7cc-406d-81fd-3ec848e6bd79" testId="b0e8129c-bf4b-5174-10eb-4ec0e7b93db6" testName="ContentReader_NextSectionExists_HeaderWithLeadingWhitespace_IsRecognized" computerName="JIMMELONY-707" duration="00:00:00.0000341" startTime="2026-09-19T19:05:42.1578108+01:00" endTime="2026-09-19T19:05:42.1578718+01:00" testType="13cdc9d9-ddb5-4fa4-a97d-d965ccfc6d4b" outcome="Passed" testListId="8c84fa94-04c1-424b-9868-57a2d4851a1d" relativeResultsDirectory="8c83c8d3-b7cc-406d-81fd-3ec848e6bd79" />
    <UnitTestResult executionId="7f62874f-d1eb-470d-abf8-264a37a3f693" testId="834d4871-e40f-6686-919e-724849451d55" testName="DocumentContributions_DoesNotExposeDocumentModeLookup" computerName="JIMMELONY-707" duration="00:00:00.0002096" startTime="2026-09-19T19:05:42.1231288+01:00" endTime="2026-09-19T19:05:42.1233814+01:00" testType="13cdc9d9-ddb5-4fa4-a97d-d965ccfc6d4b" outcome="Passed" testListId="8c84fa94-04c1-424b-9868-57a2d4851a1d" relativeResultsDirectory="7f62874f-d1eb-470d-abf8-264a37a3f693" />
    <UnitTestResult executionId="d3b71be2-a2cf-4b64-a5d4-384cd71365e7" testId="dbb132f6-fea9-4d25-e832-3f30853a1b32" testName="SwitchingClassicScriptEditors_DetachesPreviousEditorAndAttachesCurrentEditor" computerName="JIMMELONY-707" duration="00:00:00.3080034" startTime="2026-09-19T19:05:39.1624239+01:00" endTime="2026-09-19T19:05:39.4707194+01:00" testType="13cdc9d9-ddb5-4fa4-a97d-d965ccfc6d4b" outcome="Passed" testListId="8c84fa94-04c1-424b-9868-57a2d4851a1d" relativeResultsDirectory="d3b71be2-a2cf-4b64-a5d4-384cd71365e7" />
    <UnitTestResult executionId="a922f94e-ad9f-4bf7-96e1-9b3ab9a4bf3d" testId="d98a373d-f92e-8841-4ea5-33cbf05029b5" testName="Constructor_WithNullDocumentController_ThrowsArgumentNullException" computerName="JIMMELONY-707" duration="00:00:00.0017879" startTime="2026-09-19T19:05:42.8014066+01:00" endTime="2026-09-19T19:05:42.8032819+01:00" testType="13cdc9d9-ddb5-4fa4-a97d-d965ccfc6d4b" outcome="Passed" testListId="8c84fa94-04c1-424b-9868-57a2d4851a1d" relativeResultsDirectory="a922f94e-ad9f-4bf7-96e1-9b3ab9a4bf3d" />
    <UnitTestResult executionId="0d909d1f-c011-4c46-b89a-ea9cc5e95d4f" testId="2b691000-b524-c007-bef2-2dd579d844a2" testName="Attach_DispatchesStatusEventsFromInterfaceProvider" computerName="JIMMELONY-707" duration="00:00:00.0132578" startTime="2026-09-19T19:05:34.9030192+01:00" endTime="2026-09-19T19:05:34.9164887+01:00" testType="13cdc9d9-ddb5-4fa4-a97d-d965ccfc6d4b" outcome="Passed" testListId="8c84fa94-04c1-424b-9868-57a2d4851a1d" relativeResultsDirectory="0d909d1f-c011-4c46-b89a-ea9cc5e95d4f" />
    <UnitTestResult executionId="99f0e41c-ae83-4d70-9729-9cbd61572595" testId="3e856881-2cb7-929c-7e4d-acb74f25f6a8" testName="Dispose_DetachesDiagnosticsSubscriptionAndDoesNotRetainWorkbench" computerName="JIMMELONY-707" duration="00:00:00.2251699" startTime="2026-09-19T19:05:39.8220975+01:00" endTime="2026-09-19T19:05:40.0474938+01:00" testType="13cdc9d9-ddb5-4fa4-a97d-d965ccfc6d4b" outcome="Passed" testListId="8c84fa94-04c1-424b-9868-57a2d4851a1d" relativeResultsDirectory="99f0e41c-ae83-4d70-9729-9cbd61572595" />
    <UnitTestResult executionId="43a9d7fc-f5c2-4059-89dd-396bea6d0240" testId="56e52c12-98ce-5adb-0475-2b9146346dc0" testName="Apply_MultipleFilesSynchronizesOpenEditorsAndReplaysSnapshots" computerName="JIMMELONY-707" duration="00:00:00.0149246" startTime="2026-09-19T19:05:42.3810765+01:00" endTime="2026-09-19T19:05:42.3962355+01:00" testType="13cdc9d9-ddb5-4fa4-a97d-d965ccfc6d4b" outcome="Passed" testListId="8c84fa94-04c1-424b-9868-57a2d4851a1d" relativeResultsDirectory="43a9d7fc-f5c2-4059-89dd-396bea6d0240" />
    <UnitTestResult executionId="9b7372c9-450b-4d5d-b5fd-7c424b39205e" testId="a178d881-0d76-7a17-01d2-c3446045aef2" testName="DeleteDirectoryAsync_MissingDirectory_IsNoOp" computerName="JIMMELONY-707" duration="00:00:00.0003896" startTime="2026-09-19T19:05:35.4951128+01:00" endTime="2026-09-19T19:05:35.4956776+01:00" testType="13cdc9d9-ddb5-4fa4-a97d-d965ccfc6d4b" outcome="Passed" testListId="8c84fa94-04c1-424b-9868-57a2d4851a1d" relativeResultsDirectory="9b7372c9-450b-4d5d-b5fd-7c424b39205e" />
    <UnitTestResult executionId="437f43fc-0673-44f2-ba6a-299538a8f41f" testId="8a2e30ff-0f9b-97af-15b3-2b7d6c61b022" testName="ProfileCatalog_HasUniquePrimaryIdentitiesAndExplicitFallback (TR4)" computerName="JIMMELONY-707" duration="00:00:00.0056588" startTime="2026-09-19T19:05:42.0989025+01:00" endTime="2026-09-19T19:05:42.1048754+01:00" testType="13cdc9d9-ddb5-4fa4-a97d-d965ccfc6d4b" outcome="Passed" testListId="8c84fa94-04c1-424b-9868-57a2d4851a1d" relativeResultsDirectory="437f43fc-0673-44f2-ba6a-299538a8f41f" />
    <UnitTestResult executionId="4abf0761-3974-4613-9fc8-cb67acad4874" testId="6a08071e-7bec-5876-f15f-c9531ce4ed91" testName="Build_IgnoresAmbiguousCutTargetsWhenCameraNumbersDuplicate" computerName="JIMMELONY-707" duration="00:00:00.0018669" startTime="2026-09-19T19:05:43.4971434+01:00" endTime="2026-09-19T19:05:43.4991012+01:00" testType="13cdc9d9-ddb5-4fa4-a97d-d965ccfc6d4b" outcome="Passed" testListId="8c84fa94-04c1-424b-9868-57a2d4851a1d" relativeResultsDirectory="4abf0761-3974-4613-9fc8-cb67acad4874" />
    <UnitTestResult executionId="0e4a2568-5f1a-4a27-aede-958867a34c28" testId="2d055f06-adf4-ab60-df83-a1f00bead811" testName="ClosingCurrentEditor_TransitionsToReplacementThenExplicitEmptyContext" computerName="JIMMELONY-707" duration="00:00:00.0031066" startTime="2026-09-19T19:05:34.7342182+01:00" endTime="2026-09-19T19:05:34.7374710+01:00" testType="13cdc9d9-ddb5-4fa4-a97d-d965ccfc6d4b" outcome="Passed" testListId="8c84fa94-04c1-424b-9868-57a2d4851a1d" relativeResultsDirectory="0e4a2568-5f1a-4a27-aede-958867a34c28" />
    <UnitTestResult executionId="ed0c376c-6da5-4067-9b67-2be42cefcf97" testId="11798ca7-cad6-4425-b0c8-84b633789b61" testName="Constructor_WithNullDependency_ThrowsArgumentNullException (PaneCatalog)" computerName="JIMMELONY-707" duration="00:00:00.0048818" startTime="2026-09-19T19:05:42.7163157+01:00" endTime="2026-09-19T19:05:42.7214057+01:00" testType="13cdc9d9-ddb5-4fa4-a97d-d965ccfc6d4b" outcome="Passed" testListId="8c84fa94-04c1-424b-9868-57a2d4851a1d" relativeResultsDirectory="ed0c376c-6da5-4067-9b67-2be42cefcf97" />
    <UnitTestResult executionId="b93a1eee-c15f-409d-b836-daca64a0b1c4" testId="f3c48f53-7b2e-825c-98fb-7d89664d3516" testName="Build_WithFinalFreeze_KeepsSequenceEndAligned" computerName="JIMMELONY-707" duration="00:00:00.0016991" startTime="2026-09-19T19:05:43.4904145+01:00" endTime="2026-09-19T19:05:43.4924259+01:00" testType="13cdc9d9-ddb5-4fa4-a97d-d965ccfc6d4b" outcome="Passed" testListId="8c84fa94-04c1-424b-9868-57a2d4851a1d" relativeResultsDirectory="b93a1eee-c15f-409d-b836-daca64a0b1c4" />
    <UnitTestResult executionId="05a5959a-b1a4-48ab-ad19-0e45f3cb4b1f" testId="de6e6452-24a3-d4b1-ab80-7407f9f89353" testName="TextEditorBase_WorkerAfterDispose_ThrowsObjectDisposedException" computerName="JIMMELONY-707" duration="00:00:00.0052457" startTime="2026-09-19T19:05:38.3078477+01:00" endTime="2026-09-19T19:05:38.3132664+01:00" testType="13cdc9d9-ddb5-4fa4-a97d-d965ccfc6d4b" outcome="Passed" testListId="8c84fa94-04c1-424b-9868-57a2d4851a1d" relativeResultsDirectory="05a5959a-b1a4-48ab-ad19-0e45f3cb4b1f" />
    <UnitTestResult executionId="b4a00c91-756d-4ec4-a5af-056922e3493e" testId="e887e3b1-926d-c655-a0a5-bdd6e22e389f" testName="RepeatedWorkspaceLifecycle_IsCollectibleAfterDetachAndDisposal" computerName="JIMMELONY-707" duration="00:00:00.1043651" startTime="2026-09-19T19:05:35.1972528+01:00" endTime="2026-09-19T19:05:35.3019324+01:00" testType="13cdc9d9-ddb5-4fa4-a97d-d965ccfc6d4b" outcome="Passed" testListId="8c84fa94-04c1-424b-9868-57a2d4851a1d" relativeResultsDirectory="b4a00c91-756d-4ec4-a5af-056922e3493e" />
    <UnitTestResult executionId="1a7c9f8b-8d4d-4453-9f5a-4e0d19c2d151" testId="08203506-b1ff-37f0-709a-a754a100d410" testName="ShellRefreshMessage_ReevaluatesLuaCapabilityCommands" computerName="JIMMELONY-707" duration="00:00:00.0154721" startTime="2026-09-19T19:05:42.8233216+01:00" endTime="2026-09-19T19:05:42.8389176+01:00" testType="13cdc9d9-ddb5-4fa4-a97d-d965ccfc6d4b" outcome="Passed" testListId="8c84fa94-04c1-424b-9868-57a2d4851a1d" relativeResultsDirectory="1a7c9f8b-8d4d-4453-9f5a-4e0d19c2d151" />
    <UnitTestResult executionId="2166ea32-3af4-42ad-be91-9ada02a038c2" testId="724222b0-c382-e258-9a77-2a6bd237b1d2" testName="CarriesNameAndItems" computerName="JIMMELONY-707" duration="00:00:00.0003242" startTime="2026-09-19T19:05:34.7859392+01:00" endTime="2026-09-19T19:05:34.7863091+01:00" testType="13cdc9d9-ddb5-4fa4-a97d-d965ccfc6d4b" outcome="Passed" testListId="8c84fa94-04c1-424b-9868-57a2d4851a1d" relativeResultsDirectory="2166ea32-3af4-42ad-be91-9ada02a038c2" />
    <UnitTestResult executionId="6771a55d-c5d6-41c2-8ebb-62ff763c7c1c" testId="daa727cf-169d-5c86-83dc-0d72f81ba661" testName="RenameProviderFailure_IsObservedAndReportedOnce" computerName="JIMMELONY-707" duration="00:00:00.0195108" startTime="2026-09-19T19:05:36.7209957+01:00" endTime="2026-09-19T19:05:36.7406425+01:00" testType="13cdc9d9-ddb5-4fa4-a97d-d965ccfc6d4b" outcome="Passed" testListId="8c84fa94-04c1-424b-9868-57a2d4851a1d" relativeResultsDirectory="6771a55d-c5d6-41c2-8ebb-62ff763c7c1c" />
    <UnitTestResult executionId="9bd40d75-3a09-495e-b38f-931c1291157b" testId="e34997b8-e2c6-cc84-0d65-3fc456506840" testName="Constructor_WithNullDependency_ThrowsArgumentNullException (StatusBarService)" computerName="JIMMELONY-707" duration="00:00:00.0052975" startTime="2026-09-19T19:05:42.6881885+01:00" endTime="2026-09-19T19:05:42.6936753+01:00" testType="13cdc9d9-ddb5-4fa4-a97d-d965ccfc6d4b" outcome="Passed" testListId="8c84fa94-04c1-424b-9868-57a2d4851a1d" relativeResultsDirectory="9bd40d75-3a09-495e-b38f-931c1291157b" />
    <UnitTestResult executionId="7e8e5059-831a-4722-88f5-cc348c4ec126" testId="bcfcddf0-abc2-ba99-dbb8-0e28294dd0a6" testName="Build_CompletesForLongSlowSequences" computerName="JIMMELONY-707" duration="00:00:00.8774785" startTime="2026-09-19T19:05:43.5033362+01:00" endTime="2026-09-19T19:05:44.3809387+01:00" testType="13cdc9d9-ddb5-4fa4-a97d-d965ccfc6d4b" outcome="Passed" testListId="8c84fa94-04c1-424b-9868-57a2d4851a1d" relativeResultsDirectory="7e8e5059-831a-4722-88f5-cc348c4ec126" />
    <UnitTestResult executionId="5e30a910-c2eb-465e-94b4-4a3dee207141" testId="30a7cd6b-33a6-e7bd-0089-5beb7351bbe4" testName="InactiveTrxDiagnosticsCompletion_DoesNotReplaceActivePane" computerName="JIMMELONY-707" duration="00:00:00.0227284" startTime="2026-09-19T19:05:36.0805094+01:00" endTime="2026-09-19T19:05:36.1034236+01:00" testType="13cdc9d9-ddb5-4fa4-a97d-d965ccfc6d4b" outcome="Passed" testListId="8c84fa94-04c1-424b-9868-57a2d4851a1d" relativeResultsDirectory="5e30a910-c2eb-465e-94b4-4a3dee207141" />
    <UnitTestResult executionId="c970e521-8648-4e9d-956f-b96c23de0c7f" testId="12e315a2-8c44-99f6-7b5e-e63cde2053f1" testName="TransientSession_ClosesOnlyAcquiredViewAndRestoresPreviousActiveEditor" computerName="JIMMELONY-707" duration="00:00:00.0094198" startTime="2026-09-19T19:05:34.7713025+01:00" endTime="2026-09-19T19:05:34.7808604+01:00" testType="13cdc9d9-ddb5-4fa4-a97d-d965ccfc6d4b" outcome="Passed" testListId="8c84fa94-04c1-424b-9868-57a2d4851a1d" relativeResultsDirectory="c970e521-8648-4e9d-956f-b96c23de0c7f" />
    <UnitTestResult executionId="32a5205d-2260-4a35-ad15-0c40b27a2a12" testId="9106caaf-1a24-016a-484e-19f2b1bfca9e" testName="ContentReader_NextSectionExists_FindsFirstSection" computerName="JIMMELONY-707" duration="00:00:00.0002613" startTime="2026-09-19T19:05:42.1563091+01:00" endTime="2026-09-19T19:05:42.1567424+01:00" testType="13cdc9d9-ddb5-4fa4-a97d-d965ccfc6d4b" outcome="Passed" testListId="8c84fa94-04c1-424b-9868-57a2d4851a1d" relativeResultsDirectory="32a5205d-2260-4a35-ad15-0c40b27a2a12" />
    <UnitTestResult executionId="01eed5d6-9734-47ce-b546-60551de48795" testId="c8f2d630-0259-0594-c339-f16e51191141" testName="ProfileSelector_UsesPrimaryProviderForSupportedGameVersion (TR1,TRX,TRX)" computerName="JIMMELONY-707" duration="00:00:00.0046679" startTime="2026-09-19T19:05:35.4123763+01:00" endTime="2026-09-19T19:05:35.4172670+01:00" testType="13cdc9d9-ddb5-4fa4-a97d-d965ccfc6d4b" outcome="Passed" testListId="8c84fa94-04c1-424b-9868-57a2d4851a1d" relativeResultsDirectory="01eed5d6-9734-47ce-b546-60551de48795" />
    <UnitTestResult executionId="d63593ab-953b-4666-9910-1bd07eb5eb69" testId="590afee4-9710-8eba-4b59-a915045d65b9" testName="Constructor_WithNullComposition_ThrowsArgumentNullException" computerName="JIMMELONY-707" duration="00:00:00.0014941" startTime="2026-09-19T19:05:42.7758017+01:00" endTime="2026-09-19T19:05:42.7775382+01:00" testType="13cdc9d9-ddb5-4fa4-a97d-d965ccfc6d4b" outcome="Passed" testListId="8c84fa94-04c1-424b-9868-57a2d4851a1d" relativeResultsDirectory="d63593ab-953b-4666-9910-1bd07eb5eb69" />
    <UnitTestResult executionId="bbc978ee-b9f7-4548-9ae6-8f6b69b071d3" testId="bbae9492-24b2-fcdc-9881-2e2033e5f688" testName="EveryRegistrationCatalogDerivesAllowedDocumentModesExactly" computerName="JIMMELONY-707" duration="00:00:00.0207139" startTime="2026-09-19T19:05:41.9576905+01:00" endTime="2026-09-19T19:05:41.9785419+01:00" testType="13cdc9d9-ddb5-4fa4-a97d-d965ccfc6d4b" outcome="Passed" testListId="8c84fa94-04c1-424b-9868-57a2d4851a1d" relativeResultsDirectory="bbc978ee-b9f7-4548-9ae6-8f6b69b071d3" />
    <UnitTestResult executionId="c346aa4a-cc44-4e08-bdb7-37093d72c85b" testId="3759d4da-998e-42a3-2d4a-ed1490fded32" testName="Apply_OverlappingEdits_RejectsBeforeMutatingTheEditor" computerName="JIMMELONY-707" duration="00:00:00.0063845" startTime="2026-09-19T19:05:42.4246446+01:00" endTime="2026-09-19T19:05:42.4311870+01:00" testType="13cdc9d9-ddb5-4fa4-a97d-d965ccfc6d4b" outcome="Passed" testListId="8c84fa94-04c1-424b-9868-57a2d4851a1d" relativeResultsDirectory="c346aa4a-cc44-4e08-bdb7-37093d72c85b" />
    <UnitTestResult executionId="2b0d53d4-48c7-4a72-9a63-32c314f59bc6" testId="fd283794-90cc-021d-59e7-a5dcaaa1f0d1" testName="Rename_AcknowledgesOpenedViewAndPreservesKey" computerName="JIMMELONY-707" duration="00:00:00.0038438" startTime="2026-09-19T19:05:42.8840866+01:00" endTime="2026-09-19T19:05:42.8880152+01:00" testType="13cdc9d9-ddb5-4fa4-a97d-d965ccfc6d4b" outcome="Passed" testListId="8c84fa94-04c1-424b-9868-57a2d4851a1d" relativeResultsDirectory="2b0d53d4-48c7-4a72-9a63-32c314f59bc6" />
    <UnitTestResult executionId="66d18783-87cd-46b7-9c19-91b5169ac1d4" testId="27419027-d5dd-fa18-8e78-56e97c6d0454" testName="MenuService_CommandInvoked_RelaysClickedCommand" computerName="JIMMELONY-707" duration="00:00:00.1746700" startTime="2026-09-19T19:05:34.0917960+01:00" endTime="2026-09-19T19:05:34.3082109+01:00" testType="13cdc9d9-ddb5-4fa4-a97d-d965ccfc6d4b" outcome="Passed" testListId="8c84fa94-04c1-424b-9868-57a2d4851a1d" relativeResultsDirectory="66d18783-87cd-46b7-9c19-91b5169ac1d4" />
    <UnitTestResult executionId="299a3169-92a1-41e3-90ed-ece3f91b8db4" testId="f88fb660-a996-1c68-9ce1-b49bdf466c54" testName="Composition_UsesOneScopedStoreAndDisposesViewBeforeStoreOnce" computerName="JIMMELONY-707" duration="00:00:00.0009878" startTime="2026-09-19T19:05:42.8933877+01:00" endTime="2026-09-19T19:05:42.8944627+01:00" testType="13cdc9d9-ddb5-4fa4-a97d-d965ccfc6d4b" outcome="Passed" testListId="8c84fa94-04c1-424b-9868-57a2d4851a1d" relativeResultsDirectory="299a3169-92a1-41e3-90ed-ece3f91b8db4" />
    <UnitTestResult executionId="b9d22abc-ab0c-48a8-ae54-64650b745e41" testId="32ab37c6-0db1-782c-fa98-db5cac7ac6b9" testName="Apply_UnsupportedTargetCapability_FailsBeforeMutation" computerName="JIMMELONY-707" duration="00:00:00.0060516" startTime="2026-09-19T19:05:42.4442562+01:00" endTime="2026-09-19T19:05:42.4504265+01:00" testType="13cdc9d9-ddb5-4fa4-a97d-d965ccfc6d4b" outcome="Passed" testListId="8c84fa94-04c1-424b-9868-57a2d4851a1d" relativeResultsDirectory="b9d22abc-ab0c-48a8-ae54-64650b745e41" />
    <UnitTestResult executionId="8e7276c5-19ad-4dd1-97e9-92189727749a" testId="210d4e95-7281-85b7-46cb-f0f85207612e" testName="Constructor_WithNullProjectContext_ThrowsArgumentNullException" computerName="JIMMELONY-707" duration="00:00:00.0039389" startTime="2026-09-19T19:05:42.7923761+01:00" endTime="2026-09-19T19:05:42.7964303+01:00" testType="13cdc9d9-ddb5-4fa4-a97d-d965ccfc6d4b" outcome="Passed" testListId="8c84fa94-04c1-424b-9868-57a2d4851a1d" relativeResultsDirectory="8e7276c5-19ad-4dd1-97e9-92189727749a" />
    <UnitTestResult executionId="50e56ca6-5e18-4da9-ab8c-9cf0d4e02389" testId="13d81eb1-bdfe-727c-d8cc-51edc5fb4399" testName="RenameDirectory_RekeysRetainedDescendantAndAcknowledgesView" computerName="JIMMELONY-707" duration="00:00:00.0078491" startTime="2026-09-19T19:05:42.8750486+01:00" endTime="2026-09-19T19:05:42.8830486+01:00" testType="13cdc9d9-ddb5-4fa4-a97d-d965ccfc6d4b" outcome="Passed" testListId="8c84fa94-04c1-424b-9868-57a2d4851a1d" relativeResultsDirectory="50e56ca6-5e18-4da9-ab8c-9cf0d4e02389" />
    <UnitTestResult executionId="e48fed8a-415d-4e53-b88b-e8ad80fc8604" testId="0c32d07b-fd25-fc22-284d-aaea75d04994" testName="InitialFileOpenFailure_CleansUpDockOwnership" computerName="JIMMELONY-707" duration="00:00:00.0173798" startTime="2026-09-19T19:05:37.6403656+01:00" endTime="2026-09-19T19:05:37.6579050+01:00" testType="13cdc9d9-ddb5-4fa4-a97d-d965ccfc6d4b" outcome="Passed" testListId="8c84fa94-04c1-424b-9868-57a2d4851a1d" relativeResultsDirectory="e48fed8a-415d-4e53-b88b-e8ad80fc8604" />
    <UnitTestResult executionId="a16352d3-a8b5-4e30-822a-1eaf6cc8f253" testId="9f3b5a09-2ad5-a2da-37e8-747443b8b481" testName="Dispose_DetachesStatusEventsWithoutDisposingProvider" computerName="JIMMELONY-707" duration="00:00:00.0018334" startTime="2026-09-19T19:05:34.9190070+01:00" endTime="2026-09-19T19:05:34.9209199+01:00" testType="13cdc9d9-ddb5-4fa4-a97d-d965ccfc6d4b" outcome="Passed" testListId="8c84fa94-04c1-424b-9868-57a2d4851a1d" relativeResultsDirectory="a16352d3-a8b5-4e30-822a-1eaf6cc8f253" />
    <UnitTestResult executionId="bc2198a4-fdb0-4780-a94c-95ea03b9d854" testId="812c08cf-dc28-b097-68df-0c9246e46449" testName="DiagnosticsSubscription_DetachesWhenActiveEditorCloses" computerName="JIMMELONY-707" duration="00:00:00.1641110" startTime="2026-09-19T19:05:38.8458010+01:00" endTime="2026-09-19T19:05:39.0100465+01:00" testType="13cdc9d9-ddb5-4fa4-a97d-d965ccfc6d4b" outcome="Passed" testListId="8c84fa94-04c1-424b-9868-57a2d4851a1d" relativeResultsDirectory="bc2198a4-fdb0-4780-a94c-95ea03b9d854" />
    <UnitTestResult executionId="12c9fa81-7fe4-434b-9ffa-84800f03f6e0" testId="d4476834-3e0f-baa3-4456-b32023d99758" testName="GetFreezeDuration_ReturnsSecondsOnlyForNonCutFreezeCameras" computerName="JIMMELONY-707" duration="00:00:00.0001427" startTime="2026-09-19T19:05:43.4741186+01:00" endTime="2026-09-19T19:05:43.4743843+01:00" testType="13cdc9d9-ddb5-4fa4-a97d-d965ccfc6d4b" outcome="Passed" testListId="8c84fa94-04c1-424b-9868-57a2d4851a1d" relativeResultsDirectory="12c9fa81-7fe4-434b-9ffa-84800f03f6e0" />
    <UnitTestResult executionId="c85ed757-f32b-4928-9dea-fd903cd62990" testId="c34497dd-ce49-9b3c-216d-c19e30a8e877" testName="ApplyFrame_UpdatesCameraStateAndTarget" computerName="JIMMELONY-707" duration="00:00:00.0014836" startTime="2026-09-19T19:05:43.4290044+01:00" endTime="2026-09-19T19:05:43.4305974+01:00" testType="13cdc9d9-ddb5-4fa4-a97d-d965ccfc6d4b" outcome="Passed" testListId="8c84fa94-04c1-424b-9868-57a2d4851a1d" relativeResultsDirectory="c85ed757-f32b-4928-9dea-fd903cd62990" />
    <UnitTestResult executionId="98d76178-5580-4923-bcda-803c12ab941c" testId="c30b133b-cef2-81b4-6c3b-bd7277eea129" testName="RebuildWorkspaceItems_MenuStrip_UsesWorkspaceContributions" computerName="JIMMELONY-707" duration="00:00:00.0128631" startTime="2026-09-19T19:05:42.3126933+01:00" endTime="2026-09-19T19:05:42.3256505+01:00" testType="13cdc9d9-ddb5-4fa4-a97d-d965ccfc6d4b" outcome="Passed" testListId="8c84fa94-04c1-424b-9868-57a2d4851a1d" relativeResultsDirectory="98d76178-5580-4923-bcda-803c12ab941c" />
    <UnitTestResult executionId="29fe5017-355d-437e-9591-57e15ea8b0ab" testId="2de3c71f-e5db-b572-e91a-82303933b2aa" testName="Constructor_WithNullMessenger_ThrowsArgumentNullException" computerName="JIMMELONY-707" duration="00:00:00.0026061" startTime="2026-09-19T19:05:42.7964840+01:00" endTime="2026-09-19T19:05:42.7992016+01:00" testType="13cdc9d9-ddb5-4fa4-a97d-d965ccfc6d4b" outcome="Passed" testListId="8c84fa94-04c1-424b-9868-57a2d4851a1d" relativeResultsDirectory="29fe5017-355d-437e-9591-57e15ea8b0ab" />
    <UnitTestResult executionId="8cf7f3dc-b4ea-4312-a830-16c04eaa9d11" testId="1cf10a80-f989-7cdd-08b2-89b4195f7d87" testName="RepeatedTrxActivation_DoesNotMultiplyDiagnosticsSubscriptions" computerName="JIMMELONY-707" duration="00:00:00.0254391" startTime="2026-09-19T19:05:38.8199846+01:00" endTime="2026-09-19T19:05:38.8457382+01:00" testType="13cdc9d9-ddb5-4fa4-a97d-d965ccfc6d4b" outcome="Passed" testListId="8c84fa94-04c1-424b-9868-57a2d4851a1d" relativeResultsDirectory="8cf7f3dc-b4ea-4312-a830-16c04eaa9d11" />
    <UnitTestResult executionId="c7c0093b-d704-4e7f-9d08-9314071b42f0" testId="6caa73d0-b269-7f68-95cd-4b0003bb06b9" testName="Constructor_WithValidArguments_CreatesViewModel" computerName="JIMMELONY-707" duration="00:00:00.0189327" startTime="2026-09-19T19:05:35.5067662+01:00" endTime="2026-09-19T19:05:35.5259632+01:00" testType="13cdc9d9-ddb5-4fa4-a97d-d965ccfc6d4b" outcome="Passed" testListId="8c84fa94-04c1-424b-9868-57a2d4851a1d" relativeResultsDirectory="c7c0093b-d704-4e7f-9d08-9314071b42f0" />
    <UnitTestResult executionId="ae79a66b-924b-4fb7-a748-afe04a5378ab" testId="da99b095-df5c-790c-84ec-040681756071" testName="AddRangeAndClear_UpdateItems" computerName="JIMMELONY-707" duration="00:00:00.0001997" startTime="2026-09-19T19:05:34.7863259+01:00" endTime="2026-09-19T19:05:34.7865587+01:00" testType="13cdc9d9-ddb5-4fa4-a97d-d965ccfc6d4b" outcome="Passed" testListId="8c84fa94-04c1-424b-9868-57a2d4851a1d" relativeResultsDirectory="ae79a66b-924b-4fb7-a748-afe04a5378ab" />
    <UnitTestResult executionId="b0b9ac19-b423-4518-bab1-83abe61c574b" testId="08623c1e-8a90-776d-bae3-fc6b67454f31" testName="LayoutCoordinator_DisposesLayoutAndDockHostExactlyOnce" computerName="JIMMELONY-707" duration="00:00:00.0026223" startTime="2026-09-19T19:05:40.3372836+01:00" endTime="2026-09-19T19:05:40.3399682+01:00" testType="13cdc9d9-ddb5-4fa4-a97d-d965ccfc6d4b" outcome="Passed" testListId="8c84fa94-04c1-424b-9868-57a2d4851a1d" relativeResultsDirectory="b0b9ac19-b423-4518-bab1-83abe61c574b" />
    <UnitTestResult executionId="a7541a28-136f-4b06-a102-c9632a19c007" testId="d9824c9b-94bc-5471-9cc2-017f2d5721e3" testName="ReferenceBrowserProvider_DisposeClosesReferenceInfoAndDetachesViewModel" computerName="JIMMELONY-707" duration="00:00:00.0241699" startTime="2026-09-19T19:05:42.5034647+01:00" endTime="2026-09-19T19:05:42.5277595+01:00" testType="13cdc9d9-ddb5-4fa4-a97d-d965ccfc6d4b" outcome="Passed" testListId="8c84fa94-04c1-424b-9868-57a2d4851a1d" relativeResultsDirectory="a7541a28-136f-4b06-a102-c9632a19c007" />
    <UnitTestResult executionId="219a967f-f592-4064-aff1-3872165a167c" testId="3ae7fa89-c77b-b800-ad0d-5e1532736e23" testName="Constructor_WithNullDependency_ThrowsArgumentNullException (WorkspaceProfile)" computerName="JIMMELONY-707" duration="00:00:00.0062187" startTime="2026-09-19T19:05:42.6276518+01:00" endTime="2026-09-19T19:05:42.6341998+01:00" testType="13cdc9d9-ddb5-4fa4-a97d-d965ccfc6d4b" outcome="Passed" testListId="8c84fa94-04c1-424b-9868-57a2d4851a1d" relativeResultsDirectory="219a967f-f592-4064-aff1-3872165a167c" />
    <UnitTestResult executionId="59a1e166-0d11-4211-ba54-271a7948e5de" testId="09c51aaa-8476-d6d9-2048-75d58379688c" testName="Phase3CompatibilitySurfacesRemainAbsent" computerName="JIMMELONY-707" duration="00:00:00.0001872" startTime="2026-09-19T19:05:41.9785908+01:00" endTime="2026-09-19T19:05:41.9788712+01:00" testType="13cdc9d9-ddb5-4fa4-a97d-d965ccfc6d4b" outcome="Passed" testListId="8c84fa94-04c1-424b-9868-57a2d4851a1d" relativeResultsDirectory="59a1e166-0d11-4211-ba54-271a7948e5de" />
    <UnitTestResult executionId="2f2183fb-8a2b-42e0-8aa6-1add239f1ced" testId="c15669fb-1f79-74b2-b1c8-e13ae8fdbcea" testName="Constructor_WithNullMessageService_ThrowsArgumentNullException" computerName="JIMMELONY-707" duration="00:00:00.0020301" startTime="2026-09-19T19:05:42.7992458+01:00" endTime="2026-09-19T19:05:42.8013652+01:00" testType="13cdc9d9-ddb5-4fa4-a97d-d965ccfc6d4b" outcome="Passed" testListId="8c84fa94-04c1-424b-9868-57a2d4851a1d" relativeResultsDirectory="2f2183fb-8a2b-42e0-8aa6-1add239f1ced" />
    <UnitTestResult executionId="0dc337a8-08ee-451b-8811-91201ca93445" testId="8d4b3a89-7de9-c50e-9ee8-3432ae1944b9" testName="ContentReader_GetParsedLine_UnescapesSemicolons" computerName="JIMMELONY-707" duration="00:00:00.0000484" startTime="2026-09-19T19:05:42.1583669+01:00" endTime="2026-09-19T19:05:42.1584594+01:00" testType="13cdc9d9-ddb5-4fa4-a97d-d965ccfc6d4b" outcome="Passed" testListId="8c84fa94-04c1-424b-9868-57a2d4851a1d" relativeResultsDirectory="0dc337a8-08ee-451b-8811-91201ca93445" />
    <UnitTestResult executionId="0c8cc538-5e8c-4282-9a5b-6577f5a1b923" testId="65b54198-c8db-8c50-5362-ce98e4f91da5" testName="FileExplorerViewModel_WithNullMessageService_ThrowsArgumentNullException" computerName="JIMMELONY-707" duration="00:00:00.0020084" startTime="2026-09-19T19:05:42.4717241+01:00" endTime="2026-09-19T19:05:42.4737998+01:00" testType="13cdc9d9-ddb5-4fa4-a97d-d965ccfc6d4b" outcome="Passed" testListId="8c84fa94-04c1-424b-9868-57a2d4851a1d" relativeResultsDirectory="0c8cc538-5e8c-4282-9a5b-6577f5a1b923" />
    <UnitTestResult executionId="7bfea46f-e7c5-4de1-b6bf-af2714151907" testId="eb83692e-c9df-eefe-6605-db38193ed925" testName="OpenedView_CreatesBackupOnEditAndRemovesItAfterUndo" computerName="JIMMELONY-707" duration="00:00:00.0731793" startTime="2026-09-19T19:05:42.8944882+01:00" endTime="2026-09-19T19:05:42.9678992+01:00" testType="13cdc9d9-ddb5-4fa4-a97d-d965ccfc6d4b" outcome="Passed" testListId="8c84fa94-04c1-424b-9868-57a2d4851a1d" relativeResultsDirectory="7bfea46f-e7c5-4de1-b6bf-af2714151907" />
    <UnitTestResult executionId="230d510f-4868-41b9-bd88-d721776069ff" testId="01b3a1a0-c911-8e63-4ba0-19d207db59a2" testName="PaneVisibilityStateService_RefreshPaneVisibilityChecks_SyncsMenuAndToolBar" computerName="JIMMELONY-707" duration="00:00:00.0024167" startTime="2026-09-19T19:05:34.6229612+01:00" endTime="2026-09-19T19:05:34.6255820+01:00" testType="13cdc9d9-ddb5-4fa4-a97d-d965ccfc6d4b" outcome="Passed" testListId="8c84fa94-04c1-424b-9868-57a2d4851a1d" relativeResultsDirectory="230d510f-4868-41b9-bd88-d721776069ff" />
    <UnitTestResult executionId="b8ed58e8-a172-493d-9d92-217850aaaaef" testId="de1bf283-cda8-8f46-9844-12a2f1171303" testName="ReferenceLoadingPaneFailure_IsReportedOnce" computerName="JIMMELONY-707" duration="00:00:00.0181280" startTime="2026-09-19T19:05:36.6461388+01:00" endTime="2026-09-19T19:05:36.6644150+01:00" testType="13cdc9d9-ddb5-4fa4-a97d-d965ccfc6d4b" outcome="Passed" testListId="8c84fa94-04c1-424b-9868-57a2d4851a1d" relativeResultsDirectory="b8ed58e8-a172-493d-9d92-217850aaaaef" />
    <UnitTestResult executionId="9715af9d-623b-46c9-956c-c99ce71d4b26" testId="44cd3f30-d13e-43b9-14bc-d9add56937a0" testName="Resolve_SelectsRequestedMatchOccurrence" computerName="JIMMELONY-707" duration="00:00:00.0015224" startTime="2026-09-19T19:05:42.1518492+01:00" endTime="2026-09-19T19:05:42.1535716+01:00" testType="13cdc9d9-ddb5-4fa4-a97d-d965ccfc6d4b" outcome="Passed" testListId="8c84fa94-04c1-424b-9868-57a2d4851a1d" relativeResultsDirectory="9715af9d-623b-46c9-956c-c99ce71d4b26" />
    <UnitTestResult executionId="6a1339c3-1cba-4fdd-a7ac-709ad2f15be1" testId="926e248d-ce8c-20e7-50bf-cc4a5f665a48" testName="TextEditorBase_Load_CancelsQueuedPersistenceAndDelayedPublication" computerName="JIMMELONY-707" duration="00:00:00.4209294" startTime="2026-09-19T19:05:37.7629563+01:00" endTime="2026-09-19T19:05:38.1840813+01:00" testType="13cdc9d9-ddb5-4fa4-a97d-d965ccfc6d4b" outcome="Passed" testListId="8c84fa94-04c1-424b-9868-57a2d4851a1d" relativeResultsDirectory="6a1339c3-1cba-4fdd-a7ac-709ad2f15be1" />
    <UnitTestResult executionId="2ab2a0a2-759a-40d7-a850-e69d8c889144" testId="63e0792c-5341-4a2e-db32-ff368e9e37b0" testName="Constructor_WithNullDependency_ThrowsArgumentNullException (ToolBarService)" computerName="JIMMELONY-707" duration="00:00:00.0169659" startTime="2026-09-19T19:05:42.6710068+01:00" endTime="2026-09-19T19:05:42.6881334+01:00" testType="13cdc9d9-ddb5-4fa4-a97d-d965ccfc6d4b" outcome="Passed" testListId="8c84fa94-04c1-424b-9868-57a2d4851a1d" relativeResultsDirectory="2ab2a0a2-759a-40d7-a850-e69d8c889144" />
    <UnitTestResult executionId="51c3a516-616a-4d69-b429-592cae06b9db" testId="ddffe6a4-94cc-15a7-1d74-9880f24402ed" testName="ExistingDirtyEditor_TransientSessionDoesNotCloseUnownedView" computerName="JIMMELONY-707" duration="00:00:00.0039333" startTime="2026-09-19T19:05:34.7809221+01:00" endTime="2026-09-19T19:05:34.7849818+01:00" testType="13cdc9d9-ddb5-4fa4-a97d-d965ccfc6d4b" outcome="Passed" testListId="8c84fa94-04c1-424b-9868-57a2d4851a1d" relativeResultsDirectory="51c3a516-616a-4d69-b429-592cae06b9db" />
    <UnitTestResult executionId="8fdfb5b2-7dae-42f1-bf02-b9e78d142699" testId="555767c8-9ec6-405a-ede6-71c35ebb9740" testName="PreviousSessionFailure_CleansUpDockOwnership" computerName="JIMMELONY-707" duration="00:00:00.0252660" startTime="2026-09-19T19:05:37.6148604+01:00" endTime="2026-09-19T19:05:37.6402895+01:00" testType="13cdc9d9-ddb5-4fa4-a97d-d965ccfc6d4b" outcome="Passed" testListId="8c84fa94-04c1-424b-9868-57a2d4851a1d" relativeResultsDirectory="8fdfb5b2-7dae-42f1-bf02-b9e78d142699" />
    <UnitTestResult executionId="80cd39fa-a36e-4531-af27-cde926faa891" testId="c2df637f-9af2-7eef-25b0-353ac5a73f15" testName="DocumentOutlineViewModel_WithValidDependencies_HasEmptyNodes" computerName="JIMMELONY-707" duration="00:00:00.0015611" startTime="2026-09-19T19:05:42.4686335+01:00" endTime="2026-09-19T19:05:42.4702695+01:00" testType="13cdc9d9-ddb5-4fa4-a97d-d965ccfc6d4b" outcome="Passed" testListId="8c84fa94-04c1-424b-9868-57a2d4851a1d" relativeResultsDirectory="80cd39fa-a36e-4531-af27-cde926faa891" />
    <UnitTestResult executionId="432517ea-70e0-4aec-a6e3-d2a35b5bff90" testId="3bd43162-6710-10ba-6e4c-eb04f98c95ff" testName="Constructor_WithNullMenuService_ThrowsArgumentNullException" computerName="JIMMELONY-707" duration="00:00:00.0025389" startTime="2026-09-19T19:05:35.5327330+01:00" endTime="2026-09-19T19:05:35.5354200+01:00" testType="13cdc9d9-ddb5-4fa4-a97d-d965ccfc6d4b" outcome="Passed" testListId="8c84fa94-04c1-424b-9868-57a2d4851a1d" relativeResultsDirectory="432517ea-70e0-4aec-a6e3-d2a35b5bff90" />
    <UnitTestResult executionId="a23e43d7-24b2-487e-8175-5a9e58da108f" testId="2fb23817-5947-114b-fb63-cceef2db8a03" testName="Constructor_WithNullPaneCatalog_ThrowsArgumentNullException" computerName="JIMMELONY-707" duration="00:00:00.0017656" startTime="2026-09-19T19:05:42.8060448+01:00" endTime="2026-09-19T19:05:42.8078844+01:00" testType="13cdc9d9-ddb5-4fa4-a97d-d965ccfc6d4b" outcome="Passed" testListId="8c84fa94-04c1-424b-9868-57a2d4851a1d" relativeResultsDirectory="a23e43d7-24b2-487e-8175-5a9e58da108f" />
    <UnitTestResult executionId="e48edb19-3531-4f2d-afe6-0b2494a6c62c" testId="4d1f3826-f261-c598-cb99-bd9a494146e9" testName="Constructor_WithNullDependency_ThrowsArgumentNullException (DocumentController)" computerName="JIMMELONY-707" duration="00:00:00.0045782" startTime="2026-09-19T19:05:42.7056714+01:00" endTime="2026-09-19T19:05:42.7104443+01:00" testType="13cdc9d9-ddb5-4fa4-a97d-d965ccfc6d4b" outcome="Passed" testListId="8c84fa94-04c1-424b-9868-57a2d4851a1d" relativeResultsDirectory="e48edb19-3531-4f2d-afe6-0b2494a6c62c" />
    <UnitTestResult executionId="07ec9598-a9bb-4971-a7eb-bec940071629" testId="f531172c-3655-3a3c-53df-728113c9f644" testName="ActiveClassicScriptDiagnosticsCompletion_RefreshesSharedPane" computerName="JIMMELONY-707" duration="00:00:00.2625347" startTime="2026-09-19T19:05:35.6136706+01:00" endTime="2026-09-19T19:05:35.8765145+01:00" testType="13cdc9d9-ddb5-4fa4-a97d-d965ccfc6d4b" outcome="Passed" testListId="8c84fa94-04c1-424b-9868-57a2d4851a1d" relativeResultsDirectory="07ec9598-a9bb-4971-a7eb-bec940071629" />
    <UnitTestResult executionId="f2960321-8ef1-4812-8c49-155cd4069a3f" testId="278c7240-fa28-a24d-1a83-43565e7a780f" testName="ProfileSelector_DerivesModesAcrossAllBranches (TR2X,TRX,TRX)" computerName="JIMMELONY-707" duration="00:00:00.0037385" startTime="2026-09-19T19:05:40.2667967+01:00" endTime="2026-09-19T19:05:40.2707431+01:00" testType="13cdc9d9-ddb5-4fa4-a97d-d965ccfc6d4b" outcome="Passed" testListId="8c84fa94-04c1-424b-9868-57a2d4851a1d" relativeResultsDirectory="f2960321-8ef1-4812-8c49-155cd4069a3f" />
[...]
    <TestEntry testId="dde76617-ee7d-c52d-faee-d4eca07f22d5" executionId="e3278151-6bcd-42f6-8fdf-b4d55fb8fe66" testListId="8c84fa94-04c1-424b-9868-57a2d4851a1d" />
    <TestEntry testId="5ff9613e-ff0d-8dd9-c2dc-9ec72ae8a186" executionId="9df0d98e-7404-41f3-a897-300c8f46f7bb" testListId="8c84fa94-04c1-424b-9868-57a2d4851a1d" />
    <TestEntry testId="338b83cb-6233-7913-8dda-f284bd8ddb69" executionId="73fbb549-abe3-4df5-ab62-e4917f185485" testListId="8c84fa94-04c1-424b-9868-57a2d4851a1d" />
    <TestEntry testId="40aeaf2f-1cc5-b8d6-4cbc-2ca29392c090" executionId="5f59a7b6-b15b-4791-b192-8d35f65cd7a1" testListId="8c84fa94-04c1-424b-9868-57a2d4851a1d" />
    <TestEntry testId="e8693a20-f6ef-ae7f-3a44-299cd181bbc0" executionId="e010a4b8-925a-47d1-857a-7c9b3b2c6b92" testListId="8c84fa94-04c1-424b-9868-57a2d4851a1d" />
    <TestEntry testId="e1af6e4c-68cc-3bbc-320b-9a2fe08cf4e2" executionId="94725556-b27e-4efb-bf1b-03b4bc43e94e" testListId="8c84fa94-04c1-424b-9868-57a2d4851a1d" />
    <TestEntry testId="6da7ac27-bbd6-b838-2343-b9fd0bfc3713" executionId="0542a1bb-1237-4c36-9beb-d190e06cce70" testListId="8c84fa94-04c1-424b-9868-57a2d4851a1d" />
    <TestEntry testId="1d87ea5c-bc87-87ee-5731-d5909ca9cbfe" executionId="cfffada9-fd70-4669-a7e5-8296451d5555" testListId="8c84fa94-04c1-424b-9868-57a2d4851a1d" />
    <TestEntry testId="93251022-f0fe-3b03-1e6f-c921a5d99e80" executionId="a50ae354-c2f2-453c-be7b-c3c9a53298ea" testListId="8c84fa94-04c1-424b-9868-57a2d4851a1d" />
    <TestEntry testId="f91f3df2-da4d-363f-7a17-d4f53d555ea0" executionId="9f062648-f0c3-46d7-bed1-f7a7157df832" testListId="8c84fa94-04c1-424b-9868-57a2d4851a1d" />
    <TestEntry testId="be3bded6-9ff5-3359-c7cb-958c5039a424" executionId="5ade5144-c803-407a-8d4a-e3f06a959755" testListId="8c84fa94-04c1-424b-9868-57a2d4851a1d" />
    <TestEntry testId="4fc3b65a-d698-20d0-2352-240eb133ebed" executionId="ba4e0538-ebf5-4084-995c-7e0318619aa9" testListId="8c84fa94-04c1-424b-9868-57a2d4851a1d" />
    <TestEntry testId="aab380fd-a372-cbd3-f242-5becc34fbd6b" executionId="3183f933-7405-453e-92ee-7c0840822a17" testListId="8c84fa94-04c1-424b-9868-57a2d4851a1d" />
    <TestEntry testId="0614612f-a884-1063-712a-cba6be6446bf" executionId="1194c9d9-588b-4e23-9c29-8a81a1f7e433" testListId="8c84fa94-04c1-424b-9868-57a2d4851a1d" />
    <TestEntry testId="80b39d92-75f9-801e-c792-498a5b64328a" executionId="9d4c4036-53e5-4eb6-b5fb-8df098852494" testListId="8c84fa94-04c1-424b-9868-57a2d4851a1d" />
    <TestEntry testId="9a59f5c7-68e8-e512-05f6-0ba6e143c9ed" executionId="4499d8e5-7cb8-4580-9967-2c1a26a1fcce" testListId="8c84fa94-04c1-424b-9868-57a2d4851a1d" />
    <TestEntry testId="074c451a-651e-7815-3a7d-0dc4238bfd14" executionId="5d8984cc-4079-463c-8c73-a338a43352bd" testListId="8c84fa94-04c1-424b-9868-57a2d4851a1d" />
    <TestEntry testId="a3d171f4-a4f3-701a-7563-0f6f6564a287" executionId="af847035-df01-45e7-8226-7588ce29e263" testListId="8c84fa94-04c1-424b-9868-57a2d4851a1d" />
    <TestEntry testId="91265e8f-dd5e-774d-967c-ed7626216eaa" executionId="d7643b5e-ddb1-42e1-976e-3511fd9c31b1" testListId="8c84fa94-04c1-424b-9868-57a2d4851a1d" />
    <TestEntry testId="53052d2f-a266-d558-1e85-81471d347049" executionId="54836445-3461-43fe-b9ff-78d9423199a0" testListId="8c84fa94-04c1-424b-9868-57a2d4851a1d" />
    <TestEntry testId="6ffada74-0caf-662b-1cd0-a5a99bd25082" executionId="8789667f-e2e7-4879-8193-38412c023c5c" testListId="8c84fa94-04c1-424b-9868-57a2d4851a1d" />
    <TestEntry testId="c51578d6-5a15-47fe-7961-f1be28aa522c" executionId="58b498d0-7cd9-46cb-b52d-034ad8d0cc76" testListId="8c84fa94-04c1-424b-9868-57a2d4851a1d" />
    <TestEntry testId="547c74b7-4357-b011-730d-b401f5e0ad00" executionId="43ec4902-e37d-4e60-8722-6fb18da32f18" testListId="8c84fa94-04c1-424b-9868-57a2d4851a1d" />
    <TestEntry testId="22cef845-a1f7-4c33-fa0b-40f9c491f6bf" executionId="b53e3fb1-5640-42a0-adcd-f7560b907ffc" testListId="8c84fa94-04c1-424b-9868-57a2d4851a1d" />
    <TestEntry testId="8b123bd9-c346-2b5b-78a4-3348897cbdb6" executionId="d8a0289a-78da-4101-9c5c-f2e63020114d" testListId="8c84fa94-04c1-424b-9868-57a2d4851a1d" />
    <TestEntry testId="8214f887-557f-ef77-218d-dc546aa9f91b" executionId="587d3c09-7fd5-4617-95f0-69f389033115" testListId="8c84fa94-04c1-424b-9868-57a2d4851a1d" />
    <TestEntry testId="3f83c310-1544-0c46-96c5-6bb1b5cce0a8" executionId="5677a451-f599-4508-b2cc-2109b8245cfe" testListId="8c84fa94-04c1-424b-9868-57a2d4851a1d" />
    <TestEntry testId="13c9e637-70b0-534f-f7bd-049de279673a" executionId="0d32d7a0-bf52-4f3d-8471-b0eb12441dd8" testListId="8c84fa94-04c1-424b-9868-57a2d4851a1d" />
    <TestEntry testId="e99509c4-a1c1-6778-7791-0eba1d71fb94" executionId="c0e387b6-7ccd-49c7-94fc-b905b554362a" testListId="8c84fa94-04c1-424b-9868-57a2d4851a1d" />
    <TestEntry testId="30211a12-7e34-a3ac-683e-c6647e19110d" executionId="7db00968-8da1-4853-ab1b-e3d33a5a72fe" testListId="8c84fa94-04c1-424b-9868-57a2d4851a1d" />
    <TestEntry testId="7d46f2ea-6422-0fc1-8600-16c24c4f80a8" executionId="8c2091b3-a8c4-4418-b088-966be47b6690" testListId="8c84fa94-04c1-424b-9868-57a2d4851a1d" />
    <TestEntry testId="f7c09015-68ba-d347-673a-3d892fc13157" executionId="52a81c5f-191e-48ad-82a1-10d7c7275325" testListId="8c84fa94-04c1-424b-9868-57a2d4851a1d" />
    <TestEntry testId="b650cc6b-557b-b166-afb1-e8d62635ee22" executionId="a67a90b4-897b-4e53-a1e8-c75aaa2e9017" testListId="8c84fa94-04c1-424b-9868-57a2d4851a1d" />
    <TestEntry testId="dca0201e-b540-ee1e-e6f3-27b427c49de8" executionId="53a96411-e4c1-4767-b1a9-0269a807fe54" testListId="8c84fa94-04c1-424b-9868-57a2d4851a1d" />
    <TestEntry testId="233b9907-3c66-285b-a466-544b4a9e92ab" executionId="e6feb757-6a47-41aa-8d24-c6f8fe344e95" testListId="8c84fa94-04c1-424b-9868-57a2d4851a1d" />
    <TestEntry testId="687e7eea-d029-d7aa-b11f-bc2d4e58bfb5" executionId="b2dac810-c548-4fa1-94fa-cc3f0a60785c" testListId="8c84fa94-04c1-424b-9868-57a2d4851a1d" />
    <TestEntry testId="4af74e42-0f5b-9479-4375-21d7177a2b84" executionId="5e6a612e-b5b8-4f73-a7ad-fd4fdaf6edd3" testListId="8c84fa94-04c1-424b-9868-57a2d4851a1d" />
    <TestEntry testId="fc5c9a5f-9029-772d-df0b-99d9879d5277" executionId="8d4137e0-27ae-4adf-af23-550003dfdd77" testListId="8c84fa94-04c1-424b-9868-57a2d4851a1d" />
    <TestEntry testId="f82b2b4b-881b-fad4-f3d7-5c9a7da9bdd3" executionId="a66eea58-8696-4271-ad53-e2d57b3f8763" testListId="8c84fa94-04c1-424b-9868-57a2d4851a1d" />
    <TestEntry testId="38c17dc5-169a-f3ab-5a00-9c86be2bcbb8" executionId="df5b35bc-cf4c-42c4-9f84-5389cc313559" testListId="8c84fa94-04c1-424b-9868-57a2d4851a1d" />
    <TestEntry testId="16312ddc-3b6f-0802-737f-9becf8880ff3" executionId="bc59e9d5-6a28-43ee-9a36-0e43c94d8c03" testListId="8c84fa94-04c1-424b-9868-57a2d4851a1d" />
    <TestEntry testId="c750c5e8-038d-e936-43eb-edec4b59fc50" executionId="d8a82c4f-284f-4e84-b3ea-b6cb56e93784" testListId="8c84fa94-04c1-424b-9868-57a2d4851a1d" />
    <TestEntry testId="8c6d2cb8-6ba3-3d09-c8ce-d2d07c229b13" executionId="41c8e29a-d1dd-4c9a-8880-8a1428aaee88" testListId="8c84fa94-04c1-424b-9868-57a2d4851a1d" />
    <TestEntry testId="d07c4a00-27e7-1da7-8fa4-11232db7ac1a" executionId="084512bd-a39b-41cb-a70c-73a8daaf66f7" testListId="8c84fa94-04c1-424b-9868-57a2d4851a1d" />
    <TestEntry testId="917363c0-7ac0-abdd-6ae3-afba9f7f7470" executionId="7392944e-d4bb-4fbe-8c9b-75a4507d5a40" testListId="8c84fa94-04c1-424b-9868-57a2d4851a1d" />
    <TestEntry testId="2ee993fa-a827-366d-b6fc-9fb5440ba259" executionId="7e0bbc7b-0e58-4231-8f85-0a8517687062" testListId="8c84fa94-04c1-424b-9868-57a2d4851a1d" />
    <TestEntry testId="37b8a314-f099-341d-2fbc-260560c5d2fe" executionId="aea5bfbc-3c5d-4595-8d68-a27021fd5dcb" testListId="8c84fa94-04c1-424b-9868-57a2d4851a1d" />
    <TestEntry testId="7d0c7119-5250-7597-ebac-7e6c05cf5437" executionId="d22a6f1b-6873-414e-a549-0a22a52703e1" testListId="8c84fa94-04c1-424b-9868-57a2d4851a1d" />
    <TestEntry testId="2d713b46-2656-06a5-e286-4418c5e457fb" executionId="ca1dae05-d982-432a-a8f0-5bc380c20788" testListId="8c84fa94-04c1-424b-9868-57a2d4851a1d" />
    <TestEntry testId="a98b095c-31c9-aa47-855a-c2ea97af69b1" executionId="d026352a-ac25-4a7e-b70b-50010207a263" testListId="8c84fa94-04c1-424b-9868-57a2d4851a1d" />
    <TestEntry testId="aaad1e24-5f34-338d-072f-889f6daaad53" executionId="004f6ebe-627a-472a-a8de-2b94f4759bc8" testListId="8c84fa94-04c1-424b-9868-57a2d4851a1d" />
    <TestEntry testId="4e3cb6d8-e6a9-3db1-0a7f-95477bfcb596" executionId="393d0bd0-eae5-473d-bab8-35dd54f069f7" testListId="8c84fa94-04c1-424b-9868-57a2d4851a1d" />
    <TestEntry testId="315d07c1-4566-7d8b-9855-6c07308dad32" executionId="c84d7658-2968-43b1-be9b-7aee6a88a208" testListId="8c84fa94-04c1-424b-9868-57a2d4851a1d" />
    <TestEntry testId="c3fca6f5-ee2b-2c63-c3e8-e966602dd0e0" executionId="83fa7dd5-2bd7-4f4c-be38-a4497a3dfb04" testListId="8c84fa94-04c1-424b-9868-57a2d4851a1d" />
    <TestEntry testId="0cc25ad3-52d4-e2c2-1919-20fae825a693" executionId="2b641e67-4d5e-4bfd-96d1-bfa4f9f3f758" testListId="8c84fa94-04c1-424b-9868-57a2d4851a1d" />
    <TestEntry testId="ff2f13f6-9de3-9abd-9ea7-c699ca031f2e" executionId="9c96bdee-e65f-4d1c-a2b9-e80e17dfcb7c" testListId="8c84fa94-04c1-424b-9868-57a2d4851a1d" />
    <TestEntry testId="90668619-c59c-09d5-d737-94fb01c4ef80" executionId="2dcf0799-ae12-4ff0-b8b8-e085f467492f" testListId="8c84fa94-04c1-424b-9868-57a2d4851a1d" />
    <TestEntry testId="eee4aa4b-99ed-f20c-1f64-fe2e4991cc65" executionId="e25597fe-8c05-4e11-9279-8e2efcbc4bd0" testListId="8c84fa94-04c1-424b-9868-57a2d4851a1d" />
    <TestEntry testId="5f30f581-5c22-501f-fcb5-caefe51216f1" executionId="93002e6a-fa57-411b-a95f-8d5cd5f6cd60" testListId="8c84fa94-04c1-424b-9868-57a2d4851a1d" />
    <TestEntry testId="4f537373-190e-4b9c-5b5b-2a9f055b960e" executionId="2f674a8d-d1e0-4dc0-b928-d05da0149722" testListId="8c84fa94-04c1-424b-9868-57a2d4851a1d" />
    <TestEntry testId="18f64b69-448a-5d32-3ce4-ebcea6392e24" executionId="b2e0f768-e86c-415a-8251-698a4f99dc96" testListId="8c84fa94-04c1-424b-9868-57a2d4851a1d" />
    <TestEntry testId="cde70497-0290-aa63-42b2-4230a11cb56f" executionId="55460b72-d176-4694-a8b5-64146b46580f" testListId="8c84fa94-04c1-424b-9868-57a2d4851a1d" />
    <TestEntry testId="dd303b7f-a927-14d2-0596-7b2829fe56ae" executionId="908eeba6-f08d-47d5-910a-63661a3a38b2" testListId="8c84fa94-04c1-424b-9868-57a2d4851a1d" />
    <TestEntry testId="9113295c-108a-5d6c-f1b2-695850b63bdf" executionId="72dc018d-15f0-4a50-9778-4d45b24569d0" testListId="8c84fa94-04c1-424b-9868-57a2d4851a1d" />
    <TestEntry testId="f15eaa00-3623-b373-a6e8-96c7bcb98164" executionId="95e38a2e-88dc-4d17-a576-1729fdf32e3f" testListId="8c84fa94-04c1-424b-9868-57a2d4851a1d" />
    <TestEntry testId="19a72087-07e3-75b3-3f35-22792ab5af10" executionId="9ea04e7a-faf2-4b54-9a97-a9abb71fb89e" testListId="8c84fa94-04c1-424b-9868-57a2d4851a1d" />
    <TestEntry testId="c27d95f0-49b9-36ce-fa2a-b33fbdd91149" executionId="18241b46-ff79-460d-8b54-ba305a79a067" testListId="8c84fa94-04c1-424b-9868-57a2d4851a1d" />
    <TestEntry testId="d9f9cad1-a303-7dba-060e-50a3d8f04d7f" executionId="0acf57de-2296-445c-b469-1cbf551bca40" testListId="8c84fa94-04c1-424b-9868-57a2d4851a1d" />
    <TestEntry testId="2f221d57-efda-fef4-d649-1cfa1fe755aa" executionId="36b7cdf8-e5f8-4010-bd98-66a66d410845" testListId="8c84fa94-04c1-424b-9868-57a2d4851a1d" />
    <TestEntry testId="8b3be964-87f7-d39b-3ebb-5930026be577" executionId="e05a7010-d753-43de-9783-2430cc471b7c" testListId="8c84fa94-04c1-424b-9868-57a2d4851a1d" />
    <TestEntry testId="ce5e53d0-eb7f-d09b-8d03-f1525de884bc" executionId="436c75cb-e019-40cb-8af3-daf7bd42bdad" testListId="8c84fa94-04c1-424b-9868-57a2d4851a1d" />
    <TestEntry testId="17c12ba8-9f59-efc5-4016-047494390d7a" executionId="a117e6ac-f1b0-4752-89ae-e27ab0463f81" testListId="8c84fa94-04c1-424b-9868-57a2d4851a1d" />
    <TestEntry testId="53ef2499-8d56-f5e7-c84a-50c6a77c8630" executionId="e632d1d7-ba6f-4d1c-9852-90b44d566863" testListId="8c84fa94-04c1-424b-9868-57a2d4851a1d" />
    <TestEntry testId="a51fc948-f44c-43b9-2399-0946be597b19" executionId="e58fb3d2-e5fa-4139-a14a-537263a1c43d" testListId="8c84fa94-04c1-424b-9868-57a2d4851a1d" />
    <TestEntry testId="ceda6373-bb30-7bcb-1222-b92bb1c49ad2" executionId="5a910763-3dc1-4f08-a751-39402dc6dccc" testListId="8c84fa94-04c1-424b-9868-57a2d4851a1d" />
    <TestEntry testId="d55ccc97-3dba-d73d-53be-a7b162212126" executionId="20855bb4-34e8-4df0-a7cd-cff9fee4180d" testListId="8c84fa94-04c1-424b-9868-57a2d4851a1d" />
    <TestEntry testId="bff5146a-4f85-e438-feb1-be9d2a4e1d91" executionId="439de052-4b6e-4221-9c77-fe33b2b8cfe4" testListId="8c84fa94-04c1-424b-9868-57a2d4851a1d" />
    <TestEntry testId="08b71fb0-30df-0604-64a2-23932530fad3" executionId="5889db33-0b16-4b31-82ec-2b418d6d8f5a" testListId="8c84fa94-04c1-424b-9868-57a2d4851a1d" />
    <TestEntry testId="7377a2e0-dbcd-5793-6e24-eaf38db057a8" executionId="c4fbd28d-5909-4d9c-b63a-7253153d4614" testListId="8c84fa94-04c1-424b-9868-57a2d4851a1d" />
    <TestEntry testId="5156c3d9-7952-807d-10cf-8a1090f52ee8" executionId="623f1a21-2e31-4a9e-b513-65299fed8941" testListId="8c84fa94-04c1-424b-9868-57a2d4851a1d" />
    <TestEntry testId="329a119d-78aa-d330-0fed-79ed372475ee" executionId="2bad5632-61f2-475f-be1f-fc12ea4b0f6d" testListId="8c84fa94-04c1-424b-9868-57a2d4851a1d" />
    <TestEntry testId="9454c8f5-d439-160b-0a00-fee0feda0ccc" executionId="c1a49d76-f537-4385-bd2f-957bf95a8785" testListId="8c84fa94-04c1-424b-9868-57a2d4851a1d" />
    <TestEntry testId="6c5d118a-7c40-34c8-3e41-69059534a7e7" executionId="9a09a867-14a6-4c78-9d91-226350d20ffe" testListId="8c84fa94-04c1-424b-9868-57a2d4851a1d" />
    <TestEntry testId="ef8ad5ad-969f-b847-70ca-e8a2f1c14527" executionId="7822bb14-f090-43f9-a934-ea84148115d6" testListId="8c84fa94-04c1-424b-9868-57a2d4851a1d" />
    <TestEntry testId="985189a3-a8a4-d2ae-c0d0-a2d46e8b8dcc" executionId="f033e5b2-da6e-40e5-a21c-e682326f342d" testListId="8c84fa94-04c1-424b-9868-57a2d4851a1d" />
    <TestEntry testId="abd3fcff-5374-185a-3c6e-a7259837af65" executionId="d597cb6d-2bdc-4b4d-b1f3-d1ae6f55fcb3" testListId="8c84fa94-04c1-424b-9868-57a2d4851a1d" />
    <TestEntry testId="417f7026-30ad-cf1c-e725-52545e14613f" executionId="1b5afeb1-40bc-46d9-a9d6-75e251ce13e3" testListId="8c84fa94-04c1-424b-9868-57a2d4851a1d" />
    <TestEntry testId="402646d9-70ba-0bc9-13f2-569741cc76f3" executionId="f5fdad83-4a1d-405c-a098-6543af9e4f6f" testListId="8c84fa94-04c1-424b-9868-57a2d4851a1d" />
    <TestEntry testId="3dfca12a-2783-6a0a-0cbf-caaa22680f5c" executionId="cdc2692b-bb24-4228-a1b0-bbfae681fcd4" testListId="8c84fa94-04c1-424b-9868-57a2d4851a1d" />
    <TestEntry testId="f29b4b67-bef9-2d62-3ef6-0f9e86ede919" executionId="9776ea2c-1762-4f86-be41-9483ef7bbea4" testListId="8c84fa94-04c1-424b-9868-57a2d4851a1d" />
    <TestEntry testId="46ba3556-1b77-0764-391a-b1f022259712" executionId="b2cc3161-d729-4da6-8d39-979f9904ec1e" testListId="8c84fa94-04c1-424b-9868-57a2d4851a1d" />
    <TestEntry testId="8699f6c8-081b-105f-1968-7e55c7fa66b9" executionId="ea93d579-d544-4b71-8a68-efaa787ead15" testListId="8c84fa94-04c1-424b-9868-57a2d4851a1d" />
    <TestEntry testId="5a07cf8d-68a6-63f4-d72f-035de97c2bc8" executionId="7becec79-0fbc-4b74-b50d-4ecd6313f576" testListId="8c84fa94-04c1-424b-9868-57a2d4851a1d" />
    <TestEntry testId="c76b7b3c-32f7-6071-d0d7-1e6252adcc6b" executionId="69b30e73-c658-4634-a5ae-32bb84705524" testListId="8c84fa94-04c1-424b-9868-57a2d4851a1d" />
    <TestEntry testId="4af4d139-8408-1386-d568-782752f6080e" executionId="663a27ba-001b-4d5e-b42d-bb2ef73d2dce" testListId="8c84fa94-04c1-424b-9868-57a2d4851a1d" />
    <TestEntry testId="370dd65b-8939-4e85-d330-4c0b5d7a4fda" executionId="4037b035-3b7a-4fe7-a6e4-8275e84d3eb7" testListId="8c84fa94-04c1-424b-9868-57a2d4851a1d" />
    <TestEntry testId="8f5b25af-f2e2-c440-bf79-9dd8c4f07f85" executionId="16b97a22-6c91-4af7-8eae-84016d7a2460" testListId="8c84fa94-04c1-424b-9868-57a2d4851a1d" />
    <TestEntry testId="6baaedd8-fed8-4c68-68e8-f780b9cf3f52" executionId="d1e82c5a-db44-4766-a359-62cd60816dee" testListId="8c84fa94-04c1-424b-9868-57a2d4851a1d" />
    <TestEntry testId="58f8360a-2a0b-e013-4709-98843e8ed547" executionId="85b58d37-fa71-4f99-ba38-9618597a7288" testListId="8c84fa94-04c1-424b-9868-57a2d4851a1d" />
    <TestEntry testId="3ac47954-9496-5d85-f687-fa6e3f3928ed" executionId="e007f533-cd92-44ac-912d-fed88107173e" testListId="8c84fa94-04c1-424b-9868-57a2d4851a1d" />
    <TestEntry testId="52a1fe57-5ea3-303a-e6ea-447d696ace1f" executionId="068d9e93-a5f3-454d-8a1f-41925129a5b7" testListId="8c84fa94-04c1-424b-9868-57a2d4851a1d" />
    <TestEntry testId="ac9d6a3e-7b21-eda1-d139-2770f33d61f8" executionId="0aa8b17f-1eec-4f4c-b675-8e5a081921c5" testListId="8c84fa94-04c1-424b-9868-57a2d4851a1d" />
    <TestEntry testId="38586573-1534-5c25-e2a4-5cb52bedcefe" executionId="9b01ad89-537b-4263-853d-0e997c0955d1" testListId="8c84fa94-04c1-424b-9868-57a2d4851a1d" />
    <TestEntry testId="5946c1e1-9c71-fbc3-6e42-df1332824efd" executionId="15cd0868-8466-49d2-9e0d-6a714d14bb58" testListId="8c84fa94-04c1-424b-9868-57a2d4851a1d" />
    <TestEntry testId="a97b4aec-8609-1590-1d58-29460f4e47e6" executionId="7d416c7d-ed8c-4431-b2e0-a29467ee7d61" testListId="8c84fa94-04c1-424b-9868-57a2d4851a1d" />
    <TestEntry testId="dd49e4e2-5a8c-3f9e-752f-faecb98f42a7" executionId="97a1fb9a-6b68-450b-854b-ae0cdd5351c1" testListId="8c84fa94-04c1-424b-9868-57a2d4851a1d" />
    <TestEntry testId="28c1e60b-da6f-0662-974d-e93b2a9e27fb" executionId="038014bb-fec9-422c-8724-7f16264335a5" testListId="8c84fa94-04c1-424b-9868-57a2d4851a1d" />
    <TestEntry testId="8f69d1c7-2e6b-da98-5fa5-16e2db07c5d7" executionId="435ba1f2-7174-4def-aae6-1210a2fae31d" testListId="8c84fa94-04c1-424b-9868-57a2d4851a1d" />
    <TestEntry testId="8d07b3c0-d10e-1b89-74c8-22343022edee" executionId="d92ae4b3-c19c-4e1d-86ff-a91c3fc217b5" testListId="8c84fa94-04c1-424b-9868-57a2d4851a1d" />
    <TestEntry testId="8bc3adbe-2288-6bf8-e415-e56c5c0e8885" executionId="82c5c1a9-4898-4dc9-92a0-1fbb53433b5c" testListId="8c84fa94-04c1-424b-9868-57a2d4851a1d" />
    <TestEntry testId="ab5f0d06-6801-eee5-e9b9-948cc00542b3" executionId="7765eb50-a4bc-47da-afe6-4a1410990852" testListId="8c84fa94-04c1-424b-9868-57a2d4851a1d" />
    <TestEntry testId="40625e72-1a67-7181-7ff8-8157ebb0fc4b" executionId="ced8ba64-43fa-46f4-a9c4-567209fae09f" testListId="8c84fa94-04c1-424b-9868-57a2d4851a1d" />
    <TestEntry testId="078fe027-cc8d-0aaa-3d6f-07de9c242890" executionId="a80d5d7c-13d1-44cf-a49b-66f9c02a3996" testListId="8c84fa94-04c1-424b-9868-57a2d4851a1d" />
    <TestEntry testId="bf5d03b4-f332-2383-5110-f80c9c5cf25f" executionId="b350e32a-b1b5-4ddd-8eb2-d008c428f78e" testListId="8c84fa94-04c1-424b-9868-57a2d4851a1d" />
    <TestEntry testId="0643d86a-31fb-ec15-18fd-7effd635a60b" executionId="1912954b-ca22-48d0-bf16-fc853085043e" testListId="8c84fa94-04c1-424b-9868-57a2d4851a1d" />
    <TestEntry testId="7043621d-49be-ee1f-463d-fc2a2083b5de" executionId="af6e0a78-8dea-4b9a-80f0-9f88cc8405b0" testListId="8c84fa94-04c1-424b-9868-57a2d4851a1d" />
    <TestEntry testId="ecced6e6-b9c5-0fc7-0220-545f18e280de" executionId="8f6df29e-447f-4d60-a154-fe9cf1d75565" testListId="8c84fa94-04c1-424b-9868-57a2d4851a1d" />
  </TestEntries>
  <TestLists>
    <TestList name="Results Not in a List" id="8c84fa94-04c1-424b-9868-57a2d4851a1d" />
    <TestList name="All Loaded Results" id="19431567-8539-422a-85d7-44ee4e166bda" />
  </TestLists>
  <ResultSummary outcome="Completed">
    <Counters total="367" executed="367" passed="367" failed="0" error="0" timeout="0" aborted="0" inconclusive="0" passedButRunAborted="0" notRunnable="0" notExecuted="0" disconnected="0" warning="0" completed="0" inProgress="0" pending="0" />
  </ResultSummary>
</TestRun>